<?xml version="1.0" encoding="UTF-8"?>
<!-- Generated by org.testng.reporters.JUnitXMLReporter -->
<testsuite ignored="0" hostname="DESKTOP-SEE9OFQ" failures="1" tests="1" name="test" time="290.191" errors="0" timestamp="2025-11-04T18:11:43 IST">
  <testcase classname="Implementation.Imp_1_Xpheno_TravelPolicyTesting01" name="myTest" time="284.339">
    <failure type="java.lang.AssertionError" message="Remarks mismatch between approver and second approver Trips Page.">
      <![CDATA[java.lang.AssertionError: Remarks mismatch between approver and second approver Trips Page.
at com.tripgain.collectionofpages.NewDesign_Trips.validateRemarksFromFirstApproverToSecondApprover(NewDesign_Trips.java:1687)
at Implementation.Imp_1_Xpheno_TravelPolicyTesting01.myTest(Imp_1_Xpheno_TravelPolicyTesting01.java:699)
at java.base/java.util.ArrayList.forEach(ArrayList.java:1596)
at java.base/java.util.concurrent.FutureTask.run(FutureTask.java:317)
at java.base/java.util.concurrent.ThreadPoolExecutor.runWorker(ThreadPoolExecutor.java:1144)
at java.base/java.util.concurrent.ThreadPoolExecutor$Worker.run(ThreadPoolExecutor.java:642)
at java.base/java.lang.Thread.run(Thread.java:1583)
... Removed 16 stack frames]]>
    </failure>
  </testcase> <!-- myTest -->
</testsuite> <!-- test -->
