<?xml version="1.0" encoding="UTF-8"?>
<!-- Generated by org.testng.reporters.JUnitXMLReporter -->
<testsuite ignored="4" hostname="DESKTOP-SEE9OFQ" failures="2" tests="5" name="test3" time="298.401" errors="0" timestamp="2026-01-04T11:10:44 IST">
  <testcase classname="NewDesign_Buses.TCNDBUNEW_2" name="myTest" time="58.635"/>
  <testcase classname="NewDesign_Buses.TCNDBUNEW_3" name="myTest" time="45.063"/>
  <testcase classname="NewDesign_Buses.TCNDBUNEW_4" name="myTest" time="44.677"/>
  <testcase classname="NewDesign_Hotels.TCNDNEW_2" name="myTest" time="66.651">
    <failure type="java.lang.AssertionError" message="Exception occurred: java.lang.RuntimeException: Test failed: Element with xpath &amp;apos;//*[contains(@class,&amp;apos;tg-hl-description-card&amp;apos;)]&amp;apos; not visible after timeout.">
      <![CDATA[java.lang.AssertionError: Exception occurred: java.lang.RuntimeException: Test failed: Element with xpath '//*[contains(@class,'tg-hl-description-card')]' not visible after timeout.
at NewDesign_Hotels.TCNDNEW_2.myTest(TCNDNEW_2.java:170)
at java.base/java.util.ArrayList.forEach(ArrayList.java:1596)
at java.base/java.util.concurrent.FutureTask.run(FutureTask.java:317)
at java.base/java.util.concurrent.ThreadPoolExecutor.runWorker(ThreadPoolExecutor.java:1144)
at java.base/java.util.concurrent.ThreadPoolExecutor$Worker.run(ThreadPoolExecutor.java:642)
at java.base/java.lang.Thread.run(Thread.java:1583)
... Removed 16 stack frames]]>
    </failure>
  </testcase> <!-- myTest -->
  <testcase classname="NewDesign_Hotels.TCNDNEW_3" name="myTest" time="67.261">
    <failure type="java.lang.AssertionError" message="Exception occurred: java.lang.RuntimeException: Test failed: Element with xpath &amp;apos;//*[contains(@class,&amp;apos;tg-hl-description-card&amp;apos;)]&amp;apos; not visible after timeout.">
      <![CDATA[java.lang.AssertionError: Exception occurred: java.lang.RuntimeException: Test failed: Element with xpath '//*[contains(@class,'tg-hl-description-card')]' not visible after timeout.
at NewDesign_Hotels.TCNDNEW_3.myTest(TCNDNEW_3.java:170)
at java.base/java.util.ArrayList.forEach(ArrayList.java:1596)
at java.base/java.util.concurrent.FutureTask.run(FutureTask.java:317)
at java.base/java.util.concurrent.ThreadPoolExecutor.runWorker(ThreadPoolExecutor.java:1144)
at java.base/java.util.concurrent.ThreadPoolExecutor$Worker.run(ThreadPoolExecutor.java:642)
at java.base/java.lang.Thread.run(Thread.java:1583)
... Removed 16 stack frames]]>
    </failure>
  </testcase> <!-- myTest -->
  <testcase classname="com.tripgain.testscripts.BaseClass" name="@AfterSuite afterSuite" time="0.0">
    <ignored/>
  </testcase> <!-- @AfterSuite afterSuite -->
  <testcase classname="com.tripgain.testscripts.BaseClass" name="@AfterSuite afterSuite" time="0.0">
    <ignored/>
  </testcase> <!-- @AfterSuite afterSuite -->
  <testcase classname="com.tripgain.testscripts.BaseClass" name="@AfterSuite afterSuite" time="0.0">
    <ignored/>
  </testcase> <!-- @AfterSuite afterSuite -->
  <testcase classname="com.tripgain.testscripts.BaseClass" name="@AfterSuite afterSuite" time="0.0">
    <ignored/>
  </testcase> <!-- @AfterSuite afterSuite -->
</testsuite> <!-- test3 -->
