<?xml version="1.0" encoding="UTF-8"?>
<!-- Generated by org.testng.reporters.JUnitXMLReporter -->
<testsuite ignored="0" hostname="DESKTOP-SEE9OFQ" failures="27" tests="30" name="test2" time="6789.201" errors="0" timestamp="2025-11-05T14:01:44 IST">
  <testcase classname="Implementation.Imp_3_Xpheno_TravelPolicyTestingwithDelAndMumbaiLoc" name="myTest" time="247.169">
    <failure type="java.lang.AssertionError" message="Hotel policy validation failed - Some hotels don&amp;apos;t follow grade policy with limit: 7000">
      <![CDATA[java.lang.AssertionError: Hotel policy validation failed - Some hotels don't follow grade policy with limit: 7000
at com.tripgain.collectionofpages.Implementation_Corporate_TravellersPage.validateHotelPricesAgainstGradePolicy(Implementation_Corporate_TravellersPage.java:219)
at Implementation.Imp_3_Xpheno_TravelPolicyTestingwithDelAndMumbaiLoc.myTest(Imp_3_Xpheno_TravelPolicyTestingwithDelAndMumbaiLoc.java:240)
at java.base/java.util.ArrayList.forEach(ArrayList.java:1596)
at java.base/java.util.concurrent.FutureTask.run(FutureTask.java:317)
at java.base/java.util.concurrent.ThreadPoolExecutor.runWorker(ThreadPoolExecutor.java:1144)
at java.base/java.util.concurrent.ThreadPoolExecutor$Worker.run(ThreadPoolExecutor.java:642)
at java.base/java.lang.Thread.run(Thread.java:1583)
... Removed 16 stack frames]]>
    </failure>
  </testcase> <!-- myTest -->
  <testcase classname="Implementation.Imp_3_Xpheno_TravelPolicyTestingwithDelAndMumbaiLoc" name="myTest" time="255.54">
    <failure type="java.lang.AssertionError" message="Exception occurred: org.openqa.selenium.NoSuchElementException: no such element: Unable to locate element: {&amp;quot;method&amp;quot;:&amp;quot;xpath&amp;quot;,&amp;quot;selector&amp;quot;:&amp;quot;//div[@class=&amp;apos;tg-triprequest-hb-view-unview-hotel-details&amp;apos;]&amp;quot;}
  (Session info: chrome=141.0.7390.125)
For documentation on this error, please visit: https://www.selenium.dev/documentation/webdriver/troubleshooting/errors#no-such-element-exception
Build info: version: &amp;apos;4.29.0&amp;apos;, revision: &amp;apos;5fc1ec94cb&amp;apos;
System info: os.name: &amp;apos;Windows 11&amp;apos;, os.arch: &amp;apos;amd64&amp;apos;, os.version: &amp;apos;10.0&amp;apos;, java.version: &amp;apos;21.0.7&amp;apos;
Driver info: org.openqa.selenium.chrome.ChromeDriver
Command: [3f4e5fe570377cd39f4864a954f5ce93, findElement {using=xpath, value=//div[@class=&amp;apos;tg-triprequest-hb-view-unview-hotel-details&amp;apos;]}]
Capabilities {acceptInsecureCerts: false, browserName: chrome, browserVersion: 141.0.7390.125, chrome: {chromedriverVersion: 141.0.7390.122 (b477534e7e1..., userDataDir: C:\Users\LENOVO\AppData\Loc...}, fedcm:accounts: true, goog:chromeOptions: {debuggerAddress: localhost:59724}, networkConnectionEnabled: false, pageLoadStrategy: normal, platformName: windows, proxy: Proxy(), se:cdp: ws://localhost:59724/devtoo..., se:cdpVersion: 141.0.7390.125, setWindowRect: true, strictFileInteractability: false, timeouts: {implicit: 0, pageLoad: 300000, script: 30000}, unhandledPromptBehavior: dismiss and notify, webauthn:extension:credBlob: true, webauthn:extension:largeBlob: true, webauthn:extension:minPinLength: true, webauthn:extension:prf: true, webauthn:virtualAuthenticators: true}
Session ID: 3f4e5fe570377cd39f4864a954f5ce93">
      <![CDATA[java.lang.AssertionError: Exception occurred: org.openqa.selenium.NoSuchElementException: no such element: Unable to locate element: {"method":"xpath","selector":"//div[@class='tg-triprequest-hb-view-unview-hotel-details']"}
  (Session info: chrome=141.0.7390.125)
For documentation on this error, please visit: https://www.selenium.dev/documentation/webdriver/troubleshooting/errors#no-such-element-exception
Build info: version: '4.29.0', revision: '5fc1ec94cb'
System info: os.name: 'Windows 11', os.arch: 'amd64', os.version: '10.0', java.version: '21.0.7'
Driver info: org.openqa.selenium.chrome.ChromeDriver
Command: [3f4e5fe570377cd39f4864a954f5ce93, findElement {using=xpath, value=//div[@class='tg-triprequest-hb-view-unview-hotel-details']}]
Capabilities {acceptInsecureCerts: false, browserName: chrome, browserVersion: 141.0.7390.125, chrome: {chromedriverVersion: 141.0.7390.122 (b477534e7e1..., userDataDir: C:\Users\LENOVO\AppData\Loc...}, fedcm:accounts: true, goog:chromeOptions: {debuggerAddress: localhost:59724}, networkConnectionEnabled: false, pageLoadStrategy: normal, platformName: windows, proxy: Proxy(), se:cdp: ws://localhost:59724/devtoo..., se:cdpVersion: 141.0.7390.125, setWindowRect: true, strictFileInteractability: false, timeouts: {implicit: 0, pageLoad: 300000, script: 30000}, unhandledPromptBehavior: dismiss and notify, webauthn:extension:credBlob: true, webauthn:extension:largeBlob: true, webauthn:extension:minPinLength: true, webauthn:extension:prf: true, webauthn:virtualAuthenticators: true}
Session ID: 3f4e5fe570377cd39f4864a954f5ce93
at Implementation.Imp_3_Xpheno_TravelPolicyTestingwithDelAndMumbaiLoc.myTest(Imp_3_Xpheno_TravelPolicyTestingwithDelAndMumbaiLoc.java:750)
at java.base/java.util.ArrayList.forEach(ArrayList.java:1596)
at java.base/java.util.concurrent.FutureTask.run(FutureTask.java:317)
at java.base/java.util.concurrent.ThreadPoolExecutor.runWorker(ThreadPoolExecutor.java:1144)
at java.base/java.util.concurrent.ThreadPoolExecutor$Worker.run(ThreadPoolExecutor.java:642)
at java.base/java.lang.Thread.run(Thread.java:1583)
... Removed 16 stack frames]]>
    </failure>
  </testcase> <!-- myTest -->
  <testcase classname="Implementation.Imp_3_Xpheno_TravelPolicyTestingwithDelAndMumbaiLoc" name="myTest" time="26.886">
    <failure type="java.lang.AssertionError" message="grades mismatch between selected to traveller profile grade section">
      <![CDATA[java.lang.AssertionError: grades mismatch between selected to traveller profile grade section
at com.tripgain.collectionofpages.Implementation_Corporate_TravellersPage.validateGradesFromSelectedToTravellerProfile(Implementation_Corporate_TravellersPage.java:140)
at Implementation.Imp_3_Xpheno_TravelPolicyTestingwithDelAndMumbaiLoc.myTest(Imp_3_Xpheno_TravelPolicyTestingwithDelAndMumbaiLoc.java:181)
at java.base/java.util.ArrayList.forEach(ArrayList.java:1596)
at java.base/java.util.concurrent.FutureTask.run(FutureTask.java:317)
at java.base/java.util.concurrent.ThreadPoolExecutor.runWorker(ThreadPoolExecutor.java:1144)
at java.base/java.util.concurrent.ThreadPoolExecutor$Worker.run(ThreadPoolExecutor.java:642)
at java.base/java.lang.Thread.run(Thread.java:1583)
... Removed 16 stack frames]]>
    </failure>
  </testcase> <!-- myTest -->
  <testcase classname="Implementation.Imp_3_Xpheno_TravelPolicyTestingwithDelAndMumbaiLoc" name="myTest" time="27.978">
    <failure type="java.lang.AssertionError" message="Exception occurred: org.openqa.selenium.ElementClickInterceptedException: element click intercepted: Element &amp;lt;button type=&amp;quot;button&amp;quot; class=&amp;quot;tg-btn tg-btn_primary tg-btn_sm right&amp;quot;&amp;gt;...&amp;lt;/button&amp;gt; is not clickable at point (1175, 100). Other element would receive the click: &amp;lt;div class=&amp;quot;MuiDialog-container MuiDialog-scrollPaper css-8azq84&amp;quot; role=&amp;quot;presentation&amp;quot; tabindex=&amp;quot;-1&amp;quot; style=&amp;quot;opacity: 1; transition: opacity 225ms cubic-bezier(0.4, 0, 0.2, 1);&amp;quot;&amp;gt;...&amp;lt;/div&amp;gt;
  (Session info: chrome=141.0.7390.125)
Build info: version: &amp;apos;4.29.0&amp;apos;, revision: &amp;apos;5fc1ec94cb&amp;apos;
System info: os.name: &amp;apos;Windows 11&amp;apos;, os.arch: &amp;apos;amd64&amp;apos;, os.version: &amp;apos;10.0&amp;apos;, java.version: &amp;apos;21.0.7&amp;apos;
Driver info: org.openqa.selenium.chrome.ChromeDriver
Command: [38dbc8b94410fb74b54d49ef268ed169, clickElement {id=f.21D37E9F6DFE2400FDF5EB86AF13A99F.d.7E2E9BE134330188E19FB0931C5C9A82.e.380}]
Capabilities {acceptInsecureCerts: false, browserName: chrome, browserVersion: 141.0.7390.125, chrome: {chromedriverVersion: 141.0.7390.122 (b477534e7e1..., userDataDir: C:\Users\LENOVO\AppData\Loc...}, fedcm:accounts: true, goog:chromeOptions: {debuggerAddress: localhost:49942}, networkConnectionEnabled: false, pageLoadStrategy: normal, platformName: windows, proxy: Proxy(), se:cdp: ws://localhost:49942/devtoo..., se:cdpVersion: 141.0.7390.125, setWindowRect: true, strictFileInteractability: false, timeouts: {implicit: 0, pageLoad: 300000, script: 30000}, unhandledPromptBehavior: dismiss and notify, webauthn:extension:credBlob: true, webauthn:extension:largeBlob: true, webauthn:extension:minPinLength: true, webauthn:extension:prf: true, webauthn:virtualAuthenticators: true}
Element: [[ChromeDriver: chrome on windows (38dbc8b94410fb74b54d49ef268ed169)] -&amp;gt; xpath: //button[text()=&amp;apos;Create Trip&amp;apos;]]
Session ID: 38dbc8b94410fb74b54d49ef268ed169">
      <![CDATA[java.lang.AssertionError: Exception occurred: org.openqa.selenium.ElementClickInterceptedException: element click intercepted: Element <button type="button" class="tg-btn tg-btn_primary tg-btn_sm right">...</button> is not clickable at point (1175, 100). Other element would receive the click: <div class="MuiDialog-container MuiDialog-scrollPaper css-8azq84" role="presentation" tabindex="-1" style="opacity: 1; transition: opacity 225ms cubic-bezier(0.4, 0, 0.2, 1);">...</div>
  (Session info: chrome=141.0.7390.125)
Build info: version: '4.29.0', revision: '5fc1ec94cb'
System info: os.name: 'Windows 11', os.arch: 'amd64', os.version: '10.0', java.version: '21.0.7'
Driver info: org.openqa.selenium.chrome.ChromeDriver
Command: [38dbc8b94410fb74b54d49ef268ed169, clickElement {id=f.21D37E9F6DFE2400FDF5EB86AF13A99F.d.7E2E9BE134330188E19FB0931C5C9A82.e.380}]
Capabilities {acceptInsecureCerts: false, browserName: chrome, browserVersion: 141.0.7390.125, chrome: {chromedriverVersion: 141.0.7390.122 (b477534e7e1..., userDataDir: C:\Users\LENOVO\AppData\Loc...}, fedcm:accounts: true, goog:chromeOptions: {debuggerAddress: localhost:49942}, networkConnectionEnabled: false, pageLoadStrategy: normal, platformName: windows, proxy: Proxy(), se:cdp: ws://localhost:49942/devtoo..., se:cdpVersion: 141.0.7390.125, setWindowRect: true, strictFileInteractability: false, timeouts: {implicit: 0, pageLoad: 300000, script: 30000}, unhandledPromptBehavior: dismiss and notify, webauthn:extension:credBlob: true, webauthn:extension:largeBlob: true, webauthn:extension:minPinLength: true, webauthn:extension:prf: true, webauthn:virtualAuthenticators: true}
Element: [[ChromeDriver: chrome on windows (38dbc8b94410fb74b54d49ef268ed169)] -> xpath: //button[text()='Create Trip']]
Session ID: 38dbc8b94410fb74b54d49ef268ed169
at Implementation.Imp_3_Xpheno_TravelPolicyTestingwithDelAndMumbaiLoc.myTest(Imp_3_Xpheno_TravelPolicyTestingwithDelAndMumbaiLoc.java:750)
at java.base/java.util.ArrayList.forEach(ArrayList.java:1596)
at java.base/java.util.concurrent.FutureTask.run(FutureTask.java:317)
at java.base/java.util.concurrent.ThreadPoolExecutor.runWorker(ThreadPoolExecutor.java:1144)
at java.base/java.util.concurrent.ThreadPoolExecutor$Worker.run(ThreadPoolExecutor.java:642)
at java.base/java.lang.Thread.run(Thread.java:1583)
... Removed 16 stack frames]]>
    </failure>
  </testcase> <!-- myTest -->
  <testcase classname="Implementation.Imp_3_Xpheno_TravelPolicyTestingwithDelAndMumbaiLoc" name="myTest" time="285.779">
    <failure type="java.lang.AssertionError" message="Policy mismatch">
      <![CDATA[java.lang.AssertionError: Policy mismatch
at com.tripgain.collectionofpages.NewDesign_Hotels_DescPage.validateHotelPolicyFromDescToResultPage(NewDesign_Hotels_DescPage.java:361)
at Implementation.Imp_3_Xpheno_TravelPolicyTestingwithDelAndMumbaiLoc.myTest(Imp_3_Xpheno_TravelPolicyTestingwithDelAndMumbaiLoc.java:291)
at java.base/java.util.ArrayList.forEach(ArrayList.java:1596)
at java.base/java.util.concurrent.FutureTask.run(FutureTask.java:317)
at java.base/java.util.concurrent.ThreadPoolExecutor.runWorker(ThreadPoolExecutor.java:1144)
at java.base/java.util.concurrent.ThreadPoolExecutor$Worker.run(ThreadPoolExecutor.java:642)
at java.base/java.lang.Thread.run(Thread.java:1583)
... Removed 16 stack frames]]>
    </failure>
  </testcase> <!-- myTest -->
  <testcase classname="Implementation.Imp_3_Xpheno_TravelPolicyTestingwithDelAndMumbaiLoc" name="myTest" time="146.434">
    <failure type="java.lang.AssertionError" message="Policy mismatch">
      <![CDATA[java.lang.AssertionError: Policy mismatch
at com.tripgain.collectionofpages.NewDesign_Hotels_DescPage.validateHotelPolicyFromDescToResultPage(NewDesign_Hotels_DescPage.java:361)
at Implementation.Imp_3_Xpheno_TravelPolicyTestingwithDelAndMumbaiLoc.myTest(Imp_3_Xpheno_TravelPolicyTestingwithDelAndMumbaiLoc.java:291)
at java.base/java.util.ArrayList.forEach(ArrayList.java:1596)
at java.base/java.util.concurrent.FutureTask.run(FutureTask.java:317)
at java.base/java.util.concurrent.ThreadPoolExecutor.runWorker(ThreadPoolExecutor.java:1144)
at java.base/java.util.concurrent.ThreadPoolExecutor$Worker.run(ThreadPoolExecutor.java:642)
at java.base/java.lang.Thread.run(Thread.java:1583)
... Removed 16 stack frames]]>
    </failure>
  </testcase> <!-- myTest -->
  <testcase classname="Implementation.Imp_3_Xpheno_TravelPolicyTestingwithDelAndMumbaiLoc" name="myTest" time="268.043">
    <failure type="java.lang.AssertionError" message="Policy mismatch">
      <![CDATA[java.lang.AssertionError: Policy mismatch
at com.tripgain.collectionofpages.NewDesign_Hotels_DescPage.validateHotelPolicyFromDescToResultPage(NewDesign_Hotels_DescPage.java:361)
at Implementation.Imp_3_Xpheno_TravelPolicyTestingwithDelAndMumbaiLoc.myTest(Imp_3_Xpheno_TravelPolicyTestingwithDelAndMumbaiLoc.java:291)
at java.base/java.util.ArrayList.forEach(ArrayList.java:1596)
at java.base/java.util.concurrent.FutureTask.run(FutureTask.java:317)
at java.base/java.util.concurrent.ThreadPoolExecutor.runWorker(ThreadPoolExecutor.java:1144)
at java.base/java.util.concurrent.ThreadPoolExecutor$Worker.run(ThreadPoolExecutor.java:642)
at java.base/java.lang.Thread.run(Thread.java:1583)
... Removed 16 stack frames]]>
    </failure>
  </testcase> <!-- myTest -->
  <testcase classname="Implementation.Imp_3_Xpheno_TravelPolicyTestingwithDelAndMumbaiLoc" name="myTest" time="103.392">
    <failure type="java.lang.AssertionError" message="Hotel policy validation failed - Some hotels don&amp;apos;t follow grade policy with limit: 7000">
      <![CDATA[java.lang.AssertionError: Hotel policy validation failed - Some hotels don't follow grade policy with limit: 7000
at com.tripgain.collectionofpages.Implementation_Corporate_TravellersPage.validateHotelPricesAgainstGradePolicy(Implementation_Corporate_TravellersPage.java:219)
at Implementation.Imp_3_Xpheno_TravelPolicyTestingwithDelAndMumbaiLoc.myTest(Imp_3_Xpheno_TravelPolicyTestingwithDelAndMumbaiLoc.java:240)
at java.base/java.util.ArrayList.forEach(ArrayList.java:1596)
at java.base/java.util.concurrent.FutureTask.run(FutureTask.java:317)
at java.base/java.util.concurrent.ThreadPoolExecutor.runWorker(ThreadPoolExecutor.java:1144)
at java.base/java.util.concurrent.ThreadPoolExecutor$Worker.run(ThreadPoolExecutor.java:642)
at java.base/java.lang.Thread.run(Thread.java:1583)
... Removed 16 stack frames]]>
    </failure>
  </testcase> <!-- myTest -->
  <testcase classname="Implementation.Imp_3_Xpheno_TravelPolicyTestingwithDelAndMumbaiLoc" name="myTest" time="273.221">
    <failure type="java.lang.AssertionError" message="Policy mismatch">
      <![CDATA[java.lang.AssertionError: Policy mismatch
at com.tripgain.collectionofpages.NewDesign_Hotels_DescPage.validateHotelPolicyFromDescToResultPage(NewDesign_Hotels_DescPage.java:361)
at Implementation.Imp_3_Xpheno_TravelPolicyTestingwithDelAndMumbaiLoc.myTest(Imp_3_Xpheno_TravelPolicyTestingwithDelAndMumbaiLoc.java:291)
at java.base/java.util.ArrayList.forEach(ArrayList.java:1596)
at java.base/java.util.concurrent.FutureTask.run(FutureTask.java:317)
at java.base/java.util.concurrent.ThreadPoolExecutor.runWorker(ThreadPoolExecutor.java:1144)
at java.base/java.util.concurrent.ThreadPoolExecutor$Worker.run(ThreadPoolExecutor.java:642)
at java.base/java.lang.Thread.run(Thread.java:1583)
... Removed 16 stack frames]]>
    </failure>
  </testcase> <!-- myTest -->
  <testcase classname="Implementation.Imp_3_Xpheno_TravelPolicyTestingwithDelAndMumbaiLoc" name="myTest" time="361.941"/>
  <testcase classname="Implementation.Imp_3_Xpheno_TravelPolicyTestingwithDelAndMumbaiLoc" name="myTest" time="430.04">
    <failure type="java.lang.AssertionError" message="Exception occurred: org.openqa.selenium.TimeoutException: Expected condition failed: waiting for visibility of element located by By.xpath: //h2[@id=&amp;apos;alert-dialog-title&amp;apos;] (tried for 70 second(s) with 500 milliseconds interval)
Build info: version: &amp;apos;4.29.0&amp;apos;, revision: &amp;apos;5fc1ec94cb&amp;apos;
System info: os.name: &amp;apos;Windows 11&amp;apos;, os.arch: &amp;apos;amd64&amp;apos;, os.version: &amp;apos;10.0&amp;apos;, java.version: &amp;apos;21.0.7&amp;apos;
Driver info: org.openqa.selenium.chrome.ChromeDriver
Capabilities {acceptInsecureCerts: false, browserName: chrome, browserVersion: 141.0.7390.125, chrome: {chromedriverVersion: 141.0.7390.122 (b477534e7e1..., userDataDir: C:\Users\LENOVO\AppData\Loc...}, fedcm:accounts: true, goog:chromeOptions: {debuggerAddress: localhost:57192}, networkConnectionEnabled: false, pageLoadStrategy: normal, platformName: windows, proxy: Proxy(), se:cdp: ws://localhost:57192/devtoo..., se:cdpVersion: 141.0.7390.125, setWindowRect: true, strictFileInteractability: false, timeouts: {implicit: 0, pageLoad: 300000, script: 30000}, unhandledPromptBehavior: dismiss and notify, webauthn:extension:credBlob: true, webauthn:extension:largeBlob: true, webauthn:extension:minPinLength: true, webauthn:extension:prf: true, webauthn:virtualAuthenticators: true}
Session ID: 7a57e1fce6f46aee8053ce30635e7cab">
      <![CDATA[java.lang.AssertionError: Exception occurred: org.openqa.selenium.TimeoutException: Expected condition failed: waiting for visibility of element located by By.xpath: //h2[@id='alert-dialog-title'] (tried for 70 second(s) with 500 milliseconds interval)
Build info: version: '4.29.0', revision: '5fc1ec94cb'
System info: os.name: 'Windows 11', os.arch: 'amd64', os.version: '10.0', java.version: '21.0.7'
Driver info: org.openqa.selenium.chrome.ChromeDriver
Capabilities {acceptInsecureCerts: false, browserName: chrome, browserVersion: 141.0.7390.125, chrome: {chromedriverVersion: 141.0.7390.122 (b477534e7e1..., userDataDir: C:\Users\LENOVO\AppData\Loc...}, fedcm:accounts: true, goog:chromeOptions: {debuggerAddress: localhost:57192}, networkConnectionEnabled: false, pageLoadStrategy: normal, platformName: windows, proxy: Proxy(), se:cdp: ws://localhost:57192/devtoo..., se:cdpVersion: 141.0.7390.125, setWindowRect: true, strictFileInteractability: false, timeouts: {implicit: 0, pageLoad: 300000, script: 30000}, unhandledPromptBehavior: dismiss and notify, webauthn:extension:credBlob: true, webauthn:extension:largeBlob: true, webauthn:extension:minPinLength: true, webauthn:extension:prf: true, webauthn:virtualAuthenticators: true}
Session ID: 7a57e1fce6f46aee8053ce30635e7cab
at Implementation.Imp_3_Xpheno_TravelPolicyTestingwithDelAndMumbaiLoc.myTest(Imp_3_Xpheno_TravelPolicyTestingwithDelAndMumbaiLoc.java:750)
at java.base/java.util.ArrayList.forEach(ArrayList.java:1596)
at java.base/java.util.concurrent.FutureTask.run(FutureTask.java:317)
at java.base/java.util.concurrent.ThreadPoolExecutor.runWorker(ThreadPoolExecutor.java:1144)
at java.base/java.util.concurrent.ThreadPoolExecutor$Worker.run(ThreadPoolExecutor.java:642)
at java.base/java.lang.Thread.run(Thread.java:1583)
... Removed 16 stack frames]]>
    </failure>
  </testcase> <!-- myTest -->
  <testcase classname="Implementation.Imp_3_Xpheno_TravelPolicyTestingwithDelAndMumbaiLoc" name="myTest" time="104.543">
    <failure type="java.lang.AssertionError" message="Hotel policy validation failed - Some hotels don&amp;apos;t follow grade policy with limit: 5000">
      <![CDATA[java.lang.AssertionError: Hotel policy validation failed - Some hotels don't follow grade policy with limit: 5000
at com.tripgain.collectionofpages.Implementation_Corporate_TravellersPage.validateHotelPricesAgainstGradePolicy(Implementation_Corporate_TravellersPage.java:219)
at Implementation.Imp_3_Xpheno_TravelPolicyTestingwithDelAndMumbaiLoc.myTest(Imp_3_Xpheno_TravelPolicyTestingwithDelAndMumbaiLoc.java:240)
at java.base/java.util.ArrayList.forEach(ArrayList.java:1596)
at java.base/java.util.concurrent.FutureTask.run(FutureTask.java:317)
at java.base/java.util.concurrent.ThreadPoolExecutor.runWorker(ThreadPoolExecutor.java:1144)
at java.base/java.util.concurrent.ThreadPoolExecutor$Worker.run(ThreadPoolExecutor.java:642)
at java.base/java.lang.Thread.run(Thread.java:1583)
... Removed 16 stack frames]]>
    </failure>
  </testcase> <!-- myTest -->
  <testcase classname="Implementation.Imp_3_Xpheno_TravelPolicyTestingwithDelAndMumbaiLoc" name="myTest" time="235.406">
    <failure type="java.lang.AssertionError" message="Hotel policy validation failed - Some hotels don&amp;apos;t follow grade policy with limit: 5000">
      <![CDATA[java.lang.AssertionError: Hotel policy validation failed - Some hotels don't follow grade policy with limit: 5000
at com.tripgain.collectionofpages.Implementation_Corporate_TravellersPage.validateHotelPricesAgainstGradePolicy(Implementation_Corporate_TravellersPage.java:219)
at Implementation.Imp_3_Xpheno_TravelPolicyTestingwithDelAndMumbaiLoc.myTest(Imp_3_Xpheno_TravelPolicyTestingwithDelAndMumbaiLoc.java:240)
at java.base/java.util.ArrayList.forEach(ArrayList.java:1596)
at java.base/java.util.concurrent.FutureTask.run(FutureTask.java:317)
at java.base/java.util.concurrent.ThreadPoolExecutor.runWorker(ThreadPoolExecutor.java:1144)
at java.base/java.util.concurrent.ThreadPoolExecutor$Worker.run(ThreadPoolExecutor.java:642)
at java.base/java.lang.Thread.run(Thread.java:1583)
... Removed 16 stack frames]]>
    </failure>
  </testcase> <!-- myTest -->
  <testcase classname="Implementation.Imp_3_Xpheno_TravelPolicyTestingwithDelAndMumbaiLoc" name="myTest" time="186.994">
    <failure type="java.lang.AssertionError" message="Policy mismatch">
      <![CDATA[java.lang.AssertionError: Policy mismatch
at com.tripgain.collectionofpages.NewDesign_Hotels_DescPage.validateHotelPolicyFromDescToResultPage(NewDesign_Hotels_DescPage.java:361)
at Implementation.Imp_3_Xpheno_TravelPolicyTestingwithDelAndMumbaiLoc.myTest(Imp_3_Xpheno_TravelPolicyTestingwithDelAndMumbaiLoc.java:291)
at java.base/java.util.ArrayList.forEach(ArrayList.java:1596)
at java.base/java.util.concurrent.FutureTask.run(FutureTask.java:317)
at java.base/java.util.concurrent.ThreadPoolExecutor.runWorker(ThreadPoolExecutor.java:1144)
at java.base/java.util.concurrent.ThreadPoolExecutor$Worker.run(ThreadPoolExecutor.java:642)
at java.base/java.lang.Thread.run(Thread.java:1583)
... Removed 16 stack frames]]>
    </failure>
  </testcase> <!-- myTest -->
  <testcase classname="Implementation.Imp_3_Xpheno_TravelPolicyTestingwithDelAndMumbaiLoc" name="myTest" time="323.978">
    <failure type="java.lang.AssertionError" message="Policy mismatch">
      <![CDATA[java.lang.AssertionError: Policy mismatch
at com.tripgain.collectionofpages.NewDesign_Hotels_DescPage.validateHotelPolicyFromDescToResultPage(NewDesign_Hotels_DescPage.java:361)
at Implementation.Imp_3_Xpheno_TravelPolicyTestingwithDelAndMumbaiLoc.myTest(Imp_3_Xpheno_TravelPolicyTestingwithDelAndMumbaiLoc.java:291)
at java.base/java.util.ArrayList.forEach(ArrayList.java:1596)
at java.base/java.util.concurrent.FutureTask.run(FutureTask.java:317)
at java.base/java.util.concurrent.ThreadPoolExecutor.runWorker(ThreadPoolExecutor.java:1144)
at java.base/java.util.concurrent.ThreadPoolExecutor$Worker.run(ThreadPoolExecutor.java:642)
at java.base/java.lang.Thread.run(Thread.java:1583)
... Removed 16 stack frames]]>
    </failure>
  </testcase> <!-- myTest -->
  <testcase classname="Implementation.Imp_3_Xpheno_TravelPolicyTestingwithDelAndMumbaiLoc" name="myTest" time="178.463">
    <failure type="java.lang.AssertionError" message="Policy mismatch">
      <![CDATA[java.lang.AssertionError: Policy mismatch
at com.tripgain.collectionofpages.NewDesign_Hotels_DescPage.validateHotelPolicyFromDescToResultPage(NewDesign_Hotels_DescPage.java:361)
at Implementation.Imp_3_Xpheno_TravelPolicyTestingwithDelAndMumbaiLoc.myTest(Imp_3_Xpheno_TravelPolicyTestingwithDelAndMumbaiLoc.java:291)
at java.base/java.util.ArrayList.forEach(ArrayList.java:1596)
at java.base/java.util.concurrent.FutureTask.run(FutureTask.java:317)
at java.base/java.util.concurrent.ThreadPoolExecutor.runWorker(ThreadPoolExecutor.java:1144)
at java.base/java.util.concurrent.ThreadPoolExecutor$Worker.run(ThreadPoolExecutor.java:642)
at java.base/java.lang.Thread.run(Thread.java:1583)
... Removed 16 stack frames]]>
    </failure>
  </testcase> <!-- myTest -->
  <testcase classname="Implementation.Imp_3_Xpheno_TravelPolicyTestingwithDelAndMumbaiLoc" name="myTest" time="183.858">
    <failure type="java.lang.AssertionError" message="Hotel policy validation failed - Some hotels don&amp;apos;t follow grade policy with limit: 7000">
      <![CDATA[java.lang.AssertionError: Hotel policy validation failed - Some hotels don't follow grade policy with limit: 7000
at com.tripgain.collectionofpages.Implementation_Corporate_TravellersPage.validateHotelPricesAgainstGradePolicy(Implementation_Corporate_TravellersPage.java:219)
at Implementation.Imp_3_Xpheno_TravelPolicyTestingwithDelAndMumbaiLoc.myTest(Imp_3_Xpheno_TravelPolicyTestingwithDelAndMumbaiLoc.java:240)
at java.base/java.util.ArrayList.forEach(ArrayList.java:1596)
at java.base/java.util.concurrent.FutureTask.run(FutureTask.java:317)
at java.base/java.util.concurrent.ThreadPoolExecutor.runWorker(ThreadPoolExecutor.java:1144)
at java.base/java.util.concurrent.ThreadPoolExecutor$Worker.run(ThreadPoolExecutor.java:642)
at java.base/java.lang.Thread.run(Thread.java:1583)
... Removed 16 stack frames]]>
    </failure>
  </testcase> <!-- myTest -->
  <testcase classname="Implementation.Imp_3_Xpheno_TravelPolicyTestingwithDelAndMumbaiLoc" name="myTest" time="171.717">
    <failure type="java.lang.AssertionError" message="Policy mismatch">
      <![CDATA[java.lang.AssertionError: Policy mismatch
at com.tripgain.collectionofpages.NewDesign_Hotels_DescPage.validateHotelPolicyFromDescToResultPage(NewDesign_Hotels_DescPage.java:361)
at Implementation.Imp_3_Xpheno_TravelPolicyTestingwithDelAndMumbaiLoc.myTest(Imp_3_Xpheno_TravelPolicyTestingwithDelAndMumbaiLoc.java:291)
at java.base/java.util.ArrayList.forEach(ArrayList.java:1596)
at java.base/java.util.concurrent.FutureTask.run(FutureTask.java:317)
at java.base/java.util.concurrent.ThreadPoolExecutor.runWorker(ThreadPoolExecutor.java:1144)
at java.base/java.util.concurrent.ThreadPoolExecutor$Worker.run(ThreadPoolExecutor.java:642)
at java.base/java.lang.Thread.run(Thread.java:1583)
... Removed 16 stack frames]]>
    </failure>
  </testcase> <!-- myTest -->
  <testcase classname="Implementation.Imp_3_Xpheno_TravelPolicyTestingwithDelAndMumbaiLoc" name="myTest" time="333.661">
    <failure type="java.lang.AssertionError" message="Bus name mismatch between the Booking page and the Details page for the selected bus.">
      <![CDATA[java.lang.AssertionError: Bus name mismatch between the Booking page and the Details page for the selected bus.
at com.tripgain.collectionofpages.NewDesign_Buses_BookingPage.validateBusNameFromBusBookingToDetailsPageAfterAdd(NewDesign_Buses_BookingPage.java:1544)
at Implementation.Imp_3_Xpheno_TravelPolicyTestingwithDelAndMumbaiLoc.myTest(Imp_3_Xpheno_TravelPolicyTestingwithDelAndMumbaiLoc.java:475)
at java.base/java.util.ArrayList.forEach(ArrayList.java:1596)
at java.base/java.util.concurrent.FutureTask.run(FutureTask.java:317)
at java.base/java.util.concurrent.ThreadPoolExecutor.runWorker(ThreadPoolExecutor.java:1144)
at java.base/java.util.concurrent.ThreadPoolExecutor$Worker.run(ThreadPoolExecutor.java:642)
at java.base/java.lang.Thread.run(Thread.java:1583)
... Removed 16 stack frames]]>
    </failure>
  </testcase> <!-- myTest -->
  <testcase classname="Implementation.Imp_3_Xpheno_TravelPolicyTestingwithDelAndMumbaiLoc" name="myTest" time="318.25"/>
  <testcase classname="Implementation.Imp_3_Xpheno_TravelPolicyTestingwithDelAndMumbaiLoc" name="myTest" time="286.784">
    <failure type="java.lang.AssertionError" message="Policy mismatch">
      <![CDATA[java.lang.AssertionError: Policy mismatch
at com.tripgain.collectionofpages.NewDesign_Hotels_DescPage.validateHotelPolicyFromDescToResultPage(NewDesign_Hotels_DescPage.java:361)
at Implementation.Imp_3_Xpheno_TravelPolicyTestingwithDelAndMumbaiLoc.myTest(Imp_3_Xpheno_TravelPolicyTestingwithDelAndMumbaiLoc.java:291)
at java.base/java.util.ArrayList.forEach(ArrayList.java:1596)
at java.base/java.util.concurrent.FutureTask.run(FutureTask.java:317)
at java.base/java.util.concurrent.ThreadPoolExecutor.runWorker(ThreadPoolExecutor.java:1144)
at java.base/java.util.concurrent.ThreadPoolExecutor$Worker.run(ThreadPoolExecutor.java:642)
at java.base/java.lang.Thread.run(Thread.java:1583)
... Removed 16 stack frames]]>
    </failure>
  </testcase> <!-- myTest -->
  <testcase classname="Implementation.Imp_3_Xpheno_TravelPolicyTestingwithDelAndMumbaiLoc" name="myTest" time="110.7">
    <failure type="java.lang.AssertionError" message="Hotel policy validation failed - Some hotels don&amp;apos;t follow grade policy with limit: 5000">
      <![CDATA[java.lang.AssertionError: Hotel policy validation failed - Some hotels don't follow grade policy with limit: 5000
at com.tripgain.collectionofpages.Implementation_Corporate_TravellersPage.validateHotelPricesAgainstGradePolicy(Implementation_Corporate_TravellersPage.java:219)
at Implementation.Imp_3_Xpheno_TravelPolicyTestingwithDelAndMumbaiLoc.myTest(Imp_3_Xpheno_TravelPolicyTestingwithDelAndMumbaiLoc.java:240)
at java.base/java.util.ArrayList.forEach(ArrayList.java:1596)
at java.base/java.util.concurrent.FutureTask.run(FutureTask.java:317)
at java.base/java.util.concurrent.ThreadPoolExecutor.runWorker(ThreadPoolExecutor.java:1144)
at java.base/java.util.concurrent.ThreadPoolExecutor$Worker.run(ThreadPoolExecutor.java:642)
at java.base/java.lang.Thread.run(Thread.java:1583)
... Removed 16 stack frames]]>
    </failure>
  </testcase> <!-- myTest -->
  <testcase classname="Implementation.Imp_3_Xpheno_TravelPolicyTestingwithDelAndMumbaiLoc" name="myTest" time="327.406">
    <failure type="java.lang.AssertionError" message="Exception occurred: java.lang.IllegalArgumentException: Index out of range. Available bus cards: 1">
      <![CDATA[java.lang.AssertionError: Exception occurred: java.lang.IllegalArgumentException: Index out of range. Available bus cards: 1
at Implementation.Imp_3_Xpheno_TravelPolicyTestingwithDelAndMumbaiLoc.myTest(Imp_3_Xpheno_TravelPolicyTestingwithDelAndMumbaiLoc.java:750)
at java.base/java.util.ArrayList.forEach(ArrayList.java:1596)
at java.base/java.util.concurrent.FutureTask.run(FutureTask.java:317)
at java.base/java.util.concurrent.ThreadPoolExecutor.runWorker(ThreadPoolExecutor.java:1144)
at java.base/java.util.concurrent.ThreadPoolExecutor$Worker.run(ThreadPoolExecutor.java:642)
at java.base/java.lang.Thread.run(Thread.java:1583)
... Removed 16 stack frames]]>
    </failure>
  </testcase> <!-- myTest -->
  <testcase classname="Implementation.Imp_3_Xpheno_TravelPolicyTestingwithDelAndMumbaiLoc" name="myTest" time="110.418">
    <failure type="java.lang.AssertionError" message="Hotel policy validation failed - Some hotels don&amp;apos;t follow grade policy with limit: 5000">
      <![CDATA[java.lang.AssertionError: Hotel policy validation failed - Some hotels don't follow grade policy with limit: 5000
at com.tripgain.collectionofpages.Implementation_Corporate_TravellersPage.validateHotelPricesAgainstGradePolicy(Implementation_Corporate_TravellersPage.java:219)
at Implementation.Imp_3_Xpheno_TravelPolicyTestingwithDelAndMumbaiLoc.myTest(Imp_3_Xpheno_TravelPolicyTestingwithDelAndMumbaiLoc.java:240)
at java.base/java.util.ArrayList.forEach(ArrayList.java:1596)
at java.base/java.util.concurrent.FutureTask.run(FutureTask.java:317)
at java.base/java.util.concurrent.ThreadPoolExecutor.runWorker(ThreadPoolExecutor.java:1144)
at java.base/java.util.concurrent.ThreadPoolExecutor$Worker.run(ThreadPoolExecutor.java:642)
at java.base/java.lang.Thread.run(Thread.java:1583)
... Removed 16 stack frames]]>
    </failure>
  </testcase> <!-- myTest -->
  <testcase classname="Implementation.Imp_3_Xpheno_TravelPolicyTestingwithDelAndMumbaiLoc" name="myTest" time="354.05">
    <failure type="java.lang.AssertionError" message="Exception occurred: org.openqa.selenium.ElementClickInterceptedException: element click intercepted: Element &amp;lt;button type=&amp;quot;button&amp;quot; disabled=&amp;quot;&amp;quot; class=&amp;quot;tg-btn tg-btn_disabled tg-btn_md tg-bsrs-continue-btn justify-content-end&amp;quot;&amp;gt;...&amp;lt;/button&amp;gt; is not clickable at point (1174, 569). Other element would receive the click: &amp;lt;div class=&amp;quot;tg-dropdown-menu-item tg-select-option undefined&amp;quot; aria-selected=&amp;quot;false&amp;quot; aria-disabled=&amp;quot;false&amp;quot; tabindex=&amp;quot;0&amp;quot; role=&amp;quot;option&amp;quot; id=&amp;quot;react-select-50-option-3&amp;quot; style=&amp;quot;z-index: 1000;&amp;quot;&amp;gt;...&amp;lt;/div&amp;gt;
  (Session info: chrome=141.0.7390.125)
Build info: version: &amp;apos;4.29.0&amp;apos;, revision: &amp;apos;5fc1ec94cb&amp;apos;
System info: os.name: &amp;apos;Windows 11&amp;apos;, os.arch: &amp;apos;amd64&amp;apos;, os.version: &amp;apos;10.0&amp;apos;, java.version: &amp;apos;21.0.7&amp;apos;
Driver info: org.openqa.selenium.chrome.ChromeDriver
Command: [5af0ba0ea2f0f98f57374022c3f6d874, clickElement {id=f.D5B6DFAD048D69CB6A67507E5EEF8A76.d.2C7A68AC77CC205A6403FA63387C8BD4.e.7926}]
Capabilities {acceptInsecureCerts: false, browserName: chrome, browserVersion: 141.0.7390.125, chrome: {chromedriverVersion: 141.0.7390.122 (b477534e7e1..., userDataDir: C:\Users\LENOVO\AppData\Loc...}, fedcm:accounts: true, goog:chromeOptions: {debuggerAddress: localhost:58033}, networkConnectionEnabled: false, pageLoadStrategy: normal, platformName: windows, proxy: Proxy(), se:cdp: ws://localhost:58033/devtoo..., se:cdpVersion: 141.0.7390.125, setWindowRect: true, strictFileInteractability: false, timeouts: {implicit: 0, pageLoad: 300000, script: 30000}, unhandledPromptBehavior: dismiss and notify, webauthn:extension:credBlob: true, webauthn:extension:largeBlob: true, webauthn:extension:minPinLength: true, webauthn:extension:prf: true, webauthn:virtualAuthenticators: true}
Element: [[ChromeDriver: chrome on windows (5af0ba0ea2f0f98f57374022c3f6d874)] -&amp;gt; xpath: //button[text()=&amp;apos;Confirm Seat&amp;apos;]]
Session ID: 5af0ba0ea2f0f98f57374022c3f6d874">
      <![CDATA[java.lang.AssertionError: Exception occurred: org.openqa.selenium.ElementClickInterceptedException: element click intercepted: Element <button type="button" disabled="" class="tg-btn tg-btn_disabled tg-btn_md tg-bsrs-continue-btn justify-content-end">...</button> is not clickable at point (1174, 569). Other element would receive the click: <div class="tg-dropdown-menu-item tg-select-option undefined" aria-selected="false" aria-disabled="false" tabindex="0" role="option" id="react-select-50-option-3" style="z-index: 1000;">...</div>
  (Session info: chrome=141.0.7390.125)
Build info: version: '4.29.0', revision: '5fc1ec94cb'
System info: os.name: 'Windows 11', os.arch: 'amd64', os.version: '10.0', java.version: '21.0.7'
Driver info: org.openqa.selenium.chrome.ChromeDriver
Command: [5af0ba0ea2f0f98f57374022c3f6d874, clickElement {id=f.D5B6DFAD048D69CB6A67507E5EEF8A76.d.2C7A68AC77CC205A6403FA63387C8BD4.e.7926}]
Capabilities {acceptInsecureCerts: false, browserName: chrome, browserVersion: 141.0.7390.125, chrome: {chromedriverVersion: 141.0.7390.122 (b477534e7e1..., userDataDir: C:\Users\LENOVO\AppData\Loc...}, fedcm:accounts: true, goog:chromeOptions: {debuggerAddress: localhost:58033}, networkConnectionEnabled: false, pageLoadStrategy: normal, platformName: windows, proxy: Proxy(), se:cdp: ws://localhost:58033/devtoo..., se:cdpVersion: 141.0.7390.125, setWindowRect: true, strictFileInteractability: false, timeouts: {implicit: 0, pageLoad: 300000, script: 30000}, unhandledPromptBehavior: dismiss and notify, webauthn:extension:credBlob: true, webauthn:extension:largeBlob: true, webauthn:extension:minPinLength: true, webauthn:extension:prf: true, webauthn:virtualAuthenticators: true}
Element: [[ChromeDriver: chrome on windows (5af0ba0ea2f0f98f57374022c3f6d874)] -> xpath: //button[text()='Confirm Seat']]
Session ID: 5af0ba0ea2f0f98f57374022c3f6d874
at Implementation.Imp_3_Xpheno_TravelPolicyTestingwithDelAndMumbaiLoc.myTest(Imp_3_Xpheno_TravelPolicyTestingwithDelAndMumbaiLoc.java:750)
at java.base/java.util.ArrayList.forEach(ArrayList.java:1596)
at java.base/java.util.concurrent.FutureTask.run(FutureTask.java:317)
at java.base/java.util.concurrent.ThreadPoolExecutor.runWorker(ThreadPoolExecutor.java:1144)
at java.base/java.util.concurrent.ThreadPoolExecutor$Worker.run(ThreadPoolExecutor.java:642)
at java.base/java.lang.Thread.run(Thread.java:1583)
... Removed 16 stack frames]]>
    </failure>
  </testcase> <!-- myTest -->
  <testcase classname="Implementation.Imp_3_Xpheno_TravelPolicyTestingwithDelAndMumbaiLoc" name="myTest" time="193.613">
    <failure type="java.lang.AssertionError" message="Exception occurred: org.openqa.selenium.TimeoutException: Expected condition failed: waiting for visibility of element located by By.xpath: //div[@role=&amp;apos;option&amp;apos;] (tried for 10 second(s) with 500 milliseconds interval)
Build info: version: &amp;apos;4.29.0&amp;apos;, revision: &amp;apos;5fc1ec94cb&amp;apos;
System info: os.name: &amp;apos;Windows 11&amp;apos;, os.arch: &amp;apos;amd64&amp;apos;, os.version: &amp;apos;10.0&amp;apos;, java.version: &amp;apos;21.0.7&amp;apos;
Driver info: org.openqa.selenium.chrome.ChromeDriver
Capabilities {acceptInsecureCerts: false, browserName: chrome, browserVersion: 141.0.7390.125, chrome: {chromedriverVersion: 141.0.7390.122 (b477534e7e1..., userDataDir: C:\Users\LENOVO\AppData\Loc...}, fedcm:accounts: true, goog:chromeOptions: {debuggerAddress: localhost:49370}, networkConnectionEnabled: false, pageLoadStrategy: normal, platformName: windows, proxy: Proxy(), se:cdp: ws://localhost:49370/devtoo..., se:cdpVersion: 141.0.7390.125, setWindowRect: true, strictFileInteractability: false, timeouts: {implicit: 0, pageLoad: 300000, script: 30000}, unhandledPromptBehavior: dismiss and notify, webauthn:extension:credBlob: true, webauthn:extension:largeBlob: true, webauthn:extension:minPinLength: true, webauthn:extension:prf: true, webauthn:virtualAuthenticators: true}
Session ID: 2c0c555e3972d07a620ea328d8383dc9">
      <![CDATA[java.lang.AssertionError: Exception occurred: org.openqa.selenium.TimeoutException: Expected condition failed: waiting for visibility of element located by By.xpath: //div[@role='option'] (tried for 10 second(s) with 500 milliseconds interval)
Build info: version: '4.29.0', revision: '5fc1ec94cb'
System info: os.name: 'Windows 11', os.arch: 'amd64', os.version: '10.0', java.version: '21.0.7'
Driver info: org.openqa.selenium.chrome.ChromeDriver
Capabilities {acceptInsecureCerts: false, browserName: chrome, browserVersion: 141.0.7390.125, chrome: {chromedriverVersion: 141.0.7390.122 (b477534e7e1..., userDataDir: C:\Users\LENOVO\AppData\Loc...}, fedcm:accounts: true, goog:chromeOptions: {debuggerAddress: localhost:49370}, networkConnectionEnabled: false, pageLoadStrategy: normal, platformName: windows, proxy: Proxy(), se:cdp: ws://localhost:49370/devtoo..., se:cdpVersion: 141.0.7390.125, setWindowRect: true, strictFileInteractability: false, timeouts: {implicit: 0, pageLoad: 300000, script: 30000}, unhandledPromptBehavior: dismiss and notify, webauthn:extension:credBlob: true, webauthn:extension:largeBlob: true, webauthn:extension:minPinLength: true, webauthn:extension:prf: true, webauthn:virtualAuthenticators: true}
Session ID: 2c0c555e3972d07a620ea328d8383dc9
at Implementation.Imp_3_Xpheno_TravelPolicyTestingwithDelAndMumbaiLoc.myTest(Imp_3_Xpheno_TravelPolicyTestingwithDelAndMumbaiLoc.java:750)
at java.base/java.util.ArrayList.forEach(ArrayList.java:1596)
at java.base/java.util.concurrent.FutureTask.run(FutureTask.java:317)
at java.base/java.util.concurrent.ThreadPoolExecutor.runWorker(ThreadPoolExecutor.java:1144)
at java.base/java.util.concurrent.ThreadPoolExecutor$Worker.run(ThreadPoolExecutor.java:642)
at java.base/java.lang.Thread.run(Thread.java:1583)
... Removed 16 stack frames]]>
    </failure>
  </testcase> <!-- myTest -->
  <testcase classname="Implementation.Imp_3_Xpheno_TravelPolicyTestingwithDelAndMumbaiLoc" name="myTest" time="97.404">
    <failure type="java.lang.AssertionError" message="Expected search results were not displayed. Page message: 
Home
Trips
Expense
Dashboard
Admin
Switch Back
TA
TravelGrade_127
Trip Id : TGTR20250511RIMIM7
Mumbai, Maharashtra, India
13th Nov, 2025 - 14th Nov, 2025
1 Room , 1 Adult , 0 Child
Logout from trip
We have found 0 hotels. If you can&amp;apos;t find the hotel you&amp;apos;re looking for, please request the hotel offline.
Request Offline Hotel Booking
Filters
Price
User Rating
Per Night Price
Rating
Amenities
Price: Low to High
INR


No hotels found.

Sorry, There were no hotels found for this search criteria.
We suggest you modify your search and try again.">
      <![CDATA[java.lang.AssertionError: Expected search results were not displayed. Page message: 
Home
Trips
Expense
Dashboard
Admin
Switch Back
TA
TravelGrade_127
Trip Id : TGTR20250511RIMIM7
Mumbai, Maharashtra, India
13th Nov, 2025 - 14th Nov, 2025
1 Room , 1 Adult , 0 Child
Logout from trip
We have found 0 hotels. If you can't find the hotel you're looking for, please request the hotel offline.
Request Offline Hotel Booking
Filters
Price
User Rating
Per Night Price
Rating
Amenities
Price: Low to High
INR


No hotels found.

Sorry, There were no hotels found for this search criteria.
We suggest you modify your search and try again.
at com.tripgain.collectionofpages.NewDesign_Trips.clickOnSearchHotelBut(NewDesign_Trips.java:793)
at Implementation.Imp_3_Xpheno_TravelPolicyTestingwithDelAndMumbaiLoc.myTest(Imp_3_Xpheno_TravelPolicyTestingwithDelAndMumbaiLoc.java:226)
at java.base/java.util.ArrayList.forEach(ArrayList.java:1596)
at java.base/java.util.concurrent.FutureTask.run(FutureTask.java:317)
at java.base/java.util.concurrent.ThreadPoolExecutor.runWorker(ThreadPoolExecutor.java:1144)
at java.base/java.util.concurrent.ThreadPoolExecutor$Worker.run(ThreadPoolExecutor.java:642)
at java.base/java.lang.Thread.run(Thread.java:1583)
... Removed 16 stack frames]]>
    </failure>
  </testcase> <!-- myTest -->
  <testcase classname="Implementation.Imp_3_Xpheno_TravelPolicyTestingwithDelAndMumbaiLoc" name="myTest" time="337.681"/>
  <testcase classname="Implementation.Imp_3_Xpheno_TravelPolicyTestingwithDelAndMumbaiLoc" name="myTest" time="237.172">
    <failure type="java.lang.AssertionError" message="Hotel policy validation failed - Some hotels don&amp;apos;t follow grade policy with limit: 7000">
      <![CDATA[java.lang.AssertionError: Hotel policy validation failed - Some hotels don't follow grade policy with limit: 7000
at com.tripgain.collectionofpages.Implementation_Corporate_TravellersPage.validateHotelPricesAgainstGradePolicy(Implementation_Corporate_TravellersPage.java:219)
at Implementation.Imp_3_Xpheno_TravelPolicyTestingwithDelAndMumbaiLoc.myTest(Imp_3_Xpheno_TravelPolicyTestingwithDelAndMumbaiLoc.java:240)
at java.base/java.util.ArrayList.forEach(ArrayList.java:1596)
at java.base/java.util.concurrent.FutureTask.run(FutureTask.java:317)
at java.base/java.util.concurrent.ThreadPoolExecutor.runWorker(ThreadPoolExecutor.java:1144)
at java.base/java.util.concurrent.ThreadPoolExecutor$Worker.run(ThreadPoolExecutor.java:642)
at java.base/java.lang.Thread.run(Thread.java:1583)
... Removed 16 stack frames]]>
    </failure>
  </testcase> <!-- myTest -->
  <testcase classname="Implementation.Imp_3_Xpheno_TravelPolicyTestingwithDelAndMumbaiLoc" name="myTest" time="112.546">
    <failure type="java.lang.AssertionError" message="Hotel policy validation failed - Some hotels don&amp;apos;t follow grade policy with limit: 5000">
      <![CDATA[java.lang.AssertionError: Hotel policy validation failed - Some hotels don't follow grade policy with limit: 5000
at com.tripgain.collectionofpages.Implementation_Corporate_TravellersPage.validateHotelPricesAgainstGradePolicy(Implementation_Corporate_TravellersPage.java:219)
at Implementation.Imp_3_Xpheno_TravelPolicyTestingwithDelAndMumbaiLoc.myTest(Imp_3_Xpheno_TravelPolicyTestingwithDelAndMumbaiLoc.java:240)
at java.base/java.util.ArrayList.forEach(ArrayList.java:1596)
at java.base/java.util.concurrent.FutureTask.run(FutureTask.java:317)
at java.base/java.util.concurrent.ThreadPoolExecutor.runWorker(ThreadPoolExecutor.java:1144)
at java.base/java.util.concurrent.ThreadPoolExecutor$Worker.run(ThreadPoolExecutor.java:642)
at java.base/java.lang.Thread.run(Thread.java:1583)
... Removed 16 stack frames]]>
    </failure>
  </testcase> <!-- myTest -->
</testsuite> <!-- test2 -->
