<?xml version="1.0" encoding="UTF-8"?>
<testng-results ignored="0" total="79" passed="35" failed="44" skipped="0">
  <reporter-output>
  </reporter-output>
  <suite started-at="2025-09-01T11:25:21 IST" name="Suite" finished-at="2025-09-01T13:44:16 IST" duration-ms="8334915">
    <groups>
    </groups>
    <test started-at="2025-09-01T11:25:21 IST" name="test1" finished-at="2025-09-01T11:25:21 IST" duration-ms="8">
    </test> <!-- test1 -->
    <test started-at="2025-09-01T11:25:21 IST" name="test" finished-at="2025-09-01T13:44:16 IST" duration-ms="8334915">
      <class name="SkyTravellers_Hotels.TCHO_3_verifyHotelsSearchwithStarRating">
        <test-method is-config="true" signature="launchApplication(java.lang.String)[pri:0, instance:SkyTravellers_Hotels.TCHO_3_verifyHotelsSearchwithStarRating@55b0dcab]" started-at="2025-09-01T12:44:29 IST" name="launchApplication" finished-at="2025-09-01T12:44:31 IST" duration-ms="2270" status="PASS">
          <params>
            <param index="0">
              <value>
                <![CDATA[chrome]]>
              </value>
            </param>
          </params>
          <reporter-output>
          </reporter-output>
        </test-method> <!-- launchApplication -->
        <test-method signature="myTest(java.util.Map)[pri:0, instance:SkyTravellers_Hotels.TCHO_3_verifyHotelsSearchwithStarRating@55b0dcab]" started-at="2025-09-01T12:44:31 IST" name="myTest" data-provider="sheetBasedData" finished-at="2025-09-01T12:45:45 IST" duration-ms="73521" status="FAIL">
          <params>
            <param index="0">
              <value>
                <![CDATA[{Origin=mumbai, UserName=tarun@tripgain.com, Email=abcd@tripgain.com, ChildAge=6,7, URL=https://uaev2.skytravellers.com/login, RoomCount=2, Payment= DebitCard, TestRun=, AdultCount=1,2, ChildCount=1,1, Phno=7865432901, StarCount=4, Password=WXOlqr3282}]]>
              </value>
            </param>
          </params>
          <exception class="org.openqa.selenium.NoSuchElementException">
            <message>
              <![CDATA[no such element: Unable to locate element: {"method":"xpath","selector":"//*[@class='booking-review-page__body__booking-details_hotel-name']"}
  (Session info: chrome=139.0.7258.155)
For documentation on this error, please visit: https://www.selenium.dev/documentation/webdriver/troubleshooting/errors#no-such-element-exception
Build info: version: '4.29.0', revision: '5fc1ec94cb'
System info: os.name: 'Windows 11', os.arch: 'amd64', os.version: '10.0', java.version: '21.0.7'
Driver info: org.openqa.selenium.chrome.ChromeDriver
Command: [520f37e503b7df831a568b46dd1d4459, findElement {using=xpath, value=//*[@class='booking-review-page__body__booking-details_hotel-name']}]
Capabilities {acceptInsecureCerts: false, browserName: chrome, browserVersion: 139.0.7258.155, chrome: {chromedriverVersion: 139.0.7258.154 (9e0d6b2b47f..., userDataDir: C:\Users\LENOVO\AppData\Loc...}, fedcm:accounts: true, goog:chromeOptions: {debuggerAddress: localhost:49912}, networkConnectionEnabled: false, pageLoadStrategy: normal, platformName: windows, proxy: Proxy(), se:cdp: ws://localhost:49912/devtoo..., se:cdpVersion: 139.0.7258.155, setWindowRect: true, strictFileInteractability: false, timeouts: {implicit: 0, pageLoad: 300000, script: 30000}, unhandledPromptBehavior: dismiss and notify, webauthn:extension:credBlob: true, webauthn:extension:largeBlob: true, webauthn:extension:minPinLength: true, webauthn:extension:prf: true, webauthn:virtualAuthenticators: true}
Session ID: 520f37e503b7df831a568b46dd1d4459]]>
            </message>
            <full-stacktrace>
              <![CDATA[org.openqa.selenium.NoSuchElementException: no such element: Unable to locate element: {"method":"xpath","selector":"//*[@class='booking-review-page__body__booking-details_hotel-name']"}
  (Session info: chrome=139.0.7258.155)
For documentation on this error, please visit: https://www.selenium.dev/documentation/webdriver/troubleshooting/errors#no-such-element-exception
Build info: version: '4.29.0', revision: '5fc1ec94cb'
System info: os.name: 'Windows 11', os.arch: 'amd64', os.version: '10.0', java.version: '21.0.7'
Driver info: org.openqa.selenium.chrome.ChromeDriver
Command: [520f37e503b7df831a568b46dd1d4459, findElement {using=xpath, value=//*[@class='booking-review-page__body__booking-details_hotel-name']}]
Capabilities {acceptInsecureCerts: false, browserName: chrome, browserVersion: 139.0.7258.155, chrome: {chromedriverVersion: 139.0.7258.154 (9e0d6b2b47f..., userDataDir: C:\Users\LENOVO\AppData\Loc...}, fedcm:accounts: true, goog:chromeOptions: {debuggerAddress: localhost:49912}, networkConnectionEnabled: false, pageLoadStrategy: normal, platformName: windows, proxy: Proxy(), se:cdp: ws://localhost:49912/devtoo..., se:cdpVersion: 139.0.7258.155, setWindowRect: true, strictFileInteractability: false, timeouts: {implicit: 0, pageLoad: 300000, script: 30000}, unhandledPromptBehavior: dismiss and notify, webauthn:extension:credBlob: true, webauthn:extension:largeBlob: true, webauthn:extension:minPinLength: true, webauthn:extension:prf: true, webauthn:virtualAuthenticators: true}
Session ID: 520f37e503b7df831a568b46dd1d4459
at java.base/jdk.internal.reflect.DirectConstructorHandleAccessor.newInstance(DirectConstructorHandleAccessor.java:62)
at java.base/java.lang.reflect.Constructor.newInstanceWithCaller(Constructor.java:502)
at java.base/java.lang.reflect.Constructor.newInstance(Constructor.java:486)
at org.openqa.selenium.remote.ErrorCodec.decode(ErrorCodec.java:167)
at org.openqa.selenium.remote.codec.w3c.W3CHttpResponseCodec.decode(W3CHttpResponseCodec.java:138)
at org.openqa.selenium.remote.codec.w3c.W3CHttpResponseCodec.decode(W3CHttpResponseCodec.java:50)
at org.openqa.selenium.remote.HttpCommandExecutor.execute(HttpCommandExecutor.java:215)
at org.openqa.selenium.remote.service.DriverCommandExecutor.invokeExecute(DriverCommandExecutor.java:216)
at org.openqa.selenium.remote.service.DriverCommandExecutor.execute(DriverCommandExecutor.java:174)
at org.openqa.selenium.remote.RemoteWebDriver.execute(RemoteWebDriver.java:545)
at org.openqa.selenium.remote.ElementLocation$ElementFinder$2.findElement(ElementLocation.java:165)
at org.openqa.selenium.remote.ElementLocation.findElement(ElementLocation.java:59)
at org.openqa.selenium.remote.RemoteWebDriver.findElement(RemoteWebDriver.java:368)
at org.openqa.selenium.remote.RemoteWebDriver.findElement(RemoteWebDriver.java:362)
at com.tripgain.collectionofpages.SkyTravelers_Hotels_BookingPage.getHotelNameFromBookingPage(SkyTravelers_Hotels_BookingPage.java:42)
at SkyTravellers_Hotels.TCHO_3_verifyHotelsSearchwithStarRating.myTest(TCHO_3_verifyHotelsSearchwithStarRating.java:178)
at java.base/jdk.internal.reflect.DirectMethodHandleAccessor.invoke(DirectMethodHandleAccessor.java:103)
at java.base/java.lang.reflect.Method.invoke(Method.java:580)
at org.testng.internal.invokers.MethodInvocationHelper.invokeMethod(MethodInvocationHelper.java:141)
at org.testng.internal.invokers.TestInvoker.invokeMethod(TestInvoker.java:687)
at org.testng.internal.invokers.TestInvoker.invokeTestMethod(TestInvoker.java:230)
at org.testng.internal.invokers.MethodRunner.runInSequence(MethodRunner.java:63)
at org.testng.internal.invokers.TestInvoker$MethodInvocationAgent.invoke(TestInvoker.java:995)
at org.testng.internal.invokers.TestInvoker.invokeTestMethods(TestInvoker.java:203)
at org.testng.internal.invokers.TestMethodWorker.invokeTestMethods(TestMethodWorker.java:154)
at org.testng.internal.invokers.TestMethodWorker.run(TestMethodWorker.java:134)
at java.base/java.util.ArrayList.forEach(ArrayList.java:1596)
at org.testng.TestRunner.privateRun(TestRunner.java:741)
at org.testng.TestRunner.run(TestRunner.java:616)
at org.testng.SuiteRunner.runTest(SuiteRunner.java:421)
at org.testng.SuiteRunner$SuiteWorker.run(SuiteRunner.java:463)
at org.testng.internal.thread.ThreadUtil.lambda$execute$0(ThreadUtil.java:64)
at java.base/java.util.concurrent.FutureTask.run(FutureTask.java:317)
at java.base/java.util.concurrent.ThreadPoolExecutor.runWorker(ThreadPoolExecutor.java:1144)
at java.base/java.util.concurrent.ThreadPoolExecutor$Worker.run(ThreadPoolExecutor.java:642)
at java.base/java.lang.Thread.run(Thread.java:1583)
]]>
            </full-stacktrace>
          </exception> <!-- org.openqa.selenium.NoSuchElementException -->
          <reporter-output>
          </reporter-output>
        </test-method> <!-- myTest -->
        <test-method is-config="true" signature="tearDown()[pri:0, instance:SkyTravellers_Hotels.TCHO_3_verifyHotelsSearchwithStarRating@55b0dcab]" started-at="2025-09-01T12:45:45 IST" name="tearDown" finished-at="2025-09-01T12:45:45 IST" duration-ms="621" status="PASS">
          <reporter-output>
          </reporter-output>
        </test-method> <!-- tearDown -->
        <test-method is-config="true" signature="launchApplication(java.lang.String)[pri:0, instance:SkyTravellers_Hotels.TCHO_3_verifyHotelsSearchwithStarRating@55b0dcab]" started-at="2025-09-01T12:45:45 IST" name="launchApplication" finished-at="2025-09-01T12:45:48 IST" duration-ms="2505" status="PASS">
          <params>
            <param index="0">
              <value>
                <![CDATA[chrome]]>
              </value>
            </param>
          </params>
          <reporter-output>
          </reporter-output>
        </test-method> <!-- launchApplication -->
        <test-method signature="myTest(java.util.Map)[pri:0, instance:SkyTravellers_Hotels.TCHO_3_verifyHotelsSearchwithStarRating@55b0dcab]" started-at="2025-09-01T12:45:48 IST" name="myTest" data-provider="sheetBasedData" finished-at="2025-09-01T12:46:43 IST" duration-ms="55046" status="FAIL">
          <params>
            <param index="0">
              <value>
                <![CDATA[{Origin=germany, UserName=tarun@tripgain.com, Email=abcd@tripgain.com, ChildAge=5, URL=https://uaev2.skytravellers.com/login, RoomCount=1, Payment= CreditCard, TestRun=, AdultCount=1, ChildCount=1, Phno=9876544321, StarCount=1, Password=WXOlqr3283}]]>
              </value>
            </param>
          </params>
          <exception class="org.openqa.selenium.NoSuchElementException">
            <message>
              <![CDATA[no such element: Unable to locate element: {"method":"xpath","selector":".//span[@class='hotel-card__body__header_hotel-location']"}
  (Session info: chrome=139.0.7258.155)
For documentation on this error, please visit: https://www.selenium.dev/documentation/webdriver/troubleshooting/errors#no-such-element-exception
Build info: version: '4.29.0', revision: '5fc1ec94cb'
System info: os.name: 'Windows 11', os.arch: 'amd64', os.version: '10.0', java.version: '21.0.7'
Driver info: org.openqa.selenium.chrome.ChromeDriver
Command: [1225a45621fd2b44ab1ef30f3aaa0715, findElement {using=xpath, value=.//span[@class='hotel-card__body__header_hotel-location']}]
Capabilities {acceptInsecureCerts: false, browserName: chrome, browserVersion: 139.0.7258.155, chrome: {chromedriverVersion: 139.0.7258.154 (9e0d6b2b47f..., userDataDir: C:\Users\LENOVO\AppData\Loc...}, fedcm:accounts: true, goog:chromeOptions: {debuggerAddress: localhost:61756}, networkConnectionEnabled: false, pageLoadStrategy: normal, platformName: windows, proxy: Proxy(), se:cdp: ws://localhost:61756/devtoo..., se:cdpVersion: 139.0.7258.155, setWindowRect: true, strictFileInteractability: false, timeouts: {implicit: 0, pageLoad: 300000, script: 30000}, unhandledPromptBehavior: dismiss and notify, webauthn:extension:credBlob: true, webauthn:extension:largeBlob: true, webauthn:extension:minPinLength: true, webauthn:extension:prf: true, webauthn:virtualAuthenticators: true}
Session ID: 1225a45621fd2b44ab1ef30f3aaa0715]]>
            </message>
            <full-stacktrace>
              <![CDATA[org.openqa.selenium.NoSuchElementException: no such element: Unable to locate element: {"method":"xpath","selector":".//span[@class='hotel-card__body__header_hotel-location']"}
  (Session info: chrome=139.0.7258.155)
For documentation on this error, please visit: https://www.selenium.dev/documentation/webdriver/troubleshooting/errors#no-such-element-exception
Build info: version: '4.29.0', revision: '5fc1ec94cb'
System info: os.name: 'Windows 11', os.arch: 'amd64', os.version: '10.0', java.version: '21.0.7'
Driver info: org.openqa.selenium.chrome.ChromeDriver
Command: [1225a45621fd2b44ab1ef30f3aaa0715, findElement {using=xpath, value=.//span[@class='hotel-card__body__header_hotel-location']}]
Capabilities {acceptInsecureCerts: false, browserName: chrome, browserVersion: 139.0.7258.155, chrome: {chromedriverVersion: 139.0.7258.154 (9e0d6b2b47f..., userDataDir: C:\Users\LENOVO\AppData\Loc...}, fedcm:accounts: true, goog:chromeOptions: {debuggerAddress: localhost:61756}, networkConnectionEnabled: false, pageLoadStrategy: normal, platformName: windows, proxy: Proxy(), se:cdp: ws://localhost:61756/devtoo..., se:cdpVersion: 139.0.7258.155, setWindowRect: true, strictFileInteractability: false, timeouts: {implicit: 0, pageLoad: 300000, script: 30000}, unhandledPromptBehavior: dismiss and notify, webauthn:extension:credBlob: true, webauthn:extension:largeBlob: true, webauthn:extension:minPinLength: true, webauthn:extension:prf: true, webauthn:virtualAuthenticators: true}
Session ID: 1225a45621fd2b44ab1ef30f3aaa0715
at java.base/jdk.internal.reflect.DirectConstructorHandleAccessor.newInstance(DirectConstructorHandleAccessor.java:62)
at java.base/java.lang.reflect.Constructor.newInstanceWithCaller(Constructor.java:502)
at java.base/java.lang.reflect.Constructor.newInstance(Constructor.java:486)
at org.openqa.selenium.remote.ErrorCodec.decode(ErrorCodec.java:167)
at org.openqa.selenium.remote.codec.w3c.W3CHttpResponseCodec.decode(W3CHttpResponseCodec.java:138)
at org.openqa.selenium.remote.codec.w3c.W3CHttpResponseCodec.decode(W3CHttpResponseCodec.java:50)
at org.openqa.selenium.remote.HttpCommandExecutor.execute(HttpCommandExecutor.java:215)
at org.openqa.selenium.remote.service.DriverCommandExecutor.invokeExecute(DriverCommandExecutor.java:216)
at org.openqa.selenium.remote.service.DriverCommandExecutor.execute(DriverCommandExecutor.java:174)
at org.openqa.selenium.remote.RemoteWebDriver.execute(RemoteWebDriver.java:545)
at org.openqa.selenium.remote.ElementLocation$ElementFinder$2.findElement(ElementLocation.java:165)
at org.openqa.selenium.remote.ElementLocation.findElement(ElementLocation.java:59)
at org.openqa.selenium.remote.RemoteWebDriver.findElement(RemoteWebDriver.java:368)
at org.openqa.selenium.remote.RemoteWebDriver.findElement(RemoteWebDriver.java:362)
at com.tripgain.collectionofpages.SkyTravelers_Hotels_SearchPage.getHotelLocationFromCardFromResultsPage(SkyTravelers_Hotels_SearchPage.java:768)
at SkyTravellers_Hotels.TCHO_3_verifyHotelsSearchwithStarRating.myTest(TCHO_3_verifyHotelsSearchwithStarRating.java:123)
at java.base/jdk.internal.reflect.DirectMethodHandleAccessor.invoke(DirectMethodHandleAccessor.java:103)
at java.base/java.lang.reflect.Method.invoke(Method.java:580)
at org.testng.internal.invokers.MethodInvocationHelper.invokeMethod(MethodInvocationHelper.java:141)
at org.testng.internal.invokers.TestInvoker.invokeMethod(TestInvoker.java:687)
at org.testng.internal.invokers.TestInvoker.invokeTestMethod(TestInvoker.java:230)
at org.testng.internal.invokers.MethodRunner.runInSequence(MethodRunner.java:63)
at org.testng.internal.invokers.TestInvoker$MethodInvocationAgent.invoke(TestInvoker.java:995)
at org.testng.internal.invokers.TestInvoker.invokeTestMethods(TestInvoker.java:203)
at org.testng.internal.invokers.TestMethodWorker.invokeTestMethods(TestMethodWorker.java:154)
at org.testng.internal.invokers.TestMethodWorker.run(TestMethodWorker.java:134)
at java.base/java.util.ArrayList.forEach(ArrayList.java:1596)
at org.testng.TestRunner.privateRun(TestRunner.java:741)
at org.testng.TestRunner.run(TestRunner.java:616)
at org.testng.SuiteRunner.runTest(SuiteRunner.java:421)
at org.testng.SuiteRunner$SuiteWorker.run(SuiteRunner.java:463)
at org.testng.internal.thread.ThreadUtil.lambda$execute$0(ThreadUtil.java:64)
at java.base/java.util.concurrent.FutureTask.run(FutureTask.java:317)
at java.base/java.util.concurrent.ThreadPoolExecutor.runWorker(ThreadPoolExecutor.java:1144)
at java.base/java.util.concurrent.ThreadPoolExecutor$Worker.run(ThreadPoolExecutor.java:642)
at java.base/java.lang.Thread.run(Thread.java:1583)
]]>
            </full-stacktrace>
          </exception> <!-- org.openqa.selenium.NoSuchElementException -->
          <reporter-output>
          </reporter-output>
        </test-method> <!-- myTest -->
        <test-method is-config="true" signature="tearDown()[pri:0, instance:SkyTravellers_Hotels.TCHO_3_verifyHotelsSearchwithStarRating@55b0dcab]" started-at="2025-09-01T12:46:43 IST" name="tearDown" finished-at="2025-09-01T12:46:43 IST" duration-ms="527" status="PASS">
          <reporter-output>
          </reporter-output>
        </test-method> <!-- tearDown -->
        <test-method is-config="true" signature="launchApplication(java.lang.String)[pri:0, instance:SkyTravellers_Hotels.TCHO_3_verifyHotelsSearchwithStarRating@55b0dcab]" started-at="2025-09-01T12:46:43 IST" name="launchApplication" finished-at="2025-09-01T12:46:46 IST" duration-ms="2241" status="PASS">
          <params>
            <param index="0">
              <value>
                <![CDATA[chrome]]>
              </value>
            </param>
          </params>
          <reporter-output>
          </reporter-output>
        </test-method> <!-- launchApplication -->
        <test-method signature="myTest(java.util.Map)[pri:0, instance:SkyTravellers_Hotels.TCHO_3_verifyHotelsSearchwithStarRating@55b0dcab]" started-at="2025-09-01T12:46:46 IST" name="myTest" data-provider="sheetBasedData" finished-at="2025-09-01T12:48:20 IST" duration-ms="94163" status="PASS">
          <params>
            <param index="0">
              <value>
                <![CDATA[{Origin=Pune, UserName=tarun@tripgain.com, Email=abcd@tripgain.com, ChildAge=5, URL=https://uaev2.skytravellers.com/login, RoomCount=1, Payment= DebitCard, TestRun=, AdultCount=1, ChildCount=1, Phno=9876545678, StarCount=2, Password=WXOlqr3284}]]>
              </value>
            </param>
          </params>
          <reporter-output>
          </reporter-output>
        </test-method> <!-- myTest -->
        <test-method is-config="true" signature="tearDown()[pri:0, instance:SkyTravellers_Hotels.TCHO_3_verifyHotelsSearchwithStarRating@55b0dcab]" started-at="2025-09-01T12:48:20 IST" name="tearDown" finished-at="2025-09-01T12:48:20 IST" duration-ms="48" status="PASS">
          <reporter-output>
          </reporter-output>
        </test-method> <!-- tearDown -->
        <test-method is-config="true" signature="launchApplication(java.lang.String)[pri:0, instance:SkyTravellers_Hotels.TCHO_3_verifyHotelsSearchwithStarRating@55b0dcab]" started-at="2025-09-01T12:48:20 IST" name="launchApplication" finished-at="2025-09-01T12:48:22 IST" duration-ms="2539" status="PASS">
          <params>
            <param index="0">
              <value>
                <![CDATA[chrome]]>
              </value>
            </param>
          </params>
          <reporter-output>
          </reporter-output>
        </test-method> <!-- launchApplication -->
        <test-method signature="myTest(java.util.Map)[pri:0, instance:SkyTravellers_Hotels.TCHO_3_verifyHotelsSearchwithStarRating@55b0dcab]" started-at="2025-09-01T12:48:22 IST" name="myTest" data-provider="sheetBasedData" finished-at="2025-09-01T12:50:20 IST" duration-ms="117269" status="FAIL">
          <params>
            <param index="0">
              <value>
                <![CDATA[{Origin=chennai, UserName=tarun@tripgain.com, Email=abcd@tripgain.com, ChildAge=5, URL=https://uaev2.skytravellers.com/login, RoomCount=1, Payment=Netbanking, TestRun=, AdultCount=1, ChildCount=1, Phno=9876543212, StarCount=3, Password=WXOlqr3285}]]>
              </value>
            </param>
          </params>
          <exception class="org.openqa.selenium.NoSuchElementException">
            <message>
              <![CDATA[no such element: Unable to locate element: {"method":"xpath","selector":"//span[text()='Billing Information']"}
  (Session info: chrome=139.0.7258.155)
For documentation on this error, please visit: https://www.selenium.dev/documentation/webdriver/troubleshooting/errors#no-such-element-exception
Build info: version: '4.29.0', revision: '5fc1ec94cb'
System info: os.name: 'Windows 11', os.arch: 'amd64', os.version: '10.0', java.version: '21.0.7'
Driver info: org.openqa.selenium.chrome.ChromeDriver
Command: [ddd95cb87b83649fd2b915295b96ab1d, findElement {using=xpath, value=//span[text()='Billing Information']}]
Capabilities {acceptInsecureCerts: false, browserName: chrome, browserVersion: 139.0.7258.155, chrome: {chromedriverVersion: 139.0.7258.154 (9e0d6b2b47f..., userDataDir: C:\Users\LENOVO\AppData\Loc...}, fedcm:accounts: true, goog:chromeOptions: {debuggerAddress: localhost:54482}, networkConnectionEnabled: false, pageLoadStrategy: normal, platformName: windows, proxy: Proxy(), se:cdp: ws://localhost:54482/devtoo..., se:cdpVersion: 139.0.7258.155, setWindowRect: true, strictFileInteractability: false, timeouts: {implicit: 0, pageLoad: 300000, script: 30000}, unhandledPromptBehavior: dismiss and notify, webauthn:extension:credBlob: true, webauthn:extension:largeBlob: true, webauthn:extension:minPinLength: true, webauthn:extension:prf: true, webauthn:virtualAuthenticators: true}
Session ID: ddd95cb87b83649fd2b915295b96ab1d]]>
            </message>
            <full-stacktrace>
              <![CDATA[org.openqa.selenium.NoSuchElementException: no such element: Unable to locate element: {"method":"xpath","selector":"//span[text()='Billing Information']"}
  (Session info: chrome=139.0.7258.155)
For documentation on this error, please visit: https://www.selenium.dev/documentation/webdriver/troubleshooting/errors#no-such-element-exception
Build info: version: '4.29.0', revision: '5fc1ec94cb'
System info: os.name: 'Windows 11', os.arch: 'amd64', os.version: '10.0', java.version: '21.0.7'
Driver info: org.openqa.selenium.chrome.ChromeDriver
Command: [ddd95cb87b83649fd2b915295b96ab1d, findElement {using=xpath, value=//span[text()='Billing Information']}]
Capabilities {acceptInsecureCerts: false, browserName: chrome, browserVersion: 139.0.7258.155, chrome: {chromedriverVersion: 139.0.7258.154 (9e0d6b2b47f..., userDataDir: C:\Users\LENOVO\AppData\Loc...}, fedcm:accounts: true, goog:chromeOptions: {debuggerAddress: localhost:54482}, networkConnectionEnabled: false, pageLoadStrategy: normal, platformName: windows, proxy: Proxy(), se:cdp: ws://localhost:54482/devtoo..., se:cdpVersion: 139.0.7258.155, setWindowRect: true, strictFileInteractability: false, timeouts: {implicit: 0, pageLoad: 300000, script: 30000}, unhandledPromptBehavior: dismiss and notify, webauthn:extension:credBlob: true, webauthn:extension:largeBlob: true, webauthn:extension:minPinLength: true, webauthn:extension:prf: true, webauthn:virtualAuthenticators: true}
Session ID: ddd95cb87b83649fd2b915295b96ab1d
at java.base/jdk.internal.reflect.DirectConstructorHandleAccessor.newInstance(DirectConstructorHandleAccessor.java:62)
at java.base/java.lang.reflect.Constructor.newInstanceWithCaller(Constructor.java:502)
at java.base/java.lang.reflect.Constructor.newInstance(Constructor.java:486)
at org.openqa.selenium.remote.ErrorCodec.decode(ErrorCodec.java:167)
at org.openqa.selenium.remote.codec.w3c.W3CHttpResponseCodec.decode(W3CHttpResponseCodec.java:138)
at org.openqa.selenium.remote.codec.w3c.W3CHttpResponseCodec.decode(W3CHttpResponseCodec.java:50)
at org.openqa.selenium.remote.HttpCommandExecutor.execute(HttpCommandExecutor.java:215)
at org.openqa.selenium.remote.service.DriverCommandExecutor.invokeExecute(DriverCommandExecutor.java:216)
at org.openqa.selenium.remote.service.DriverCommandExecutor.execute(DriverCommandExecutor.java:174)
at org.openqa.selenium.remote.RemoteWebDriver.execute(RemoteWebDriver.java:545)
at org.openqa.selenium.remote.ElementLocation$ElementFinder$2.findElement(ElementLocation.java:165)
at org.openqa.selenium.remote.ElementLocation.findElement(ElementLocation.java:59)
at org.openqa.selenium.remote.RemoteWebDriver.findElement(RemoteWebDriver.java:368)
at org.openqa.selenium.remote.RemoteWebDriver.findElement(RemoteWebDriver.java:362)
at com.tripgain.collectionofpages.SkyTravelers_Hotels_confirmBookingPage.validateBillingInformationDisplayed(SkyTravelers_Hotels_confirmBookingPage.java:391)
at SkyTravellers_Hotels.TCHO_3_verifyHotelsSearchwithStarRating.myTest(TCHO_3_verifyHotelsSearchwithStarRating.java:243)
at java.base/jdk.internal.reflect.DirectMethodHandleAccessor.invoke(DirectMethodHandleAccessor.java:103)
at java.base/java.lang.reflect.Method.invoke(Method.java:580)
at org.testng.internal.invokers.MethodInvocationHelper.invokeMethod(MethodInvocationHelper.java:141)
at org.testng.internal.invokers.TestInvoker.invokeMethod(TestInvoker.java:687)
at org.testng.internal.invokers.TestInvoker.invokeTestMethod(TestInvoker.java:230)
at org.testng.internal.invokers.MethodRunner.runInSequence(MethodRunner.java:63)
at org.testng.internal.invokers.TestInvoker$MethodInvocationAgent.invoke(TestInvoker.java:995)
at org.testng.internal.invokers.TestInvoker.invokeTestMethods(TestInvoker.java:203)
at org.testng.internal.invokers.TestMethodWorker.invokeTestMethods(TestMethodWorker.java:154)
at org.testng.internal.invokers.TestMethodWorker.run(TestMethodWorker.java:134)
at java.base/java.util.ArrayList.forEach(ArrayList.java:1596)
at org.testng.TestRunner.privateRun(TestRunner.java:741)
at org.testng.TestRunner.run(TestRunner.java:616)
at org.testng.SuiteRunner.runTest(SuiteRunner.java:421)
at org.testng.SuiteRunner$SuiteWorker.run(SuiteRunner.java:463)
at org.testng.internal.thread.ThreadUtil.lambda$execute$0(ThreadUtil.java:64)
at java.base/java.util.concurrent.FutureTask.run(FutureTask.java:317)
at java.base/java.util.concurrent.ThreadPoolExecutor.runWorker(ThreadPoolExecutor.java:1144)
at java.base/java.util.concurrent.ThreadPoolExecutor$Worker.run(ThreadPoolExecutor.java:642)
at java.base/java.lang.Thread.run(Thread.java:1583)
]]>
            </full-stacktrace>
          </exception> <!-- org.openqa.selenium.NoSuchElementException -->
          <reporter-output>
          </reporter-output>
        </test-method> <!-- myTest -->
        <test-method is-config="true" signature="tearDown()[pri:0, instance:SkyTravellers_Hotels.TCHO_3_verifyHotelsSearchwithStarRating@55b0dcab]" started-at="2025-09-01T12:50:20 IST" name="tearDown" finished-at="2025-09-01T12:50:20 IST" duration-ms="743" status="PASS">
          <reporter-output>
          </reporter-output>
        </test-method> <!-- tearDown -->
        <test-method is-config="true" signature="launchApplication(java.lang.String)[pri:0, instance:SkyTravellers_Hotels.TCHO_3_verifyHotelsSearchwithStarRating@55b0dcab]" started-at="2025-09-01T12:50:20 IST" name="launchApplication" finished-at="2025-09-01T12:50:23 IST" duration-ms="2523" status="PASS">
          <params>
            <param index="0">
              <value>
                <![CDATA[chrome]]>
              </value>
            </param>
          </params>
          <reporter-output>
          </reporter-output>
        </test-method> <!-- launchApplication -->
        <test-method signature="myTest(java.util.Map)[pri:0, instance:SkyTravellers_Hotels.TCHO_3_verifyHotelsSearchwithStarRating@55b0dcab]" started-at="2025-09-01T12:50:23 IST" name="myTest" data-provider="sheetBasedData" finished-at="2025-09-01T12:51:38 IST" duration-ms="74608" status="FAIL">
          <params>
            <param index="0">
              <value>
                <![CDATA[{Origin=Turkey, UserName=tarun@tripgain.com, Email=abcd@tripgain.com, ChildAge=5, URL=https://uaev2.skytravellers.com/login, RoomCount=1, Payment=UPI, TestRun=, AdultCount=1, ChildCount=1, Phno=98076534222, StarCount=4, Password=WXOlqr3286}]]>
              </value>
            </param>
          </params>
          <exception class="org.openqa.selenium.NoSuchElementException">
            <message>
              <![CDATA[no such element: Unable to locate element: {"method":"xpath","selector":"//*[@class='booking-review-page__body__booking-details_hotel-name']"}
  (Session info: chrome=139.0.7258.155)
For documentation on this error, please visit: https://www.selenium.dev/documentation/webdriver/troubleshooting/errors#no-such-element-exception
Build info: version: '4.29.0', revision: '5fc1ec94cb'
System info: os.name: 'Windows 11', os.arch: 'amd64', os.version: '10.0', java.version: '21.0.7'
Driver info: org.openqa.selenium.chrome.ChromeDriver
Command: [fb60ba93ab47eaa352249dec6954f912, findElement {using=xpath, value=//*[@class='booking-review-page__body__booking-details_hotel-name']}]
Capabilities {acceptInsecureCerts: false, browserName: chrome, browserVersion: 139.0.7258.155, chrome: {chromedriverVersion: 139.0.7258.154 (9e0d6b2b47f..., userDataDir: C:\Users\LENOVO\AppData\Loc...}, fedcm:accounts: true, goog:chromeOptions: {debuggerAddress: localhost:61634}, networkConnectionEnabled: false, pageLoadStrategy: normal, platformName: windows, proxy: Proxy(), se:cdp: ws://localhost:61634/devtoo..., se:cdpVersion: 139.0.7258.155, setWindowRect: true, strictFileInteractability: false, timeouts: {implicit: 0, pageLoad: 300000, script: 30000}, unhandledPromptBehavior: dismiss and notify, webauthn:extension:credBlob: true, webauthn:extension:largeBlob: true, webauthn:extension:minPinLength: true, webauthn:extension:prf: true, webauthn:virtualAuthenticators: true}
Session ID: fb60ba93ab47eaa352249dec6954f912]]>
            </message>
            <full-stacktrace>
              <![CDATA[org.openqa.selenium.NoSuchElementException: no such element: Unable to locate element: {"method":"xpath","selector":"//*[@class='booking-review-page__body__booking-details_hotel-name']"}
  (Session info: chrome=139.0.7258.155)
For documentation on this error, please visit: https://www.selenium.dev/documentation/webdriver/troubleshooting/errors#no-such-element-exception
Build info: version: '4.29.0', revision: '5fc1ec94cb'
System info: os.name: 'Windows 11', os.arch: 'amd64', os.version: '10.0', java.version: '21.0.7'
Driver info: org.openqa.selenium.chrome.ChromeDriver
Command: [fb60ba93ab47eaa352249dec6954f912, findElement {using=xpath, value=//*[@class='booking-review-page__body__booking-details_hotel-name']}]
Capabilities {acceptInsecureCerts: false, browserName: chrome, browserVersion: 139.0.7258.155, chrome: {chromedriverVersion: 139.0.7258.154 (9e0d6b2b47f..., userDataDir: C:\Users\LENOVO\AppData\Loc...}, fedcm:accounts: true, goog:chromeOptions: {debuggerAddress: localhost:61634}, networkConnectionEnabled: false, pageLoadStrategy: normal, platformName: windows, proxy: Proxy(), se:cdp: ws://localhost:61634/devtoo..., se:cdpVersion: 139.0.7258.155, setWindowRect: true, strictFileInteractability: false, timeouts: {implicit: 0, pageLoad: 300000, script: 30000}, unhandledPromptBehavior: dismiss and notify, webauthn:extension:credBlob: true, webauthn:extension:largeBlob: true, webauthn:extension:minPinLength: true, webauthn:extension:prf: true, webauthn:virtualAuthenticators: true}
Session ID: fb60ba93ab47eaa352249dec6954f912
at java.base/jdk.internal.reflect.DirectConstructorHandleAccessor.newInstance(DirectConstructorHandleAccessor.java:62)
at java.base/java.lang.reflect.Constructor.newInstanceWithCaller(Constructor.java:502)
at java.base/java.lang.reflect.Constructor.newInstance(Constructor.java:486)
at org.openqa.selenium.remote.ErrorCodec.decode(ErrorCodec.java:167)
at org.openqa.selenium.remote.codec.w3c.W3CHttpResponseCodec.decode(W3CHttpResponseCodec.java:138)
at org.openqa.selenium.remote.codec.w3c.W3CHttpResponseCodec.decode(W3CHttpResponseCodec.java:50)
at org.openqa.selenium.remote.HttpCommandExecutor.execute(HttpCommandExecutor.java:215)
at org.openqa.selenium.remote.service.DriverCommandExecutor.invokeExecute(DriverCommandExecutor.java:216)
at org.openqa.selenium.remote.service.DriverCommandExecutor.execute(DriverCommandExecutor.java:174)
at org.openqa.selenium.remote.RemoteWebDriver.execute(RemoteWebDriver.java:545)
at org.openqa.selenium.remote.ElementLocation$ElementFinder$2.findElement(ElementLocation.java:165)
at org.openqa.selenium.remote.ElementLocation.findElement(ElementLocation.java:59)
at org.openqa.selenium.remote.RemoteWebDriver.findElement(RemoteWebDriver.java:368)
at org.openqa.selenium.remote.RemoteWebDriver.findElement(RemoteWebDriver.java:362)
at com.tripgain.collectionofpages.SkyTravelers_Hotels_BookingPage.getHotelNameFromBookingPage(SkyTravelers_Hotels_BookingPage.java:42)
at SkyTravellers_Hotels.TCHO_3_verifyHotelsSearchwithStarRating.myTest(TCHO_3_verifyHotelsSearchwithStarRating.java:178)
at java.base/jdk.internal.reflect.DirectMethodHandleAccessor.invoke(DirectMethodHandleAccessor.java:103)
at java.base/java.lang.reflect.Method.invoke(Method.java:580)
at org.testng.internal.invokers.MethodInvocationHelper.invokeMethod(MethodInvocationHelper.java:141)
at org.testng.internal.invokers.TestInvoker.invokeMethod(TestInvoker.java:687)
at org.testng.internal.invokers.TestInvoker.invokeTestMethod(TestInvoker.java:230)
at org.testng.internal.invokers.MethodRunner.runInSequence(MethodRunner.java:63)
at org.testng.internal.invokers.TestInvoker$MethodInvocationAgent.invoke(TestInvoker.java:995)
at org.testng.internal.invokers.TestInvoker.invokeTestMethods(TestInvoker.java:203)
at org.testng.internal.invokers.TestMethodWorker.invokeTestMethods(TestMethodWorker.java:154)
at org.testng.internal.invokers.TestMethodWorker.run(TestMethodWorker.java:134)
at java.base/java.util.ArrayList.forEach(ArrayList.java:1596)
at org.testng.TestRunner.privateRun(TestRunner.java:741)
at org.testng.TestRunner.run(TestRunner.java:616)
at org.testng.SuiteRunner.runTest(SuiteRunner.java:421)
at org.testng.SuiteRunner$SuiteWorker.run(SuiteRunner.java:463)
at org.testng.internal.thread.ThreadUtil.lambda$execute$0(ThreadUtil.java:64)
at java.base/java.util.concurrent.FutureTask.run(FutureTask.java:317)
at java.base/java.util.concurrent.ThreadPoolExecutor.runWorker(ThreadPoolExecutor.java:1144)
at java.base/java.util.concurrent.ThreadPoolExecutor$Worker.run(ThreadPoolExecutor.java:642)
at java.base/java.lang.Thread.run(Thread.java:1583)
]]>
            </full-stacktrace>
          </exception> <!-- org.openqa.selenium.NoSuchElementException -->
          <reporter-output>
          </reporter-output>
        </test-method> <!-- myTest -->
        <test-method is-config="true" signature="tearDown()[pri:0, instance:SkyTravellers_Hotels.TCHO_3_verifyHotelsSearchwithStarRating@55b0dcab]" started-at="2025-09-01T12:51:38 IST" name="tearDown" finished-at="2025-09-01T12:51:38 IST" duration-ms="751" status="PASS">
          <reporter-output>
          </reporter-output>
        </test-method> <!-- tearDown -->
        <test-method is-config="true" signature="launchApplication(java.lang.String)[pri:0, instance:SkyTravellers_Hotels.TCHO_3_verifyHotelsSearchwithStarRating@55b0dcab]" started-at="2025-09-01T12:51:38 IST" name="launchApplication" finished-at="2025-09-01T12:51:41 IST" duration-ms="2534" status="PASS">
          <params>
            <param index="0">
              <value>
                <![CDATA[chrome]]>
              </value>
            </param>
          </params>
          <reporter-output>
          </reporter-output>
        </test-method> <!-- launchApplication -->
        <test-method signature="myTest(java.util.Map)[pri:0, instance:SkyTravellers_Hotels.TCHO_3_verifyHotelsSearchwithStarRating@55b0dcab]" started-at="2025-09-01T12:51:41 IST" name="myTest" data-provider="sheetBasedData" finished-at="2025-09-01T12:52:59 IST" duration-ms="78615" status="FAIL">
          <params>
            <param index="0">
              <value>
                <![CDATA[{Origin=Germany park, UserName=tarun@tripgain.com, Email=abcd@tripgain.com, ChildAge=5, URL=https://uaev2.skytravellers.com/login, RoomCount=1, Payment= CreditCard, TestRun=, AdultCount=1, ChildCount=1, Phno=98076534223, StarCount=3, Password=WXOlqr3287}]]>
              </value>
            </param>
          </params>
          <exception class="org.openqa.selenium.NoSuchElementException">
            <message>
              <![CDATA[no such element: Unable to locate element: {"method":"xpath","selector":"//*[@class='booking-review-page__body__booking-details_hotel-name']"}
  (Session info: chrome=139.0.7258.155)
For documentation on this error, please visit: https://www.selenium.dev/documentation/webdriver/troubleshooting/errors#no-such-element-exception
Build info: version: '4.29.0', revision: '5fc1ec94cb'
System info: os.name: 'Windows 11', os.arch: 'amd64', os.version: '10.0', java.version: '21.0.7'
Driver info: org.openqa.selenium.chrome.ChromeDriver
Command: [a5e19670a2190ad04ae54aba7c21e914, findElement {using=xpath, value=//*[@class='booking-review-page__body__booking-details_hotel-name']}]
Capabilities {acceptInsecureCerts: false, browserName: chrome, browserVersion: 139.0.7258.155, chrome: {chromedriverVersion: 139.0.7258.154 (9e0d6b2b47f..., userDataDir: C:\Users\LENOVO\AppData\Loc...}, fedcm:accounts: true, goog:chromeOptions: {debuggerAddress: localhost:61695}, networkConnectionEnabled: false, pageLoadStrategy: normal, platformName: windows, proxy: Proxy(), se:cdp: ws://localhost:61695/devtoo..., se:cdpVersion: 139.0.7258.155, setWindowRect: true, strictFileInteractability: false, timeouts: {implicit: 0, pageLoad: 300000, script: 30000}, unhandledPromptBehavior: dismiss and notify, webauthn:extension:credBlob: true, webauthn:extension:largeBlob: true, webauthn:extension:minPinLength: true, webauthn:extension:prf: true, webauthn:virtualAuthenticators: true}
Session ID: a5e19670a2190ad04ae54aba7c21e914]]>
            </message>
            <full-stacktrace>
              <![CDATA[org.openqa.selenium.NoSuchElementException: no such element: Unable to locate element: {"method":"xpath","selector":"//*[@class='booking-review-page__body__booking-details_hotel-name']"}
  (Session info: chrome=139.0.7258.155)
For documentation on this error, please visit: https://www.selenium.dev/documentation/webdriver/troubleshooting/errors#no-such-element-exception
Build info: version: '4.29.0', revision: '5fc1ec94cb'
System info: os.name: 'Windows 11', os.arch: 'amd64', os.version: '10.0', java.version: '21.0.7'
Driver info: org.openqa.selenium.chrome.ChromeDriver
Command: [a5e19670a2190ad04ae54aba7c21e914, findElement {using=xpath, value=//*[@class='booking-review-page__body__booking-details_hotel-name']}]
Capabilities {acceptInsecureCerts: false, browserName: chrome, browserVersion: 139.0.7258.155, chrome: {chromedriverVersion: 139.0.7258.154 (9e0d6b2b47f..., userDataDir: C:\Users\LENOVO\AppData\Loc...}, fedcm:accounts: true, goog:chromeOptions: {debuggerAddress: localhost:61695}, networkConnectionEnabled: false, pageLoadStrategy: normal, platformName: windows, proxy: Proxy(), se:cdp: ws://localhost:61695/devtoo..., se:cdpVersion: 139.0.7258.155, setWindowRect: true, strictFileInteractability: false, timeouts: {implicit: 0, pageLoad: 300000, script: 30000}, unhandledPromptBehavior: dismiss and notify, webauthn:extension:credBlob: true, webauthn:extension:largeBlob: true, webauthn:extension:minPinLength: true, webauthn:extension:prf: true, webauthn:virtualAuthenticators: true}
Session ID: a5e19670a2190ad04ae54aba7c21e914
at java.base/jdk.internal.reflect.DirectConstructorHandleAccessor.newInstance(DirectConstructorHandleAccessor.java:62)
at java.base/java.lang.reflect.Constructor.newInstanceWithCaller(Constructor.java:502)
at java.base/java.lang.reflect.Constructor.newInstance(Constructor.java:486)
at org.openqa.selenium.remote.ErrorCodec.decode(ErrorCodec.java:167)
at org.openqa.selenium.remote.codec.w3c.W3CHttpResponseCodec.decode(W3CHttpResponseCodec.java:138)
at org.openqa.selenium.remote.codec.w3c.W3CHttpResponseCodec.decode(W3CHttpResponseCodec.java:50)
at org.openqa.selenium.remote.HttpCommandExecutor.execute(HttpCommandExecutor.java:215)
at org.openqa.selenium.remote.service.DriverCommandExecutor.invokeExecute(DriverCommandExecutor.java:216)
at org.openqa.selenium.remote.service.DriverCommandExecutor.execute(DriverCommandExecutor.java:174)
at org.openqa.selenium.remote.RemoteWebDriver.execute(RemoteWebDriver.java:545)
at org.openqa.selenium.remote.ElementLocation$ElementFinder$2.findElement(ElementLocation.java:165)
at org.openqa.selenium.remote.ElementLocation.findElement(ElementLocation.java:59)
at org.openqa.selenium.remote.RemoteWebDriver.findElement(RemoteWebDriver.java:368)
at org.openqa.selenium.remote.RemoteWebDriver.findElement(RemoteWebDriver.java:362)
at com.tripgain.collectionofpages.SkyTravelers_Hotels_BookingPage.getHotelNameFromBookingPage(SkyTravelers_Hotels_BookingPage.java:42)
at SkyTravellers_Hotels.TCHO_3_verifyHotelsSearchwithStarRating.myTest(TCHO_3_verifyHotelsSearchwithStarRating.java:178)
at java.base/jdk.internal.reflect.DirectMethodHandleAccessor.invoke(DirectMethodHandleAccessor.java:103)
at java.base/java.lang.reflect.Method.invoke(Method.java:580)
at org.testng.internal.invokers.MethodInvocationHelper.invokeMethod(MethodInvocationHelper.java:141)
at org.testng.internal.invokers.TestInvoker.invokeMethod(TestInvoker.java:687)
at org.testng.internal.invokers.TestInvoker.invokeTestMethod(TestInvoker.java:230)
at org.testng.internal.invokers.MethodRunner.runInSequence(MethodRunner.java:63)
at org.testng.internal.invokers.TestInvoker$MethodInvocationAgent.invoke(TestInvoker.java:995)
at org.testng.internal.invokers.TestInvoker.invokeTestMethods(TestInvoker.java:203)
at org.testng.internal.invokers.TestMethodWorker.invokeTestMethods(TestMethodWorker.java:154)
at org.testng.internal.invokers.TestMethodWorker.run(TestMethodWorker.java:134)
at java.base/java.util.ArrayList.forEach(ArrayList.java:1596)
at org.testng.TestRunner.privateRun(TestRunner.java:741)
at org.testng.TestRunner.run(TestRunner.java:616)
at org.testng.SuiteRunner.runTest(SuiteRunner.java:421)
at org.testng.SuiteRunner$SuiteWorker.run(SuiteRunner.java:463)
at org.testng.internal.thread.ThreadUtil.lambda$execute$0(ThreadUtil.java:64)
at java.base/java.util.concurrent.FutureTask.run(FutureTask.java:317)
at java.base/java.util.concurrent.ThreadPoolExecutor.runWorker(ThreadPoolExecutor.java:1144)
at java.base/java.util.concurrent.ThreadPoolExecutor$Worker.run(ThreadPoolExecutor.java:642)
at java.base/java.lang.Thread.run(Thread.java:1583)
]]>
            </full-stacktrace>
          </exception> <!-- org.openqa.selenium.NoSuchElementException -->
          <reporter-output>
          </reporter-output>
        </test-method> <!-- myTest -->
        <test-method is-config="true" signature="tearDown()[pri:0, instance:SkyTravellers_Hotels.TCHO_3_verifyHotelsSearchwithStarRating@55b0dcab]" started-at="2025-09-01T12:52:59 IST" name="tearDown" finished-at="2025-09-01T12:53:00 IST" duration-ms="635" status="PASS">
          <reporter-output>
          </reporter-output>
        </test-method> <!-- tearDown -->
        <test-method is-config="true" signature="launchApplication(java.lang.String)[pri:0, instance:SkyTravellers_Hotels.TCHO_3_verifyHotelsSearchwithStarRating@55b0dcab]" started-at="2025-09-01T12:53:00 IST" name="launchApplication" finished-at="2025-09-01T12:53:02 IST" duration-ms="2422" status="PASS">
          <params>
            <param index="0">
              <value>
                <![CDATA[chrome]]>
              </value>
            </param>
          </params>
          <reporter-output>
          </reporter-output>
        </test-method> <!-- launchApplication -->
        <test-method signature="myTest(java.util.Map)[pri:0, instance:SkyTravellers_Hotels.TCHO_3_verifyHotelsSearchwithStarRating@55b0dcab]" started-at="2025-09-01T12:53:02 IST" name="myTest" data-provider="sheetBasedData" finished-at="2025-09-01T12:53:58 IST" duration-ms="55114" status="FAIL">
          <params>
            <param index="0">
              <value>
                <![CDATA[{Origin=maharashtra, UserName=tarun@tripgain.com, Email=abcd@tripgain.com, ChildAge=5, URL=https://uaev2.skytravellers.com/login, RoomCount=1, Payment= DebitCard, TestRun=, AdultCount=1, ChildCount=1, Phno=98076534224, StarCount=1, Password=WXOlqr3288}]]>
              </value>
            </param>
          </params>
          <exception class="org.openqa.selenium.NoSuchElementException">
            <message>
              <![CDATA[no such element: Unable to locate element: {"method":"xpath","selector":".//span[@class='hotel-card__body__header_hotel-location']"}
  (Session info: chrome=139.0.7258.155)
For documentation on this error, please visit: https://www.selenium.dev/documentation/webdriver/troubleshooting/errors#no-such-element-exception
Build info: version: '4.29.0', revision: '5fc1ec94cb'
System info: os.name: 'Windows 11', os.arch: 'amd64', os.version: '10.0', java.version: '21.0.7'
Driver info: org.openqa.selenium.chrome.ChromeDriver
Command: [f8500b1bd5a346d462541429da60d5a6, findElement {using=xpath, value=.//span[@class='hotel-card__body__header_hotel-location']}]
Capabilities {acceptInsecureCerts: false, browserName: chrome, browserVersion: 139.0.7258.155, chrome: {chromedriverVersion: 139.0.7258.154 (9e0d6b2b47f..., userDataDir: C:\Users\LENOVO\AppData\Loc...}, fedcm:accounts: true, goog:chromeOptions: {debuggerAddress: localhost:59196}, networkConnectionEnabled: false, pageLoadStrategy: normal, platformName: windows, proxy: Proxy(), se:cdp: ws://localhost:59196/devtoo..., se:cdpVersion: 139.0.7258.155, setWindowRect: true, strictFileInteractability: false, timeouts: {implicit: 0, pageLoad: 300000, script: 30000}, unhandledPromptBehavior: dismiss and notify, webauthn:extension:credBlob: true, webauthn:extension:largeBlob: true, webauthn:extension:minPinLength: true, webauthn:extension:prf: true, webauthn:virtualAuthenticators: true}
Session ID: f8500b1bd5a346d462541429da60d5a6]]>
            </message>
            <full-stacktrace>
              <![CDATA[org.openqa.selenium.NoSuchElementException: no such element: Unable to locate element: {"method":"xpath","selector":".//span[@class='hotel-card__body__header_hotel-location']"}
  (Session info: chrome=139.0.7258.155)
For documentation on this error, please visit: https://www.selenium.dev/documentation/webdriver/troubleshooting/errors#no-such-element-exception
Build info: version: '4.29.0', revision: '5fc1ec94cb'
System info: os.name: 'Windows 11', os.arch: 'amd64', os.version: '10.0', java.version: '21.0.7'
Driver info: org.openqa.selenium.chrome.ChromeDriver
Command: [f8500b1bd5a346d462541429da60d5a6, findElement {using=xpath, value=.//span[@class='hotel-card__body__header_hotel-location']}]
Capabilities {acceptInsecureCerts: false, browserName: chrome, browserVersion: 139.0.7258.155, chrome: {chromedriverVersion: 139.0.7258.154 (9e0d6b2b47f..., userDataDir: C:\Users\LENOVO\AppData\Loc...}, fedcm:accounts: true, goog:chromeOptions: {debuggerAddress: localhost:59196}, networkConnectionEnabled: false, pageLoadStrategy: normal, platformName: windows, proxy: Proxy(), se:cdp: ws://localhost:59196/devtoo..., se:cdpVersion: 139.0.7258.155, setWindowRect: true, strictFileInteractability: false, timeouts: {implicit: 0, pageLoad: 300000, script: 30000}, unhandledPromptBehavior: dismiss and notify, webauthn:extension:credBlob: true, webauthn:extension:largeBlob: true, webauthn:extension:minPinLength: true, webauthn:extension:prf: true, webauthn:virtualAuthenticators: true}
Session ID: f8500b1bd5a346d462541429da60d5a6
at java.base/jdk.internal.reflect.DirectConstructorHandleAccessor.newInstance(DirectConstructorHandleAccessor.java:62)
at java.base/java.lang.reflect.Constructor.newInstanceWithCaller(Constructor.java:502)
at java.base/java.lang.reflect.Constructor.newInstance(Constructor.java:486)
at org.openqa.selenium.remote.ErrorCodec.decode(ErrorCodec.java:167)
at org.openqa.selenium.remote.codec.w3c.W3CHttpResponseCodec.decode(W3CHttpResponseCodec.java:138)
at org.openqa.selenium.remote.codec.w3c.W3CHttpResponseCodec.decode(W3CHttpResponseCodec.java:50)
at org.openqa.selenium.remote.HttpCommandExecutor.execute(HttpCommandExecutor.java:215)
at org.openqa.selenium.remote.service.DriverCommandExecutor.invokeExecute(DriverCommandExecutor.java:216)
at org.openqa.selenium.remote.service.DriverCommandExecutor.execute(DriverCommandExecutor.java:174)
at org.openqa.selenium.remote.RemoteWebDriver.execute(RemoteWebDriver.java:545)
at org.openqa.selenium.remote.ElementLocation$ElementFinder$2.findElement(ElementLocation.java:165)
at org.openqa.selenium.remote.ElementLocation.findElement(ElementLocation.java:59)
at org.openqa.selenium.remote.RemoteWebDriver.findElement(RemoteWebDriver.java:368)
at org.openqa.selenium.remote.RemoteWebDriver.findElement(RemoteWebDriver.java:362)
at com.tripgain.collectionofpages.SkyTravelers_Hotels_SearchPage.getHotelLocationFromCardFromResultsPage(SkyTravelers_Hotels_SearchPage.java:768)
at SkyTravellers_Hotels.TCHO_3_verifyHotelsSearchwithStarRating.myTest(TCHO_3_verifyHotelsSearchwithStarRating.java:123)
at java.base/jdk.internal.reflect.DirectMethodHandleAccessor.invoke(DirectMethodHandleAccessor.java:103)
at java.base/java.lang.reflect.Method.invoke(Method.java:580)
at org.testng.internal.invokers.MethodInvocationHelper.invokeMethod(MethodInvocationHelper.java:141)
at org.testng.internal.invokers.TestInvoker.invokeMethod(TestInvoker.java:687)
at org.testng.internal.invokers.TestInvoker.invokeTestMethod(TestInvoker.java:230)
at org.testng.internal.invokers.MethodRunner.runInSequence(MethodRunner.java:63)
at org.testng.internal.invokers.TestInvoker$MethodInvocationAgent.invoke(TestInvoker.java:995)
at org.testng.internal.invokers.TestInvoker.invokeTestMethods(TestInvoker.java:203)
at org.testng.internal.invokers.TestMethodWorker.invokeTestMethods(TestMethodWorker.java:154)
at org.testng.internal.invokers.TestMethodWorker.run(TestMethodWorker.java:134)
at java.base/java.util.ArrayList.forEach(ArrayList.java:1596)
at org.testng.TestRunner.privateRun(TestRunner.java:741)
at org.testng.TestRunner.run(TestRunner.java:616)
at org.testng.SuiteRunner.runTest(SuiteRunner.java:421)
at org.testng.SuiteRunner$SuiteWorker.run(SuiteRunner.java:463)
at org.testng.internal.thread.ThreadUtil.lambda$execute$0(ThreadUtil.java:64)
at java.base/java.util.concurrent.FutureTask.run(FutureTask.java:317)
at java.base/java.util.concurrent.ThreadPoolExecutor.runWorker(ThreadPoolExecutor.java:1144)
at java.base/java.util.concurrent.ThreadPoolExecutor$Worker.run(ThreadPoolExecutor.java:642)
at java.base/java.lang.Thread.run(Thread.java:1583)
]]>
            </full-stacktrace>
          </exception> <!-- org.openqa.selenium.NoSuchElementException -->
          <reporter-output>
          </reporter-output>
        </test-method> <!-- myTest -->
        <test-method is-config="true" signature="tearDown()[pri:0, instance:SkyTravellers_Hotels.TCHO_3_verifyHotelsSearchwithStarRating@55b0dcab]" started-at="2025-09-01T12:53:58 IST" name="tearDown" finished-at="2025-09-01T12:53:58 IST" duration-ms="594" status="PASS">
          <reporter-output>
          </reporter-output>
        </test-method> <!-- tearDown -->
        <test-method is-config="true" signature="launchApplication(java.lang.String)[pri:0, instance:SkyTravellers_Hotels.TCHO_3_verifyHotelsSearchwithStarRating@55b0dcab]" started-at="2025-09-01T12:53:58 IST" name="launchApplication" finished-at="2025-09-01T12:54:01 IST" duration-ms="2416" status="PASS">
          <params>
            <param index="0">
              <value>
                <![CDATA[chrome]]>
              </value>
            </param>
          </params>
          <reporter-output>
          </reporter-output>
        </test-method> <!-- launchApplication -->
        <test-method signature="myTest(java.util.Map)[pri:0, instance:SkyTravellers_Hotels.TCHO_3_verifyHotelsSearchwithStarRating@55b0dcab]" started-at="2025-09-01T12:54:01 IST" name="myTest" data-provider="sheetBasedData" finished-at="2025-09-01T12:55:33 IST" duration-ms="91945" status="PASS">
          <params>
            <param index="0">
              <value>
                <![CDATA[{Origin=goa, UserName=tarun@tripgain.com, Email=abcd@tripgain.com, ChildAge=5, URL=https://uaev2.skytravellers.com/login, RoomCount=1, Payment=Netbanking, TestRun=, AdultCount=1, ChildCount=1, Phno=98076534225, StarCount=2, Password=WXOlqr3289}]]>
              </value>
            </param>
          </params>
          <reporter-output>
          </reporter-output>
        </test-method> <!-- myTest -->
        <test-method is-config="true" signature="tearDown()[pri:0, instance:SkyTravellers_Hotels.TCHO_3_verifyHotelsSearchwithStarRating@55b0dcab]" started-at="2025-09-01T12:55:33 IST" name="tearDown" finished-at="2025-09-01T12:55:33 IST" duration-ms="62" status="PASS">
          <reporter-output>
          </reporter-output>
        </test-method> <!-- tearDown -->
        <test-method is-config="true" signature="launchApplication(java.lang.String)[pri:0, instance:SkyTravellers_Hotels.TCHO_3_verifyHotelsSearchwithStarRating@55b0dcab]" started-at="2025-09-01T12:55:33 IST" name="launchApplication" finished-at="2025-09-01T12:55:35 IST" duration-ms="2264" status="PASS">
          <params>
            <param index="0">
              <value>
                <![CDATA[chrome]]>
              </value>
            </param>
          </params>
          <reporter-output>
          </reporter-output>
        </test-method> <!-- launchApplication -->
        <test-method signature="myTest(java.util.Map)[pri:0, instance:SkyTravellers_Hotels.TCHO_3_verifyHotelsSearchwithStarRating@55b0dcab]" started-at="2025-09-01T12:55:35 IST" name="myTest" data-provider="sheetBasedData" finished-at="2025-09-01T12:57:06 IST" duration-ms="91404" status="PASS">
          <params>
            <param index="0">
              <value>
                <![CDATA[{Origin=kerala, UserName=tarun@tripgain.com, Email=abcd@tripgain.com, ChildAge=5, URL=https://uaev2.skytravellers.com/login, RoomCount=1, Payment=UPI, TestRun=, AdultCount=1, ChildCount=1, Phno=98076534226, StarCount=4, Password=WXOlqr3290}]]>
              </value>
            </param>
          </params>
          <reporter-output>
          </reporter-output>
        </test-method> <!-- myTest -->
        <test-method is-config="true" signature="tearDown()[pri:0, instance:SkyTravellers_Hotels.TCHO_3_verifyHotelsSearchwithStarRating@55b0dcab]" started-at="2025-09-01T12:57:06 IST" name="tearDown" finished-at="2025-09-01T12:57:06 IST" duration-ms="48" status="PASS">
          <reporter-output>
          </reporter-output>
        </test-method> <!-- tearDown -->
        <test-method is-config="true" signature="launchApplication(java.lang.String)[pri:0, instance:SkyTravellers_Hotels.TCHO_3_verifyHotelsSearchwithStarRating@55b0dcab]" started-at="2025-09-01T12:57:06 IST" name="launchApplication" finished-at="2025-09-01T12:57:09 IST" duration-ms="2342" status="PASS">
          <params>
            <param index="0">
              <value>
                <![CDATA[chrome]]>
              </value>
            </param>
          </params>
          <reporter-output>
          </reporter-output>
        </test-method> <!-- launchApplication -->
        <test-method signature="myTest(java.util.Map)[pri:0, instance:SkyTravellers_Hotels.TCHO_3_verifyHotelsSearchwithStarRating@55b0dcab]" started-at="2025-09-01T12:57:09 IST" name="myTest" data-provider="sheetBasedData" finished-at="2025-09-01T12:58:50 IST" duration-ms="100905" status="PASS">
          <params>
            <param index="0">
              <value>
                <![CDATA[{Origin=Tamil Nadu, UserName=tarun@tripgain.com, Email=abcd@tripgain.com, ChildAge=5, URL=https://uaev2.skytravellers.com/login, RoomCount=1, Payment= CreditCard, TestRun=, AdultCount=1, ChildCount=1, Phno=98076534227, StarCount=3, Password=WXOlqr3291}]]>
              </value>
            </param>
          </params>
          <reporter-output>
          </reporter-output>
        </test-method> <!-- myTest -->
        <test-method is-config="true" signature="tearDown()[pri:0, instance:SkyTravellers_Hotels.TCHO_3_verifyHotelsSearchwithStarRating@55b0dcab]" started-at="2025-09-01T12:58:50 IST" name="tearDown" finished-at="2025-09-01T12:58:50 IST" duration-ms="48" status="PASS">
          <reporter-output>
          </reporter-output>
        </test-method> <!-- tearDown -->
        <test-method is-config="true" signature="launchApplication(java.lang.String)[pri:0, instance:SkyTravellers_Hotels.TCHO_3_verifyHotelsSearchwithStarRating@55b0dcab]" started-at="2025-09-01T12:58:50 IST" name="launchApplication" finished-at="2025-09-01T12:58:52 IST" duration-ms="2382" status="PASS">
          <params>
            <param index="0">
              <value>
                <![CDATA[chrome]]>
              </value>
            </param>
          </params>
          <reporter-output>
          </reporter-output>
        </test-method> <!-- launchApplication -->
        <test-method signature="myTest(java.util.Map)[pri:0, instance:SkyTravellers_Hotels.TCHO_3_verifyHotelsSearchwithStarRating@55b0dcab]" started-at="2025-09-01T12:58:52 IST" name="myTest" data-provider="sheetBasedData" finished-at="2025-09-01T12:59:16 IST" duration-ms="23634" status="FAIL">
          <params>
            <param index="0">
              <value>
                <![CDATA[{Origin=Thiruvananthapuram, UserName=tarun@tripgain.com, Email=abcd@tripgain.com, ChildAge=4,5,6, URL=https://uaev2.skytravellers.com/login, RoomCount=3, Payment=UPI, TestRun=, AdultCount=2,3,4, ChildCount=1,1,1, Phno=98076534228, StarCount=2, Password=WXOlqr3292}]]>
              </value>
            </param>
          </params>
          <exception class="org.openqa.selenium.ElementClickInterceptedException">
            <message>
              <![CDATA[element click intercepted: Element is not clickable at point (861, 622)
  (Session info: chrome=139.0.7258.155)
Build info: version: '4.29.0', revision: '5fc1ec94cb'
System info: os.name: 'Windows 11', os.arch: 'amd64', os.version: '10.0', java.version: '21.0.7'
Driver info: org.openqa.selenium.chrome.ChromeDriver
Command: [73f7457effb5c3e6b04abaca97968e36, clickElement {id=f.6E416A34630B9E4D4DD6661C5A3D4EE8.d.597BE32BE3B3F97327856FB26A608DD5.e.258}]
Capabilities {acceptInsecureCerts: false, browserName: chrome, browserVersion: 139.0.7258.155, chrome: {chromedriverVersion: 139.0.7258.154 (9e0d6b2b47f..., userDataDir: C:\Users\LENOVO\AppData\Loc...}, fedcm:accounts: true, goog:chromeOptions: {debuggerAddress: localhost:50614}, networkConnectionEnabled: false, pageLoadStrategy: normal, platformName: windows, proxy: Proxy(), se:cdp: ws://localhost:50614/devtoo..., se:cdpVersion: 139.0.7258.155, setWindowRect: true, strictFileInteractability: false, timeouts: {implicit: 0, pageLoad: 300000, script: 30000}, unhandledPromptBehavior: dismiss and notify, webauthn:extension:credBlob: true, webauthn:extension:largeBlob: true, webauthn:extension:minPinLength: true, webauthn:extension:prf: true, webauthn:virtualAuthenticators: true}
Element: [[ChromeDriver: chrome on windows (73f7457effb5c3e6b04abaca97968e36)] -> xpath: //button[contains(text(), 'Done')]]
Session ID: 73f7457effb5c3e6b04abaca97968e36]]>
            </message>
            <full-stacktrace>
              <![CDATA[org.openqa.selenium.ElementClickInterceptedException: element click intercepted: Element is not clickable at point (861, 622)
  (Session info: chrome=139.0.7258.155)
Build info: version: '4.29.0', revision: '5fc1ec94cb'
System info: os.name: 'Windows 11', os.arch: 'amd64', os.version: '10.0', java.version: '21.0.7'
Driver info: org.openqa.selenium.chrome.ChromeDriver
Command: [73f7457effb5c3e6b04abaca97968e36, clickElement {id=f.6E416A34630B9E4D4DD6661C5A3D4EE8.d.597BE32BE3B3F97327856FB26A608DD5.e.258}]
Capabilities {acceptInsecureCerts: false, browserName: chrome, browserVersion: 139.0.7258.155, chrome: {chromedriverVersion: 139.0.7258.154 (9e0d6b2b47f..., userDataDir: C:\Users\LENOVO\AppData\Loc...}, fedcm:accounts: true, goog:chromeOptions: {debuggerAddress: localhost:50614}, networkConnectionEnabled: false, pageLoadStrategy: normal, platformName: windows, proxy: Proxy(), se:cdp: ws://localhost:50614/devtoo..., se:cdpVersion: 139.0.7258.155, setWindowRect: true, strictFileInteractability: false, timeouts: {implicit: 0, pageLoad: 300000, script: 30000}, unhandledPromptBehavior: dismiss and notify, webauthn:extension:credBlob: true, webauthn:extension:largeBlob: true, webauthn:extension:minPinLength: true, webauthn:extension:prf: true, webauthn:virtualAuthenticators: true}
Element: [[ChromeDriver: chrome on windows (73f7457effb5c3e6b04abaca97968e36)] -> xpath: //button[contains(text(), 'Done')]]
Session ID: 73f7457effb5c3e6b04abaca97968e36
at java.base/jdk.internal.reflect.DirectConstructorHandleAccessor.newInstance(DirectConstructorHandleAccessor.java:62)
at java.base/java.lang.reflect.Constructor.newInstanceWithCaller(Constructor.java:502)
at java.base/java.lang.reflect.Constructor.newInstance(Constructor.java:486)
at org.openqa.selenium.remote.ErrorCodec.decode(ErrorCodec.java:167)
at org.openqa.selenium.remote.codec.w3c.W3CHttpResponseCodec.decode(W3CHttpResponseCodec.java:138)
at org.openqa.selenium.remote.codec.w3c.W3CHttpResponseCodec.decode(W3CHttpResponseCodec.java:50)
at org.openqa.selenium.remote.HttpCommandExecutor.execute(HttpCommandExecutor.java:215)
at org.openqa.selenium.remote.service.DriverCommandExecutor.invokeExecute(DriverCommandExecutor.java:216)
at org.openqa.selenium.remote.service.DriverCommandExecutor.execute(DriverCommandExecutor.java:174)
at org.openqa.selenium.remote.RemoteWebDriver.execute(RemoteWebDriver.java:545)
at org.openqa.selenium.remote.RemoteWebElement.execute(RemoteWebElement.java:223)
at org.openqa.selenium.remote.RemoteWebElement.click(RemoteWebElement.java:76)
at com.tripgain.collectionofpages.SkyTravelers_Hotels_SearchPage.fillRoomDetails(SkyTravelers_Hotels_SearchPage.java:319)
at SkyTravellers_Hotels.TCHO_3_verifyHotelsSearchwithStarRating.myTest(TCHO_3_verifyHotelsSearchwithStarRating.java:106)
at java.base/jdk.internal.reflect.DirectMethodHandleAccessor.invoke(DirectMethodHandleAccessor.java:103)
at java.base/java.lang.reflect.Method.invoke(Method.java:580)
at org.testng.internal.invokers.MethodInvocationHelper.invokeMethod(MethodInvocationHelper.java:141)
at org.testng.internal.invokers.TestInvoker.invokeMethod(TestInvoker.java:687)
at org.testng.internal.invokers.TestInvoker.invokeTestMethod(TestInvoker.java:230)
at org.testng.internal.invokers.MethodRunner.runInSequence(MethodRunner.java:63)
at org.testng.internal.invokers.TestInvoker$MethodInvocationAgent.invoke(TestInvoker.java:995)
at org.testng.internal.invokers.TestInvoker.invokeTestMethods(TestInvoker.java:203)
at org.testng.internal.invokers.TestMethodWorker.invokeTestMethods(TestMethodWorker.java:154)
at org.testng.internal.invokers.TestMethodWorker.run(TestMethodWorker.java:134)
at java.base/java.util.ArrayList.forEach(ArrayList.java:1596)
at org.testng.TestRunner.privateRun(TestRunner.java:741)
at org.testng.TestRunner.run(TestRunner.java:616)
at org.testng.SuiteRunner.runTest(SuiteRunner.java:421)
at org.testng.SuiteRunner$SuiteWorker.run(SuiteRunner.java:463)
at org.testng.internal.thread.ThreadUtil.lambda$execute$0(ThreadUtil.java:64)
at java.base/java.util.concurrent.FutureTask.run(FutureTask.java:317)
at java.base/java.util.concurrent.ThreadPoolExecutor.runWorker(ThreadPoolExecutor.java:1144)
at java.base/java.util.concurrent.ThreadPoolExecutor$Worker.run(ThreadPoolExecutor.java:642)
at java.base/java.lang.Thread.run(Thread.java:1583)
]]>
            </full-stacktrace>
          </exception> <!-- org.openqa.selenium.ElementClickInterceptedException -->
          <reporter-output>
          </reporter-output>
        </test-method> <!-- myTest -->
        <test-method is-config="true" signature="tearDown()[pri:0, instance:SkyTravellers_Hotels.TCHO_3_verifyHotelsSearchwithStarRating@55b0dcab]" started-at="2025-09-01T12:59:16 IST" name="tearDown" finished-at="2025-09-01T12:59:16 IST" duration-ms="637" status="PASS">
          <reporter-output>
          </reporter-output>
        </test-method> <!-- tearDown -->
        <test-method is-config="true" signature="launchApplication(java.lang.String)[pri:0, instance:SkyTravellers_Hotels.TCHO_3_verifyHotelsSearchwithStarRating@55b0dcab]" started-at="2025-09-01T12:59:16 IST" name="launchApplication" finished-at="2025-09-01T12:59:19 IST" duration-ms="2387" status="PASS">
          <params>
            <param index="0">
              <value>
                <![CDATA[chrome]]>
              </value>
            </param>
          </params>
          <reporter-output>
          </reporter-output>
        </test-method> <!-- launchApplication -->
        <test-method signature="myTest(java.util.Map)[pri:0, instance:SkyTravellers_Hotels.TCHO_3_verifyHotelsSearchwithStarRating@55b0dcab]" started-at="2025-09-01T12:59:19 IST" name="myTest" data-provider="sheetBasedData" finished-at="2025-09-01T13:00:55 IST" duration-ms="96525" status="PASS">
          <params>
            <param index="0">
              <value>
                <![CDATA[{Origin=Panaji, UserName=tarun@tripgain.com, Email=abcd@tripgain.com, ChildAge=5, URL=https://uaev2.skytravellers.com/login, RoomCount=1, Payment=Netbanking, TestRun=, AdultCount=1, ChildCount=1, Phno=98076534229, StarCount=3, Password=WXOlqr3293}]]>
              </value>
            </param>
          </params>
          <reporter-output>
          </reporter-output>
        </test-method> <!-- myTest -->
        <test-method is-config="true" signature="tearDown()[pri:0, instance:SkyTravellers_Hotels.TCHO_3_verifyHotelsSearchwithStarRating@55b0dcab]" started-at="2025-09-01T13:00:55 IST" name="tearDown" finished-at="2025-09-01T13:00:55 IST" duration-ms="45" status="PASS">
          <reporter-output>
          </reporter-output>
        </test-method> <!-- tearDown -->
        <test-method is-config="true" signature="launchApplication(java.lang.String)[pri:0, instance:SkyTravellers_Hotels.TCHO_3_verifyHotelsSearchwithStarRating@55b0dcab]" started-at="2025-09-01T13:00:55 IST" name="launchApplication" finished-at="2025-09-01T13:00:58 IST" duration-ms="2715" status="PASS">
          <params>
            <param index="0">
              <value>
                <![CDATA[chrome]]>
              </value>
            </param>
          </params>
          <reporter-output>
          </reporter-output>
        </test-method> <!-- launchApplication -->
        <test-method signature="myTest(java.util.Map)[pri:0, instance:SkyTravellers_Hotels.TCHO_3_verifyHotelsSearchwithStarRating@55b0dcab]" started-at="2025-09-01T13:00:58 IST" name="myTest" data-provider="sheetBasedData" finished-at="2025-09-01T13:02:32 IST" duration-ms="94478" status="PASS">
          <params>
            <param index="0">
              <value>
                <![CDATA[{Origin=Agonda, UserName=tarun@tripgain.com, Email=abcd@tripgain.com, ChildAge=6, URL=https://uaev2.skytravellers.com/login, RoomCount=1, Payment= CreditCard, TestRun=, AdultCount=1, ChildCount=1, Phno=98076534230, StarCount=4, Password=WXOlqr3294}]]>
              </value>
            </param>
          </params>
          <reporter-output>
          </reporter-output>
        </test-method> <!-- myTest -->
        <test-method is-config="true" signature="tearDown()[pri:0, instance:SkyTravellers_Hotels.TCHO_3_verifyHotelsSearchwithStarRating@55b0dcab]" started-at="2025-09-01T13:02:32 IST" name="tearDown" finished-at="2025-09-01T13:02:33 IST" duration-ms="48" status="PASS">
          <reporter-output>
          </reporter-output>
        </test-method> <!-- tearDown -->
        <test-method is-config="true" signature="launchApplication(java.lang.String)[pri:0, instance:SkyTravellers_Hotels.TCHO_3_verifyHotelsSearchwithStarRating@55b0dcab]" started-at="2025-09-01T13:02:33 IST" name="launchApplication" finished-at="2025-09-01T13:02:35 IST" duration-ms="2474" status="PASS">
          <params>
            <param index="0">
              <value>
                <![CDATA[chrome]]>
              </value>
            </param>
          </params>
          <reporter-output>
          </reporter-output>
        </test-method> <!-- launchApplication -->
        <test-method signature="myTest(java.util.Map)[pri:0, instance:SkyTravellers_Hotels.TCHO_3_verifyHotelsSearchwithStarRating@55b0dcab]" started-at="2025-09-01T13:02:35 IST" name="myTest" data-provider="sheetBasedData" finished-at="2025-09-01T13:04:20 IST" duration-ms="105468" status="PASS">
          <params>
            <param index="0">
              <value>
                <![CDATA[{Origin=Berlin, UserName=tarun@tripgain.com, Email=abcd@tripgain.com, ChildAge=7, URL=https://uaev2.skytravellers.com/login, RoomCount=1, Payment= DebitCard, TestRun=, AdultCount=1, ChildCount=1, Phno=98076534231, StarCount=2, Password=WXOlqr3295}]]>
              </value>
            </param>
          </params>
          <reporter-output>
          </reporter-output>
        </test-method> <!-- myTest -->
        <test-method is-config="true" signature="tearDown()[pri:0, instance:SkyTravellers_Hotels.TCHO_3_verifyHotelsSearchwithStarRating@55b0dcab]" started-at="2025-09-01T13:04:20 IST" name="tearDown" finished-at="2025-09-01T13:04:20 IST" duration-ms="38" status="PASS">
          <reporter-output>
          </reporter-output>
        </test-method> <!-- tearDown -->
        <test-method is-config="true" signature="launchApplication(java.lang.String)[pri:0, instance:SkyTravellers_Hotels.TCHO_3_verifyHotelsSearchwithStarRating@55b0dcab]" started-at="2025-09-01T13:04:20 IST" name="launchApplication" finished-at="2025-09-01T13:04:23 IST" duration-ms="2305" status="PASS">
          <params>
            <param index="0">
              <value>
                <![CDATA[chrome]]>
              </value>
            </param>
          </params>
          <reporter-output>
          </reporter-output>
        </test-method> <!-- launchApplication -->
        <test-method signature="myTest(java.util.Map)[pri:0, instance:SkyTravellers_Hotels.TCHO_3_verifyHotelsSearchwithStarRating@55b0dcab]" started-at="2025-09-01T13:04:23 IST" name="myTest" data-provider="sheetBasedData" finished-at="2025-09-01T13:06:07 IST" duration-ms="103942" status="PASS">
          <params>
            <param index="0">
              <value>
                <![CDATA[{Origin=Dresden, UserName=tarun@tripgain.com, Email=abcd@tripgain.com, ChildAge=8, URL=https://uaev2.skytravellers.com/login, RoomCount=1, Payment=UPI, TestRun=, AdultCount=1, ChildCount=1, Phno=98076534232, StarCount=3, Password=WXOlqr3296}]]>
              </value>
            </param>
          </params>
          <reporter-output>
          </reporter-output>
        </test-method> <!-- myTest -->
        <test-method is-config="true" signature="tearDown()[pri:0, instance:SkyTravellers_Hotels.TCHO_3_verifyHotelsSearchwithStarRating@55b0dcab]" started-at="2025-09-01T13:06:07 IST" name="tearDown" finished-at="2025-09-01T13:06:07 IST" duration-ms="45" status="PASS">
          <reporter-output>
          </reporter-output>
        </test-method> <!-- tearDown -->
        <test-method is-config="true" signature="launchApplication(java.lang.String)[pri:0, instance:SkyTravellers_Hotels.TCHO_3_verifyHotelsSearchwithStarRating@55b0dcab]" started-at="2025-09-01T13:06:07 IST" name="launchApplication" finished-at="2025-09-01T13:06:09 IST" duration-ms="2242" status="PASS">
          <params>
            <param index="0">
              <value>
                <![CDATA[chrome]]>
              </value>
            </param>
          </params>
          <reporter-output>
          </reporter-output>
        </test-method> <!-- launchApplication -->
        <test-method signature="myTest(java.util.Map)[pri:0, instance:SkyTravellers_Hotels.TCHO_3_verifyHotelsSearchwithStarRating@55b0dcab]" started-at="2025-09-01T13:06:09 IST" name="myTest" data-provider="sheetBasedData" finished-at="2025-09-01T13:08:11 IST" duration-ms="122395" status="PASS">
          <params>
            <param index="0">
              <value>
                <![CDATA[{Origin=Kochi, UserName=tarun@tripgain.com, Email=abcd@tripgain.com, ChildAge=9, URL=https://uaev2.skytravellers.com/login, RoomCount=1, Payment=Netbanking, TestRun=, AdultCount=1, ChildCount=1, Phno=98076534233, StarCount=4, Password=WXOlqr3297}]]>
              </value>
            </param>
          </params>
          <reporter-output>
          </reporter-output>
        </test-method> <!-- myTest -->
        <test-method is-config="true" signature="tearDown()[pri:0, instance:SkyTravellers_Hotels.TCHO_3_verifyHotelsSearchwithStarRating@55b0dcab]" started-at="2025-09-01T13:08:11 IST" name="tearDown" finished-at="2025-09-01T13:08:11 IST" duration-ms="57" status="PASS">
          <reporter-output>
          </reporter-output>
        </test-method> <!-- tearDown -->
        <test-method is-config="true" signature="launchApplication(java.lang.String)[pri:0, instance:SkyTravellers_Hotels.TCHO_3_verifyHotelsSearchwithStarRating@55b0dcab]" started-at="2025-09-01T13:08:11 IST" name="launchApplication" finished-at="2025-09-01T13:08:14 IST" duration-ms="2349" status="PASS">
          <params>
            <param index="0">
              <value>
                <![CDATA[chrome]]>
              </value>
            </param>
          </params>
          <reporter-output>
          </reporter-output>
        </test-method> <!-- launchApplication -->
        <test-method signature="myTest(java.util.Map)[pri:0, instance:SkyTravellers_Hotels.TCHO_3_verifyHotelsSearchwithStarRating@55b0dcab]" started-at="2025-09-01T13:08:14 IST" name="myTest" data-provider="sheetBasedData" finished-at="2025-09-01T13:09:10 IST" duration-ms="55767" status="FAIL">
          <params>
            <param index="0">
              <value>
                <![CDATA[{Origin=Margao, UserName=tarun@tripgain.com, Email=abcd@tripgain.com, ChildAge=1, URL=https://uaev2.skytravellers.com/login, RoomCount=1, Payment= DebitCard, TestRun=, AdultCount=1, ChildCount=1, Phno=98076534234, StarCount=5, Password=WXOlqr3298}]]>
              </value>
            </param>
          </params>
          <exception class="org.openqa.selenium.NoSuchElementException">
            <message>
              <![CDATA[no such element: Unable to locate element: {"method":"xpath","selector":".//span[@class='hotel-card__body__header_hotel-location']"}
  (Session info: chrome=139.0.7258.155)
For documentation on this error, please visit: https://www.selenium.dev/documentation/webdriver/troubleshooting/errors#no-such-element-exception
Build info: version: '4.29.0', revision: '5fc1ec94cb'
System info: os.name: 'Windows 11', os.arch: 'amd64', os.version: '10.0', java.version: '21.0.7'
Driver info: org.openqa.selenium.chrome.ChromeDriver
Command: [c5287814413fc5256e3d062f8bf9b49c, findElement {using=xpath, value=.//span[@class='hotel-card__body__header_hotel-location']}]
Capabilities {acceptInsecureCerts: false, browserName: chrome, browserVersion: 139.0.7258.155, chrome: {chromedriverVersion: 139.0.7258.154 (9e0d6b2b47f..., userDataDir: C:\Users\LENOVO\AppData\Loc...}, fedcm:accounts: true, goog:chromeOptions: {debuggerAddress: localhost:49233}, networkConnectionEnabled: false, pageLoadStrategy: normal, platformName: windows, proxy: Proxy(), se:cdp: ws://localhost:49233/devtoo..., se:cdpVersion: 139.0.7258.155, setWindowRect: true, strictFileInteractability: false, timeouts: {implicit: 0, pageLoad: 300000, script: 30000}, unhandledPromptBehavior: dismiss and notify, webauthn:extension:credBlob: true, webauthn:extension:largeBlob: true, webauthn:extension:minPinLength: true, webauthn:extension:prf: true, webauthn:virtualAuthenticators: true}
Session ID: c5287814413fc5256e3d062f8bf9b49c]]>
            </message>
            <full-stacktrace>
              <![CDATA[org.openqa.selenium.NoSuchElementException: no such element: Unable to locate element: {"method":"xpath","selector":".//span[@class='hotel-card__body__header_hotel-location']"}
  (Session info: chrome=139.0.7258.155)
For documentation on this error, please visit: https://www.selenium.dev/documentation/webdriver/troubleshooting/errors#no-such-element-exception
Build info: version: '4.29.0', revision: '5fc1ec94cb'
System info: os.name: 'Windows 11', os.arch: 'amd64', os.version: '10.0', java.version: '21.0.7'
Driver info: org.openqa.selenium.chrome.ChromeDriver
Command: [c5287814413fc5256e3d062f8bf9b49c, findElement {using=xpath, value=.//span[@class='hotel-card__body__header_hotel-location']}]
Capabilities {acceptInsecureCerts: false, browserName: chrome, browserVersion: 139.0.7258.155, chrome: {chromedriverVersion: 139.0.7258.154 (9e0d6b2b47f..., userDataDir: C:\Users\LENOVO\AppData\Loc...}, fedcm:accounts: true, goog:chromeOptions: {debuggerAddress: localhost:49233}, networkConnectionEnabled: false, pageLoadStrategy: normal, platformName: windows, proxy: Proxy(), se:cdp: ws://localhost:49233/devtoo..., se:cdpVersion: 139.0.7258.155, setWindowRect: true, strictFileInteractability: false, timeouts: {implicit: 0, pageLoad: 300000, script: 30000}, unhandledPromptBehavior: dismiss and notify, webauthn:extension:credBlob: true, webauthn:extension:largeBlob: true, webauthn:extension:minPinLength: true, webauthn:extension:prf: true, webauthn:virtualAuthenticators: true}
Session ID: c5287814413fc5256e3d062f8bf9b49c
at java.base/jdk.internal.reflect.DirectConstructorHandleAccessor.newInstance(DirectConstructorHandleAccessor.java:62)
at java.base/java.lang.reflect.Constructor.newInstanceWithCaller(Constructor.java:502)
at java.base/java.lang.reflect.Constructor.newInstance(Constructor.java:486)
at org.openqa.selenium.remote.ErrorCodec.decode(ErrorCodec.java:167)
at org.openqa.selenium.remote.codec.w3c.W3CHttpResponseCodec.decode(W3CHttpResponseCodec.java:138)
at org.openqa.selenium.remote.codec.w3c.W3CHttpResponseCodec.decode(W3CHttpResponseCodec.java:50)
at org.openqa.selenium.remote.HttpCommandExecutor.execute(HttpCommandExecutor.java:215)
at org.openqa.selenium.remote.service.DriverCommandExecutor.invokeExecute(DriverCommandExecutor.java:216)
at org.openqa.selenium.remote.service.DriverCommandExecutor.execute(DriverCommandExecutor.java:174)
at org.openqa.selenium.remote.RemoteWebDriver.execute(RemoteWebDriver.java:545)
at org.openqa.selenium.remote.ElementLocation$ElementFinder$2.findElement(ElementLocation.java:165)
at org.openqa.selenium.remote.ElementLocation.findElement(ElementLocation.java:59)
at org.openqa.selenium.remote.RemoteWebDriver.findElement(RemoteWebDriver.java:368)
at org.openqa.selenium.remote.RemoteWebDriver.findElement(RemoteWebDriver.java:362)
at com.tripgain.collectionofpages.SkyTravelers_Hotels_SearchPage.getHotelLocationFromCardFromResultsPage(SkyTravelers_Hotels_SearchPage.java:768)
at SkyTravellers_Hotels.TCHO_3_verifyHotelsSearchwithStarRating.myTest(TCHO_3_verifyHotelsSearchwithStarRating.java:123)
at java.base/jdk.internal.reflect.DirectMethodHandleAccessor.invoke(DirectMethodHandleAccessor.java:103)
at java.base/java.lang.reflect.Method.invoke(Method.java:580)
at org.testng.internal.invokers.MethodInvocationHelper.invokeMethod(MethodInvocationHelper.java:141)
at org.testng.internal.invokers.TestInvoker.invokeMethod(TestInvoker.java:687)
at org.testng.internal.invokers.TestInvoker.invokeTestMethod(TestInvoker.java:230)
at org.testng.internal.invokers.MethodRunner.runInSequence(MethodRunner.java:63)
at org.testng.internal.invokers.TestInvoker$MethodInvocationAgent.invoke(TestInvoker.java:995)
[...]
]]>
            </full-stacktrace>
          </exception> <!-- org.openqa.selenium.NoSuchElementException -->
          <reporter-output>
          </reporter-output>
        </test-method> <!-- myTest -->
        <test-method is-config="true" signature="tearDown()[pri:0, instance:SkyTravellers_Hotels.TCHO_4_verifyHotelsSearchwithFacilities@38afe297]" started-at="2025-09-01T13:35:49 IST" name="tearDown" finished-at="2025-09-01T13:35:50 IST" duration-ms="721" status="PASS">
          <reporter-output>
          </reporter-output>
        </test-method> <!-- tearDown -->
        <test-method is-config="true" signature="launchApplication(java.lang.String)[pri:0, instance:SkyTravellers_Hotels.TCHO_4_verifyHotelsSearchwithFacilities@38afe297]" started-at="2025-09-01T13:35:50 IST" name="launchApplication" finished-at="2025-09-01T13:35:52 IST" duration-ms="2365" status="PASS">
          <params>
            <param index="0">
              <value>
                <![CDATA[chrome]]>
              </value>
            </param>
          </params>
          <reporter-output>
          </reporter-output>
        </test-method> <!-- launchApplication -->
        <test-method signature="myTest(java.util.Map)[pri:0, instance:SkyTravellers_Hotels.TCHO_4_verifyHotelsSearchwithFacilities@38afe297]" started-at="2025-09-01T13:35:52 IST" name="myTest" data-provider="sheetBasedData" finished-at="2025-09-01T13:37:35 IST" duration-ms="102339" status="PASS">
          <params>
            <param index="0">
              <value>
                <![CDATA[{Origin=Ponda, RoomCount=1, Payment=Netbanking, UserName=tarun@tripgain.com, Email=abcd@tripgain.com, TestRun=, AdultCount=1, ChildCount=1, childAge=8, Phno=98076534232, URL=https://uaev2.skytravellers.com/login, Password=WXOlqr3296}]]>
              </value>
            </param>
          </params>
          <reporter-output>
          </reporter-output>
        </test-method> <!-- myTest -->
        <test-method is-config="true" signature="tearDown()[pri:0, instance:SkyTravellers_Hotels.TCHO_4_verifyHotelsSearchwithFacilities@38afe297]" started-at="2025-09-01T13:37:35 IST" name="tearDown" finished-at="2025-09-01T13:37:35 IST" duration-ms="98" status="PASS">
          <reporter-output>
          </reporter-output>
        </test-method> <!-- tearDown -->
        <test-method is-config="true" signature="launchApplication(java.lang.String)[pri:0, instance:SkyTravellers_Hotels.TCHO_4_verifyHotelsSearchwithFacilities@38afe297]" started-at="2025-09-01T13:37:35 IST" name="launchApplication" finished-at="2025-09-01T13:37:37 IST" duration-ms="2261" status="PASS">
          <params>
            <param index="0">
              <value>
                <![CDATA[chrome]]>
              </value>
            </param>
          </params>
          <reporter-output>
          </reporter-output>
        </test-method> <!-- launchApplication -->
        <test-method signature="myTest(java.util.Map)[pri:0, instance:SkyTravellers_Hotels.TCHO_4_verifyHotelsSearchwithFacilities@38afe297]" started-at="2025-09-01T13:37:37 IST" name="myTest" data-provider="sheetBasedData" finished-at="2025-09-01T13:39:13 IST" duration-ms="96168" status="PASS">
          <params>
            <param index="0">
              <value>
                <![CDATA[{Origin=Arambol, RoomCount=1, Payment=UPI, UserName=tarun@tripgain.com, Email=abcd@tripgain.com, TestRun=, AdultCount=1, ChildCount=1, childAge=9, Phno=98076534233, URL=https://uaev2.skytravellers.com/login, Password=WXOlqr3297}]]>
              </value>
            </param>
          </params>
          <reporter-output>
          </reporter-output>
        </test-method> <!-- myTest -->
        <test-method is-config="true" signature="tearDown()[pri:0, instance:SkyTravellers_Hotels.TCHO_4_verifyHotelsSearchwithFacilities@38afe297]" started-at="2025-09-01T13:39:13 IST" name="tearDown" finished-at="2025-09-01T13:39:13 IST" duration-ms="36" status="PASS">
          <reporter-output>
          </reporter-output>
        </test-method> <!-- tearDown -->
        <test-method is-config="true" signature="launchApplication(java.lang.String)[pri:0, instance:SkyTravellers_Hotels.TCHO_4_verifyHotelsSearchwithFacilities@38afe297]" started-at="2025-09-01T13:39:13 IST" name="launchApplication" finished-at="2025-09-01T13:39:16 IST" duration-ms="3124" status="PASS">
          <params>
            <param index="0">
              <value>
                <![CDATA[chrome]]>
              </value>
            </param>
          </params>
          <reporter-output>
          </reporter-output>
        </test-method> <!-- launchApplication -->
        <test-method signature="myTest(java.util.Map)[pri:0, instance:SkyTravellers_Hotels.TCHO_4_verifyHotelsSearchwithFacilities@38afe297]" started-at="2025-09-01T13:39:16 IST" name="myTest" data-provider="sheetBasedData" finished-at="2025-09-01T13:40:59 IST" duration-ms="102499" status="PASS">
          <params>
            <param index="0">
              <value>
                <![CDATA[{Origin=Leipzig, RoomCount=1, Payment= CreditCard, UserName=tarun@tripgain.com, Email=abcd@tripgain.com, TestRun=, AdultCount=1, ChildCount=1, childAge=1, Phno=98076534234, URL=https://uaev2.skytravellers.com/login, Password=WXOlqr3298}]]>
              </value>
            </param>
          </params>
          <reporter-output>
          </reporter-output>
        </test-method> <!-- myTest -->
        <test-method is-config="true" signature="tearDown()[pri:0, instance:SkyTravellers_Hotels.TCHO_4_verifyHotelsSearchwithFacilities@38afe297]" started-at="2025-09-01T13:40:59 IST" name="tearDown" finished-at="2025-09-01T13:40:59 IST" duration-ms="30" status="PASS">
          <reporter-output>
          </reporter-output>
        </test-method> <!-- tearDown -->
        <test-method is-config="true" signature="launchApplication(java.lang.String)[pri:0, instance:SkyTravellers_Hotels.TCHO_4_verifyHotelsSearchwithFacilities@38afe297]" started-at="2025-09-01T13:40:59 IST" name="launchApplication" finished-at="2025-09-01T13:41:02 IST" duration-ms="2755" status="PASS">
          <params>
            <param index="0">
              <value>
                <![CDATA[chrome]]>
              </value>
            </param>
          </params>
          <reporter-output>
          </reporter-output>
        </test-method> <!-- launchApplication -->
        <test-method signature="myTest(java.util.Map)[pri:0, instance:SkyTravellers_Hotels.TCHO_4_verifyHotelsSearchwithFacilities@38afe297]" started-at="2025-09-01T13:41:02 IST" name="myTest" data-provider="sheetBasedData" finished-at="2025-09-01T13:42:11 IST" duration-ms="69573" status="FAIL">
          <params>
            <param index="0">
              <value>
                <![CDATA[{Origin=Bamberg, RoomCount=1, Payment= DebitCard, UserName=tarun@tripgain.com, Email=abcd@tripgain.com, TestRun=, AdultCount=1, ChildCount=1, childAge=2, Phno=98076534235, URL=https://uaev2.skytravellers.com/login, Password=WXOlqr3299}]]>
              </value>
            </param>
          </params>
          <exception class="org.openqa.selenium.NoSuchElementException">
            <message>
              <![CDATA[no such element: Unable to locate element: {"method":"xpath","selector":"//*[@class='booking-review-page__body__booking-details_hotel-name']"}
  (Session info: chrome=139.0.7258.155)
For documentation on this error, please visit: https://www.selenium.dev/documentation/webdriver/troubleshooting/errors#no-such-element-exception
Build info: version: '4.29.0', revision: '5fc1ec94cb'
System info: os.name: 'Windows 11', os.arch: 'amd64', os.version: '10.0', java.version: '21.0.7'
Driver info: org.openqa.selenium.chrome.ChromeDriver
Command: [70568ba311119281cc5e455c717eee55, findElement {using=xpath, value=//*[@class='booking-review-page__body__booking-details_hotel-name']}]
Capabilities {acceptInsecureCerts: false, browserName: chrome, browserVersion: 139.0.7258.155, chrome: {chromedriverVersion: 139.0.7258.154 (9e0d6b2b47f..., userDataDir: C:\Users\LENOVO\AppData\Loc...}, fedcm:accounts: true, goog:chromeOptions: {debuggerAddress: localhost:58320}, networkConnectionEnabled: false, pageLoadStrategy: normal, platformName: windows, proxy: Proxy(), se:cdp: ws://localhost:58320/devtoo..., se:cdpVersion: 139.0.7258.155, setWindowRect: true, strictFileInteractability: false, timeouts: {implicit: 0, pageLoad: 300000, script: 30000}, unhandledPromptBehavior: dismiss and notify, webauthn:extension:credBlob: true, webauthn:extension:largeBlob: true, webauthn:extension:minPinLength: true, webauthn:extension:prf: true, webauthn:virtualAuthenticators: true}
Session ID: 70568ba311119281cc5e455c717eee55]]>
            </message>
            <full-stacktrace>
              <![CDATA[org.openqa.selenium.NoSuchElementException: no such element: Unable to locate element: {"method":"xpath","selector":"//*[@class='booking-review-page__body__booking-details_hotel-name']"}
  (Session info: chrome=139.0.7258.155)
For documentation on this error, please visit: https://www.selenium.dev/documentation/webdriver/troubleshooting/errors#no-such-element-exception
Build info: version: '4.29.0', revision: '5fc1ec94cb'
System info: os.name: 'Windows 11', os.arch: 'amd64', os.version: '10.0', java.version: '21.0.7'
Driver info: org.openqa.selenium.chrome.ChromeDriver
Command: [70568ba311119281cc5e455c717eee55, findElement {using=xpath, value=//*[@class='booking-review-page__body__booking-details_hotel-name']}]
Capabilities {acceptInsecureCerts: false, browserName: chrome, browserVersion: 139.0.7258.155, chrome: {chromedriverVersion: 139.0.7258.154 (9e0d6b2b47f..., userDataDir: C:\Users\LENOVO\AppData\Loc...}, fedcm:accounts: true, goog:chromeOptions: {debuggerAddress: localhost:58320}, networkConnectionEnabled: false, pageLoadStrategy: normal, platformName: windows, proxy: Proxy(), se:cdp: ws://localhost:58320/devtoo..., se:cdpVersion: 139.0.7258.155, setWindowRect: true, strictFileInteractability: false, timeouts: {implicit: 0, pageLoad: 300000, script: 30000}, unhandledPromptBehavior: dismiss and notify, webauthn:extension:credBlob: true, webauthn:extension:largeBlob: true, webauthn:extension:minPinLength: true, webauthn:extension:prf: true, webauthn:virtualAuthenticators: true}
Session ID: 70568ba311119281cc5e455c717eee55
at java.base/jdk.internal.reflect.DirectConstructorHandleAccessor.newInstance(DirectConstructorHandleAccessor.java:62)
at java.base/java.lang.reflect.Constructor.newInstanceWithCaller(Constructor.java:502)
at java.base/java.lang.reflect.Constructor.newInstance(Constructor.java:486)
at org.openqa.selenium.remote.ErrorCodec.decode(ErrorCodec.java:167)
at org.openqa.selenium.remote.codec.w3c.W3CHttpResponseCodec.decode(W3CHttpResponseCodec.java:138)
at org.openqa.selenium.remote.codec.w3c.W3CHttpResponseCodec.decode(W3CHttpResponseCodec.java:50)
at org.openqa.selenium.remote.HttpCommandExecutor.execute(HttpCommandExecutor.java:215)
at org.openqa.selenium.remote.service.DriverCommandExecutor.invokeExecute(DriverCommandExecutor.java:216)
at org.openqa.selenium.remote.service.DriverCommandExecutor.execute(DriverCommandExecutor.java:174)
at org.openqa.selenium.remote.RemoteWebDriver.execute(RemoteWebDriver.java:545)
at org.openqa.selenium.remote.ElementLocation$ElementFinder$2.findElement(ElementLocation.java:165)
at org.openqa.selenium.remote.ElementLocation.findElement(ElementLocation.java:59)
at org.openqa.selenium.remote.RemoteWebDriver.findElement(RemoteWebDriver.java:368)
at org.openqa.selenium.remote.RemoteWebDriver.findElement(RemoteWebDriver.java:362)
at com.tripgain.collectionofpages.SkyTravelers_Hotels_BookingPage.getHotelNameFromBookingPage(SkyTravelers_Hotels_BookingPage.java:42)
at SkyTravellers_Hotels.TCHO_4_verifyHotelsSearchwithFacilities.myTest(TCHO_4_verifyHotelsSearchwithFacilities.java:178)
at java.base/jdk.internal.reflect.DirectMethodHandleAccessor.invoke(DirectMethodHandleAccessor.java:103)
at java.base/java.lang.reflect.Method.invoke(Method.java:580)
at org.testng.internal.invokers.MethodInvocationHelper.invokeMethod(MethodInvocationHelper.java:141)
at org.testng.internal.invokers.TestInvoker.invokeMethod(TestInvoker.java:687)
at org.testng.internal.invokers.TestInvoker.invokeTestMethod(TestInvoker.java:230)
at org.testng.internal.invokers.MethodRunner.runInSequence(MethodRunner.java:63)
at org.testng.internal.invokers.TestInvoker$MethodInvocationAgent.invoke(TestInvoker.java:995)
at org.testng.internal.invokers.TestInvoker.invokeTestMethods(TestInvoker.java:203)
at org.testng.internal.invokers.TestMethodWorker.invokeTestMethods(TestMethodWorker.java:154)
at org.testng.internal.invokers.TestMethodWorker.run(TestMethodWorker.java:134)
at java.base/java.util.ArrayList.forEach(ArrayList.java:1596)
at org.testng.TestRunner.privateRun(TestRunner.java:741)
at org.testng.TestRunner.run(TestRunner.java:616)
at org.testng.SuiteRunner.runTest(SuiteRunner.java:421)
at org.testng.SuiteRunner$SuiteWorker.run(SuiteRunner.java:463)
at org.testng.internal.thread.ThreadUtil.lambda$execute$0(ThreadUtil.java:64)
at java.base/java.util.concurrent.FutureTask.run(FutureTask.java:317)
at java.base/java.util.concurrent.ThreadPoolExecutor.runWorker(ThreadPoolExecutor.java:1144)
at java.base/java.util.concurrent.ThreadPoolExecutor$Worker.run(ThreadPoolExecutor.java:642)
at java.base/java.lang.Thread.run(Thread.java:1583)
]]>
            </full-stacktrace>
          </exception> <!-- org.openqa.selenium.NoSuchElementException -->
          <reporter-output>
          </reporter-output>
        </test-method> <!-- myTest -->
        <test-method is-config="true" signature="tearDown()[pri:0, instance:SkyTravellers_Hotels.TCHO_4_verifyHotelsSearchwithFacilities@38afe297]" started-at="2025-09-01T13:42:11 IST" name="tearDown" finished-at="2025-09-01T13:42:12 IST" duration-ms="520" status="PASS">
          <reporter-output>
          </reporter-output>
        </test-method> <!-- tearDown -->
        <test-method is-config="true" signature="launchApplication(java.lang.String)[pri:0, instance:SkyTravellers_Hotels.TCHO_4_verifyHotelsSearchwithFacilities@38afe297]" started-at="2025-09-01T13:42:12 IST" name="launchApplication" finished-at="2025-09-01T13:42:14 IST" duration-ms="2474" status="PASS">
          <params>
            <param index="0">
              <value>
                <![CDATA[chrome]]>
              </value>
            </param>
          </params>
          <reporter-output>
          </reporter-output>
        </test-method> <!-- launchApplication -->
        <test-method signature="myTest(java.util.Map)[pri:0, instance:SkyTravellers_Hotels.TCHO_4_verifyHotelsSearchwithFacilities@38afe297]" started-at="2025-09-01T13:42:14 IST" name="myTest" data-provider="sheetBasedData" finished-at="2025-09-01T13:42:34 IST" duration-ms="19504" status="FAIL">
          <params>
            <param index="0">
              <value>
                <![CDATA[{Origin=Stuttgart, RoomCount=1, Payment=Netbanking, UserName=tarun@tripgain.com, Email=abcd@tripgain.com, TestRun=, AdultCount=1, ChildCount=1, childAge=3, Phno=98076534236, URL=https://uaev2.skytravellers.com/login, Password=WXOlqr3300}]]>
              </value>
            </param>
          </params>
          <exception class="java.lang.NumberFormatException">
            <message>
              <![CDATA[For input string: ""]]>
            </message>
            <full-stacktrace>
              <![CDATA[java.lang.NumberFormatException: For input string: ""
at java.base/java.lang.NumberFormatException.forInputString(NumberFormatException.java:67)
at java.base/java.lang.Integer.parseInt(Integer.java:672)
at java.base/java.lang.Integer.parseInt(Integer.java:778)
at com.tripgain.collectionofpages.SkyTravelers_Hotels_SearchPage.fillRoomDetails(SkyTravelers_Hotels_SearchPage.java:272)
at SkyTravellers_Hotels.TCHO_4_verifyHotelsSearchwithFacilities.myTest(TCHO_4_verifyHotelsSearchwithFacilities.java:106)
at java.base/jdk.internal.reflect.DirectMethodHandleAccessor.invoke(DirectMethodHandleAccessor.java:103)
at java.base/java.lang.reflect.Method.invoke(Method.java:580)
at org.testng.internal.invokers.MethodInvocationHelper.invokeMethod(MethodInvocationHelper.java:141)
at org.testng.internal.invokers.TestInvoker.invokeMethod(TestInvoker.java:687)
at org.testng.internal.invokers.TestInvoker.invokeTestMethod(TestInvoker.java:230)
at org.testng.internal.invokers.MethodRunner.runInSequence(MethodRunner.java:63)
at org.testng.internal.invokers.TestInvoker$MethodInvocationAgent.invoke(TestInvoker.java:995)
at org.testng.internal.invokers.TestInvoker.invokeTestMethods(TestInvoker.java:203)
at org.testng.internal.invokers.TestMethodWorker.invokeTestMethods(TestMethodWorker.java:154)
at org.testng.internal.invokers.TestMethodWorker.run(TestMethodWorker.java:134)
at java.base/java.util.ArrayList.forEach(ArrayList.java:1596)
at org.testng.TestRunner.privateRun(TestRunner.java:741)
at org.testng.TestRunner.run(TestRunner.java:616)
at org.testng.SuiteRunner.runTest(SuiteRunner.java:421)
at org.testng.SuiteRunner$SuiteWorker.run(SuiteRunner.java:463)
at org.testng.internal.thread.ThreadUtil.lambda$execute$0(ThreadUtil.java:64)
at java.base/java.util.concurrent.FutureTask.run(FutureTask.java:317)
at java.base/java.util.concurrent.ThreadPoolExecutor.runWorker(ThreadPoolExecutor.java:1144)
at java.base/java.util.concurrent.ThreadPoolExecutor$Worker.run(ThreadPoolExecutor.java:642)
at java.base/java.lang.Thread.run(Thread.java:1583)
]]>
            </full-stacktrace>
          </exception> <!-- java.lang.NumberFormatException -->
          <reporter-output>
          </reporter-output>
        </test-method> <!-- myTest -->
        <test-method is-config="true" signature="tearDown()[pri:0, instance:SkyTravellers_Hotels.TCHO_4_verifyHotelsSearchwithFacilities@38afe297]" started-at="2025-09-01T13:42:34 IST" name="tearDown" finished-at="2025-09-01T13:42:34 IST" duration-ms="407" status="PASS">
          <reporter-output>
          </reporter-output>
        </test-method> <!-- tearDown -->
        <test-method is-config="true" signature="launchApplication(java.lang.String)[pri:0, instance:SkyTravellers_Hotels.TCHO_4_verifyHotelsSearchwithFacilities@38afe297]" started-at="2025-09-01T13:42:34 IST" name="launchApplication" finished-at="2025-09-01T13:42:36 IST" duration-ms="2261" status="PASS">
          <params>
            <param index="0">
              <value>
                <![CDATA[chrome]]>
              </value>
            </param>
          </params>
          <reporter-output>
          </reporter-output>
        </test-method> <!-- launchApplication -->
        <test-method signature="myTest(java.util.Map)[pri:0, instance:SkyTravellers_Hotels.TCHO_4_verifyHotelsSearchwithFacilities@38afe297]" started-at="2025-09-01T13:42:36 IST" name="myTest" data-provider="sheetBasedData" finished-at="2025-09-01T13:44:16 IST" duration-ms="99498" status="PASS">
          <params>
            <param index="0">
              <value>
                <![CDATA[{Origin=Neuschwanstein Castle, RoomCount=1, Payment=UPI, UserName=tarun@tripgain.com, Email=abcd@tripgain.com, TestRun=, AdultCount=1, ChildCount=1, childAge=4, Phno=98076534237, URL=https://uaev2.skytravellers.com/login, Password=WXOlqr3301}]]>
              </value>
            </param>
          </params>
          <reporter-output>
          </reporter-output>
        </test-method> <!-- myTest -->
        <test-method is-config="true" signature="tearDown()[pri:0, instance:SkyTravellers_Hotels.TCHO_4_verifyHotelsSearchwithFacilities@38afe297]" started-at="2025-09-01T13:44:16 IST" name="tearDown" finished-at="2025-09-01T13:44:16 IST" duration-ms="60" status="PASS">
          <reporter-output>
          </reporter-output>
        </test-method> <!-- tearDown -->
      </class> <!-- SkyTravellers_Hotels.TCHO_4_verifyHotelsSearchwithFacilities -->
    </test> <!-- test -->
  </suite> <!-- Suite -->
</testng-results>
