<?xml version="1.0" encoding="UTF-8"?>
<testng-results ignored="0" total="1" passed="0" failed="1" skipped="0">
  <reporter-output>
  </reporter-output>
  <suite started-at="2025-11-04T18:06:53 IST" name="Suite" finished-at="2025-11-04T18:11:43 IST" duration-ms="290191">
    <groups>
    </groups>
    <test started-at="2025-11-04T18:06:53 IST" name="test1" finished-at="2025-11-04T18:06:53 IST" duration-ms="7">
      <class name="Implementation.Imp_1_Xpheno_TravelPolicyTesting01">
        <test-method is-config="true" signature="afterSuite()[pri:0, instance:Implementation.Imp_1_Xpheno_TravelPolicyTesting01@41a2befb]" started-at="2025-11-04T18:11:43 IST" name="afterSuite" finished-at="2025-11-04T18:11:43 IST" duration-ms="0" status="FAIL">
          <exception class="java.lang.Error">
            <message>
              <![CDATA[Unresolved compilation problems: 
The method getReportFilePath() is undefined for the type ExtantManager
EmailUtils cannot be resolved
]]>
            </message>
            <full-stacktrace>
              <![CDATA[java.lang.Error: Unresolved compilation problems: 
The method getReportFilePath() is undefined for the type ExtantManager
EmailUtils cannot be resolved

at com.tripgain.testscripts.BaseClass.afterSuite(BaseClass.java:48)
at java.base/jdk.internal.reflect.DirectMethodHandleAccessor.invoke(DirectMethodHandleAccessor.java:103)
at java.base/java.lang.reflect.Method.invoke(Method.java:580)
at org.testng.internal.invokers.MethodInvocationHelper.invokeMethod(MethodInvocationHelper.java:141)
at org.testng.internal.invokers.MethodInvocationHelper.invokeMethodConsideringTimeout(MethodInvocationHelper.java:71)
at org.testng.internal.invokers.ConfigInvoker.invokeConfigurationMethod(ConfigInvoker.java:400)
at org.testng.internal.invokers.ConfigInvoker.invokeConfigurations(ConfigInvoker.java:333)
at org.testng.SuiteRunner.privateRun(SuiteRunner.java:386)
at org.testng.SuiteRunner.run(SuiteRunner.java:312)
at org.testng.SuiteRunnerWorker.runSuite(SuiteRunnerWorker.java:52)
at org.testng.SuiteRunnerWorker.run(SuiteRunnerWorker.java:95)
at org.testng.TestNG.runSuitesSequentially(TestNG.java:1274)
at org.testng.TestNG.runSuitesLocally(TestNG.java:1208)
at org.testng.TestNG.runSuites(TestNG.java:1112)
at org.testng.TestNG.run(TestNG.java:1079)
at org.testng.remote.AbstractRemoteTestNG.run(AbstractRemoteTestNG.java:115)
at org.testng.remote.RemoteTestNG.initAndRun(RemoteTestNG.java:293)
at org.testng.remote.RemoteTestNG.main(RemoteTestNG.java:91)
]]>
            </full-stacktrace>
          </exception> <!-- java.lang.Error -->
          <reporter-output>
          </reporter-output>
        </test-method> <!-- afterSuite -->
      </class> <!-- Implementation.Imp_1_Xpheno_TravelPolicyTesting01 -->
    </test> <!-- test1 -->
    <test started-at="2025-11-04T18:06:53 IST" name="test" finished-at="2025-11-04T18:11:43 IST" duration-ms="290191">
      <class name="Implementation.Imp_1_Xpheno_TravelPolicyTesting01">
        <test-method is-config="true" signature="launchApplication(java.lang.String,java.lang.reflect.Method,[Ljava.lang.Object;)[pri:0, instance:Implementation.Imp_1_Xpheno_TravelPolicyTesting01@41a2befb]" started-at="2025-11-04T18:06:54 IST" name="launchApplication" finished-at="2025-11-04T18:06:57 IST" duration-ms="3330" status="PASS">
          <params>
            <param index="0">
              <value>
                <![CDATA[chrome]]>
              </value>
            </param>
            <param index="1">
              <value>
                <![CDATA[public void Implementation.Imp_1_Xpheno_TravelPolicyTesting01.myTest(java.util.Map) throws java.lang.InterruptedException,java.io.IOException,java.text.ParseException,java.util.concurrent.TimeoutException]]>
              </value>
            </param>
            <param index="2">
              <value>
                <![CDATA[[Ljava.lang.Object;@c333c60]]>
              </value>
            </param>
          </params>
          <reporter-output>
          </reporter-output>
        </test-method> <!-- launchApplication -->
        <test-method signature="myTest(java.util.Map)[pri:0, instance:Implementation.Imp_1_Xpheno_TravelPolicyTesting01@41a2befb]" started-at="2025-11-04T18:06:57 IST" name="myTest" data-provider="sheetBasedData" finished-at="2025-11-04T18:11:41 IST" duration-ms="284339" status="FAIL">
          <params>
            <param index="0">
              <value>
                <![CDATA[{Origin=delhi, Status=Approve, Destination=hyderabad, UserName=admin@xpheno.com, BusDestination=hyderabad, HeadGrade=Head - Head, Status2=Reject, BusOrigin=delhi, TravellerSearchValue2=testfinance98@tripgain.com, Grade=BU - BU, Gender=Male, HotelIndex=1, TravellerSearchValue=testapprover@xpheno.com, SearchBy=Email, URL=https://neo.tripgain.com/login, BusIndex=1, HotelOrigin=hyderabad, TripName=TravelGrade_1, Remarks=test, TestRun=, SearchValue=testtraveller@xpheno.com, GradePrice=5500, Password=XPHENO&*%%6121}]]>
              </value>
            </param>
          </params>
          <exception class="java.lang.AssertionError">
            <message>
              <![CDATA[Remarks mismatch between approver and second approver Trips Page.]]>
            </message>
            <full-stacktrace>
              <![CDATA[java.lang.AssertionError: Remarks mismatch between approver and second approver Trips Page.
at org.testng.Assert.fail(Assert.java:111)
at com.tripgain.collectionofpages.NewDesign_Trips.validateRemarksFromFirstApproverToSecondApprover(NewDesign_Trips.java:1687)
at Implementation.Imp_1_Xpheno_TravelPolicyTesting01.myTest(Imp_1_Xpheno_TravelPolicyTesting01.java:699)
at java.base/jdk.internal.reflect.DirectMethodHandleAccessor.invoke(DirectMethodHandleAccessor.java:103)
at java.base/java.lang.reflect.Method.invoke(Method.java:580)
at org.testng.internal.invokers.MethodInvocationHelper.invokeMethod(MethodInvocationHelper.java:141)
at org.testng.internal.invokers.TestInvoker.invokeMethod(TestInvoker.java:687)
at org.testng.internal.invokers.TestInvoker.invokeTestMethod(TestInvoker.java:230)
at org.testng.internal.invokers.MethodRunner.runInSequence(MethodRunner.java:63)
at org.testng.internal.invokers.TestInvoker$MethodInvocationAgent.invoke(TestInvoker.java:995)
at org.testng.internal.invokers.TestInvoker.invokeTestMethods(TestInvoker.java:203)
at org.testng.internal.invokers.TestMethodWorker.invokeTestMethods(TestMethodWorker.java:154)
at org.testng.internal.invokers.TestMethodWorker.run(TestMethodWorker.java:134)
at java.base/java.util.ArrayList.forEach(ArrayList.java:1596)
at org.testng.TestRunner.privateRun(TestRunner.java:741)
at org.testng.TestRunner.run(TestRunner.java:616)
at org.testng.SuiteRunner.runTest(SuiteRunner.java:421)
at org.testng.SuiteRunner$SuiteWorker.run(SuiteRunner.java:463)
at org.testng.internal.thread.ThreadUtil.lambda$execute$0(ThreadUtil.java:64)
at java.base/java.util.concurrent.FutureTask.run(FutureTask.java:317)
at java.base/java.util.concurrent.ThreadPoolExecutor.runWorker(ThreadPoolExecutor.java:1144)
at java.base/java.util.concurrent.ThreadPoolExecutor$Worker.run(ThreadPoolExecutor.java:642)
at java.base/java.lang.Thread.run(Thread.java:1583)
]]>
            </full-stacktrace>
          </exception> <!-- java.lang.AssertionError -->
          <reporter-output>
          </reporter-output>
        </test-method> <!-- myTest -->
        <test-method is-config="true" signature="tearDown()[pri:0, instance:Implementation.Imp_1_Xpheno_TravelPolicyTesting01@41a2befb]" started-at="2025-11-04T18:11:41 IST" name="tearDown" finished-at="2025-11-04T18:11:43 IST" duration-ms="1740" status="PASS">
          <reporter-output>
          </reporter-output>
        </test-method> <!-- tearDown -->
      </class> <!-- Implementation.Imp_1_Xpheno_TravelPolicyTesting01 -->
    </test> <!-- test -->
  </suite> <!-- Suite -->
</testng-results>
