<?xml version="1.0" encoding="UTF-8"?>
<!-- Generated by org.testng.reporters.JUnitReportReporter -->
<testsuite hostname="DESKTOP-SEE9OFQ" failures="0" tests="2" name="NewDesign_Buses.TCNDBUNEW_2" time="62.189" errors="1" timestamp="2026-01-04T11:10:44 IST" skipped="0">
  <testcase classname="NewDesign_Buses.TCNDBUNEW_2" name="afterSuite" time="3.554">
    <error type="java.lang.StackOverflowError">
      <![CDATA[java.lang.StackOverflowError
at com.tripgain.common.ExtantManager.getReportFilePath(ExtantManager.java:81)
at com.tripgain.common.ExtantManager.getReportFilePath(ExtantManager.java:81)
at com.tripgain.common.ExtantManager.getReportFilePath(ExtantManager.java:81)
at com.tripgain.common.ExtantManager.getReportFilePath(ExtantManager.java:81)
at com.tripgain.common.ExtantManager.getReportFilePath(ExtantManager.java:81)
at com.tripgain.common.ExtantManager.getReportFilePath(ExtantManager.java:81)
at com.tripgain.common.ExtantManager.getReportFilePath(ExtantManager.java:81)
at com.tripgain.common.ExtantManager.getReportFilePath(ExtantManager.java:81)
at com.tripgain.common.ExtantManager.getReportFilePath(ExtantManager.java:81)
at com.tripgain.common.ExtantManager.getReportFilePath(ExtantManager.java:81)
at com.tripgain.common.ExtantManager.getReportFilePath(ExtantManager.java:81)
at com.tripgain.common.ExtantManager.getReportFilePath(ExtantManager.java:81)
at com.tripgain.common.ExtantManager.getReportFilePath(ExtantManager.java:81)
at com.tripgain.common.ExtantManager.getReportFilePath(ExtantManager.java:81)
at com.tripgain.common.ExtantManager.getReportFilePath(ExtantManager.java:81)
at com.tripgain.common.ExtantManager.getReportFilePath(ExtantManager.java:81)
at com.tripgain.common.ExtantManager.getReportFilePath(ExtantManager.java:81)
at com.tripgain.common.ExtantManager.getReportFilePath(ExtantManager.java:81)
at com.tripgain.common.ExtantManager.getReportFilePath(ExtantManager.java:81)
at com.tripgain.common.ExtantManager.getReportFilePath(ExtantManager.java:81)
at com.tripgain.common.ExtantManager.getReportFilePath(ExtantManager.java:81)
at com.tripgain.common.ExtantManager.getReportFilePath(ExtantManager.java:81)
at com.tripgain.common.ExtantManager.getReportFilePath(ExtantManager.java:81)
at com.tripgain.common.ExtantManager.getReportFilePath(ExtantManager.java:81)
at com.tripgain.common.ExtantManager.getReportFilePath(ExtantManager.java:81)
at com.tripgain.common.ExtantManager.getReportFilePath(ExtantManager.java:81)
at com.tripgain.common.ExtantManager.getReportFilePath(ExtantManager.java:81)
at com.tripgain.common.ExtantManager.getReportFilePath(ExtantManager.java:81)
at com.tripgain.common.ExtantManager.getReportFilePath(ExtantManager.java:81)
at com.tripgain.common.ExtantManager.getReportFilePath(ExtantManager.java:81)
at com.tripgain.common.ExtantManager.getReportFilePath(ExtantManager.java:81)
at com.tripgain.common.ExtantManager.getReportFilePath(ExtantManager.java:81)
at com.tripgain.common.ExtantManager.getReportFilePath(ExtantManager.java:81)
at com.tripgain.common.ExtantManager.getReportFilePath(ExtantManager.java:81)
at com.tripgain.common.ExtantManager.getReportFilePath(ExtantManager.java:81)
at com.tripgain.common.ExtantManager.getReportFilePath(ExtantManager.java:81)
at com.tripgain.common.ExtantManager.getReportFilePath(ExtantManager.java:81)
at com.tripgain.common.ExtantManager.getReportFilePath(ExtantManager.java:81)
at com.tripgain.common.ExtantManager.getReportFilePath(ExtantManager.java:81)
at com.tripgain.common.ExtantManager.getReportFilePath(ExtantManager.java:81)
at com.tripgain.common.ExtantManager.getReportFilePath(ExtantManager.java:81)
at com.tripgain.common.ExtantManager.getReportFilePath(ExtantManager.java:81)
at com.tripgain.common.ExtantManager.getReportFilePath(ExtantManager.java:81)
at com.tripgain.common.ExtantManager.getReportFilePath(ExtantManager.java:81)
at com.tripgain.common.ExtantManager.getReportFilePath(ExtantManager.java:81)
at com.tripgain.common.ExtantManager.getReportFilePath(ExtantManager.java:81)
at com.tripgain.common.ExtantManager.getReportFilePath(ExtantManager.java:81)
at com.tripgain.common.ExtantManager.getReportFilePath(ExtantManager.java:81)
at com.tripgain.common.ExtantManager.getReportFilePath(ExtantManager.java:81)
at com.tripgain.common.ExtantManager.getReportFilePath(ExtantManager.java:81)
at com.tripgain.common.ExtantManager.getReportFilePath(ExtantManager.java:81)
at com.tripgain.common.ExtantManager.getReportFilePath(ExtantManager.java:81)
at com.tripgain.common.ExtantManager.getReportFilePath(ExtantManager.java:81)
at com.tripgain.common.ExtantManager.getReportFilePath(ExtantManager.java:81)
at com.tripgain.common.ExtantManager.getReportFilePath(ExtantManager.java:81)
at com.tripgain.common.ExtantManager.getReportFilePath(ExtantManager.java:81)
at com.tripgain.common.ExtantManager.getReportFilePath(ExtantManager.java:81)
at com.tripgain.common.ExtantManager.getReportFilePath(ExtantManager.java:81)
at com.tripgain.common.ExtantManager.getReportFilePath(ExtantManager.java:81)
at com.tripgain.common.ExtantManager.getReportFilePath(ExtantManager.java:81)
at com.tripgain.common.ExtantManager.getReportFilePath(ExtantManager.java:81)
at com.tripgain.common.ExtantManager.getReportFilePath(ExtantManager.java:81)
at com.tripgain.common.ExtantManager.getReportFilePath(ExtantManager.java:81)
at com.tripgain.common.ExtantManager.getReportFilePath(ExtantManager.java:81)
at com.tripgain.common.ExtantManager.getReportFilePath(ExtantManager.java:81)
at com.tripgain.common.ExtantManager.getReportFilePath(ExtantManager.java:81)
at com.tripgain.common.ExtantManager.getReportFilePath(ExtantManager.java:81)
at com.tripgain.common.ExtantManager.getReportFilePath(ExtantManager.java:81)
at com.tripgain.common.ExtantManager.getReportFilePath(ExtantManager.java:81)
at com.tripgain.common.ExtantManager.getReportFilePath(ExtantManager.java:81)
at com.tripgain.common.ExtantManager.getReportFilePath(ExtantManager.java:81)
at com.tripgain.common.ExtantManager.getReportFilePath(ExtantManager.java:81)
at com.tripgain.common.ExtantManager.getReportFilePath(ExtantManager.java:81)
at com.tripgain.common.ExtantManager.getReportFilePath(ExtantManager.java:81)
at com.tripgain.common.ExtantManager.getReportFilePath(ExtantManager.java:81)
at com.tripgain.common.ExtantManager.getReportFilePath(ExtantManager.java:81)
at com.tripgain.common.ExtantManager.getReportFilePath(ExtantManager.java:81)
at com.tripgain.common.ExtantManager.getReportFilePath(ExtantManager.java:81)
at com.tripgain.common.ExtantManager.getReportFilePath(ExtantManager.java:81)
at com.tripgain.common.ExtantManager.getReportFilePath(ExtantManager.java:81)
at com.tripgain.common.ExtantManager.getReportFilePath(ExtantManager.java:81)
at com.tripgain.common.ExtantManager.getReportFilePath(ExtantManager.java:81)
at com.tripgain.common.ExtantManager.getReportFilePath(ExtantManager.java:81)
at com.tripgain.common.ExtantManager.getReportFilePath(ExtantManager.java:81)
at com.tripgain.common.ExtantManager.getReportFilePath(ExtantManager.java:81)
at com.tripgain.common.ExtantManager.getReportFilePath(ExtantManager.java:81)
at com.tripgain.common.ExtantManager.getReportFilePath(ExtantManager.java:81)
at com.tripgain.common.ExtantManager.getReportFilePath(ExtantManager.java:81)
at com.tripgain.common.ExtantManager.getReportFilePath(ExtantManager.java:81)
at com.tripgain.common.ExtantManager.getReportFilePath(ExtantManager.java:81)
at com.tripgain.common.ExtantManager.getReportFilePath(ExtantManager.java:81)
at com.tripgain.common.ExtantManager.getReportFilePath(ExtantManager.java:81)
at com.tripgain.common.ExtantManager.getReportFilePath(ExtantManager.java:81)
at com.tripgain.common.ExtantManager.getReportFilePath(ExtantManager.java:81)
at com.tripgain.common.ExtantManager.getReportFilePath(ExtantManager.java:81)
at com.tripgain.common.ExtantManager.getReportFilePath(ExtantManager.java:81)
at com.tripgain.common.ExtantManager.getReportFilePath(ExtantManager.java:81)
at com.tripgain.common.ExtantManager.getReportFilePath(ExtantManager.java:81)
at com.tripgain.common.ExtantManager.getReportFilePath(ExtantManager.java:81)
at com.tripgain.common.ExtantManager.getReportFilePath(ExtantManager.java:81)
at com.tripgain.common.ExtantManager.getReportFilePath(ExtantManager.java:81)
at com.tripgain.common.ExtantManager.getReportFilePath(ExtantManager.java:81)
at com.tripgain.common.ExtantManager.getReportFilePath(ExtantManager.java:81)
at com.tripgain.common.ExtantManager.getReportFilePath(ExtantManager.java:81)
at com.tripgain.common.ExtantManager.getReportFilePath(ExtantManager.java:81)
at com.tripgain.common.ExtantManager.getReportFilePath(ExtantManager.java:81)
at com.tripgain.common.ExtantManager.getReportFilePath(ExtantManager.java:81)
at com.tripgain.common.ExtantManager.getReportFilePath(ExtantManager.java:81)
at com.tripgain.common.ExtantManager.getReportFilePath(ExtantManager.java:81)
at com.tripgain.common.ExtantManager.getReportFilePath(ExtantManager.java:81)
at com.tripgain.common.ExtantManager.getReportFilePath(ExtantManager.java:81)
at com.tripgain.common.ExtantManager.getReportFilePath(ExtantManager.java:81)
at com.tripgain.common.ExtantManager.getReportFilePath(ExtantManager.java:81)
at com.tripgain.common.ExtantManager.getReportFilePath(ExtantManager.java:81)
at com.tripgain.common.ExtantManager.getReportFilePath(ExtantManager.java:81)
at com.tripgain.common.ExtantManager.getReportFilePath(ExtantManager.java:81)
at com.tripgain.common.ExtantManager.getReportFilePath(ExtantManager.java:81)
at com.tripgain.common.ExtantManager.getReportFilePath(ExtantManager.java:81)
at com.tripgain.common.ExtantManager.getReportFilePath(ExtantManager.java:81)
at com.tripgain.common.ExtantManager.getReportFilePath(ExtantManager.java:81)
at com.tripgain.common.ExtantManager.getReportFilePath(ExtantManager.java:81)
at com.tripgain.common.ExtantManager.getReportFilePath(ExtantManager.java:81)
at com.tripgain.common.ExtantManager.getReportFilePath(ExtantManager.java:81)
at com.tripgain.common.ExtantManager.getReportFilePath(ExtantManager.java:81)
at com.tripgain.common.ExtantManager.getReportFilePath(ExtantManager.java:81)
at com.tripgain.common.ExtantManager.getReportFilePath(ExtantManager.java:81)
at com.tripgain.common.ExtantManager.getReportFilePath(ExtantManager.java:81)
at com.tripgain.common.ExtantManager.getReportFilePath(ExtantManager.java:81)
at com.tripgain.common.ExtantManager.getReportFilePath(ExtantManager.java:81)
at com.tripgain.common.ExtantManager.getReportFilePath(ExtantManager.java:81)
at com.tripgain.common.ExtantManager.getReportFilePath(ExtantManager.java:81)
at com.tripgain.common.ExtantManager.getReportFilePath(ExtantManager.java:81)
at com.tripgain.common.ExtantManager.getReportFilePath(ExtantManager.java:81)
at com.tripgain.common.ExtantManager.getReportFilePath(ExtantManager.java:81)
at com.tripgain.common.ExtantManager.getReportFilePath(ExtantManager.java:81)
at com.tripgain.common.ExtantManager.getReportFilePath(ExtantManager.java:81)
at com.tripgain.common.ExtantManager.getReportFilePath(ExtantManager.java:81)
at com.tripgain.common.ExtantManager.getReportFilePath(ExtantManager.java:81)
at com.tripgain.common.ExtantManager.getReportFilePath(ExtantManager.java:81)
at com.tripgain.common.ExtantManager.getReportFilePath(ExtantManager.java:81)
at com.tripgain.common.ExtantManager.getReportFilePath(ExtantManager.java:81)
at com.tripgain.common.ExtantManager.getReportFilePath(ExtantManager.java:81)
at com.tripgain.common.ExtantManager.getReportFilePath(ExtantManager.java:81)
at com.tripgain.common.ExtantManager.getReportFilePath(ExtantManager.java:81)
at com.tripgain.common.ExtantManager.getReportFilePath(ExtantManager.java:81)
at com.tripgain.common.ExtantManager.getReportFilePath(ExtantManager.java:81)
at com.tripgain.common.ExtantManager.getReportFilePath(ExtantManager.java:81)
at com.tripgain.common.ExtantManager.getReportFilePath(ExtantManager.java:81)
at com.tripgain.common.ExtantManager.getReportFilePath(ExtantManager.java:81)
at com.tripgain.common.ExtantManager.getReportFilePath(ExtantManager.java:81)
at com.tripgain.common.ExtantManager.getReportFilePath(ExtantManager.java:81)
at com.tripgain.common.ExtantManager.getReportFilePath(ExtantManager.java:81)
at com.tripgain.common.ExtantManager.getReportFilePath(ExtantManager.java:81)
at com.tripgain.common.ExtantManager.getReportFilePath(ExtantManager.java:81)
at com.tripgain.common.ExtantManager.getReportFilePath(ExtantManager.java:81)
at com.tripgain.common.ExtantManager.getReportFilePath(ExtantManager.java:81)
at com.tripgain.common.ExtantManager.getReportFilePath(ExtantManager.java:81)
at com.tripgain.common.ExtantManager.getReportFilePath(ExtantManager.java:81)
at com.tripgain.common.ExtantManager.getReportFilePath(ExtantManager.java:81)
at com.tripgain.common.ExtantManager.getReportFilePath(ExtantManager.java:81)
at com.tripgain.common.ExtantManager.getReportFilePath(ExtantManager.java:81)
at com.tripgain.common.ExtantManager.getReportFilePath(ExtantManager.java:81)
at com.tripgain.common.ExtantManager.getReportFilePath(ExtantManager.java:81)
at com.tripgain.common.ExtantManager.getReportFilePath(ExtantManager.java:81)
at com.tripgain.common.ExtantManager.getReportFilePath(ExtantManager.java:81)
at com.tripgain.common.ExtantManager.getReportFilePath(ExtantManager.java:81)
at com.tripgain.common.ExtantManager.getReportFilePath(ExtantManager.java:81)
at com.tripgain.common.ExtantManager.getReportFilePath(ExtantManager.java:81)
at com.tripgain.common.ExtantManager.getReportFilePath(ExtantManager.java:81)
at com.tripgain.common.ExtantManager.getReportFilePath(ExtantManager.java:81)
at com.tripgain.common.ExtantManager.getReportFilePath(ExtantManager.java:81)
at com.tripgain.common.ExtantManager.getReportFilePath(ExtantManager.java:81)
at com.tripgain.common.ExtantManager.getReportFilePath(ExtantManager.java:81)
at com.tripgain.common.ExtantManager.getReportFilePath(ExtantManager.java:81)
at com.tripgain.common.ExtantManager.getReportFilePath(ExtantManager.java:81)
at com.tripgain.common.ExtantManager.getReportFilePath(ExtantManager.java:81)
at com.tripgain.common.ExtantManager.getReportFilePath(ExtantManager.java:81)
at com.tripgain.common.ExtantManager.getReportFilePath(ExtantManager.java:81)
at com.tripgain.common.ExtantManager.getReportFilePath(ExtantManager.java:81)
at com.tripgain.common.ExtantManager.getReportFilePath(ExtantManager.java:81)
at com.tripgain.common.ExtantManager.getReportFilePath(ExtantManager.java:81)
at com.tripgain.common.ExtantManager.getReportFilePath(ExtantManager.java:81)
at com.tripgain.common.ExtantManager.getReportFilePath(ExtantManager.java:81)
at com.tripgain.common.ExtantManager.getReportFilePath(ExtantManager.java:81)
at com.tripgain.common.ExtantManager.getReportFilePath(ExtantManager.java:81)
at com.tripgain.common.ExtantManager.getReportFilePath(ExtantManager.java:81)
at com.tripgain.common.ExtantManager.getReportFilePath(ExtantManager.java:81)
at com.tripgain.common.ExtantManager.getReportFilePath(ExtantManager.java:81)
at com.tripgain.common.ExtantManager.getReportFilePath(ExtantManager.java:81)
at com.tripgain.common.ExtantManager.getReportFilePath(ExtantManager.java:81)
at com.tripgain.common.ExtantManager.getReportFilePath(ExtantManager.java:81)
at com.tripgain.common.ExtantManager.getReportFilePath(ExtantManager.java:81)
at com.tripgain.common.ExtantManager.getReportFilePath(ExtantManager.java:81)
at com.tripgain.common.ExtantManager.getReportFilePath(ExtantManager.java:81)
at com.tripgain.common.ExtantManager.getReportFilePath(ExtantManager.java:81)
at com.tripgain.common.ExtantManager.getReportFilePath(ExtantManager.java:81)
at com.tripgain.common.ExtantManager.getReportFilePath(ExtantManager.java:81)
at com.tripgain.common.ExtantManager.getReportFilePath(ExtantManager.java:81)
at com.tripgain.common.ExtantManager.getReportFilePath(ExtantManager.java:81)
at com.tripgain.common.ExtantManager.getReportFilePath(ExtantManager.java:81)
at com.tripgain.common.ExtantManager.getReportFilePath(ExtantManager.java:81)
at com.tripgain.common.ExtantManager.getReportFilePath(ExtantManager.java:81)
at com.tripgain.common.ExtantManager.getReportFilePath(ExtantManager.java:81)
at com.tripgain.common.ExtantManager.getReportFilePath(ExtantManager.java:81)
at com.tripgain.common.ExtantManager.getReportFilePath(ExtantManager.java:81)
at com.tripgain.common.ExtantManager.getReportFilePath(ExtantManager.java:81)
at com.tripgain.common.ExtantManager.getReportFilePath(ExtantManager.java:81)
at com.tripgain.common.ExtantManager.getReportFilePath(ExtantManager.java:81)
at com.tripgain.common.ExtantManager.getReportFilePath(ExtantManager.java:81)
at com.tripgain.common.ExtantManager.getReportFilePath(ExtantManager.java:81)
at com.tripgain.common.ExtantManager.getReportFilePath(ExtantManager.java:81)
at com.tripgain.common.ExtantManager.getReportFilePath(ExtantManager.java:81)
at com.tripgain.common.ExtantManager.getReportFilePath(ExtantManager.java:81)
at com.tripgain.common.ExtantManager.getReportFilePath(ExtantManager.java:81)
at com.tripgain.common.ExtantManager.getReportFilePath(ExtantManager.java:81)
at com.tripgain.common.ExtantManager.getReportFilePath(ExtantManager.java:81)
at com.tripgain.common.ExtantManager.getReportFilePath(ExtantManager.java:81)
at com.tripgain.common.ExtantManager.getReportFilePath(ExtantManager.java:81)
at com.tripgain.common.ExtantManager.getReportFilePath(ExtantManager.java:81)
at com.tripgain.common.ExtantManager.getReportFilePath(ExtantManager.java:81)
at com.tripgain.common.ExtantManager.getReportFilePath(ExtantManager.java:81)
at com.tripgain.common.ExtantManager.getReportFilePath(ExtantManager.java:81)
at com.tripgain.common.ExtantManager.getReportFilePath(ExtantManager.java:81)
at com.tripgain.common.ExtantManager.getReportFilePath(ExtantManager.java:81)
at com.tripgain.common.ExtantManager.getReportFilePath(ExtantManager.java:81)
at com.tripgain.common.ExtantManager.getReportFilePath(ExtantManager.java:81)
at com.tripgain.common.ExtantManager.getReportFilePath(ExtantManager.java:81)
at com.tripgain.common.ExtantManager.getReportFilePath(ExtantManager.java:81)
at com.tripgain.common.ExtantManager.getReportFilePath(ExtantManager.java:81)
at com.tripgain.common.ExtantManager.getReportFilePath(ExtantManager.java:81)
at com.tripgain.common.ExtantManager.getReportFilePath(ExtantManager.java:81)
at com.tripgain.common.ExtantManager.getReportFilePath(ExtantManager.java:81)
at com.tripgain.common.ExtantManager.getReportFilePath(ExtantManager.java:81)
at com.tripgain.common.ExtantManager.getReportFilePath(ExtantManager.java:81)
at com.tripgain.common.ExtantManager.getReportFilePath(ExtantManager.java:81)
at com.tripgain.common.ExtantManager.getReportFilePath(ExtantManager.java:81)
at com.tripgain.common.ExtantManager.getReportFilePath(ExtantManager.java:81)
at com.tripgain.common.ExtantManager.getReportFilePath(ExtantManager.java:81)
at com.tripgain.common.ExtantManager.getReportFilePath(ExtantManager.java:81)
at com.tripgain.common.ExtantManager.getReportFilePath(ExtantManager.java:81)
at com.tripgain.common.ExtantManager.getReportFilePath(ExtantManager.java:81)
at com.tripgain.common.ExtantManager.getReportFilePath(ExtantManager.java:81)
at com.tripgain.common.ExtantManager.getReportFilePath(ExtantManager.java:81)
at com.tripgain.common.ExtantManager.getReportFilePath(ExtantManager.java:81)
at com.tripgain.common.ExtantManager.getReportFilePath(ExtantManager.java:81)
at com.tripgain.common.ExtantManager.getReportFilePath(ExtantManager.java:81)
at com.tripgain.common.ExtantManager.getReportFilePath(ExtantManager.java:81)
at com.tripgain.common.ExtantManager.getReportFilePath(ExtantManager.java:81)
at com.tripgain.common.ExtantManager.getReportFilePath(ExtantManager.java:81)
at com.tripgain.common.ExtantManager.getReportFilePath(ExtantManager.java:81)
at com.tripgain.common.ExtantManager.getReportFilePath(ExtantManager.java:81)
at com.tripgain.common.ExtantManager.getReportFilePath(ExtantManager.java:81)
at com.tripgain.common.ExtantManager.getReportFilePath(ExtantManager.java:81)
at com.tripgain.common.ExtantManager.getReportFilePath(ExtantManager.java:81)
at com.tripgain.common.ExtantManager.getReportFilePath(ExtantManager.java:81)
at com.tripgain.common.ExtantManager.getReportFilePath(ExtantManager.java:81)
at com.tripgain.common.ExtantManager.getReportFilePath(ExtantManager.java:81)
at com.tripgain.common.ExtantManager.getReportFilePath(ExtantManager.java:81)
at com.tripgain.common.ExtantManager.getReportFilePath(ExtantManager.java:81)
at com.tripgain.common.ExtantManager.getReportFilePath(ExtantManager.java:81)
at com.tripgain.common.ExtantManager.getReportFilePath(ExtantManager.java:81)
at com.tripgain.common.ExtantManager.getReportFilePath(ExtantManager.java:81)
at com.tripgain.common.ExtantManager.getReportFilePath(ExtantManager.java:81)
at com.tripgain.common.ExtantManager.getReportFilePath(ExtantManager.java:81)
at com.tripgain.common.ExtantManager.getReportFilePath(ExtantManager.java:81)
at com.tripgain.common.ExtantManager.getReportFilePath(ExtantManager.java:81)
at com.tripgain.common.ExtantManager.getReportFilePath(ExtantManager.java:81)
at com.tripgain.common.ExtantManager.getReportFilePath(ExtantManager.java:81)
at com.tripgain.common.ExtantManager.getReportFilePath(ExtantManager.java:81)
at com.tripgain.common.ExtantManager.getReportFilePath(ExtantManager.java:81)
at com.tripgain.common.ExtantManager.getReportFilePath(ExtantManager.java:81)
at com.tripgain.common.ExtantManager.getReportFilePath(ExtantManager.java:81)
at com.tripgain.common.ExtantManager.getReportFilePath(ExtantManager.java:81)
at com.tripgain.common.ExtantManager.getReportFilePath(ExtantManager.java:81)
at com.tripgain.common.ExtantManager.getReportFilePath(ExtantManager.java:81)
at com.tripgain.common.ExtantManager.getReportFilePath(ExtantManager.java:81)
at com.tripgain.common.ExtantManager.getReportFilePath(ExtantManager.java:81)
at com.tripgain.common.ExtantManager.getReportFilePath(ExtantManager.java:81)
at com.tripgain.common.ExtantManager.getReportFilePath(ExtantManager.java:81)
at com.tripgain.common.ExtantManager.getReportFilePath(ExtantManager.java:81)
at com.tripgain.common.ExtantManager.getReportFilePath(ExtantManager.java:81)
at com.tripgain.common.ExtantManager.getReportFilePath(ExtantManager.java:81)
at com.tripgain.common.ExtantManager.getReportFilePath(ExtantManager.java:81)
at com.tripgain.common.ExtantManager.getReportFilePath(ExtantManager.java:81)
at com.tripgain.common.ExtantManager.getReportFilePath(ExtantManager.java:81)
at com.tripgain.common.ExtantManager.getReportFilePath(ExtantManager.java:81)
at com.tripgain.common.ExtantManager.getReportFilePath(ExtantManager.java:81)
at com.tripgain.common.ExtantManager.getReportFilePath(ExtantManager.java:81)
at com.tripgain.common.ExtantManager.getReportFilePath(ExtantManager.java:81)
at com.tripgain.common.ExtantManager.getReportFilePath(ExtantManager.java:81)
at com.tripgain.common.ExtantManager.getReportFilePath(ExtantManager.java:81)
at com.tripgain.common.ExtantManager.getReportFilePath(ExtantManager.java:81)
at com.tripgain.common.ExtantManager.getReportFilePath(ExtantManager.java:81)
at com.tripgain.common.ExtantManager.getReportFilePath(ExtantManager.java:81)
at com.tripgain.common.ExtantManager.getReportFilePath(ExtantManager.java:81)
at com.tripgain.common.ExtantManager.getReportFilePath(ExtantManager.java:81)
at com.tripgain.common.ExtantManager.getReportFilePath(ExtantManager.java:81)
at com.tripgain.common.ExtantManager.getReportFilePath(ExtantManager.java:81)
at com.tripgain.common.ExtantManager.getReportFilePath(ExtantManager.java:81)
at com.tripgain.common.ExtantManager.getReportFilePath(ExtantManager.java:81)
at com.tripgain.common.ExtantManager.getReportFilePath(ExtantManager.java:81)
at com.tripgain.common.ExtantManager.getReportFilePath(ExtantManager.java:81)
at com.tripgain.common.ExtantManager.getReportFilePath(ExtantManager.java:81)
at com.tripgain.common.ExtantManager.getReportFilePath(ExtantManager.java:81)
at com.tripgain.common.ExtantManager.getReportFilePath(ExtantManager.java:81)
at com.tripgain.common.ExtantManager.getReportFilePath(ExtantManager.java:81)
at com.tripgain.common.ExtantManager.getReportFilePath(ExtantManager.java:81)
at com.tripgain.common.ExtantManager.getReportFilePath(ExtantManager.java:81)
at com.tripgain.common.ExtantManager.getReportFilePath(ExtantManager.java:81)
at com.tripgain.common.ExtantManager.getReportFilePath(ExtantManager.java:81)
at com.tripgain.common.ExtantManager.getReportFilePath(ExtantManager.java:81)
at com.tripgain.common.ExtantManager.getReportFilePath(ExtantManager.java:81)
at com.tripgain.common.ExtantManager.getReportFilePath(ExtantManager.java:81)
at com.tripgain.common.ExtantManager.getReportFilePath(ExtantManager.java:81)
at com.tripgain.common.ExtantManager.getReportFilePath(ExtantManager.java:81)
at com.tripgain.common.ExtantManager.getReportFilePath(ExtantManager.java:81)
at com.tripgain.common.ExtantManager.getReportFilePath(ExtantManager.java:81)
at com.tripgain.common.ExtantManager.getReportFilePath(ExtantManager.java:81)
at com.tripgain.common.ExtantManager.getReportFilePath(ExtantManager.java:81)
at com.tripgain.common.ExtantManager.getReportFilePath(ExtantManager.java:81)
at com.tripgain.common.ExtantManager.getReportFilePath(ExtantManager.java:81)
at com.tripgain.common.ExtantManager.getReportFilePath(ExtantManager.java:81)
at com.tripgain.common.ExtantManager.getReportFilePath(ExtantManager.java:81)
at com.tripgain.common.ExtantManager.getReportFilePath(ExtantManager.java:81)
at com.tripgain.common.ExtantManager.getReportFilePath(ExtantManager.java:81)
at com.tripgain.common.ExtantManager.getReportFilePath(ExtantManager.java:81)
at com.tripgain.common.ExtantManager.getReportFilePath(ExtantManager.java:81)
at com.tripgain.common.ExtantManager.getReportFilePath(ExtantManager.java:81)
at com.tripgain.common.ExtantManager.getReportFilePath(ExtantManager.java:81)
at com.tripgain.common.ExtantManager.getReportFilePath(ExtantManager.java:81)
at com.tripgain.common.ExtantManager.getReportFilePath(ExtantManager.java:81)
at com.tripgain.common.ExtantManager.getReportFilePath(ExtantManager.java:81)
at com.tripgain.common.ExtantManager.getReportFilePath(ExtantManager.java:81)
at com.tripgain.common.ExtantManager.getReportFilePath(ExtantManager.java:81)
at com.tripgain.common.ExtantManager.getReportFilePath(ExtantManager.java:81)
at com.tripgain.common.ExtantManager.getReportFilePath(ExtantManager.java:81)
at com.tripgain.common.ExtantManager.getReportFilePath(ExtantManager.java:81)
at com.tripgain.common.ExtantManager.getReportFilePath(ExtantManager.java:81)
at com.tripgain.common.ExtantManager.getReportFilePath(ExtantManager.java:81)
at com.tripgain.common.ExtantManager.getReportFilePath(ExtantManager.java:81)
at com.tripgain.common.ExtantManager.getReportFilePath(ExtantManager.java:81)
at com.tripgain.common.ExtantManager.getReportFilePath(ExtantManager.java:81)
at com.tripgain.common.ExtantManager.getReportFilePath(ExtantManager.java:81)
at com.tripgain.common.ExtantManager.getReportFilePath(ExtantManager.java:81)
at com.tripgain.common.ExtantManager.getReportFilePath(ExtantManager.java:81)
at com.tripgain.common.ExtantManager.getReportFilePath(ExtantManager.java:81)
at com.tripgain.common.ExtantManager.getReportFilePath(ExtantManager.java:81)
at com.tripgain.common.ExtantManager.getReportFilePath(ExtantManager.java:81)
at com.tripgain.common.ExtantManager.getReportFilePath(ExtantManager.java:81)
at com.tripgain.common.ExtantManager.getReportFilePath(ExtantManager.java:81)
at com.tripgain.common.ExtantManager.getReportFilePath(ExtantManager.java:81)
at com.tripgain.common.ExtantManager.getReportFilePath(ExtantManager.java:81)
at com.tripgain.common.ExtantManager.getReportFilePath(ExtantManager.java:81)
at com.tripgain.common.ExtantManager.getReportFilePath(ExtantManager.java:81)
at com.tripgain.common.ExtantManager.getReportFilePath(ExtantManager.java:81)
at com.tripgain.common.ExtantManager.getReportFilePath(ExtantManager.java:81)
at com.tripgain.common.ExtantManager.getReportFilePath(ExtantManager.java:81)
at com.tripgain.common.ExtantManager.getReportFilePath(ExtantManager.java:81)
at com.tripgain.common.ExtantManager.getReportFilePath(ExtantManager.java:81)
at com.tripgain.common.ExtantManager.getReportFilePath(ExtantManager.java:81)
at com.tripgain.common.ExtantManager.getReportFilePath(ExtantManager.java:81)
at com.tripgain.common.ExtantManager.getReportFilePath(ExtantManager.java:81)
at com.tripgain.common.ExtantManager.getReportFilePath(ExtantManager.java:81)
at com.tripgain.common.ExtantManager.getReportFilePath(ExtantManager.java:81)
at com.tripgain.common.ExtantManager.getReportFilePath(ExtantManager.java:81)
at com.tripgain.common.ExtantManager.getReportFilePath(ExtantManager.java:81)
at com.tripgain.common.ExtantManager.getReportFilePath(ExtantManager.java:81)
at com.tripgain.common.ExtantManager.getReportFilePath(ExtantManager.java:81)
at com.tripgain.common.ExtantManager.getReportFilePath(ExtantManager.java:81)
at com.tripgain.common.ExtantManager.getReportFilePath(ExtantManager.java:81)
at com.tripgain.common.ExtantManager.getReportFilePath(ExtantManager.java:81)
at com.tripgain.common.ExtantManager.getReportFilePath(ExtantManager.java:81)
at com.tripgain.common.ExtantManager.getReportFilePath(ExtantManager.java:81)
at com.tripgain.common.ExtantManager.getReportFilePath(ExtantManager.java:81)
at com.tripgain.common.ExtantManager.getReportFilePath(ExtantManager.java:81)
at com.tripgain.common.ExtantManager.getReportFilePath(ExtantManager.java:81)
at com.tripgain.common.ExtantManager.getReportFilePath(ExtantManager.java:81)
at com.tripgain.common.ExtantManager.getReportFilePath(ExtantManager.java:81)
at com.tripgain.common.ExtantManager.getReportFilePath(ExtantManager.java:81)
at com.tripgain.common.ExtantManager.getReportFilePath(ExtantManager.java:81)
at com.tripgain.common.ExtantManager.getReportFilePath(ExtantManager.java:81)
at com.tripgain.common.ExtantManager.getReportFilePath(ExtantManager.java:81)
at com.tripgain.common.ExtantManager.getReportFilePath(ExtantManager.java:81)
at com.tripgain.common.ExtantManager.getReportFilePath(ExtantManager.java:81)
at com.tripgain.common.ExtantManager.getReportFilePath(ExtantManager.java:81)
at com.tripgain.common.ExtantManager.getReportFilePath(ExtantManager.java:81)
at com.tripgain.common.ExtantManager.getReportFilePath(ExtantManager.java:81)
at com.tripgain.common.ExtantManager.getReportFilePath(ExtantManager.java:81)
at com.tripgain.common.ExtantManager.getReportFilePath(ExtantManager.java:81)
at com.tripgain.common.ExtantManager.getReportFilePath(ExtantManager.java:81)
at com.tripgain.common.ExtantManager.getReportFilePath(ExtantManager.java:81)
at com.tripgain.common.ExtantManager.getReportFilePath(ExtantManager.java:81)
at com.tripgain.common.ExtantManager.getReportFilePath(ExtantManager.java:81)
at com.tripgain.common.ExtantManager.getReportFilePath(ExtantManager.java:81)
at com.tripgain.common.ExtantManager.getReportFilePath(ExtantManager.java:81)
at com.tripgain.common.ExtantManager.getReportFilePath(ExtantManager.java:81)
at com.tripgain.common.ExtantManager.getReportFilePath(ExtantManager.java:81)
at com.tripgain.common.ExtantManager.getReportFilePath(ExtantManager.java:81)
at com.tripgain.common.ExtantManager.getReportFilePath(ExtantManager.java:81)
at com.tripgain.common.ExtantManager.getReportFilePath(ExtantManager.java:81)
at com.tripgain.common.ExtantManager.getReportFilePath(ExtantManager.java:81)
at com.tripgain.common.ExtantManager.getReportFilePath(ExtantManager.java:81)
at com.tripgain.common.ExtantManager.getReportFilePath(ExtantManager.java:81)
at com.tripgain.common.ExtantManager.getReportFilePath(ExtantManager.java:81)
at com.tripgain.common.ExtantManager.getReportFilePath(ExtantManager.java:81)
at com.tripgain.common.ExtantManager.getReportFilePath(ExtantManager.java:81)
at com.tripgain.common.ExtantManager.getReportFilePath(ExtantManager.java:81)
at com.tripgain.common.ExtantManager.getReportFilePath(ExtantManager.java:81)
at com.tripgain.common.ExtantManager.getReportFilePath(ExtantManager.java:81)
at com.tripgain.common.ExtantManager.getReportFilePath(ExtantManager.java:81)
at com.tripgain.common.ExtantManager.getReportFilePath(ExtantManager.java:81)
at com.tripgain.common.ExtantManager.getReportFilePath(ExtantManager.java:81)
at com.tripgain.common.ExtantManager.getReportFilePath(ExtantManager.java:81)
at com.tripgain.common.ExtantManager.getReportFilePath(ExtantManager.java:81)
at com.tripgain.common.ExtantManager.getReportFilePath(ExtantManager.java:81)
at com.tripgain.common.ExtantManager.getReportFilePath(ExtantManager.java:81)
at com.tripgain.common.ExtantManager.getReportFilePath(ExtantManager.java:81)
at com.tripgain.common.ExtantManager.getReportFilePath(ExtantManager.java:81)
at com.tripgain.common.ExtantManager.getReportFilePath(ExtantManager.java:81)
at com.tripgain.common.ExtantManager.getReportFilePath(ExtantManager.java:81)
at com.tripgain.common.ExtantManager.getReportFilePath(ExtantManager.java:81)
at com.tripgain.common.ExtantManager.getReportFilePath(ExtantManager.java:81)
at com.tripgain.common.ExtantManager.getReportFilePath(ExtantManager.java:81)
at com.tripgain.common.ExtantManager.getReportFilePath(ExtantManager.java:81)
at com.tripgain.common.ExtantManager.getReportFilePath(ExtantManager.java:81)
at com.tripgain.common.ExtantManager.getReportFilePath(ExtantManager.java:81)
at com.tripgain.common.ExtantManager.getReportFilePath(ExtantManager.java:81)
at com.tripgain.common.ExtantManager.getReportFilePath(ExtantManager.java:81)
at com.tripgain.common.ExtantManager.getReportFilePath(ExtantManager.java:81)
at com.tripgain.common.ExtantManager.getReportFilePath(ExtantManager.java:81)
at com.tripgain.common.ExtantManager.getReportFilePath(ExtantManager.java:81)
at com.tripgain.common.ExtantManager.getReportFilePath(ExtantManager.java:81)
at com.tripgain.common.ExtantManager.getReportFilePath(ExtantManager.java:81)
at com.tripgain.common.ExtantManager.getReportFilePath(ExtantManager.java:81)
at com.tripgain.common.ExtantManager.getReportFilePath(ExtantManager.java:81)
at com.tripgain.common.ExtantManager.getReportFilePath(ExtantManager.java:81)
at com.tripgain.common.ExtantManager.getReportFilePath(ExtantManager.java:81)
at com.tripgain.common.ExtantManager.getReportFilePath(ExtantManager.java:81)
at com.tripgain.common.ExtantManager.getReportFilePath(ExtantManager.java:81)
at com.tripgain.common.ExtantManager.getReportFilePath(ExtantManager.java:81)
at com.tripgain.common.ExtantManager.getReportFilePath(ExtantManager.java:81)
at com.tripgain.common.ExtantManager.getReportFilePath(ExtantManager.java:81)
at com.tripgain.common.ExtantManager.getReportFilePath(ExtantManager.java:81)
at com.tripgain.common.ExtantManager.getReportFilePath(ExtantManager.java:81)
at com.tripgain.common.ExtantManager.getReportFilePath(ExtantManager.java:81)
at com.tripgain.common.ExtantManager.getReportFilePath(ExtantManager.java:81)
at com.tripgain.common.ExtantManager.getReportFilePath(ExtantManager.java:81)
at com.tripgain.common.ExtantManager.getReportFilePath(ExtantManager.java:81)
at com.tripgain.common.ExtantManager.getReportFilePath(ExtantManager.java:81)
at com.tripgain.common.ExtantManager.getReportFilePath(ExtantManager.java:81)
at com.tripgain.common.ExtantManager.getReportFilePath(ExtantManager.java:81)
at com.tripgain.common.ExtantManager.getReportFilePath(ExtantManager.java:81)
at com.tripgain.common.ExtantManager.getReportFilePath(ExtantManager.java:81)
at com.tripgain.common.ExtantManager.getReportFilePath(ExtantManager.java:81)
at com.tripgain.common.ExtantManager.getReportFilePath(ExtantManager.java:81)
at com.tripgain.common.ExtantManager.getReportFilePath(ExtantManager.java:81)
at com.tripgain.common.ExtantManager.getReportFilePath(ExtantManager.java:81)
at com.tripgain.common.ExtantManager.getReportFilePath(ExtantManager.java:81)
at com.tripgain.common.ExtantManager.getReportFilePath(ExtantManager.java:81)
at com.tripgain.common.ExtantManager.getReportFilePath(ExtantManager.java:81)
at com.tripgain.common.ExtantManager.getReportFilePath(ExtantManager.java:81)
at com.tripgain.common.ExtantManager.getReportFilePath(ExtantManager.java:81)
at com.tripgain.common.ExtantManager.getReportFilePath(ExtantManager.java:81)
at com.tripgain.common.ExtantManager.getReportFilePath(ExtantManager.java:81)
at com.tripgain.common.ExtantManager.getReportFilePath(ExtantManager.java:81)
at com.tripgain.common.ExtantManager.getReportFilePath(ExtantManager.java:81)
at com.tripgain.common.ExtantManager.getReportFilePath(ExtantManager.java:81)
at com.tripgain.common.ExtantManager.getReportFilePath(ExtantManager.java:81)
at com.tripgain.common.ExtantManager.getReportFilePath(ExtantManager.java:81)
at com.tripgain.common.ExtantManager.getReportFilePath(ExtantManager.java:81)
at com.tripgain.common.ExtantManager.getReportFilePath(ExtantManager.java:81)
at com.tripgain.common.ExtantManager.getReportFilePath(ExtantManager.java:81)
at com.tripgain.common.ExtantManager.getReportFilePath(ExtantManager.java:81)
at com.tripgain.common.ExtantManager.getReportFilePath(ExtantManager.java:81)
at com.tripgain.common.ExtantManager.getReportFilePath(ExtantManager.java:81)
at com.tripgain.common.ExtantManager.getReportFilePath(ExtantManager.java:81)
at com.tripgain.common.ExtantManager.getReportFilePath(ExtantManager.java:81)
at com.tripgain.common.ExtantManager.getReportFilePath(ExtantManager.java:81)
at com.tripgain.common.ExtantManager.getReportFilePath(ExtantManager.java:81)
at com.tripgain.common.ExtantManager.getReportFilePath(ExtantManager.java:81)
at com.tripgain.common.ExtantManager.getReportFilePath(ExtantManager.java:81)
at com.tripgain.common.ExtantManager.getReportFilePath(ExtantManager.java:81)
at com.tripgain.common.ExtantManager.getReportFilePath(ExtantManager.java:81)
at com.tripgain.common.ExtantManager.getReportFilePath(ExtantManager.java:81)
at com.tripgain.common.ExtantManager.getReportFilePath(ExtantManager.java:81)
at com.tripgain.common.ExtantManager.getReportFilePath(ExtantManager.java:81)
at com.tripgain.common.ExtantManager.getReportFilePath(ExtantManager.java:81)
at com.tripgain.common.ExtantManager.getReportFilePath(ExtantManager.java:81)
at com.tripgain.common.ExtantManager.getReportFilePath(ExtantManager.java:81)
at com.tripgain.common.ExtantManager.getReportFilePath(ExtantManager.java:81)
at com.tripgain.common.ExtantManager.getReportFilePath(ExtantManager.java:81)
at com.tripgain.common.ExtantManager.getReportFilePath(ExtantManager.java:81)
at com.tripgain.common.ExtantManager.getReportFilePath(ExtantManager.java:81)
at com.tripgain.common.ExtantManager.getReportFilePath(ExtantManager.java:81)
at com.tripgain.common.ExtantManager.getReportFilePath(ExtantManager.java:81)
at com.tripgain.common.ExtantManager.getReportFilePath(ExtantManager.java:81)
at com.tripgain.common.ExtantManager.getReportFilePath(ExtantManager.java:81)
at com.tripgain.common.ExtantManager.getReportFilePath(ExtantManager.java:81)
at com.tripgain.common.ExtantManager.getReportFilePath(ExtantManager.java:81)
at com.tripgain.common.ExtantManager.getReportFilePath(ExtantManager.java:81)
at com.tripgain.common.ExtantManager.getReportFilePath(ExtantManager.java:81)
at com.tripgain.common.ExtantManager.getReportFilePath(ExtantManager.java:81)
at com.tripgain.common.ExtantManager.getReportFilePath(ExtantManager.java:81)
at com.tripgain.common.ExtantManager.getReportFilePath(ExtantManager.java:81)
at com.tripgain.common.ExtantManager.getReportFilePath(ExtantManager.java:81)
at com.tripgain.common.ExtantManager.getReportFilePath(ExtantManager.java:81)
at com.tripgain.common.ExtantManager.getReportFilePath(ExtantManager.java:81)
at com.tripgain.common.ExtantManager.getReportFilePath(ExtantManager.java:81)
at com.tripgain.common.ExtantManager.getReportFilePath(ExtantManager.java:81)
at com.tripgain.common.ExtantManager.getReportFilePath(ExtantManager.java:81)
at com.tripgain.common.ExtantManager.getReportFilePath(ExtantManager.java:81)
at com.tripgain.common.ExtantManager.getReportFilePath(ExtantManager.java:81)
at com.tripgain.common.ExtantManager.getReportFilePath(ExtantManager.java:81)
at com.tripgain.common.ExtantManager.getReportFilePath(ExtantManager.java:81)
at com.tripgain.common.ExtantManager.getReportFilePath(ExtantManager.java:81)
at com.tripgain.common.ExtantManager.getReportFilePath(ExtantManager.java:81)
at com.tripgain.common.ExtantManager.getReportFilePath(ExtantManager.java:81)
at com.tripgain.common.ExtantManager.getReportFilePath(ExtantManager.java:81)
at com.tripgain.common.ExtantManager.getReportFilePath(ExtantManager.java:81)
at com.tripgain.common.ExtantManager.getReportFilePath(ExtantManager.java:81)
at com.tripgain.common.ExtantManager.getReportFilePath(ExtantManager.java:81)
at com.tripgain.common.ExtantManager.getReportFilePath(ExtantManager.java:81)
at com.tripgain.common.ExtantManager.getReportFilePath(ExtantManager.java:81)
at com.tripgain.common.ExtantManager.getReportFilePath(ExtantManager.java:81)
at com.tripgain.common.ExtantManager.getReportFilePath(ExtantManager.java:81)
at com.tripgain.common.ExtantManager.getReportFilePath(ExtantManager.java:81)
at com.tripgain.common.ExtantManager.getReportFilePath(ExtantManager.java:81)
at com.tripgain.common.ExtantManager.getReportFilePath(ExtantManager.java:81)
at com.tripgain.common.ExtantManager.getReportFilePath(ExtantManager.java:81)
at com.tripgain.common.ExtantManager.getReportFilePath(ExtantManager.java:81)
at com.tripgain.common.ExtantManager.getReportFilePath(ExtantManager.java:81)
at com.tripgain.common.ExtantManager.getReportFilePath(ExtantManager.java:81)
at com.tripgain.common.ExtantManager.getReportFilePath(ExtantManager.java:81)
at com.tripgain.common.ExtantManager.getReportFilePath(ExtantManager.java:81)
at com.tripgain.common.ExtantManager.getReportFilePath(ExtantManager.java:81)
at com.tripgain.common.ExtantManager.getReportFilePath(ExtantManager.java:81)
at com.tripgain.common.ExtantManager.getReportFilePath(ExtantManager.java:81)
at com.tripgain.common.ExtantManager.getReportFilePath(ExtantManager.java:81)
at com.tripgain.common.ExtantManager.getReportFilePath(ExtantManager.java:81)
at com.tripgain.common.ExtantManager.getReportFilePath(ExtantManager.java:81)
at com.tripgain.common.ExtantManager.getReportFilePath(ExtantManager.java:81)
at com.tripgain.common.ExtantManager.getReportFilePath(ExtantManager.java:81)
at com.tripgain.common.ExtantManager.getReportFilePath(ExtantManager.java:81)
at com.tripgain.common.ExtantManager.getReportFilePath(ExtantManager.java:81)
at com.tripgain.common.ExtantManager.getReportFilePath(ExtantManager.java:81)
at com.tripgain.common.ExtantManager.getReportFilePath(ExtantManager.java:81)
at com.tripgain.common.ExtantManager.getReportFilePath(ExtantManager.java:81)
at com.tripgain.common.ExtantManager.getReportFilePath(ExtantManager.java:81)
at com.tripgain.common.ExtantManager.getReportFilePath(ExtantManager.java:81)
at com.tripgain.common.ExtantManager.getReportFilePath(ExtantManager.java:81)
at com.tripgain.common.ExtantManager.getReportFilePath(ExtantManager.java:81)
at com.tripgain.common.ExtantManager.getReportFilePath(ExtantManager.java:81)
at com.tripgain.common.ExtantManager.getReportFilePath(ExtantManager.java:81)
at com.tripgain.common.ExtantManager.getReportFilePath(ExtantManager.java:81)
at com.tripgain.common.ExtantManager.getReportFilePath(ExtantManager.java:81)
at com.tripgain.common.ExtantManager.getReportFilePath(ExtantManager.java:81)
at com.tripgain.common.ExtantManager.getReportFilePath(ExtantManager.java:81)
at com.tripgain.common.ExtantManager.getReportFilePath(ExtantManager.java:81)
at com.tripgain.common.ExtantManager.getReportFilePath(ExtantManager.java:81)
at com.tripgain.common.ExtantManager.getReportFilePath(ExtantManager.java:81)
at com.tripgain.common.ExtantManager.getReportFilePath(ExtantManager.java:81)
at com.tripgain.common.ExtantManager.getReportFilePath(ExtantManager.java:81)
at com.tripgain.common.ExtantManager.getReportFilePath(ExtantManager.java:81)
at com.tripgain.common.ExtantManager.getReportFilePath(ExtantManager.java:81)
at com.tripgain.common.ExtantManager.getReportFilePath(ExtantManager.java:81)
at com.tripgain.common.ExtantManager.getReportFilePath(ExtantManager.java:81)
at com.tripgain.common.ExtantManager.getReportFilePath(ExtantManager.java:81)
at com.tripgain.common.ExtantManager.getReportFilePath(ExtantManager.java:81)
at com.tripgain.common.ExtantManager.getReportFilePath(ExtantManager.java:81)
at com.tripgain.common.ExtantManager.getReportFilePath(ExtantManager.java:81)
at com.tripgain.common.ExtantManager.getReportFilePath(ExtantManager.java:81)
at com.tripgain.common.ExtantManager.getReportFilePath(ExtantManager.java:81)
at com.tripgain.common.ExtantManager.getReportFilePath(ExtantManager.java:81)
at com.tripgain.common.ExtantManager.getReportFilePath(ExtantManager.java:81)
at com.tripgain.common.ExtantManager.getReportFilePath(ExtantManager.java:81)
at com.tripgain.common.ExtantManager.getReportFilePath(ExtantManager.java:81)
at com.tripgain.common.ExtantManager.getReportFilePath(ExtantManager.java:81)
at com.tripgain.common.ExtantManager.getReportFilePath(ExtantManager.java:81)
at com.tripgain.common.ExtantManager.getReportFilePath(ExtantManager.java:81)
at com.tripgain.common.ExtantManager.getReportFilePath(ExtantManager.java:81)
at com.tripgain.common.ExtantManager.getReportFilePath(ExtantManager.java:81)
at com.tripgain.common.ExtantManager.getReportFilePath(ExtantManager.java:81)
at com.tripgain.common.ExtantManager.getReportFilePath(ExtantManager.java:81)
at com.tripgain.common.ExtantManager.getReportFilePath(ExtantManager.java:81)
at com.tripgain.common.ExtantManager.getReportFilePath(ExtantManager.java:81)
at com.tripgain.common.ExtantManager.getReportFilePath(ExtantManager.java:81)
at com.tripgain.common.ExtantManager.getReportFilePath(ExtantManager.java:81)
at com.tripgain.common.ExtantManager.getReportFilePath(ExtantManager.java:81)
at com.tripgain.common.ExtantManager.getReportFilePath(ExtantManager.java:81)
at com.tripgain.common.ExtantManager.getReportFilePath(ExtantManager.java:81)
at com.tripgain.common.ExtantManager.getReportFilePath(ExtantManager.java:81)
at com.tripgain.common.ExtantManager.getReportFilePath(ExtantManager.java:81)
at com.tripgain.common.ExtantManager.getReportFilePath(ExtantManager.java:81)
at com.tripgain.common.ExtantManager.getReportFilePath(ExtantManager.java:81)
at com.tripgain.common.ExtantManager.getReportFilePath(ExtantManager.java:81)
at com.tripgain.common.ExtantManager.getReportFilePath(ExtantManager.java:81)
at com.tripgain.common.ExtantManager.getReportFilePath(ExtantManager.java:81)
at com.tripgain.common.ExtantManager.getReportFilePath(ExtantManager.java:81)
at com.tripgain.common.ExtantManager.getReportFilePath(ExtantManager.java:81)
at com.tripgain.common.ExtantManager.getReportFilePath(ExtantManager.java:81)
at com.tripgain.common.ExtantManager.getReportFilePath(ExtantManager.java:81)
at com.tripgain.common.ExtantManager.getReportFilePath(ExtantManager.java:81)
at com.tripgain.common.ExtantManager.getReportFilePath(ExtantManager.java:81)
at com.tripgain.common.ExtantManager.getReportFilePath(ExtantManager.java:81)
at com.tripgain.common.ExtantManager.getReportFilePath(ExtantManager.java:81)
at com.tripgain.common.ExtantManager.getReportFilePath(ExtantManager.java:81)
at com.tripgain.common.ExtantManager.getReportFilePath(ExtantManager.java:81)
at com.tripgain.common.ExtantManager.getReportFilePath(ExtantManager.java:81)
at com.tripgain.common.ExtantManager.getReportFilePath(ExtantManager.java:81)
at com.tripgain.common.ExtantManager.getReportFilePath(ExtantManager.java:81)
at com.tripgain.common.ExtantManager.getReportFilePath(ExtantManager.java:81)
at com.tripgain.common.ExtantManager.getReportFilePath(ExtantManager.java:81)
at com.tripgain.common.ExtantManager.getReportFilePath(ExtantManager.java:81)
at com.tripgain.common.ExtantManager.getReportFilePath(ExtantManager.java:81)
at com.tripgain.common.ExtantManager.getReportFilePath(ExtantManager.java:81)
at com.tripgain.common.ExtantManager.getReportFilePath(ExtantManager.java:81)
at com.tripgain.common.ExtantManager.getReportFilePath(ExtantManager.java:81)
at com.tripgain.common.ExtantManager.getReportFilePath(ExtantManager.java:81)
at com.tripgain.common.ExtantManager.getReportFilePath(ExtantManager.java:81)
at com.tripgain.common.ExtantManager.getReportFilePath(ExtantManager.java:81)
at com.tripgain.common.ExtantManager.getReportFilePath(ExtantManager.java:81)
at com.tripgain.common.ExtantManager.getReportFilePath(ExtantManager.java:81)
at com.tripgain.common.ExtantManager.getReportFilePath(ExtantManager.java:81)
at com.tripgain.common.ExtantManager.getReportFilePath(ExtantManager.java:81)
at com.tripgain.common.ExtantManager.getReportFilePath(ExtantManager.java:81)
at com.tripgain.common.ExtantManager.getReportFilePath(ExtantManager.java:81)
at com.tripgain.common.ExtantManager.getReportFilePath(ExtantManager.java:81)
at com.tripgain.common.ExtantManager.getReportFilePath(ExtantManager.java:81)
at com.tripgain.common.ExtantManager.getReportFilePath(ExtantManager.java:81)
at com.tripgain.common.ExtantManager.getReportFilePath(ExtantManager.java:81)
at com.tripgain.common.ExtantManager.getReportFilePath(ExtantManager.java:81)
at com.tripgain.common.ExtantManager.getReportFilePath(ExtantManager.java:81)
at com.tripgain.common.ExtantManager.getReportFilePath(ExtantManager.java:81)
at com.tripgain.common.ExtantManager.getReportFilePath(ExtantManager.java:81)
at com.tripgain.common.ExtantManager.getReportFilePath(ExtantManager.java:81)
at com.tripgain.common.ExtantManager.getReportFilePath(ExtantManager.java:81)
at com.tripgain.common.ExtantManager.getReportFilePath(ExtantManager.java:81)
at com.tripgain.common.ExtantManager.getReportFilePath(ExtantManager.java:81)
at com.tripgain.common.ExtantManager.getReportFilePath(ExtantManager.java:81)
at com.tripgain.common.ExtantManager.getReportFilePath(ExtantManager.java:81)
at com.tripgain.common.ExtantManager.getReportFilePath(ExtantManager.java:81)
at com.tripgain.common.ExtantManager.getReportFilePath(ExtantManager.java:81)
at com.tripgain.common.ExtantManager.getReportFilePath(ExtantManager.java:81)
at com.tripgain.common.ExtantManager.getReportFilePath(ExtantManager.java:81)
at com.tripgain.common.ExtantManager.getReportFilePath(ExtantManager.java:81)
at com.tripgain.common.ExtantManager.getReportFilePath(ExtantManager.java:81)
at com.tripgain.common.ExtantManager.getReportFilePath(ExtantManager.java:81)
at com.tripgain.common.ExtantManager.getReportFilePath(ExtantManager.java:81)
at com.tripgain.common.ExtantManager.getReportFilePath(ExtantManager.java:81)
at com.tripgain.common.ExtantManager.getReportFilePath(ExtantManager.java:81)
at com.tripgain.common.ExtantManager.getReportFilePath(ExtantManager.java:81)
at com.tripgain.common.ExtantManager.getReportFilePath(ExtantManager.java:81)
at com.tripgain.common.ExtantManager.getReportFilePath(ExtantManager.java:81)
at com.tripgain.common.ExtantManager.getReportFilePath(ExtantManager.java:81)
at com.tripgain.common.ExtantManager.getReportFilePath(ExtantManager.java:81)
at com.tripgain.common.ExtantManager.getReportFilePath(ExtantManager.java:81)
at com.tripgain.common.ExtantManager.getReportFilePath(ExtantManager.java:81)
at com.tripgain.common.ExtantManager.getReportFilePath(ExtantManager.java:81)
at com.tripgain.common.ExtantManager.getReportFilePath(ExtantManager.java:81)
at com.tripgain.common.ExtantManager.getReportFilePath(ExtantManager.java:81)
at com.tripgain.common.ExtantManager.getReportFilePath(ExtantManager.java:81)
at com.tripgain.common.ExtantManager.getReportFilePath(ExtantManager.java:81)
at com.tripgain.common.ExtantManager.getReportFilePath(ExtantManager.java:81)
at com.tripgain.common.ExtantManager.getReportFilePath(ExtantManager.java:81)
at com.tripgain.common.ExtantManager.getReportFilePath(ExtantManager.java:81)
at com.tripgain.common.ExtantManager.getReportFilePath(ExtantManager.java:81)
at com.tripgain.common.ExtantManager.getReportFilePath(ExtantManager.java:81)
at com.tripgain.common.ExtantManager.getReportFilePath(ExtantManager.java:81)
at com.tripgain.common.ExtantManager.getReportFilePath(ExtantManager.java:81)
at com.tripgain.common.ExtantManager.getReportFilePath(ExtantManager.java:81)
at com.tripgain.common.ExtantManager.getReportFilePath(ExtantManager.java:81)
at com.tripgain.common.ExtantManager.getReportFilePath(ExtantManager.java:81)
at com.tripgain.common.ExtantManager.getReportFilePath(ExtantManager.java:81)
at com.tripgain.common.ExtantManager.getReportFilePath(ExtantManager.java:81)
at com.tripgain.common.ExtantManager.getReportFilePath(ExtantManager.java:81)
at com.tripgain.common.ExtantManager.getReportFilePath(ExtantManager.java:81)
at com.tripgain.common.ExtantManager.getReportFilePath(ExtantManager.java:81)
at com.tripgain.common.ExtantManager.getReportFilePath(ExtantManager.java:81)
at com.tripgain.common.ExtantManager.getReportFilePath(ExtantManager.java:81)
at com.tripgain.common.ExtantManager.getReportFilePath(ExtantManager.java:81)
at com.tripgain.common.ExtantManager.getReportFilePath(ExtantManager.java:81)
at com.tripgain.common.ExtantManager.getReportFilePath(ExtantManager.java:81)
at com.tripgain.common.ExtantManager.getReportFilePath(ExtantManager.java:81)
at com.tripgain.common.ExtantManager.getReportFilePath(ExtantManager.java:81)
at com.tripgain.common.ExtantManager.getReportFilePath(ExtantManager.java:81)
at com.tripgain.common.ExtantManager.getReportFilePath(ExtantManager.java:81)
at com.tripgain.common.ExtantManager.getReportFilePath(ExtantManager.java:81)
at com.tripgain.common.ExtantManager.getReportFilePath(ExtantManager.java:81)
at com.tripgain.common.ExtantManager.getReportFilePath(ExtantManager.java:81)
at com.tripgain.common.ExtantManager.getReportFilePath(ExtantManager.java:81)
at com.tripgain.common.ExtantManager.getReportFilePath(ExtantManager.java:81)
at com.tripgain.common.ExtantManager.getReportFilePath(ExtantManager.java:81)
at com.tripgain.common.ExtantManager.getReportFilePath(ExtantManager.java:81)
at com.tripgain.common.ExtantManager.getReportFilePath(ExtantManager.java:81)
at com.tripgain.common.ExtantManager.getReportFilePath(ExtantManager.java:81)
at com.tripgain.common.ExtantManager.getReportFilePath(ExtantManager.java:81)
at com.tripgain.common.ExtantManager.getReportFilePath(ExtantManager.java:81)
at com.tripgain.common.ExtantManager.getReportFilePath(ExtantManager.java:81)
at com.tripgain.common.ExtantManager.getReportFilePath(ExtantManager.java:81)
at com.tripgain.common.ExtantManager.getReportFilePath(ExtantManager.java:81)
at com.tripgain.common.ExtantManager.getReportFilePath(ExtantManager.java:81)
at com.tripgain.common.ExtantManager.getReportFilePath(ExtantManager.java:81)
at com.tripgain.common.ExtantManager.getReportFilePath(ExtantManager.java:81)
at com.tripgain.common.ExtantManager.getReportFilePath(ExtantManager.java:81)
at com.tripgain.common.ExtantManager.getReportFilePath(ExtantManager.java:81)
at com.tripgain.common.ExtantManager.getReportFilePath(ExtantManager.java:81)
at com.tripgain.common.ExtantManager.getReportFilePath(ExtantManager.java:81)
at com.tripgain.common.ExtantManager.getReportFilePath(ExtantManager.java:81)
at com.tripgain.common.ExtantManager.getReportFilePath(ExtantManager.java:81)
at com.tripgain.common.ExtantManager.getReportFilePath(ExtantManager.java:81)
at com.tripgain.common.ExtantManager.getReportFilePath(ExtantManager.java:81)
at com.tripgain.common.ExtantManager.getReportFilePath(ExtantManager.java:81)
at com.tripgain.common.ExtantManager.getReportFilePath(ExtantManager.java:81)
at com.tripgain.common.ExtantManager.getReportFilePath(ExtantManager.java:81)
at com.tripgain.common.ExtantManager.getReportFilePath(ExtantManager.java:81)
at com.tripgain.common.ExtantManager.getReportFilePath(ExtantManager.java:81)
at com.tripgain.common.ExtantManager.getReportFilePath(ExtantManager.java:81)
at com.tripgain.common.ExtantManager.getReportFilePath(ExtantManager.java:81)
at com.tripgain.common.ExtantManager.getReportFilePath(ExtantManager.java:81)
at com.tripgain.common.ExtantManager.getReportFilePath(ExtantManager.java:81)
at com.tripgain.common.ExtantManager.getReportFilePath(ExtantManager.java:81)
at com.tripgain.common.ExtantManager.getReportFilePath(ExtantManager.java:81)
at com.tripgain.common.ExtantManager.getReportFilePath(ExtantManager.java:81)
at com.tripgain.common.ExtantManager.getReportFilePath(ExtantManager.java:81)
at com.tripgain.common.ExtantManager.getReportFilePath(ExtantManager.java:81)
at com.tripgain.common.ExtantManager.getReportFilePath(ExtantManager.java:81)
at com.tripgain.common.ExtantManager.getReportFilePath(ExtantManager.java:81)
at com.tripgain.common.ExtantManager.getReportFilePath(ExtantManager.java:81)
at com.tripgain.common.ExtantManager.getReportFilePath(ExtantManager.java:81)
at com.tripgain.common.ExtantManager.getReportFilePath(ExtantManager.java:81)
at com.tripgain.common.ExtantManager.getReportFilePath(ExtantManager.java:81)
at com.tripgain.common.ExtantManager.getReportFilePath(ExtantManager.java:81)
at com.tripgain.common.ExtantManager.getReportFilePath(ExtantManager.java:81)
at com.tripgain.common.ExtantManager.getReportFilePath(ExtantManager.java:81)
at com.tripgain.common.ExtantManager.getReportFilePath(ExtantManager.java:81)
at com.tripgain.common.ExtantManager.getReportFilePath(ExtantManager.java:81)
at com.tripgain.common.ExtantManager.getReportFilePath(ExtantManager.java:81)
at com.tripgain.common.ExtantManager.getReportFilePath(ExtantManager.java:81)
at com.tripgain.common.ExtantManager.getReportFilePath(ExtantManager.java:81)
at com.tripgain.common.ExtantManager.getReportFilePath(ExtantManager.java:81)
at com.tripgain.common.ExtantManager.getReportFilePath(ExtantManager.java:81)
at com.tripgain.common.ExtantManager.getReportFilePath(ExtantManager.java:81)
at com.tripgain.common.ExtantManager.getReportFilePath(ExtantManager.java:81)
at com.tripgain.common.ExtantManager.getReportFilePath(ExtantManager.java:81)
at com.tripgain.common.ExtantManager.getReportFilePath(ExtantManager.java:81)
at com.tripgain.common.ExtantManager.getReportFilePath(ExtantManager.java:81)
at com.tripgain.common.ExtantManager.getReportFilePath(ExtantManager.java:81)
at com.tripgain.common.ExtantManager.getReportFilePath(ExtantManager.java:81)
at com.tripgain.common.ExtantManager.getReportFilePath(ExtantManager.java:81)
at com.tripgain.common.ExtantManager.getReportFilePath(ExtantManager.java:81)
at com.tripgain.common.ExtantManager.getReportFilePath(ExtantManager.java:81)
at com.tripgain.common.ExtantManager.getReportFilePath(ExtantManager.java:81)
at com.tripgain.common.ExtantManager.getReportFilePath(ExtantManager.java:81)
at com.tripgain.common.ExtantManager.getReportFilePath(ExtantManager.java:81)
at com.tripgain.common.ExtantManager.getReportFilePath(ExtantManager.java:81)
at com.tripgain.common.ExtantManager.getReportFilePath(ExtantManager.java:81)
at com.tripgain.common.ExtantManager.getReportFilePath(ExtantManager.java:81)
at com.tripgain.common.ExtantManager.getReportFilePath(ExtantManager.java:81)
at com.tripgain.common.ExtantManager.getReportFilePath(ExtantManager.java:81)
at com.tripgain.common.ExtantManager.getReportFilePath(ExtantManager.java:81)
at com.tripgain.common.ExtantManager.getReportFilePath(ExtantManager.java:81)
at com.tripgain.common.ExtantManager.getReportFilePath(ExtantManager.java:81)
at com.tripgain.common.ExtantManager.getReportFilePath(ExtantManager.java:81)
at com.tripgain.common.ExtantManager.getReportFilePath(ExtantManager.java:81)
at com.tripgain.common.ExtantManager.getReportFilePath(ExtantManager.java:81)
at com.tripgain.common.ExtantManager.getReportFilePath(ExtantManager.java:81)
at com.tripgain.common.ExtantManager.getReportFilePath(ExtantManager.java:81)
at com.tripgain.common.ExtantManager.getReportFilePath(ExtantManager.java:81)
at com.tripgain.common.ExtantManager.getReportFilePath(ExtantManager.java:81)
at com.tripgain.common.ExtantManager.getReportFilePath(ExtantManager.java:81)
at com.tripgain.common.ExtantManager.getReportFilePath(ExtantManager.java:81)
at com.tripgain.common.ExtantManager.getReportFilePath(ExtantManager.java:81)
at com.tripgain.common.ExtantManager.getReportFilePath(ExtantManager.java:81)
at com.tripgain.common.ExtantManager.getReportFilePath(ExtantManager.java:81)
at com.tripgain.common.ExtantManager.getReportFilePath(ExtantManager.java:81)
at com.tripgain.common.ExtantManager.getReportFilePath(ExtantManager.java:81)
at com.tripgain.common.ExtantManager.getReportFilePath(ExtantManager.java:81)
at com.tripgain.common.ExtantManager.getReportFilePath(ExtantManager.java:81)
at com.tripgain.common.ExtantManager.getReportFilePath(ExtantManager.java:81)
at com.tripgain.common.ExtantManager.getReportFilePath(ExtantManager.java:81)
at com.tripgain.common.ExtantManager.getReportFilePath(ExtantManager.java:81)
at com.tripgain.common.ExtantManager.getReportFilePath(ExtantManager.java:81)
at com.tripgain.common.ExtantManager.getReportFilePath(ExtantManager.java:81)
at com.tripgain.common.ExtantManager.getReportFilePath(ExtantManager.java:81)
at com.tripgain.common.ExtantManager.getReportFilePath(ExtantManager.java:81)
at com.tripgain.common.ExtantManager.getReportFilePath(ExtantManager.java:81)
at com.tripgain.common.ExtantManager.getReportFilePath(ExtantManager.java:81)
at com.tripgain.common.ExtantManager.getReportFilePath(ExtantManager.java:81)
at com.tripgain.common.ExtantManager.getReportFilePath(ExtantManager.java:81)
at com.tripgain.common.ExtantManager.getReportFilePath(ExtantManager.java:81)
at com.tripgain.common.ExtantManager.getReportFilePath(ExtantManager.java:81)
at com.tripgain.common.ExtantManager.getReportFilePath(ExtantManager.java:81)
at com.tripgain.common.ExtantManager.getReportFilePath(ExtantManager.java:81)
at com.tripgain.common.ExtantManager.getReportFilePath(ExtantManager.java:81)
at com.tripgain.common.ExtantManager.getReportFilePath(ExtantManager.java:81)
at com.tripgain.common.ExtantManager.getReportFilePath(ExtantManager.java:81)
at com.tripgain.common.ExtantManager.getReportFilePath(ExtantManager.java:81)
at com.tripgain.common.ExtantManager.getReportFilePath(ExtantManager.java:81)
at com.tripgain.common.ExtantManager.getReportFilePath(ExtantManager.java:81)
at com.tripgain.common.ExtantManager.getReportFilePath(ExtantManager.java:81)
at com.tripgain.common.ExtantManager.getReportFilePath(ExtantManager.java:81)
at com.tripgain.common.ExtantManager.getReportFilePath(ExtantManager.java:81)
at com.tripgain.common.ExtantManager.getReportFilePath(ExtantManager.java:81)
at com.tripgain.common.ExtantManager.getReportFilePath(ExtantManager.java:81)
at com.tripgain.common.ExtantManager.getReportFilePath(ExtantManager.java:81)
at com.tripgain.common.ExtantManager.getReportFilePath(ExtantManager.java:81)
at com.tripgain.common.ExtantManager.getReportFilePath(ExtantManager.java:81)
at com.tripgain.common.ExtantManager.getReportFilePath(ExtantManager.java:81)
at com.tripgain.common.ExtantManager.getReportFilePath(ExtantManager.java:81)
at com.tripgain.common.ExtantManager.getReportFilePath(ExtantManager.java:81)
at com.tripgain.common.ExtantManager.getReportFilePath(ExtantManager.java:81)
at com.tripgain.common.ExtantManager.getReportFilePath(ExtantManager.java:81)
at com.tripgain.common.ExtantManager.getReportFilePath(ExtantManager.java:81)
at com.tripgain.common.ExtantManager.getReportFilePath(ExtantManager.java:81)
at com.tripgain.common.ExtantManager.getReportFilePath(ExtantManager.java:81)
at com.tripgain.common.ExtantManager.getReportFilePath(ExtantManager.java:81)
at com.tripgain.common.ExtantManager.getReportFilePath(ExtantManager.java:81)
at com.tripgain.common.ExtantManager.getReportFilePath(ExtantManager.java:81)
at com.tripgain.common.ExtantManager.getReportFilePath(ExtantManager.java:81)
at com.tripgain.common.ExtantManager.getReportFilePath(ExtantManager.java:81)
at com.tripgain.common.ExtantManager.getReportFilePath(ExtantManager.java:81)
at com.tripgain.common.ExtantManager.getReportFilePath(ExtantManager.java:81)
at com.tripgain.common.ExtantManager.getReportFilePath(ExtantManager.java:81)
at com.tripgain.common.ExtantManager.getReportFilePath(ExtantManager.java:81)
at com.tripgain.common.ExtantManager.getReportFilePath(ExtantManager.java:81)
at com.tripgain.common.ExtantManager.getReportFilePath(ExtantManager.java:81)
at com.tripgain.common.ExtantManager.getReportFilePath(ExtantManager.java:81)
at com.tripgain.common.ExtantManager.getReportFilePath(ExtantManager.java:81)
at com.tripgain.common.ExtantManager.getReportFilePath(ExtantManager.java:81)
at com.tripgain.common.ExtantManager.getReportFilePath(ExtantManager.java:81)
at com.tripgain.common.ExtantManager.getReportFilePath(ExtantManager.java:81)
at com.tripgain.common.ExtantManager.getReportFilePath(ExtantManager.java:81)
at com.tripgain.common.ExtantManager.getReportFilePath(ExtantManager.java:81)
at com.tripgain.common.ExtantManager.getReportFilePath(ExtantManager.java:81)
at com.tripgain.common.ExtantManager.getReportFilePath(ExtantManager.java:81)
at com.tripgain.common.ExtantManager.getReportFilePath(ExtantManager.java:81)
at com.tripgain.common.ExtantManager.getReportFilePath(ExtantManager.java:81)
at com.tripgain.common.ExtantManager.getReportFilePath(ExtantManager.java:81)
at com.tripgain.common.ExtantManager.getReportFilePath(ExtantManager.java:81)
at com.tripgain.common.ExtantManager.getReportFilePath(ExtantManager.java:81)
at com.tripgain.common.ExtantManager.getReportFilePath(ExtantManager.java:81)
at com.tripgain.common.ExtantManager.getReportFilePath(ExtantManager.java:81)
at com.tripgain.common.ExtantManager.getReportFilePath(ExtantManager.java:81)
at com.tripgain.common.ExtantManager.getReportFilePath(ExtantManager.java:81)
at com.tripgain.common.ExtantManager.getReportFilePath(ExtantManager.java:81)
at com.tripgain.common.ExtantManager.getReportFilePath(ExtantManager.java:81)
at com.tripgain.common.ExtantManager.getReportFilePath(ExtantManager.java:81)
at com.tripgain.common.ExtantManager.getReportFilePath(ExtantManager.java:81)
at com.tripgain.common.ExtantManager.getReportFilePath(ExtantManager.java:81)
at com.tripgain.common.ExtantManager.getReportFilePath(ExtantManager.java:81)
at com.tripgain.common.ExtantManager.getReportFilePath(ExtantManager.java:81)
at com.tripgain.common.ExtantManager.getReportFilePath(ExtantManager.java:81)
at com.tripgain.common.ExtantManager.getReportFilePath(ExtantManager.java:81)
at com.tripgain.common.ExtantManager.getReportFilePath(ExtantManager.java:81)
at com.tripgain.common.ExtantManager.getReportFilePath(ExtantManager.java:81)
at com.tripgain.common.ExtantManager.getReportFilePath(ExtantManager.java:81)
at com.tripgain.common.ExtantManager.getReportFilePath(ExtantManager.java:81)
at com.tripgain.common.ExtantManager.getReportFilePath(ExtantManager.java:81)
at com.tripgain.common.ExtantManager.getReportFilePath(ExtantManager.java:81)
at com.tripgain.common.ExtantManager.getReportFilePath(ExtantManager.java:81)
at com.tripgain.common.ExtantManager.getReportFilePath(ExtantManager.java:81)
at com.tripgain.common.ExtantManager.getReportFilePath(ExtantManager.java:81)
at com.tripgain.common.ExtantManager.getReportFilePath(ExtantManager.java:81)
at com.tripgain.common.ExtantManager.getReportFilePath(ExtantManager.java:81)
at com.tripgain.common.ExtantManager.getReportFilePath(ExtantManager.java:81)
at com.tripgain.common.ExtantManager.getReportFilePath(ExtantManager.java:81)
at com.tripgain.common.ExtantManager.getReportFilePath(ExtantManager.java:81)
at com.tripgain.common.ExtantManager.getReportFilePath(ExtantManager.java:81)
at com.tripgain.common.ExtantManager.getReportFilePath(ExtantManager.java:81)
at com.tripgain.common.ExtantManager.getReportFilePath(ExtantManager.java:81)
at com.tripgain.common.ExtantManager.getReportFilePath(ExtantManager.java:81)
at com.tripgain.common.ExtantManager.getReportFilePath(ExtantManager.java:81)
at com.tripgain.common.ExtantManager.getReportFilePath(ExtantManager.java:81)
at com.tripgain.common.ExtantManager.getReportFilePath(ExtantManager.java:81)
at com.tripgain.common.ExtantManager.getReportFilePath(ExtantManager.java:81)
at com.tripgain.common.ExtantManager.getReportFilePath(ExtantManager.java:81)
at com.tripgain.common.ExtantManager.getReportFilePath(ExtantManager.java:81)
at com.tripgain.common.ExtantManager.getReportFilePath(ExtantManager.java:81)
at com.tripgain.common.ExtantManager.getReportFilePath(ExtantManager.java:81)
at com.tripgain.common.ExtantManager.getReportFilePath(ExtantManager.java:81)
at com.tripgain.common.ExtantManager.getReportFilePath(ExtantManager.java:81)
at com.tripgain.common.ExtantManager.getReportFilePath(ExtantManager.java:81)
at com.tripgain.common.ExtantManager.getReportFilePath(ExtantManager.java:81)
at com.tripgain.common.ExtantManager.getReportFilePath(ExtantManager.java:81)
at com.tripgain.common.ExtantManager.getReportFilePath(ExtantManager.java:81)
at com.tripgain.common.ExtantManager.getReportFilePath(ExtantManager.java:81)
at com.tripgain.common.ExtantManager.getReportFilePath(ExtantManager.java:81)
at com.tripgain.common.ExtantManager.getReportFilePath(ExtantManager.java:81)
at com.tripgain.common.ExtantManager.getReportFilePath(ExtantManager.java:81)
at com.tripgain.common.ExtantManager.getReportFilePath(ExtantManager.java:81)
at com.tripgain.common.ExtantManager.getReportFilePath(ExtantManager.java:81)
at com.tripgain.common.ExtantManager.getReportFilePath(ExtantManager.java:81)
at com.tripgain.common.ExtantManager.getReportFilePath(ExtantManager.java:81)
at com.tripgain.common.ExtantManager.getReportFilePath(ExtantManager.java:81)
at com.tripgain.common.ExtantManager.getReportFilePath(ExtantManager.java:81)
at com.tripgain.common.ExtantManager.getReportFilePath(ExtantManager.java:81)
at com.tripgain.common.ExtantManager.getReportFilePath(ExtantManager.java:81)
at com.tripgain.common.ExtantManager.getReportFilePath(ExtantManager.java:81)
at com.tripgain.common.ExtantManager.getReportFilePath(ExtantManager.java:81)
at com.tripgain.common.ExtantManager.getReportFilePath(ExtantManager.java:81)
at com.tripgain.common.ExtantManager.getReportFilePath(ExtantManager.java:81)
at com.tripgain.common.ExtantManager.getReportFilePath(ExtantManager.java:81)
at com.tripgain.common.ExtantManager.getReportFilePath(ExtantManager.java:81)
at com.tripgain.common.ExtantManager.getReportFilePath(ExtantManager.java:81)
at com.tripgain.common.ExtantManager.getReportFilePath(ExtantManager.java:81)
at com.tripgain.common.ExtantManager.getReportFilePath(ExtantManager.java:81)
at com.tripgain.common.ExtantManager.getReportFilePath(ExtantManager.java:81)
at com.tripgain.common.ExtantManager.getReportFilePath(ExtantManager.java:81)
at com.tripgain.common.ExtantManager.getReportFilePath(ExtantManager.java:81)
at com.tripgain.common.ExtantManager.getReportFilePath(ExtantManager.java:81)
at com.tripgain.common.ExtantManager.getReportFilePath(ExtantManager.java:81)
at com.tripgain.common.ExtantManager.getReportFilePath(ExtantManager.java:81)
at com.tripgain.common.ExtantManager.getReportFilePath(ExtantManager.java:81)
at com.tripgain.common.ExtantManager.getReportFilePath(ExtantManager.java:81)
at com.tripgain.common.ExtantManager.getReportFilePath(ExtantManager.java:81)
at com.tripgain.common.ExtantManager.getReportFilePath(ExtantManager.java:81)
at com.tripgain.common.ExtantManager.getReportFilePath(ExtantManager.java:81)
at com.tripgain.common.ExtantManager.getReportFilePath(ExtantManager.java:81)
at com.tripgain.common.ExtantManager.getReportFilePath(ExtantManager.java:81)
at com.tripgain.common.ExtantManager.getReportFilePath(ExtantManager.java:81)
at com.tripgain.common.ExtantManager.getReportFilePath(ExtantManager.java:81)
at com.tripgain.common.ExtantManager.getReportFilePath(ExtantManager.java:81)
at com.tripgain.common.ExtantManager.getReportFilePath(ExtantManager.java:81)
at com.tripgain.common.ExtantManager.getReportFilePath(ExtantManager.java:81)
at com.tripgain.common.ExtantManager.getReportFilePath(ExtantManager.java:81)
at com.tripgain.common.ExtantManager.getReportFilePath(ExtantManager.java:81)
at com.tripgain.common.ExtantManager.getReportFilePath(ExtantManager.java:81)
at com.tripgain.common.ExtantManager.getReportFilePath(ExtantManager.java:81)
at com.tripgain.common.ExtantManager.getReportFilePath(ExtantManager.java:81)
at com.tripgain.common.ExtantManager.getReportFilePath(ExtantManager.java:81)
at com.tripgain.common.ExtantManager.getReportFilePath(ExtantManager.java:81)
at com.tripgain.common.ExtantManager.getReportFilePath(ExtantManager.java:81)
at com.tripgain.common.ExtantManager.getReportFilePath(ExtantManager.java:81)
at com.tripgain.common.ExtantManager.getReportFilePath(ExtantManager.java:81)
at com.tripgain.common.ExtantManager.getReportFilePath(ExtantManager.java:81)
at com.tripgain.common.ExtantManager.getReportFilePath(ExtantManager.java:81)
at com.tripgain.common.ExtantManager.getReportFilePath(ExtantManager.java:81)
at com.tripgain.common.ExtantManager.getReportFilePath(ExtantManager.java:81)
at com.tripgain.common.ExtantManager.getReportFilePath(ExtantManager.java:81)
at com.tripgain.common.ExtantManager.getReportFilePath(ExtantManager.java:81)
at com.tripgain.common.ExtantManager.getReportFilePath(ExtantManager.java:81)
at com.tripgain.common.ExtantManager.getReportFilePath(ExtantManager.java:81)
at com.tripgain.common.ExtantManager.getReportFilePath(ExtantManager.java:81)
at com.tripgain.common.ExtantManager.getReportFilePath(ExtantManager.java:81)
at com.tripgain.common.ExtantManager.getReportFilePath(ExtantManager.java:81)
at com.tripgain.common.ExtantManager.getReportFilePath(ExtantManager.java:81)
at com.tripgain.common.ExtantManager.getReportFilePath(ExtantManager.java:81)
at com.tripgain.common.ExtantManager.getReportFilePath(ExtantManager.java:81)
at com.tripgain.common.ExtantManager.getReportFilePath(ExtantManager.java:81)
at com.tripgain.common.ExtantManager.getReportFilePath(ExtantManager.java:81)
at com.tripgain.common.ExtantManager.getReportFilePath(ExtantManager.java:81)
at com.tripgain.common.ExtantManager.getReportFilePath(ExtantManager.java:81)
at com.tripgain.common.ExtantManager.getReportFilePath(ExtantManager.java:81)
at com.tripgain.common.ExtantManager.getReportFilePath(ExtantManager.java:81)
at com.tripgain.common.ExtantManager.getReportFilePath(ExtantManager.java:81)
at com.tripgain.common.ExtantManager.getReportFilePath(ExtantManager.java:81)
at com.tripgain.common.ExtantManager.getReportFilePath(ExtantManager.java:81)
at com.tripgain.common.ExtantManager.getReportFilePath(ExtantManager.java:81)
at com.tripgain.common.ExtantManager.getReportFilePath(ExtantManager.java:81)
at com.tripgain.common.ExtantManager.getReportFilePath(ExtantManager.java:81)
at com.tripgain.common.ExtantManager.getReportFilePath(ExtantManager.java:81)
at com.tripgain.common.ExtantManager.getReportFilePath(ExtantManager.java:81)
at com.tripgain.common.ExtantManager.getReportFilePath(ExtantManager.java:81)
at com.tripgain.common.ExtantManager.getReportFilePath(ExtantManager.java:81)
at com.tripgain.common.ExtantManager.getReportFilePath(ExtantManager.java:81)
at com.tripgain.common.ExtantManager.getReportFilePath(ExtantManager.java:81)
at com.tripgain.common.ExtantManager.getReportFilePath(ExtantManager.java:81)
at com.tripgain.common.ExtantManager.getReportFilePath(ExtantManager.java:81)
at com.tripgain.common.ExtantManager.getReportFilePath(ExtantManager.java:81)
at com.tripgain.common.ExtantManager.getReportFilePath(ExtantManager.java:81)
at com.tripgain.common.ExtantManager.getReportFilePath(ExtantManager.java:81)
at com.tripgain.common.ExtantManager.getReportFilePath(ExtantManager.java:81)
at com.tripgain.common.ExtantManager.getReportFilePath(ExtantManager.java:81)
at com.tripgain.common.ExtantManager.getReportFilePath(ExtantManager.java:81)
at com.tripgain.common.ExtantManager.getReportFilePath(ExtantManager.java:81)
at com.tripgain.common.ExtantManager.getReportFilePath(ExtantManager.java:81)
at com.tripgain.common.ExtantManager.getReportFilePath(ExtantManager.java:81)
at com.tripgain.common.ExtantManager.getReportFilePath(ExtantManager.java:81)
at com.tripgain.common.ExtantManager.getReportFilePath(ExtantManager.java:81)
at com.tripgain.common.ExtantManager.getReportFilePath(ExtantManager.java:81)
at com.tripgain.common.ExtantManager.getReportFilePath(ExtantManager.java:81)
at com.tripgain.common.ExtantManager.getReportFilePath(ExtantManager.java:81)
at com.tripgain.common.ExtantManager.getReportFilePath(ExtantManager.java:81)
at com.tripgain.common.ExtantManager.getReportFilePath(ExtantManager.java:81)
at com.tripgain.common.ExtantManager.getReportFilePath(ExtantManager.java:81)
at com.tripgain.common.ExtantManager.getReportFilePath(ExtantManager.java:81)
at com.tripgain.common.ExtantManager.getReportFilePath(ExtantManager.java:81)
at com.tripgain.common.ExtantManager.getReportFilePath(ExtantManager.java:81)
at com.tripgain.common.ExtantManager.getReportFilePath(ExtantManager.java:81)
at com.tripgain.common.ExtantManager.getReportFilePath(ExtantManager.java:81)
at com.tripgain.common.ExtantManager.getReportFilePath(ExtantManager.java:81)
at com.tripgain.common.ExtantManager.getReportFilePath(ExtantManager.java:81)
at com.tripgain.common.ExtantManager.getReportFilePath(ExtantManager.java:81)
at com.tripgain.common.ExtantManager.getReportFilePath(ExtantManager.java:81)
at com.tripgain.common.ExtantManager.getReportFilePath(ExtantManager.java:81)
at com.tripgain.common.ExtantManager.getReportFilePath(ExtantManager.java:81)
at com.tripgain.common.ExtantManager.getReportFilePath(ExtantManager.java:81)
at com.tripgain.common.ExtantManager.getReportFilePath(ExtantManager.java:81)
at com.tripgain.common.ExtantManager.getReportFilePath(ExtantManager.java:81)
at com.tripgain.common.ExtantManager.getReportFilePath(ExtantManager.java:81)
at com.tripgain.common.ExtantManager.getReportFilePath(ExtantManager.java:81)
at com.tripgain.common.ExtantManager.getReportFilePath(ExtantManager.java:81)
at com.tripgain.common.ExtantManager.getReportFilePath(ExtantManager.java:81)
at com.tripgain.common.ExtantManager.getReportFilePath(ExtantManager.java:81)
at com.tripgain.common.ExtantManager.getReportFilePath(ExtantManager.java:81)
at com.tripgain.common.ExtantManager.getReportFilePath(ExtantManager.java:81)
at com.tripgain.common.ExtantManager.getReportFilePath(ExtantManager.java:81)
at com.tripgain.common.ExtantManager.getReportFilePath(ExtantManager.java:81)
at com.tripgain.common.ExtantManager.getReportFilePath(ExtantManager.java:81)
at com.tripgain.common.ExtantManager.getReportFilePath(ExtantManager.java:81)
at com.tripgain.common.ExtantManager.getReportFilePath(ExtantManager.java:81)
at com.tripgain.common.ExtantManager.getReportFilePath(ExtantManager.java:81)
at com.tripgain.common.ExtantManager.getReportFilePath(ExtantManager.java:81)
at com.tripgain.common.ExtantManager.getReportFilePath(ExtantManager.java:81)
at com.tripgain.common.ExtantManager.getReportFilePath(ExtantManager.java:81)
at com.tripgain.common.ExtantManager.getReportFilePath(ExtantManager.java:81)
at com.tripgain.common.ExtantManager.getReportFilePath(ExtantManager.java:81)
at com.tripgain.common.ExtantManager.getReportFilePath(ExtantManager.java:81)
at com.tripgain.common.ExtantManager.getReportFilePath(ExtantManager.java:81)
at com.tripgain.common.ExtantManager.getReportFilePath(ExtantManager.java:81)
at com.tripgain.common.ExtantManager.getReportFilePath(ExtantManager.java:81)
at com.tripgain.common.ExtantManager.getReportFilePath(ExtantManager.java:81)
at com.tripgain.common.ExtantManager.getReportFilePath(ExtantManager.java:81)
at com.tripgain.common.ExtantManager.getReportFilePath(ExtantManager.java:81)
]]>
    </error>
  </testcase> <!-- afterSuite -->
  <testcase classname="NewDesign_Buses.TCNDBUNEW_2" name="myTest" time="58.635"/>
</testsuite> <!-- NewDesign_Buses.TCNDBUNEW_2 -->
