<?xml version="1.0" encoding="UTF-8"?>
<!-- Generated by org.testng.reporters.JUnitReportReporter -->
<testsuite hostname="DESKTOP-SEE9OFQ" failures="0" tests="2" name="SkyTravellers_Hotels.TCHO_2_verifyHotelsSearchWithLocationDropdown" time="212.886" errors="0" timestamp="2025-09-08T10:56:34 IST" skipped="0">
  <testcase classname="SkyTravellers_Hotels.TCHO_2_verifyHotelsSearchWithLocationDropdown" name="myTest" time="106.851"/>
  <testcase classname="SkyTravellers_Hotels.TCHO_2_verifyHotelsSearchWithLocationDropdown" name="myTest" time="106.035"/>
</testsuite> <!-- SkyTravellers_Hotels.TCHO_2_verifyHotelsSearchWithLocationDropdown -->
