<?xml version="1.0" encoding="UTF-8"?>
<!-- Generated by org.testng.reporters.JUnitReportReporter -->
<testsuite hostname="DESKTOP-SEE9OFQ" failures="0" tests="2" name="NewDesign_Buses.TCNDBU_1_verifyBusesSearch" time="101.826" errors="1" timestamp="2026-01-01T12:04:33 IST" skipped="0">
  <testcase classname="NewDesign_Buses.TCNDBU_1_verifyBusesSearch" name="afterSuite" time="26.624">
    <error type="java.lang.StackOverflowError">
      <![CDATA[java.lang.StackOverflowError
at com.tripgain.common.ExtantManager.getReportFilePath(ExtantManager.java:81)
at com.tripgain.common.ExtantManager.getReportFilePath(ExtantManager.java:81)
at com.tripgain.common.ExtantManager.getReportFilePath(ExtantManager.java:81)
at com.tripgain.common.ExtantManager.getReportFilePath(ExtantManager.java:81)
at com.tripgain.common.ExtantManager.getReportFilePath(ExtantManager.java:81)
at com.tripgain.common.ExtantManager.getReportFilePath(ExtantManager.java:81)
at com.tripgain.common.ExtantManager.getReportFilePath(ExtantManager.java:81)
at com.tripgain.common.ExtantManager.getReportFilePath(ExtantManager.java:81)
at com.tripgain.common.ExtantManager.getReportFilePath(ExtantManager.java:81)
at com.tripgain.common.ExtantManager.getReportFilePath(ExtantManager.java:81)
at com.tripgain.common.ExtantManager.getReportFilePath(ExtantManager.java:81)
at com.tripgain.common.ExtantManager.getReportFilePath(ExtantManager.java:81)
at com.tripgain.common.ExtantManager.getReportFilePath(ExtantManager.java:81)
at com.tripgain.common.ExtantManager.getReportFilePath(ExtantManager.java:81)
at com.tripgain.common.ExtantManager.getReportFilePath(ExtantManager.java:81)
at com.tripgain.common.ExtantManager.getReportFilePath(ExtantManager.java:81)
at com.tripgain.common.ExtantManager.getReportFilePath(ExtantManager.java:81)
at com.tripgain.common.ExtantManager.getReportFilePath(ExtantManager.java:81)
at com.tripgain.common.ExtantManager.getReportFilePath(ExtantManager.java:81)
at com.tripgain.common.ExtantManager.getReportFilePath(ExtantManager.java:81)
at com.tripgain.common.ExtantManager.getReportFilePath(ExtantManager.java:81)
at com.tripgain.common.ExtantManager.getReportFilePath(ExtantManager.java:81)
at com.tripgain.common.ExtantManager.getReportFilePath(ExtantManager.java:81)
at com.tripgain.common.ExtantManager.getReportFilePath(ExtantManager.java:81)
at com.tripgain.common.ExtantManager.getReportFilePath(ExtantManager.java:81)
at com.tripgain.common.ExtantManager.getReportFilePath(ExtantManager.java:81)
at com.tripgain.common.ExtantManager.getReportFilePath(ExtantManager.java:81)
at com.tripgain.common.ExtantManager.getReportFilePath(ExtantManager.java:81)
at com.tripgain.common.ExtantManager.getReportFilePath(ExtantManager.java:81)
at com.tripgain.common.ExtantManager.getReportFilePath(ExtantManager.java:81)
at com.tripgain.common.ExtantManager.getReportFilePath(ExtantManager.java:81)
at com.tripgain.common.ExtantManager.getReportFilePath(ExtantManager.java:81)
at com.tripgain.common.ExtantManager.getReportFilePath(ExtantManager.java:81)
at com.tripgain.common.ExtantManager.getReportFilePath(ExtantManager.java:81)
at com.tripgain.common.ExtantManager.getReportFilePath(ExtantManager.java:81)
at com.tripgain.common.ExtantManager.getReportFilePath(ExtantManager.java:81)
at com.tripgain.common.ExtantManager.getReportFilePath(ExtantManager.java:81)
at com.tripgain.common.ExtantManager.getReportFilePath(ExtantManager.java:81)
at com.tripgain.common.ExtantManager.getReportFilePath(ExtantManager.java:81)
at com.tripgain.common.ExtantManager.getReportFilePath(ExtantManager.java:81)
at com.tripgain.common.ExtantManager.getReportFilePath(ExtantManager.java:81)
at com.tripgain.common.ExtantManager.getReportFilePath(ExtantManager.java:81)
at com.tripgain.common.ExtantManager.getReportFilePath(ExtantManager.java:81)
at com.tripgain.common.ExtantManager.getReportFilePath(ExtantManager.java:81)
at com.tripgain.common.ExtantManager.getReportFilePath(ExtantManager.java:81)
at com.tripgain.common.ExtantManager.getReportFilePath(ExtantManager.java:81)
at com.tripgain.common.ExtantManager.getReportFilePath(ExtantManager.java:81)
at com.tripgain.common.ExtantManager.getReportFilePath(ExtantManager.java:81)
at com.tripgain.common.ExtantManager.getReportFilePath(ExtantManager.java:81)
at com.tripgain.common.ExtantManager.getReportFilePath(ExtantManager.java:81)
at com.tripgain.common.ExtantManager.getReportFilePath(ExtantManager.java:81)
at com.tripgain.common.ExtantManager.getReportFilePath(ExtantManager.java:81)
at com.tripgain.common.ExtantManager.getReportFilePath(ExtantManager.java:81)
at com.tripgain.common.ExtantManager.getReportFilePath(ExtantManager.java:81)
at com.tripgain.common.ExtantManager.getReportFilePath(ExtantManager.java:81)
at com.tripgain.common.ExtantManager.getReportFilePath(ExtantManager.java:81)
at com.tripgain.common.ExtantManager.getReportFilePath(ExtantManager.java:81)
at com.tripgain.common.ExtantManager.getReportFilePath(ExtantManager.java:81)
at com.tripgain.common.ExtantManager.getReportFilePath(ExtantManager.java:81)
at com.tripgain.common.ExtantManager.getReportFilePath(ExtantManager.java:81)
at com.tripgain.common.ExtantManager.getReportFilePath(ExtantManager.java:81)
at com.tripgain.common.ExtantManager.getReportFilePath(ExtantManager.java:81)
at com.tripgain.common.ExtantManager.getReportFilePath(ExtantManager.java:81)
at com.tripgain.common.ExtantManager.getReportFilePath(ExtantManager.java:81)
at com.tripgain.common.ExtantManager.getReportFilePath(ExtantManager.java:81)
at com.tripgain.common.ExtantManager.getReportFilePath(ExtantManager.java:81)
at com.tripgain.common.ExtantManager.getReportFilePath(ExtantManager.java:81)
at com.tripgain.common.ExtantManager.getReportFilePath(ExtantManager.java:81)
at com.tripgain.common.ExtantManager.getReportFilePath(ExtantManager.java:81)
at com.tripgain.common.ExtantManager.getReportFilePath(ExtantManager.java:81)
at com.tripgain.common.ExtantManager.getReportFilePath(ExtantManager.java:81)
at com.tripgain.common.ExtantManager.getReportFilePath(ExtantManager.java:81)
at com.tripgain.common.ExtantManager.getReportFilePath(ExtantManager.java:81)
at com.tripgain.common.ExtantManager.getReportFilePath(ExtantManager.java:81)
at com.tripgain.common.ExtantManager.getReportFilePath(ExtantManager.java:81)
at com.tripgain.common.ExtantManager.getReportFilePath(ExtantManager.java:81)
at com.tripgain.common.ExtantManager.getReportFilePath(ExtantManager.java:81)
at com.tripgain.common.ExtantManager.getReportFilePath(ExtantManager.java:81)
at com.tripgain.common.ExtantManager.getReportFilePath(ExtantManager.java:81)
at com.tripgain.common.ExtantManager.getReportFilePath(ExtantManager.java:81)
at com.tripgain.common.ExtantManager.getReportFilePath(ExtantManager.java:81)
at com.tripgain.common.ExtantManager.getReportFilePath(ExtantManager.java:81)
at com.tripgain.common.ExtantManager.getReportFilePath(ExtantManager.java:81)
at com.tripgain.common.ExtantManager.getReportFilePath(ExtantManager.java:81)
at com.tripgain.common.ExtantManager.getReportFilePath(ExtantManager.java:81)
at com.tripgain.common.ExtantManager.getReportFilePath(ExtantManager.java:81)
at com.tripgain.common.ExtantManager.getReportFilePath(ExtantManager.java:81)
at com.tripgain.common.ExtantManager.getReportFilePath(ExtantManager.java:81)
at com.tripgain.common.ExtantManager.getReportFilePath(ExtantManager.java:81)
at com.tripgain.common.ExtantManager.getReportFilePath(ExtantManager.java:81)
at com.tripgain.common.ExtantManager.getReportFilePath(ExtantManager.java:81)
at com.tripgain.common.ExtantManager.getReportFilePath(ExtantManager.java:81)
at com.tripgain.common.ExtantManager.getReportFilePath(ExtantManager.java:81)
at com.tripgain.common.ExtantManager.getReportFilePath(ExtantManager.java:81)
at com.tripgain.common.ExtantManager.getReportFilePath(ExtantManager.java:81)
at com.tripgain.common.ExtantManager.getReportFilePath(ExtantManager.java:81)
at com.tripgain.common.ExtantManager.getReportFilePath(ExtantManager.java:81)
at com.tripgain.common.ExtantManager.getReportFilePath(ExtantManager.java:81)
at com.tripgain.common.ExtantManager.getReportFilePath(ExtantManager.java:81)
at com.tripgain.common.ExtantManager.getReportFilePath(ExtantManager.java:81)
at com.tripgain.common.ExtantManager.getReportFilePath(ExtantManager.java:81)
at com.tripgain.common.ExtantManager.getReportFilePath(ExtantManager.java:81)
at com.tripgain.common.ExtantManager.getReportFilePath(ExtantManager.java:81)
at com.tripgain.common.ExtantManager.getReportFilePath(ExtantManager.java:81)
at com.tripgain.common.ExtantManager.getReportFilePath(ExtantManager.java:81)
at com.tripgain.common.ExtantManager.getReportFilePath(ExtantManager.java:81)
at com.tripgain.common.ExtantManager.getReportFilePath(ExtantManager.java:81)
at com.tripgain.common.ExtantManager.getReportFilePath(ExtantManager.java:81)
at com.tripgain.common.ExtantManager.getReportFilePath(ExtantManager.java:81)
at com.tripgain.common.ExtantManager.getReportFilePath(ExtantManager.java:81)
at com.tripgain.common.ExtantManager.getReportFilePath(ExtantManager.java:81)
at com.tripgain.common.ExtantManager.getReportFilePath(ExtantManager.java:81)
at com.tripgain.common.ExtantManager.getReportFilePath(ExtantManager.java:81)
at com.tripgain.common.ExtantManager.getReportFilePath(ExtantManager.java:81)
at com.tripgain.common.ExtantManager.getReportFilePath(ExtantManager.java:81)
at com.tripgain.common.ExtantManager.getReportFilePath(ExtantManager.java:81)
at com.tripgain.common.ExtantManager.getReportFilePath(ExtantManager.java:81)
at com.tripgain.common.ExtantManager.getReportFilePath(ExtantManager.java:81)
at com.tripgain.common.ExtantManager.getReportFilePath(ExtantManager.java:81)
at com.tripgain.common.ExtantManager.getReportFilePath(ExtantManager.java:81)
at com.tripgain.common.ExtantManager.getReportFilePath(ExtantManager.java:81)
at com.tripgain.common.ExtantManager.getReportFilePath(ExtantManager.java:81)
at com.tripgain.common.ExtantManager.getReportFilePath(ExtantManager.java:81)
at com.tripgain.common.ExtantManager.getReportFilePath(ExtantManager.java:81)
at com.tripgain.common.ExtantManager.getReportFilePath(ExtantManager.java:81)
at com.tripgain.common.ExtantManager.getReportFilePath(ExtantManager.java:81)
at com.tripgain.common.ExtantManager.getReportFilePath(ExtantManager.java:81)
at com.tripgain.common.ExtantManager.getReportFilePath(ExtantManager.java:81)
at com.tripgain.common.ExtantManager.getReportFilePath(ExtantManager.java:81)
at com.tripgain.common.ExtantManager.getReportFilePath(ExtantManager.java:81)
at com.tripgain.common.ExtantManager.getReportFilePath(ExtantManager.java:81)
at com.tripgain.common.ExtantManager.getReportFilePath(ExtantManager.java:81)
at com.tripgain.common.ExtantManager.getReportFilePath(ExtantManager.java:81)
at com.tripgain.common.ExtantManager.getReportFilePath(ExtantManager.java:81)
at com.tripgain.common.ExtantManager.getReportFilePath(ExtantManager.java:81)
at com.tripgain.common.ExtantManager.getReportFilePath(ExtantManager.java:81)
at com.tripgain.common.ExtantManager.getReportFilePath(ExtantManager.java:81)
at com.tripgain.common.ExtantManager.getReportFilePath(ExtantManager.java:81)
at com.tripgain.common.ExtantManager.getReportFilePath(ExtantManager.java:81)
at com.tripgain.common.ExtantManager.getReportFilePath(ExtantManager.java:81)
at com.tripgain.common.ExtantManager.getReportFilePath(ExtantManager.java:81)
at com.tripgain.common.ExtantManager.getReportFilePath(ExtantManager.java:81)
at com.tripgain.common.ExtantManager.getReportFilePath(ExtantManager.java:81)
at com.tripgain.common.ExtantManager.getReportFilePath(ExtantManager.java:81)
at com.tripgain.common.ExtantManager.getReportFilePath(ExtantManager.java:81)
at com.tripgain.common.ExtantManager.getReportFilePath(ExtantManager.java:81)
at com.tripgain.common.ExtantManager.getReportFilePath(ExtantManager.java:81)
at com.tripgain.common.ExtantManager.getReportFilePath(ExtantManager.java:81)
at com.tripgain.common.ExtantManager.getReportFilePath(ExtantManager.java:81)
at com.tripgain.common.ExtantManager.getReportFilePath(ExtantManager.java:81)
at com.tripgain.common.ExtantManager.getReportFilePath(ExtantManager.java:81)
at com.tripgain.common.ExtantManager.getReportFilePath(ExtantManager.java:81)
at com.tripgain.common.ExtantManager.getReportFilePath(ExtantManager.java:81)
at com.tripgain.common.ExtantManager.getReportFilePath(ExtantManager.java:81)
at com.tripgain.common.ExtantManager.getReportFilePath(ExtantManager.java:81)
at com.tripgain.common.ExtantManager.getReportFilePath(ExtantManager.java:81)
at com.tripgain.common.ExtantManager.getReportFilePath(ExtantManager.java:81)
at com.tripgain.common.ExtantManager.getReportFilePath(ExtantManager.java:81)
at com.tripgain.common.ExtantManager.getReportFilePath(ExtantManager.java:81)
at com.tripgain.common.ExtantManager.getReportFilePath(ExtantManager.java:81)
at com.tripgain.common.ExtantManager.getReportFilePath(ExtantManager.java:81)
at com.tripgain.common.ExtantManager.getReportFilePath(ExtantManager.java:81)
at com.tripgain.common.ExtantManager.getReportFilePath(ExtantManager.java:81)
at com.tripgain.common.ExtantManager.getReportFilePath(ExtantManager.java:81)
at com.tripgain.common.ExtantManager.getReportFilePath(ExtantManager.java:81)
at com.tripgain.common.ExtantManager.getReportFilePath(ExtantManager.java:81)
at com.tripgain.common.ExtantManager.getReportFilePath(ExtantManager.java:81)
at com.tripgain.common.ExtantManager.getReportFilePath(ExtantManager.java:81)
at com.tripgain.common.ExtantManager.getReportFilePath(ExtantManager.java:81)
at com.tripgain.common.ExtantManager.getReportFilePath(ExtantManager.java:81)
at com.tripgain.common.ExtantManager.getReportFilePath(ExtantManager.java:81)
at com.tripgain.common.ExtantManager.getReportFilePath(ExtantManager.java:81)
at com.tripgain.common.ExtantManager.getReportFilePath(ExtantManager.java:81)
at com.tripgain.common.ExtantManager.getReportFilePath(ExtantManager.java:81)
at com.tripgain.common.ExtantManager.getReportFilePath(ExtantManager.java:81)
at com.tripgain.common.ExtantManager.getReportFilePath(ExtantManager.java:81)
at com.tripgain.common.ExtantManager.getReportFilePath(ExtantManager.java:81)
at com.tripgain.common.ExtantManager.getReportFilePath(ExtantManager.java:81)
at com.tripgain.common.ExtantManager.getReportFilePath(ExtantManager.java:81)
at com.tripgain.common.ExtantManager.getReportFilePath(ExtantManager.java:81)
at com.tripgain.common.ExtantManager.getReportFilePath(ExtantManager.java:81)
at com.tripgain.common.ExtantManager.getReportFilePath(ExtantManager.java:81)
at com.tripgain.common.ExtantManager.getReportFilePath(ExtantManager.java:81)
at com.tripgain.common.ExtantManager.getReportFilePath(ExtantManager.java:81)
at com.tripgain.common.ExtantManager.getReportFilePath(ExtantManager.java:81)
at com.tripgain.common.ExtantManager.getReportFilePath(ExtantManager.java:81)
at com.tripgain.common.ExtantManager.getReportFilePath(ExtantManager.java:81)
at com.tripgain.common.ExtantManager.getReportFilePath(ExtantManager.java:81)
at com.tripgain.common.ExtantManager.getReportFilePath(ExtantManager.java:81)
at com.tripgain.common.ExtantManager.getReportFilePath(ExtantManager.java:81)
at com.tripgain.common.ExtantManager.getReportFilePath(ExtantManager.java:81)
at com.tripgain.common.ExtantManager.getReportFilePath(ExtantManager.java:81)
at com.tripgain.common.ExtantManager.getReportFilePath(ExtantManager.java:81)
at com.tripgain.common.ExtantManager.getReportFilePath(ExtantManager.java:81)
at com.tripgain.common.ExtantManager.getReportFilePath(ExtantManager.java:81)
at com.tripgain.common.ExtantManager.getReportFilePath(ExtantManager.java:81)
at com.tripgain.common.ExtantManager.getReportFilePath(ExtantManager.java:81)
at com.tripgain.common.ExtantManager.getReportFilePath(ExtantManager.java:81)
at com.tripgain.common.ExtantManager.getReportFilePath(ExtantManager.java:81)
at com.tripgain.common.ExtantManager.getReportFilePath(ExtantManager.java:81)
at com.tripgain.common.ExtantManager.getReportFilePath(ExtantManager.java:81)
at com.tripgain.common.ExtantManager.getReportFilePath(ExtantManager.java:81)
at com.tripgain.common.ExtantManager.getReportFilePath(ExtantManager.java:81)
at com.tripgain.common.ExtantManager.getReportFilePath(ExtantManager.java:81)
at com.tripgain.common.ExtantManager.getReportFilePath(ExtantManager.java:81)
at com.tripgain.common.ExtantManager.getReportFilePath(ExtantManager.java:81)
at com.tripgain.common.ExtantManager.getReportFilePath(ExtantManager.java:81)
at com.tripgain.common.ExtantManager.getReportFilePath(ExtantManager.java:81)
at com.tripgain.common.ExtantManager.getReportFilePath(ExtantManager.java:81)
at com.tripgain.common.ExtantManager.getReportFilePath(ExtantManager.java:81)
at com.tripgain.common.ExtantManager.getReportFilePath(ExtantManager.java:81)
at com.tripgain.common.ExtantManager.getReportFilePath(ExtantManager.java:81)
at com.tripgain.common.ExtantManager.getReportFilePath(ExtantManager.java:81)
at com.tripgain.common.ExtantManager.getReportFilePath(ExtantManager.java:81)
at com.tripgain.common.ExtantManager.getReportFilePath(ExtantManager.java:81)
at com.tripgain.common.ExtantManager.getReportFilePath(ExtantManager.java:81)
at com.tripgain.common.ExtantManager.getReportFilePath(ExtantManager.java:81)
at com.tripgain.common.ExtantManager.getReportFilePath(ExtantManager.java:81)
at com.tripgain.common.ExtantManager.getReportFilePath(ExtantManager.java:81)
at com.tripgain.common.ExtantManager.getReportFilePath(ExtantManager.java:81)
at com.tripgain.common.ExtantManager.getReportFilePath(ExtantManager.java:81)
at com.tripgain.common.ExtantManager.getReportFilePath(ExtantManager.java:81)
at com.tripgain.common.ExtantManager.getReportFilePath(ExtantManager.java:81)
at com.tripgain.common.ExtantManager.getReportFilePath(ExtantManager.java:81)
at com.tripgain.common.ExtantManager.getReportFilePath(ExtantManager.java:81)
at com.tripgain.common.ExtantManager.getReportFilePath(ExtantManager.java:81)
at com.tripgain.common.ExtantManager.getReportFilePath(ExtantManager.java:81)
at com.tripgain.common.ExtantManager.getReportFilePath(ExtantManager.java:81)
at com.tripgain.common.ExtantManager.getReportFilePath(ExtantManager.java:81)
at com.tripgain.common.ExtantManager.getReportFilePath(ExtantManager.java:81)
at com.tripgain.common.ExtantManager.getReportFilePath(ExtantManager.java:81)
at com.tripgain.common.ExtantManager.getReportFilePath(ExtantManager.java:81)
at com.tripgain.common.ExtantManager.getReportFilePath(ExtantManager.java:81)
at com.tripgain.common.ExtantManager.getReportFilePath(ExtantManager.java:81)
at com.tripgain.common.ExtantManager.getReportFilePath(ExtantManager.java:81)
at com.tripgain.common.ExtantManager.getReportFilePath(ExtantManager.java:81)
at com.tripgain.common.ExtantManager.getReportFilePath(ExtantManager.java:81)
at com.tripgain.common.ExtantManager.getReportFilePath(ExtantManager.java:81)
at com.tripgain.common.ExtantManager.getReportFilePath(ExtantManager.java:81)
at com.tripgain.common.ExtantManager.getReportFilePath(ExtantManager.java:81)
at com.tripgain.common.ExtantManager.getReportFilePath(ExtantManager.java:81)
at com.tripgain.common.ExtantManager.getReportFilePath(ExtantManager.java:81)
at com.tripgain.common.ExtantManager.getReportFilePath(ExtantManager.java:81)
at com.tripgain.common.ExtantManager.getReportFilePath(ExtantManager.java:81)
at com.tripgain.common.ExtantManager.getReportFilePath(ExtantManager.java:81)
at com.tripgain.common.ExtantManager.getReportFilePath(ExtantManager.java:81)
at com.tripgain.common.ExtantManager.getReportFilePath(ExtantManager.java:81)
at com.tripgain.common.ExtantManager.getReportFilePath(ExtantManager.java:81)
at com.tripgain.common.ExtantManager.getReportFilePath(ExtantManager.java:81)
at com.tripgain.common.ExtantManager.getReportFilePath(ExtantManager.java:81)
at com.tripgain.common.ExtantManager.getReportFilePath(ExtantManager.java:81)
at com.tripgain.common.ExtantManager.getReportFilePath(ExtantManager.java:81)
at com.tripgain.common.ExtantManager.getReportFilePath(ExtantManager.java:81)
at com.tripgain.common.ExtantManager.getReportFilePath(ExtantManager.java:81)
at com.tripgain.common.ExtantManager.getReportFilePath(ExtantManager.java:81)
at com.tripgain.common.ExtantManager.getReportFilePath(ExtantManager.java:81)
at com.tripgain.common.ExtantManager.getReportFilePath(ExtantManager.java:81)
at com.tripgain.common.ExtantManager.getReportFilePath(ExtantManager.java:81)
at com.tripgain.common.ExtantManager.getReportFilePath(ExtantManager.java:81)
at com.tripgain.common.ExtantManager.getReportFilePath(ExtantManager.java:81)
at com.tripgain.common.ExtantManager.getReportFilePath(ExtantManager.java:81)
at com.tripgain.common.ExtantManager.getReportFilePath(ExtantManager.java:81)
at com.tripgain.common.ExtantManager.getReportFilePath(ExtantManager.java:81)
at com.tripgain.common.ExtantManager.getReportFilePath(ExtantManager.java:81)
at com.tripgain.common.ExtantManager.getReportFilePath(ExtantManager.java:81)
at com.tripgain.common.ExtantManager.getReportFilePath(ExtantManager.java:81)
at com.tripgain.common.ExtantManager.getReportFilePath(ExtantManager.java:81)
at com.tripgain.common.ExtantManager.getReportFilePath(ExtantManager.java:81)
at com.tripgain.common.ExtantManager.getReportFilePath(ExtantManager.java:81)
at com.tripgain.common.ExtantManager.getReportFilePath(ExtantManager.java:81)
at com.tripgain.common.ExtantManager.getReportFilePath(ExtantManager.java:81)
at com.tripgain.common.ExtantManager.getReportFilePath(ExtantManager.java:81)
at com.tripgain.common.ExtantManager.getReportFilePath(ExtantManager.java:81)
at com.tripgain.common.ExtantManager.getReportFilePath(ExtantManager.java:81)
at com.tripgain.common.ExtantManager.getReportFilePath(ExtantManager.java:81)
at com.tripgain.common.ExtantManager.getReportFilePath(ExtantManager.java:81)
at com.tripgain.common.ExtantManager.getReportFilePath(ExtantManager.java:81)
at com.tripgain.common.ExtantManager.getReportFilePath(ExtantManager.java:81)
at com.tripgain.common.ExtantManager.getReportFilePath(ExtantManager.java:81)
at com.tripgain.common.ExtantManager.getReportFilePath(ExtantManager.java:81)
at com.tripgain.common.ExtantManager.getReportFilePath(ExtantManager.java:81)
at com.tripgain.common.ExtantManager.getReportFilePath(ExtantManager.java:81)
at com.tripgain.common.ExtantManager.getReportFilePath(ExtantManager.java:81)
at com.tripgain.common.ExtantManager.getReportFilePath(ExtantManager.java:81)
at com.tripgain.common.ExtantManager.getReportFilePath(ExtantManager.java:81)
at com.tripgain.common.ExtantManager.getReportFilePath(ExtantManager.java:81)
at com.tripgain.common.ExtantManager.getReportFilePath(ExtantManager.java:81)
at com.tripgain.common.ExtantManager.getReportFilePath(ExtantManager.java:81)
at com.tripgain.common.ExtantManager.getReportFilePath(ExtantManager.java:81)
at com.tripgain.common.ExtantManager.getReportFilePath(ExtantManager.java:81)
at com.tripgain.common.ExtantManager.getReportFilePath(ExtantManager.java:81)
at com.tripgain.common.ExtantManager.getReportFilePath(ExtantManager.java:81)
at com.tripgain.common.ExtantManager.getReportFilePath(ExtantManager.java:81)
at com.tripgain.common.ExtantManager.getReportFilePath(ExtantManager.java:81)
at com.tripgain.common.ExtantManager.getReportFilePath(ExtantManager.java:81)
at com.tripgain.common.ExtantManager.getReportFilePath(ExtantManager.java:81)
at com.tripgain.common.ExtantManager.getReportFilePath(ExtantManager.java:81)
at com.tripgain.common.ExtantManager.getReportFilePath(ExtantManager.java:81)
at com.tripgain.common.ExtantManager.getReportFilePath(ExtantManager.java:81)
at com.tripgain.common.ExtantManager.getReportFilePath(ExtantManager.java:81)
at com.tripgain.common.ExtantManager.getReportFilePath(ExtantManager.java:81)
at com.tripgain.common.ExtantManager.getReportFilePath(ExtantManager.java:81)
at com.tripgain.common.ExtantManager.getReportFilePath(ExtantManager.java:81)
at com.tripgain.common.ExtantManager.getReportFilePath(ExtantManager.java:81)
at com.tripgain.common.ExtantManager.getReportFilePath(ExtantManager.java:81)
at com.tripgain.common.ExtantManager.getReportFilePath(ExtantManager.java:81)
at com.tripgain.common.ExtantManager.getReportFilePath(ExtantManager.java:81)
at com.tripgain.common.ExtantManager.getReportFilePath(ExtantManager.java:81)
at com.tripgain.common.ExtantManager.getReportFilePath(ExtantManager.java:81)
at com.tripgain.common.ExtantManager.getReportFilePath(ExtantManager.java:81)
at com.tripgain.common.ExtantManager.getReportFilePath(ExtantManager.java:81)
at com.tripgain.common.ExtantManager.getReportFilePath(ExtantManager.java:81)
at com.tripgain.common.ExtantManager.getReportFilePath(ExtantManager.java:81)
at com.tripgain.common.ExtantManager.getReportFilePath(ExtantManager.java:81)
at com.tripgain.common.ExtantManager.getReportFilePath(ExtantManager.java:81)
at com.tripgain.common.ExtantManager.getReportFilePath(ExtantManager.java:81)
at com.tripgain.common.ExtantManager.getReportFilePath(ExtantManager.java:81)
at com.tripgain.common.ExtantManager.getReportFilePath(ExtantManager.java:81)
at com.tripgain.common.ExtantManager.getReportFilePath(ExtantManager.java:81)
at com.tripgain.common.ExtantManager.getReportFilePath(ExtantManager.java:81)
at com.tripgain.common.ExtantManager.getReportFilePath(ExtantManager.java:81)
at com.tripgain.common.ExtantManager.getReportFilePath(ExtantManager.java:81)
at com.tripgain.common.ExtantManager.getReportFilePath(ExtantManager.java:81)
at com.tripgain.common.ExtantManager.getReportFilePath(ExtantManager.java:81)
at com.tripgain.common.ExtantManager.getReportFilePath(ExtantManager.java:81)
at com.tripgain.common.ExtantManager.getReportFilePath(ExtantManager.java:81)
at com.tripgain.common.ExtantManager.getReportFilePath(ExtantManager.java:81)
at com.tripgain.common.ExtantManager.getReportFilePath(ExtantManager.java:81)
at com.tripgain.common.ExtantManager.getReportFilePath(ExtantManager.java:81)
at com.tripgain.common.ExtantManager.getReportFilePath(ExtantManager.java:81)
at com.tripgain.common.ExtantManager.getReportFilePath(ExtantManager.java:81)
at com.tripgain.common.ExtantManager.getReportFilePath(ExtantManager.java:81)
at com.tripgain.common.ExtantManager.getReportFilePath(ExtantManager.java:81)
at com.tripgain.common.ExtantManager.getReportFilePath(ExtantManager.java:81)
at com.tripgain.common.ExtantManager.getReportFilePath(ExtantManager.java:81)
at com.tripgain.common.ExtantManager.getReportFilePath(ExtantManager.java:81)
at com.tripgain.common.ExtantManager.getReportFilePath(ExtantManager.java:81)
at com.tripgain.common.ExtantManager.getReportFilePath(ExtantManager.java:81)
at com.tripgain.common.ExtantManager.getReportFilePath(ExtantManager.java:81)
at com.tripgain.common.ExtantManager.getReportFilePath(ExtantManager.java:81)
at com.tripgain.common.ExtantManager.getReportFilePath(ExtantManager.java:81)
at com.tripgain.common.ExtantManager.getReportFilePath(ExtantManager.java:81)
at com.tripgain.common.ExtantManager.getReportFilePath(ExtantManager.java:81)
at com.tripgain.common.ExtantManager.getReportFilePath(ExtantManager.java:81)
at com.tripgain.common.ExtantManager.getReportFilePath(ExtantManager.java:81)
at com.tripgain.common.ExtantManager.getReportFilePath(ExtantManager.java:81)
at com.tripgain.common.ExtantManager.getReportFilePath(ExtantManager.java:81)
at com.tripgain.common.ExtantManager.getReportFilePath(ExtantManager.java:81)
at com.tripgain.common.ExtantManager.getReportFilePath(ExtantManager.java:81)
at com.tripgain.common.ExtantManager.getReportFilePath(ExtantManager.java:81)
at com.tripgain.common.ExtantManager.getReportFilePath(ExtantManager.java:81)
at com.tripgain.common.ExtantManager.getReportFilePath(ExtantManager.java:81)
at com.tripgain.common.ExtantManager.getReportFilePath(ExtantManager.java:81)
at com.tripgain.common.ExtantManager.getReportFilePath(ExtantManager.java:81)
at com.tripgain.common.ExtantManager.getReportFilePath(ExtantManager.java:81)
at com.tripgain.common.ExtantManager.getReportFilePath(ExtantManager.java:81)
at com.tripgain.common.ExtantManager.getReportFilePath(ExtantManager.java:81)
at com.tripgain.common.ExtantManager.getReportFilePath(ExtantManager.java:81)
at com.tripgain.common.ExtantManager.getReportFilePath(ExtantManager.java:81)
at com.tripgain.common.ExtantManager.getReportFilePath(ExtantManager.java:81)
at com.tripgain.common.ExtantManager.getReportFilePath(ExtantManager.java:81)
at com.tripgain.common.ExtantManager.getReportFilePath(ExtantManager.java:81)
at com.tripgain.common.ExtantManager.getReportFilePath(ExtantManager.java:81)
at com.tripgain.common.ExtantManager.getReportFilePath(ExtantManager.java:81)
at com.tripgain.common.ExtantManager.getReportFilePath(ExtantManager.java:81)
at com.tripgain.common.ExtantManager.getReportFilePath(ExtantManager.java:81)
at com.tripgain.common.ExtantManager.getReportFilePath(ExtantManager.java:81)
at com.tripgain.common.ExtantManager.getReportFilePath(ExtantManager.java:81)
at com.tripgain.common.ExtantManager.getReportFilePath(ExtantManager.java:81)
at com.tripgain.common.ExtantManager.getReportFilePath(ExtantManager.java:81)
at com.tripgain.common.ExtantManager.getReportFilePath(ExtantManager.java:81)
at com.tripgain.common.ExtantManager.getReportFilePath(ExtantManager.java:81)
at com.tripgain.common.ExtantManager.getReportFilePath(ExtantManager.java:81)
at com.tripgain.common.ExtantManager.getReportFilePath(ExtantManager.java:81)
at com.tripgain.common.ExtantManager.getReportFilePath(ExtantManager.java:81)
at com.tripgain.common.ExtantManager.getReportFilePath(ExtantManager.java:81)
at com.tripgain.common.ExtantManager.getReportFilePath(ExtantManager.java:81)
at com.tripgain.common.ExtantManager.getReportFilePath(ExtantManager.java:81)
at com.tripgain.common.ExtantManager.getReportFilePath(ExtantManager.java:81)
at com.tripgain.common.ExtantManager.getReportFilePath(ExtantManager.java:81)
at com.tripgain.common.ExtantManager.getReportFilePath(ExtantManager.java:81)
at com.tripgain.common.ExtantManager.getReportFilePath(ExtantManager.java:81)
at com.tripgain.common.ExtantManager.getReportFilePath(ExtantManager.java:81)
at com.tripgain.common.ExtantManager.getReportFilePath(ExtantManager.java:81)
at com.tripgain.common.ExtantManager.getReportFilePath(ExtantManager.java:81)
at com.tripgain.common.ExtantManager.getReportFilePath(ExtantManager.java:81)
at com.tripgain.common.ExtantManager.getReportFilePath(ExtantManager.java:81)
at com.tripgain.common.ExtantManager.getReportFilePath(ExtantManager.java:81)
at com.tripgain.common.ExtantManager.getReportFilePath(ExtantManager.java:81)
at com.tripgain.common.ExtantManager.getReportFilePath(ExtantManager.java:81)
at com.tripgain.common.ExtantManager.getReportFilePath(ExtantManager.java:81)
at com.tripgain.common.ExtantManager.getReportFilePath(ExtantManager.java:81)
at com.tripgain.common.ExtantManager.getReportFilePath(ExtantManager.java:81)
at com.tripgain.common.ExtantManager.getReportFilePath(ExtantManager.java:81)
at com.tripgain.common.ExtantManager.getReportFilePath(ExtantManager.java:81)
at com.tripgain.common.ExtantManager.getReportFilePath(ExtantManager.java:81)
at com.tripgain.common.ExtantManager.getReportFilePath(ExtantManager.java:81)
at com.tripgain.common.ExtantManager.getReportFilePath(ExtantManager.java:81)
at com.tripgain.common.ExtantManager.getReportFilePath(ExtantManager.java:81)
at com.tripgain.common.ExtantManager.getReportFilePath(ExtantManager.java:81)
at com.tripgain.common.ExtantManager.getReportFilePath(ExtantManager.java:81)
at com.tripgain.common.ExtantManager.getReportFilePath(ExtantManager.java:81)
at com.tripgain.common.ExtantManager.getReportFilePath(ExtantManager.java:81)
at com.tripgain.common.ExtantManager.getReportFilePath(ExtantManager.java:81)
at com.tripgain.common.ExtantManager.getReportFilePath(ExtantManager.java:81)
at com.tripgain.common.ExtantManager.getReportFilePath(ExtantManager.java:81)
at com.tripgain.common.ExtantManager.getReportFilePath(ExtantManager.java:81)
at com.tripgain.common.ExtantManager.getReportFilePath(ExtantManager.java:81)
at com.tripgain.common.ExtantManager.getReportFilePath(ExtantManager.java:81)
at com.tripgain.common.ExtantManager.getReportFilePath(ExtantManager.java:81)
at com.tripgain.common.ExtantManager.getReportFilePath(ExtantManager.java:81)
at com.tripgain.common.ExtantManager.getReportFilePath(ExtantManager.java:81)
at com.tripgain.common.ExtantManager.getReportFilePath(ExtantManager.java:81)
at com.tripgain.common.ExtantManager.getReportFilePath(ExtantManager.java:81)
at com.tripgain.common.ExtantManager.getReportFilePath(ExtantManager.java:81)
at com.tripgain.common.ExtantManager.getReportFilePath(ExtantManager.java:81)
at com.tripgain.common.ExtantManager.getReportFilePath(ExtantManager.java:81)
at com.tripgain.common.ExtantManager.getReportFilePath(ExtantManager.java:81)
at com.tripgain.common.ExtantManager.getReportFilePath(ExtantManager.java:81)
at com.tripgain.common.ExtantManager.getReportFilePath(ExtantManager.java:81)
at com.tripgain.common.ExtantManager.getReportFilePath(ExtantManager.java:81)
at com.tripgain.common.ExtantManager.getReportFilePath(ExtantManager.java:81)
at com.tripgain.common.ExtantManager.getReportFilePath(ExtantManager.java:81)
at com.tripgain.common.ExtantManager.getReportFilePath(ExtantManager.java:81)
at com.tripgain.common.ExtantManager.getReportFilePath(ExtantManager.java:81)
at com.tripgain.common.ExtantManager.getReportFilePath(ExtantManager.java:81)
at com.tripgain.common.ExtantManager.getReportFilePath(ExtantManager.java:81)
at com.tripgain.common.ExtantManager.getReportFilePath(ExtantManager.java:81)
at com.tripgain.common.ExtantManager.getReportFilePath(ExtantManager.java:81)
at com.tripgain.common.ExtantManager.getReportFilePath(ExtantManager.java:81)
at com.tripgain.common.ExtantManager.getReportFilePath(ExtantManager.java:81)
at com.tripgain.common.ExtantManager.getReportFilePath(ExtantManager.java:81)
at com.tripgain.common.ExtantManager.getReportFilePath(ExtantManager.java:81)
at com.tripgain.common.ExtantManager.getReportFilePath(ExtantManager.java:81)
at com.tripgain.common.ExtantManager.getReportFilePath(ExtantManager.java:81)
at com.tripgain.common.ExtantManager.getReportFilePath(ExtantManager.java:81)
at com.tripgain.common.ExtantManager.getReportFilePath(ExtantManager.java:81)
at com.tripgain.common.ExtantManager.getReportFilePath(ExtantManager.java:81)
at com.tripgain.common.ExtantManager.getReportFilePath(ExtantManager.java:81)
at com.tripgain.common.ExtantManager.getReportFilePath(ExtantManager.java:81)
at com.tripgain.common.ExtantManager.getReportFilePath(ExtantManager.java:81)
at com.tripgain.common.ExtantManager.getReportFilePath(ExtantManager.java:81)
at com.tripgain.common.ExtantManager.getReportFilePath(ExtantManager.java:81)
at com.tripgain.common.ExtantManager.getReportFilePath(ExtantManager.java:81)
at com.tripgain.common.ExtantManager.getReportFilePath(ExtantManager.java:81)
at com.tripgain.common.ExtantManager.getReportFilePath(ExtantManager.java:81)
at com.tripgain.common.ExtantManager.getReportFilePath(ExtantManager.java:81)
at com.tripgain.common.ExtantManager.getReportFilePath(ExtantManager.java:81)
at com.tripgain.common.ExtantManager.getReportFilePath(ExtantManager.java:81)
at com.tripgain.common.ExtantManager.getReportFilePath(ExtantManager.java:81)
at com.tripgain.common.ExtantManager.getReportFilePath(ExtantManager.java:81)
at com.tripgain.common.ExtantManager.getReportFilePath(ExtantManager.java:81)
at com.tripgain.common.ExtantManager.getReportFilePath(ExtantManager.java:81)
at com.tripgain.common.ExtantManager.getReportFilePath(ExtantManager.java:81)
at com.tripgain.common.ExtantManager.getReportFilePath(ExtantManager.java:81)
at com.tripgain.common.ExtantManager.getReportFilePath(ExtantManager.java:81)
at com.tripgain.common.ExtantManager.getReportFilePath(ExtantManager.java:81)
at com.tripgain.common.ExtantManager.getReportFilePath(ExtantManager.java:81)
at com.tripgain.common.ExtantManager.getReportFilePath(ExtantManager.java:81)
at com.tripgain.common.ExtantManager.getReportFilePath(ExtantManager.java:81)
at com.tripgain.common.ExtantManager.getReportFilePath(ExtantManager.java:81)
at com.tripgain.common.ExtantManager.getReportFilePath(ExtantManager.java:81)
at com.tripgain.common.ExtantManager.getReportFilePath(ExtantManager.java:81)
at com.tripgain.common.ExtantManager.getReportFilePath(ExtantManager.java:81)
at com.tripgain.common.ExtantManager.getReportFilePath(ExtantManager.java:81)
at com.tripgain.common.ExtantManager.getReportFilePath(ExtantManager.java:81)
at com.tripgain.common.ExtantManager.getReportFilePath(ExtantManager.java:81)
at com.tripgain.common.ExtantManager.getReportFilePath(ExtantManager.java:81)
at com.tripgain.common.ExtantManager.getReportFilePath(ExtantManager.java:81)
at com.tripgain.common.ExtantManager.getReportFilePath(ExtantManager.java:81)
at com.tripgain.common.ExtantManager.getReportFilePath(ExtantManager.java:81)
at com.tripgain.common.ExtantManager.getReportFilePath(ExtantManager.java:81)
at com.tripgain.common.ExtantManager.getReportFilePath(ExtantManager.java:81)
at com.tripgain.common.ExtantManager.getReportFilePath(ExtantManager.java:81)
at com.tripgain.common.ExtantManager.getReportFilePath(ExtantManager.java:81)
at com.tripgain.common.ExtantManager.getReportFilePath(ExtantManager.java:81)
at com.tripgain.common.ExtantManager.getReportFilePath(ExtantManager.java:81)
at com.tripgain.common.ExtantManager.getReportFilePath(ExtantManager.java:81)
at com.tripgain.common.ExtantManager.getReportFilePath(ExtantManager.java:81)
at com.tripgain.common.ExtantManager.getReportFilePath(ExtantManager.java:81)
at com.tripgain.common.ExtantManager.getReportFilePath(ExtantManager.java:81)
at com.tripgain.common.ExtantManager.getReportFilePath(ExtantManager.java:81)
at com.tripgain.common.ExtantManager.getReportFilePath(ExtantManager.java:81)
at com.tripgain.common.ExtantManager.getReportFilePath(ExtantManager.java:81)
at com.tripgain.common.ExtantManager.getReportFilePath(ExtantManager.java:81)
at com.tripgain.common.ExtantManager.getReportFilePath(ExtantManager.java:81)
at com.tripgain.common.ExtantManager.getReportFilePath(ExtantManager.java:81)
at com.tripgain.common.ExtantManager.getReportFilePath(ExtantManager.java:81)
at com.tripgain.common.ExtantManager.getReportFilePath(ExtantManager.java:81)
at com.tripgain.common.ExtantManager.getReportFilePath(ExtantManager.java:81)
at com.tripgain.common.ExtantManager.getReportFilePath(ExtantManager.java:81)
at com.tripgain.common.ExtantManager.getReportFilePath(ExtantManager.java:81)
at com.tripgain.common.ExtantManager.getReportFilePath(ExtantManager.java:81)
at com.tripgain.common.ExtantManager.getReportFilePath(ExtantManager.java:81)
at com.tripgain.common.ExtantManager.getReportFilePath(ExtantManager.java:81)
at com.tripgain.common.ExtantManager.getReportFilePath(ExtantManager.java:81)
at com.tripgain.common.ExtantManager.getReportFilePath(ExtantManager.java:81)
at com.tripgain.common.ExtantManager.getReportFilePath(ExtantManager.java:81)
at com.tripgain.common.ExtantManager.getReportFilePath(ExtantManager.java:81)
at com.tripgain.common.ExtantManager.getReportFilePath(ExtantManager.java:81)
at com.tripgain.common.ExtantManager.getReportFilePath(ExtantManager.java:81)
at com.tripgain.common.ExtantManager.getReportFilePath(ExtantManager.java:81)
at com.tripgain.common.ExtantManager.getReportFilePath(ExtantManager.java:81)
at com.tripgain.common.ExtantManager.getReportFilePath(ExtantManager.java:81)
at com.tripgain.common.ExtantManager.getReportFilePath(ExtantManager.java:81)
at com.tripgain.common.ExtantManager.getReportFilePath(ExtantManager.java:81)
at com.tripgain.common.ExtantManager.getReportFilePath(ExtantManager.java:81)
at com.tripgain.common.ExtantManager.getReportFilePath(ExtantManager.java:81)
at com.tripgain.common.ExtantManager.getReportFilePath(ExtantManager.java:81)
at com.tripgain.common.ExtantManager.getReportFilePath(ExtantManager.java:81)
at com.tripgain.common.ExtantManager.getReportFilePath(ExtantManager.java:81)
at com.tripgain.common.ExtantManager.getReportFilePath(ExtantManager.java:81)
at com.tripgain.common.ExtantManager.getReportFilePath(ExtantManager.java:81)
at com.tripgain.common.ExtantManager.getReportFilePath(ExtantManager.java:81)
at com.tripgain.common.ExtantManager.getReportFilePath(ExtantManager.java:81)
at com.tripgain.common.ExtantManager.getReportFilePath(ExtantManager.java:81)
at com.tripgain.common.ExtantManager.getReportFilePath(ExtantManager.java:81)
at com.tripgain.common.ExtantManager.getReportFilePath(ExtantManager.java:81)
at com.tripgain.common.ExtantManager.getReportFilePath(ExtantManager.java:81)
at com.tripgain.common.ExtantManager.getReportFilePath(ExtantManager.java:81)
at com.tripgain.common.ExtantManager.getReportFilePath(ExtantManager.java:81)
at com.tripgain.common.ExtantManager.getReportFilePath(ExtantManager.java:81)
at com.tripgain.common.ExtantManager.getReportFilePath(ExtantManager.java:81)
at com.tripgain.common.ExtantManager.getReportFilePath(ExtantManager.java:81)
at com.tripgain.common.ExtantManager.getReportFilePath(ExtantManager.java:81)
at com.tripgain.common.ExtantManager.getReportFilePath(ExtantManager.java:81)
at com.tripgain.common.ExtantManager.getReportFilePath(ExtantManager.java:81)
at com.tripgain.common.ExtantManager.getReportFilePath(ExtantManager.java:81)
at com.tripgain.common.ExtantManager.getReportFilePath(ExtantManager.java:81)
at com.tripgain.common.ExtantManager.getReportFilePath(ExtantManager.java:81)
at com.tripgain.common.ExtantManager.getReportFilePath(ExtantManager.java:81)
at com.tripgain.common.ExtantManager.getReportFilePath(ExtantManager.java:81)
at com.tripgain.common.ExtantManager.getReportFilePath(ExtantManager.java:81)
at com.tripgain.common.ExtantManager.getReportFilePath(ExtantManager.java:81)
at com.tripgain.common.ExtantManager.getReportFilePath(ExtantManager.java:81)
at com.tripgain.common.ExtantManager.getReportFilePath(ExtantManager.java:81)
at com.tripgain.common.ExtantManager.getReportFilePath(ExtantManager.java:81)
at com.tripgain.common.ExtantManager.getReportFilePath(ExtantManager.java:81)
at com.tripgain.common.ExtantManager.getReportFilePath(ExtantManager.java:81)
at com.tripgain.common.ExtantManager.getReportFilePath(ExtantManager.java:81)
at com.tripgain.common.ExtantManager.getReportFilePath(ExtantManager.java:81)
at com.tripgain.common.ExtantManager.getReportFilePath(ExtantManager.java:81)
at com.tripgain.common.ExtantManager.getReportFilePath(ExtantManager.java:81)
at com.tripgain.common.ExtantManager.getReportFilePath(ExtantManager.java:81)
at com.tripgain.common.ExtantManager.getReportFilePath(ExtantManager.java:81)
at com.tripgain.common.ExtantManager.getReportFilePath(ExtantManager.java:81)
at com.tripgain.common.ExtantManager.getReportFilePath(ExtantManager.java:81)
at com.tripgain.common.ExtantManager.getReportFilePath(ExtantManager.java:81)
at com.tripgain.common.ExtantManager.getReportFilePath(ExtantManager.java:81)
at com.tripgain.common.ExtantManager.getReportFilePath(ExtantManager.java:81)
at com.tripgain.common.ExtantManager.getReportFilePath(ExtantManager.java:81)
at com.tripgain.common.ExtantManager.getReportFilePath(ExtantManager.java:81)
at com.tripgain.common.ExtantManager.getReportFilePath(ExtantManager.java:81)
at com.tripgain.common.ExtantManager.getReportFilePath(ExtantManager.java:81)
at com.tripgain.common.ExtantManager.getReportFilePath(ExtantManager.java:81)
at com.tripgain.common.ExtantManager.getReportFilePath(ExtantManager.java:81)
at com.tripgain.common.ExtantManager.getReportFilePath(ExtantManager.java:81)
at com.tripgain.common.ExtantManager.getReportFilePath(ExtantManager.java:81)
at com.tripgain.common.ExtantManager.getReportFilePath(ExtantManager.java:81)
at com.tripgain.common.ExtantManager.getReportFilePath(ExtantManager.java:81)
at com.tripgain.common.ExtantManager.getReportFilePath(ExtantManager.java:81)
at com.tripgain.common.ExtantManager.getReportFilePath(ExtantManager.java:81)
at com.tripgain.common.ExtantManager.getReportFilePath(ExtantManager.java:81)
at com.tripgain.common.ExtantManager.getReportFilePath(ExtantManager.java:81)
at com.tripgain.common.ExtantManager.getReportFilePath(ExtantManager.java:81)
at com.tripgain.common.ExtantManager.getReportFilePath(ExtantManager.java:81)
at com.tripgain.common.ExtantManager.getReportFilePath(ExtantManager.java:81)
at com.tripgain.common.ExtantManager.getReportFilePath(ExtantManager.java:81)
at com.tripgain.common.ExtantManager.getReportFilePath(ExtantManager.java:81)
at com.tripgain.common.ExtantManager.getReportFilePath(ExtantManager.java:81)
at com.tripgain.common.ExtantManager.getReportFilePath(ExtantManager.java:81)
at com.tripgain.common.ExtantManager.getReportFilePath(ExtantManager.java:81)
at com.tripgain.common.ExtantManager.getReportFilePath(ExtantManager.java:81)
at com.tripgain.common.ExtantManager.getReportFilePath(ExtantManager.java:81)
at com.tripgain.common.ExtantManager.getReportFilePath(ExtantManager.java:81)
at com.tripgain.common.ExtantManager.getReportFilePath(ExtantManager.java:81)
at com.tripgain.common.ExtantManager.getReportFilePath(ExtantManager.java:81)
at com.tripgain.common.ExtantManager.getReportFilePath(ExtantManager.java:81)
at com.tripgain.common.ExtantManager.getReportFilePath(ExtantManager.java:81)
at com.tripgain.common.ExtantManager.getReportFilePath(ExtantManager.java:81)
at com.tripgain.common.ExtantManager.getReportFilePath(ExtantManager.java:81)
at com.tripgain.common.ExtantManager.getReportFilePath(ExtantManager.java:81)
at com.tripgain.common.ExtantManager.getReportFilePath(ExtantManager.java:81)
at com.tripgain.common.ExtantManager.getReportFilePath(ExtantManager.java:81)
at com.tripgain.common.ExtantManager.getReportFilePath(ExtantManager.java:81)
at com.tripgain.common.ExtantManager.getReportFilePath(ExtantManager.java:81)
at com.tripgain.common.ExtantManager.getReportFilePath(ExtantManager.java:81)
at com.tripgain.common.ExtantManager.getReportFilePath(ExtantManager.java:81)
at com.tripgain.common.ExtantManager.getReportFilePath(ExtantManager.java:81)
at com.tripgain.common.ExtantManager.getReportFilePath(ExtantManager.java:81)
at com.tripgain.common.ExtantManager.getReportFilePath(ExtantManager.java:81)
at com.tripgain.common.ExtantManager.getReportFilePath(ExtantManager.java:81)
at com.tripgain.common.ExtantManager.getReportFilePath(ExtantManager.java:81)
at com.tripgain.common.ExtantManager.getReportFilePath(ExtantManager.java:81)
at com.tripgain.common.ExtantManager.getReportFilePath(ExtantManager.java:81)
at com.tripgain.common.ExtantManager.getReportFilePath(ExtantManager.java:81)
at com.tripgain.common.ExtantManager.getReportFilePath(ExtantManager.java:81)
at com.tripgain.common.ExtantManager.getReportFilePath(ExtantManager.java:81)
at com.tripgain.common.ExtantManager.getReportFilePath(ExtantManager.java:81)
at com.tripgain.common.ExtantManager.getReportFilePath(ExtantManager.java:81)
at com.tripgain.common.ExtantManager.getReportFilePath(ExtantManager.java:81)
at com.tripgain.common.ExtantManager.getReportFilePath(ExtantManager.java:81)
at com.tripgain.common.ExtantManager.getReportFilePath(ExtantManager.java:81)
at com.tripgain.common.ExtantManager.getReportFilePath(ExtantManager.java:81)
at com.tripgain.common.ExtantManager.getReportFilePath(ExtantManager.java:81)
at com.tripgain.common.ExtantManager.getReportFilePath(ExtantManager.java:81)
at com.tripgain.common.ExtantManager.getReportFilePath(ExtantManager.java:81)
at com.tripgain.common.ExtantManager.getReportFilePath(ExtantManager.java:81)
at com.tripgain.common.ExtantManager.getReportFilePath(ExtantManager.java:81)
at com.tripgain.common.ExtantManager.getReportFilePath(ExtantManager.java:81)
at com.tripgain.common.ExtantManager.getReportFilePath(ExtantManager.java:81)
at com.tripgain.common.ExtantManager.getReportFilePath(ExtantManager.java:81)
at com.tripgain.common.ExtantManager.getReportFilePath(ExtantManager.java:81)
at com.tripgain.common.ExtantManager.getReportFilePath(ExtantManager.java:81)
at com.tripgain.common.ExtantManager.getReportFilePath(ExtantManager.java:81)
at com.tripgain.common.ExtantManager.getReportFilePath(ExtantManager.java:81)
at com.tripgain.common.ExtantManager.getReportFilePath(ExtantManager.java:81)
at com.tripgain.common.ExtantManager.getReportFilePath(ExtantManager.java:81)
at com.tripgain.common.ExtantManager.getReportFilePath(ExtantManager.java:81)
at com.tripgain.common.ExtantManager.getReportFilePath(ExtantManager.java:81)
at com.tripgain.common.ExtantManager.getReportFilePath(ExtantManager.java:81)
at com.tripgain.common.ExtantManager.getReportFilePath(ExtantManager.java:81)
at com.tripgain.common.ExtantManager.getReportFilePath(ExtantManager.java:81)
at com.tripgain.common.ExtantManager.getReportFilePath(ExtantManager.java:81)
at com.tripgain.common.ExtantManager.getReportFilePath(ExtantManager.java:81)
at com.tripgain.common.ExtantManager.getReportFilePath(ExtantManager.java:81)
at com.tripgain.common.ExtantManager.getReportFilePath(ExtantManager.java:81)
at com.tripgain.common.ExtantManager.getReportFilePath(ExtantManager.java:81)
at com.tripgain.common.ExtantManager.getReportFilePath(ExtantManager.java:81)
at com.tripgain.common.ExtantManager.getReportFilePath(ExtantManager.java:81)
at com.tripgain.common.ExtantManager.getReportFilePath(ExtantManager.java:81)
at com.tripgain.common.ExtantManager.getReportFilePath(ExtantManager.java:81)
at com.tripgain.common.ExtantManager.getReportFilePath(ExtantManager.java:81)
at com.tripgain.common.ExtantManager.getReportFilePath(ExtantManager.java:81)
at com.tripgain.common.ExtantManager.getReportFilePath(ExtantManager.java:81)
at com.tripgain.common.ExtantManager.getReportFilePath(ExtantManager.java:81)
at com.tripgain.common.ExtantManager.getReportFilePath(ExtantManager.java:81)
at com.tripgain.common.ExtantManager.getReportFilePath(ExtantManager.java:81)
at com.tripgain.common.ExtantManager.getReportFilePath(ExtantManager.java:81)
at com.tripgain.common.ExtantManager.getReportFilePath(ExtantManager.java:81)
at com.tripgain.common.ExtantManager.getReportFilePath(ExtantManager.java:81)
at com.tripgain.common.ExtantManager.getReportFilePath(ExtantManager.java:81)
at com.tripgain.common.ExtantManager.getReportFilePath(ExtantManager.java:81)
at com.tripgain.common.ExtantManager.getReportFilePath(ExtantManager.java:81)
at com.tripgain.common.ExtantManager.getReportFilePath(ExtantManager.java:81)
at com.tripgain.common.ExtantManager.getReportFilePath(ExtantManager.java:81)
at com.tripgain.common.ExtantManager.getReportFilePath(ExtantManager.java:81)
at com.tripgain.common.ExtantManager.getReportFilePath(ExtantManager.java:81)
at com.tripgain.common.ExtantManager.getReportFilePath(ExtantManager.java:81)
at com.tripgain.common.ExtantManager.getReportFilePath(ExtantManager.java:81)
at com.tripgain.common.ExtantManager.getReportFilePath(ExtantManager.java:81)
at com.tripgain.common.ExtantManager.getReportFilePath(ExtantManager.java:81)
at com.tripgain.common.ExtantManager.getReportFilePath(ExtantManager.java:81)
at com.tripgain.common.ExtantManager.getReportFilePath(ExtantManager.java:81)
at com.tripgain.common.ExtantManager.getReportFilePath(ExtantManager.java:81)
at com.tripgain.common.ExtantManager.getReportFilePath(ExtantManager.java:81)
at com.tripgain.common.ExtantManager.getReportFilePath(ExtantManager.java:81)
at com.tripgain.common.ExtantManager.getReportFilePath(ExtantManager.java:81)
at com.tripgain.common.ExtantManager.getReportFilePath(ExtantManager.java:81)
at com.tripgain.common.ExtantManager.getReportFilePath(ExtantManager.java:81)
at com.tripgain.common.ExtantManager.getReportFilePath(ExtantManager.java:81)
at com.tripgain.common.ExtantManager.getReportFilePath(ExtantManager.java:81)
at com.tripgain.common.ExtantManager.getReportFilePath(ExtantManager.java:81)
at com.tripgain.common.ExtantManager.getReportFilePath(ExtantManager.java:81)
at com.tripgain.common.ExtantManager.getReportFilePath(ExtantManager.java:81)
at com.tripgain.common.ExtantManager.getReportFilePath(ExtantManager.java:81)
at com.tripgain.common.ExtantManager.getReportFilePath(ExtantManager.java:81)
at com.tripgain.common.ExtantManager.getReportFilePath(ExtantManager.java:81)
at com.tripgain.common.ExtantManager.getReportFilePath(ExtantManager.java:81)
at com.tripgain.common.ExtantManager.getReportFilePath(ExtantManager.java:81)
at com.tripgain.common.ExtantManager.getReportFilePath(ExtantManager.java:81)
at com.tripgain.common.ExtantManager.getReportFilePath(ExtantManager.java:81)
at com.tripgain.common.ExtantManager.getReportFilePath(ExtantManager.java:81)
at com.tripgain.common.ExtantManager.getReportFilePath(ExtantManager.java:81)
at com.tripgain.common.ExtantManager.getReportFilePath(ExtantManager.java:81)
at com.tripgain.common.ExtantManager.getReportFilePath(ExtantManager.java:81)
at com.tripgain.common.ExtantManager.getReportFilePath(ExtantManager.java:81)
at com.tripgain.common.ExtantManager.getReportFilePath(ExtantManager.java:81)
at com.tripgain.common.ExtantManager.getReportFilePath(ExtantManager.java:81)
at com.tripgain.common.ExtantManager.getReportFilePath(ExtantManager.java:81)
at com.tripgain.common.ExtantManager.getReportFilePath(ExtantManager.java:81)
at com.tripgain.common.ExtantManager.getReportFilePath(ExtantManager.java:81)
at com.tripgain.common.ExtantManager.getReportFilePath(ExtantManager.java:81)
at com.tripgain.common.ExtantManager.getReportFilePath(ExtantManager.java:81)
at com.tripgain.common.ExtantManager.getReportFilePath(ExtantManager.java:81)
at com.tripgain.common.ExtantManager.getReportFilePath(ExtantManager.java:81)
at com.tripgain.common.ExtantManager.getReportFilePath(ExtantManager.java:81)
at com.tripgain.common.ExtantManager.getReportFilePath(ExtantManager.java:81)
at com.tripgain.common.ExtantManager.getReportFilePath(ExtantManager.java:81)
at com.tripgain.common.ExtantManager.getReportFilePath(ExtantManager.java:81)
at com.tripgain.common.ExtantManager.getReportFilePath(ExtantManager.java:81)
at com.tripgain.common.ExtantManager.getReportFilePath(ExtantManager.java:81)
at com.tripgain.common.ExtantManager.getReportFilePath(ExtantManager.java:81)
at com.tripgain.common.ExtantManager.getReportFilePath(ExtantManager.java:81)
at com.tripgain.common.ExtantManager.getReportFilePath(ExtantManager.java:81)
at com.tripgain.common.ExtantManager.getReportFilePath(ExtantManager.java:81)
at com.tripgain.common.ExtantManager.getReportFilePath(ExtantManager.java:81)
at com.tripgain.common.ExtantManager.getReportFilePath(ExtantManager.java:81)
at com.tripgain.common.ExtantManager.getReportFilePath(ExtantManager.java:81)
at com.tripgain.common.ExtantManager.getReportFilePath(ExtantManager.java:81)
at com.tripgain.common.ExtantManager.getReportFilePath(ExtantManager.java:81)
at com.tripgain.common.ExtantManager.getReportFilePath(ExtantManager.java:81)
at com.tripgain.common.ExtantManager.getReportFilePath(ExtantManager.java:81)
at com.tripgain.common.ExtantManager.getReportFilePath(ExtantManager.java:81)
at com.tripgain.common.ExtantManager.getReportFilePath(ExtantManager.java:81)
at com.tripgain.common.ExtantManager.getReportFilePath(ExtantManager.java:81)
at com.tripgain.common.ExtantManager.getReportFilePath(ExtantManager.java:81)
at com.tripgain.common.ExtantManager.getReportFilePath(ExtantManager.java:81)
at com.tripgain.common.ExtantManager.getReportFilePath(ExtantManager.java:81)
at com.tripgain.common.ExtantManager.getReportFilePath(ExtantManager.java:81)
at com.tripgain.common.ExtantManager.getReportFilePath(ExtantManager.java:81)
at com.tripgain.common.ExtantManager.getReportFilePath(ExtantManager.java:81)
at com.tripgain.common.ExtantManager.getReportFilePath(ExtantManager.java:81)
at com.tripgain.common.ExtantManager.getReportFilePath(ExtantManager.java:81)
at com.tripgain.common.ExtantManager.getReportFilePath(ExtantManager.java:81)
at com.tripgain.common.ExtantManager.getReportFilePath(ExtantManager.java:81)
at com.tripgain.common.ExtantManager.getReportFilePath(ExtantManager.java:81)
at com.tripgain.common.ExtantManager.getReportFilePath(ExtantManager.java:81)
at com.tripgain.common.ExtantManager.getReportFilePath(ExtantManager.java:81)
at com.tripgain.common.ExtantManager.getReportFilePath(ExtantManager.java:81)
at com.tripgain.common.ExtantManager.getReportFilePath(ExtantManager.java:81)
at com.tripgain.common.ExtantManager.getReportFilePath(ExtantManager.java:81)
at com.tripgain.common.ExtantManager.getReportFilePath(ExtantManager.java:81)
at com.tripgain.common.ExtantManager.getReportFilePath(ExtantManager.java:81)
at com.tripgain.common.ExtantManager.getReportFilePath(ExtantManager.java:81)
at com.tripgain.common.ExtantManager.getReportFilePath(ExtantManager.java:81)
at com.tripgain.common.ExtantManager.getReportFilePath(ExtantManager.java:81)
at com.tripgain.common.ExtantManager.getReportFilePath(ExtantManager.java:81)
at com.tripgain.common.ExtantManager.getReportFilePath(ExtantManager.java:81)
at com.tripgain.common.ExtantManager.getReportFilePath(ExtantManager.java:81)
at com.tripgain.common.ExtantManager.getReportFilePath(ExtantManager.java:81)
at com.tripgain.common.ExtantManager.getReportFilePath(ExtantManager.java:81)
at com.tripgain.common.ExtantManager.getReportFilePath(ExtantManager.java:81)
at com.tripgain.common.ExtantManager.getReportFilePath(ExtantManager.java:81)
at com.tripgain.common.ExtantManager.getReportFilePath(ExtantManager.java:81)
at com.tripgain.common.ExtantManager.getReportFilePath(ExtantManager.java:81)
at com.tripgain.common.ExtantManager.getReportFilePath(ExtantManager.java:81)
at com.tripgain.common.ExtantManager.getReportFilePath(ExtantManager.java:81)
at com.tripgain.common.ExtantManager.getReportFilePath(ExtantManager.java:81)
at com.tripgain.common.ExtantManager.getReportFilePath(ExtantManager.java:81)
at com.tripgain.common.ExtantManager.getReportFilePath(ExtantManager.java:81)
at com.tripgain.common.ExtantManager.getReportFilePath(ExtantManager.java:81)
at com.tripgain.common.ExtantManager.getReportFilePath(ExtantManager.java:81)
at com.tripgain.common.ExtantManager.getReportFilePath(ExtantManager.java:81)
at com.tripgain.common.ExtantManager.getReportFilePath(ExtantManager.java:81)
at com.tripgain.common.ExtantManager.getReportFilePath(ExtantManager.java:81)
at com.tripgain.common.ExtantManager.getReportFilePath(ExtantManager.java:81)
at com.tripgain.common.ExtantManager.getReportFilePath(ExtantManager.java:81)
at com.tripgain.common.ExtantManager.getReportFilePath(ExtantManager.java:81)
at com.tripgain.common.ExtantManager.getReportFilePath(ExtantManager.java:81)
at com.tripgain.common.ExtantManager.getReportFilePath(ExtantManager.java:81)
at com.tripgain.common.ExtantManager.getReportFilePath(ExtantManager.java:81)
at com.tripgain.common.ExtantManager.getReportFilePath(ExtantManager.java:81)
at com.tripgain.common.ExtantManager.getReportFilePath(ExtantManager.java:81)
at com.tripgain.common.ExtantManager.getReportFilePath(ExtantManager.java:81)
at com.tripgain.common.ExtantManager.getReportFilePath(ExtantManager.java:81)
at com.tripgain.common.ExtantManager.getReportFilePath(ExtantManager.java:81)
at com.tripgain.common.ExtantManager.getReportFilePath(ExtantManager.java:81)
at com.tripgain.common.ExtantManager.getReportFilePath(ExtantManager.java:81)
at com.tripgain.common.ExtantManager.getReportFilePath(ExtantManager.java:81)
at com.tripgain.common.ExtantManager.getReportFilePath(ExtantManager.java:81)
at com.tripgain.common.ExtantManager.getReportFilePath(ExtantManager.java:81)
at com.tripgain.common.ExtantManager.getReportFilePath(ExtantManager.java:81)
at com.tripgain.common.ExtantManager.getReportFilePath(ExtantManager.java:81)
at com.tripgain.common.ExtantManager.getReportFilePath(ExtantManager.java:81)
at com.tripgain.common.ExtantManager.getReportFilePath(ExtantManager.java:81)
at com.tripgain.common.ExtantManager.getReportFilePath(ExtantManager.java:81)
at com.tripgain.common.ExtantManager.getReportFilePath(ExtantManager.java:81)
at com.tripgain.common.ExtantManager.getReportFilePath(ExtantManager.java:81)
at com.tripgain.common.ExtantManager.getReportFilePath(ExtantManager.java:81)
at com.tripgain.common.ExtantManager.getReportFilePath(ExtantManager.java:81)
at com.tripgain.common.ExtantManager.getReportFilePath(ExtantManager.java:81)
at com.tripgain.common.ExtantManager.getReportFilePath(ExtantManager.java:81)
at com.tripgain.common.ExtantManager.getReportFilePath(ExtantManager.java:81)
at com.tripgain.common.ExtantManager.getReportFilePath(ExtantManager.java:81)
at com.tripgain.common.ExtantManager.getReportFilePath(ExtantManager.java:81)
at com.tripgain.common.ExtantManager.getReportFilePath(ExtantManager.java:81)
at com.tripgain.common.ExtantManager.getReportFilePath(ExtantManager.java:81)
at com.tripgain.common.ExtantManager.getReportFilePath(ExtantManager.java:81)
at com.tripgain.common.ExtantManager.getReportFilePath(ExtantManager.java:81)
at com.tripgain.common.ExtantManager.getReportFilePath(ExtantManager.java:81)
at com.tripgain.common.ExtantManager.getReportFilePath(ExtantManager.java:81)
at com.tripgain.common.ExtantManager.getReportFilePath(ExtantManager.java:81)
at com.tripgain.common.ExtantManager.getReportFilePath(ExtantManager.java:81)
at com.tripgain.common.ExtantManager.getReportFilePath(ExtantManager.java:81)
at com.tripgain.common.ExtantManager.getReportFilePath(ExtantManager.java:81)
at com.tripgain.common.ExtantManager.getReportFilePath(ExtantManager.java:81)
at com.tripgain.common.ExtantManager.getReportFilePath(ExtantManager.java:81)
at com.tripgain.common.ExtantManager.getReportFilePath(ExtantManager.java:81)
at com.tripgain.common.ExtantManager.getReportFilePath(ExtantManager.java:81)
at com.tripgain.common.ExtantManager.getReportFilePath(ExtantManager.java:81)
at com.tripgain.common.ExtantManager.getReportFilePath(ExtantManager.java:81)
at com.tripgain.common.ExtantManager.getReportFilePath(ExtantManager.java:81)
at com.tripgain.common.ExtantManager.getReportFilePath(ExtantManager.java:81)
at com.tripgain.common.ExtantManager.getReportFilePath(ExtantManager.java:81)
at com.tripgain.common.ExtantManager.getReportFilePath(ExtantManager.java:81)
at com.tripgain.common.ExtantManager.getReportFilePath(ExtantManager.java:81)
at com.tripgain.common.ExtantManager.getReportFilePath(ExtantManager.java:81)
at com.tripgain.common.ExtantManager.getReportFilePath(ExtantManager.java:81)
at com.tripgain.common.ExtantManager.getReportFilePath(ExtantManager.java:81)
at com.tripgain.common.ExtantManager.getReportFilePath(ExtantManager.java:81)
at com.tripgain.common.ExtantManager.getReportFilePath(ExtantManager.java:81)
at com.tripgain.common.ExtantManager.getReportFilePath(ExtantManager.java:81)
at com.tripgain.common.ExtantManager.getReportFilePath(ExtantManager.java:81)
at com.tripgain.common.ExtantManager.getReportFilePath(ExtantManager.java:81)
at com.tripgain.common.ExtantManager.getReportFilePath(ExtantManager.java:81)
at com.tripgain.common.ExtantManager.getReportFilePath(ExtantManager.java:81)
at com.tripgain.common.ExtantManager.getReportFilePath(ExtantManager.java:81)
at com.tripgain.common.ExtantManager.getReportFilePath(ExtantManager.java:81)
at com.tripgain.common.ExtantManager.getReportFilePath(ExtantManager.java:81)
at com.tripgain.common.ExtantManager.getReportFilePath(ExtantManager.java:81)
at com.tripgain.common.ExtantManager.getReportFilePath(ExtantManager.java:81)
at com.tripgain.common.ExtantManager.getReportFilePath(ExtantManager.java:81)
at com.tripgain.common.ExtantManager.getReportFilePath(ExtantManager.java:81)
at com.tripgain.common.ExtantManager.getReportFilePath(ExtantManager.java:81)
at com.tripgain.common.ExtantManager.getReportFilePath(ExtantManager.java:81)
at com.tripgain.common.ExtantManager.getReportFilePath(ExtantManager.java:81)
at com.tripgain.common.ExtantManager.getReportFilePath(ExtantManager.java:81)
at com.tripgain.common.ExtantManager.getReportFilePath(ExtantManager.java:81)
at com.tripgain.common.ExtantManager.getReportFilePath(ExtantManager.java:81)
at com.tripgain.common.ExtantManager.getReportFilePath(ExtantManager.java:81)
at com.tripgain.common.ExtantManager.getReportFilePath(ExtantManager.java:81)
at com.tripgain.common.ExtantManager.getReportFilePath(ExtantManager.java:81)
at com.tripgain.common.ExtantManager.getReportFilePath(ExtantManager.java:81)
at com.tripgain.common.ExtantManager.getReportFilePath(ExtantManager.java:81)
at com.tripgain.common.ExtantManager.getReportFilePath(ExtantManager.java:81)
at com.tripgain.common.ExtantManager.getReportFilePath(ExtantManager.java:81)
at com.tripgain.common.ExtantManager.getReportFilePath(ExtantManager.java:81)
at com.tripgain.common.ExtantManager.getReportFilePath(ExtantManager.java:81)
at com.tripgain.common.ExtantManager.getReportFilePath(ExtantManager.java:81)
at com.tripgain.common.ExtantManager.getReportFilePath(ExtantManager.java:81)
at com.tripgain.common.ExtantManager.getReportFilePath(ExtantManager.java:81)
at com.tripgain.common.ExtantManager.getReportFilePath(ExtantManager.java:81)
at com.tripgain.common.ExtantManager.getReportFilePath(ExtantManager.java:81)
at com.tripgain.common.ExtantManager.getReportFilePath(ExtantManager.java:81)
at com.tripgain.common.ExtantManager.getReportFilePath(ExtantManager.java:81)
at com.tripgain.common.ExtantManager.getReportFilePath(ExtantManager.java:81)
at com.tripgain.common.ExtantManager.getReportFilePath(ExtantManager.java:81)
at com.tripgain.common.ExtantManager.getReportFilePath(ExtantManager.java:81)
at com.tripgain.common.ExtantManager.getReportFilePath(ExtantManager.java:81)
at com.tripgain.common.ExtantManager.getReportFilePath(ExtantManager.java:81)
at com.tripgain.common.ExtantManager.getReportFilePath(ExtantManager.java:81)
at com.tripgain.common.ExtantManager.getReportFilePath(ExtantManager.java:81)
at com.tripgain.common.ExtantManager.getReportFilePath(ExtantManager.java:81)
at com.tripgain.common.ExtantManager.getReportFilePath(ExtantManager.java:81)
at com.tripgain.common.ExtantManager.getReportFilePath(ExtantManager.java:81)
at com.tripgain.common.ExtantManager.getReportFilePath(ExtantManager.java:81)
at com.tripgain.common.ExtantManager.getReportFilePath(ExtantManager.java:81)
at com.tripgain.common.ExtantManager.getReportFilePath(ExtantManager.java:81)
at com.tripgain.common.ExtantManager.getReportFilePath(ExtantManager.java:81)
at com.tripgain.common.ExtantManager.getReportFilePath(ExtantManager.java:81)
at com.tripgain.common.ExtantManager.getReportFilePath(ExtantManager.java:81)
at com.tripgain.common.ExtantManager.getReportFilePath(ExtantManager.java:81)
at com.tripgain.common.ExtantManager.getReportFilePath(ExtantManager.java:81)
at com.tripgain.common.ExtantManager.getReportFilePath(ExtantManager.java:81)
at com.tripgain.common.ExtantManager.getReportFilePath(ExtantManager.java:81)
at com.tripgain.common.ExtantManager.getReportFilePath(ExtantManager.java:81)
at com.tripgain.common.ExtantManager.getReportFilePath(ExtantManager.java:81)
at com.tripgain.common.ExtantManager.getReportFilePath(ExtantManager.java:81)
at com.tripgain.common.ExtantManager.getReportFilePath(ExtantManager.java:81)
at com.tripgain.common.ExtantManager.getReportFilePath(ExtantManager.java:81)
at com.tripgain.common.ExtantManager.getReportFilePath(ExtantManager.java:81)
at com.tripgain.common.ExtantManager.getReportFilePath(ExtantManager.java:81)
at com.tripgain.common.ExtantManager.getReportFilePath(ExtantManager.java:81)
at com.tripgain.common.ExtantManager.getReportFilePath(ExtantManager.java:81)
at com.tripgain.common.ExtantManager.getReportFilePath(ExtantManager.java:81)
at com.tripgain.common.ExtantManager.getReportFilePath(ExtantManager.java:81)
at com.tripgain.common.ExtantManager.getReportFilePath(ExtantManager.java:81)
at com.tripgain.common.ExtantManager.getReportFilePath(ExtantManager.java:81)
at com.tripgain.common.ExtantManager.getReportFilePath(ExtantManager.java:81)
at com.tripgain.common.ExtantManager.getReportFilePath(ExtantManager.java:81)
at com.tripgain.common.ExtantManager.getReportFilePath(ExtantManager.java:81)
at com.tripgain.common.ExtantManager.getReportFilePath(ExtantManager.java:81)
at com.tripgain.common.ExtantManager.getReportFilePath(ExtantManager.java:81)
at com.tripgain.common.ExtantManager.getReportFilePath(ExtantManager.java:81)
at com.tripgain.common.ExtantManager.getReportFilePath(ExtantManager.java:81)
at com.tripgain.common.ExtantManager.getReportFilePath(ExtantManager.java:81)
at com.tripgain.common.ExtantManager.getReportFilePath(ExtantManager.java:81)
at com.tripgain.common.ExtantManager.getReportFilePath(ExtantManager.java:81)
at com.tripgain.common.ExtantManager.getReportFilePath(ExtantManager.java:81)
at com.tripgain.common.ExtantManager.getReportFilePath(ExtantManager.java:81)
at com.tripgain.common.ExtantManager.getReportFilePath(ExtantManager.java:81)
at com.tripgain.common.ExtantManager.getReportFilePath(ExtantManager.java:81)
at com.tripgain.common.ExtantManager.getReportFilePath(ExtantManager.java:81)
at com.tripgain.common.ExtantManager.getReportFilePath(ExtantManager.java:81)
at com.tripgain.common.ExtantManager.getReportFilePath(ExtantManager.java:81)
at com.tripgain.common.ExtantManager.getReportFilePath(ExtantManager.java:81)
at com.tripgain.common.ExtantManager.getReportFilePath(ExtantManager.java:81)
at com.tripgain.common.ExtantManager.getReportFilePath(ExtantManager.java:81)
at com.tripgain.common.ExtantManager.getReportFilePath(ExtantManager.java:81)
at com.tripgain.common.ExtantManager.getReportFilePath(ExtantManager.java:81)
at com.tripgain.common.ExtantManager.getReportFilePath(ExtantManager.java:81)
at com.tripgain.common.ExtantManager.getReportFilePath(ExtantManager.java:81)
at com.tripgain.common.ExtantManager.getReportFilePath(ExtantManager.java:81)
at com.tripgain.common.ExtantManager.getReportFilePath(ExtantManager.java:81)
at com.tripgain.common.ExtantManager.getReportFilePath(ExtantManager.java:81)
at com.tripgain.common.ExtantManager.getReportFilePath(ExtantManager.java:81)
at com.tripgain.common.ExtantManager.getReportFilePath(ExtantManager.java:81)
at com.tripgain.common.ExtantManager.getReportFilePath(ExtantManager.java:81)
at com.tripgain.common.ExtantManager.getReportFilePath(ExtantManager.java:81)
at com.tripgain.common.ExtantManager.getReportFilePath(ExtantManager.java:81)
at com.tripgain.common.ExtantManager.getReportFilePath(ExtantManager.java:81)
at com.tripgain.common.ExtantManager.getReportFilePath(ExtantManager.java:81)
at com.tripgain.common.ExtantManager.getReportFilePath(ExtantManager.java:81)
at com.tripgain.common.ExtantManager.getReportFilePath(ExtantManager.java:81)
at com.tripgain.common.ExtantManager.getReportFilePath(ExtantManager.java:81)
at com.tripgain.common.ExtantManager.getReportFilePath(ExtantManager.java:81)
at com.tripgain.common.ExtantManager.getReportFilePath(ExtantManager.java:81)
at com.tripgain.common.ExtantManager.getReportFilePath(ExtantManager.java:81)
at com.tripgain.common.ExtantManager.getReportFilePath(ExtantManager.java:81)
at com.tripgain.common.ExtantManager.getReportFilePath(ExtantManager.java:81)
at com.tripgain.common.ExtantManager.getReportFilePath(ExtantManager.java:81)
at com.tripgain.common.ExtantManager.getReportFilePath(ExtantManager.java:81)
at com.tripgain.common.ExtantManager.getReportFilePath(ExtantManager.java:81)
at com.tripgain.common.ExtantManager.getReportFilePath(ExtantManager.java:81)
at com.tripgain.common.ExtantManager.getReportFilePath(ExtantManager.java:81)
at com.tripgain.common.ExtantManager.getReportFilePath(ExtantManager.java:81)
at com.tripgain.common.ExtantManager.getReportFilePath(ExtantManager.java:81)
at com.tripgain.common.ExtantManager.getReportFilePath(ExtantManager.java:81)
at com.tripgain.common.ExtantManager.getReportFilePath(ExtantManager.java:81)
at com.tripgain.common.ExtantManager.getReportFilePath(ExtantManager.java:81)
at com.tripgain.common.ExtantManager.getReportFilePath(ExtantManager.java:81)
at com.tripgain.common.ExtantManager.getReportFilePath(ExtantManager.java:81)
at com.tripgain.common.ExtantManager.getReportFilePath(ExtantManager.java:81)
at com.tripgain.common.ExtantManager.getReportFilePath(ExtantManager.java:81)
at com.tripgain.common.ExtantManager.getReportFilePath(ExtantManager.java:81)
at com.tripgain.common.ExtantManager.getReportFilePath(ExtantManager.java:81)
at com.tripgain.common.ExtantManager.getReportFilePath(ExtantManager.java:81)
at com.tripgain.common.ExtantManager.getReportFilePath(ExtantManager.java:81)
at com.tripgain.common.ExtantManager.getReportFilePath(ExtantManager.java:81)
at com.tripgain.common.ExtantManager.getReportFilePath(ExtantManager.java:81)
at com.tripgain.common.ExtantManager.getReportFilePath(ExtantManager.java:81)
at com.tripgain.common.ExtantManager.getReportFilePath(ExtantManager.java:81)
at com.tripgain.common.ExtantManager.getReportFilePath(ExtantManager.java:81)
at com.tripgain.common.ExtantManager.getReportFilePath(ExtantManager.java:81)
at com.tripgain.common.ExtantManager.getReportFilePath(ExtantManager.java:81)
at com.tripgain.common.ExtantManager.getReportFilePath(ExtantManager.java:81)
at com.tripgain.common.ExtantManager.getReportFilePath(ExtantManager.java:81)
at com.tripgain.common.ExtantManager.getReportFilePath(ExtantManager.java:81)
at com.tripgain.common.ExtantManager.getReportFilePath(ExtantManager.java:81)
at com.tripgain.common.ExtantManager.getReportFilePath(ExtantManager.java:81)
at com.tripgain.common.ExtantManager.getReportFilePath(ExtantManager.java:81)
at com.tripgain.common.ExtantManager.getReportFilePath(ExtantManager.java:81)
at com.tripgain.common.ExtantManager.getReportFilePath(ExtantManager.java:81)
at com.tripgain.common.ExtantManager.getReportFilePath(ExtantManager.java:81)
at com.tripgain.common.ExtantManager.getReportFilePath(ExtantManager.java:81)
at com.tripgain.common.ExtantManager.getReportFilePath(ExtantManager.java:81)
at com.tripgain.common.ExtantManager.getReportFilePath(ExtantManager.java:81)
at com.tripgain.common.ExtantManager.getReportFilePath(ExtantManager.java:81)
at com.tripgain.common.ExtantManager.getReportFilePath(ExtantManager.java:81)
at com.tripgain.common.ExtantManager.getReportFilePath(ExtantManager.java:81)
at com.tripgain.common.ExtantManager.getReportFilePath(ExtantManager.java:81)
at com.tripgain.common.ExtantManager.getReportFilePath(ExtantManager.java:81)
at com.tripgain.common.ExtantManager.getReportFilePath(ExtantManager.java:81)
at com.tripgain.common.ExtantManager.getReportFilePath(ExtantManager.java:81)
at com.tripgain.common.ExtantManager.getReportFilePath(ExtantManager.java:81)
at com.tripgain.common.ExtantManager.getReportFilePath(ExtantManager.java:81)
at com.tripgain.common.ExtantManager.getReportFilePath(ExtantManager.java:81)
at com.tripgain.common.ExtantManager.getReportFilePath(ExtantManager.java:81)
at com.tripgain.common.ExtantManager.getReportFilePath(ExtantManager.java:81)
at com.tripgain.common.ExtantManager.getReportFilePath(ExtantManager.java:81)
at com.tripgain.common.ExtantManager.getReportFilePath(ExtantManager.java:81)
at com.tripgain.common.ExtantManager.getReportFilePath(ExtantManager.java:81)
at com.tripgain.common.ExtantManager.getReportFilePath(ExtantManager.java:81)
at com.tripgain.common.ExtantManager.getReportFilePath(ExtantManager.java:81)
at com.tripgain.common.ExtantManager.getReportFilePath(ExtantManager.java:81)
at com.tripgain.common.ExtantManager.getReportFilePath(ExtantManager.java:81)
at com.tripgain.common.ExtantManager.getReportFilePath(ExtantManager.java:81)
at com.tripgain.common.ExtantManager.getReportFilePath(ExtantManager.java:81)
at com.tripgain.common.ExtantManager.getReportFilePath(ExtantManager.java:81)
at com.tripgain.common.ExtantManager.getReportFilePath(ExtantManager.java:81)
at com.tripgain.common.ExtantManager.getReportFilePath(ExtantManager.java:81)
at com.tripgain.common.ExtantManager.getReportFilePath(ExtantManager.java:81)
at com.tripgain.common.ExtantManager.getReportFilePath(ExtantManager.java:81)
at com.tripgain.common.ExtantManager.getReportFilePath(ExtantManager.java:81)
at com.tripgain.common.ExtantManager.getReportFilePath(ExtantManager.java:81)
at com.tripgain.common.ExtantManager.getReportFilePath(ExtantManager.java:81)
at com.tripgain.common.ExtantManager.getReportFilePath(ExtantManager.java:81)
at com.tripgain.common.ExtantManager.getReportFilePath(ExtantManager.java:81)
at com.tripgain.common.ExtantManager.getReportFilePath(ExtantManager.java:81)
at com.tripgain.common.ExtantManager.getReportFilePath(ExtantManager.java:81)
at com.tripgain.common.ExtantManager.getReportFilePath(ExtantManager.java:81)
at com.tripgain.common.ExtantManager.getReportFilePath(ExtantManager.java:81)
at com.tripgain.common.ExtantManager.getReportFilePath(ExtantManager.java:81)
at com.tripgain.common.ExtantManager.getReportFilePath(ExtantManager.java:81)
at com.tripgain.common.ExtantManager.getReportFilePath(ExtantManager.java:81)
at com.tripgain.common.ExtantManager.getReportFilePath(ExtantManager.java:81)
at com.tripgain.common.ExtantManager.getReportFilePath(ExtantManager.java:81)
at com.tripgain.common.ExtantManager.getReportFilePath(ExtantManager.java:81)
at com.tripgain.common.ExtantManager.getReportFilePath(ExtantManager.java:81)
at com.tripgain.common.ExtantManager.getReportFilePath(ExtantManager.java:81)
at com.tripgain.common.ExtantManager.getReportFilePath(ExtantManager.java:81)
at com.tripgain.common.ExtantManager.getReportFilePath(ExtantManager.java:81)
at com.tripgain.common.ExtantManager.getReportFilePath(ExtantManager.java:81)
at com.tripgain.common.ExtantManager.getReportFilePath(ExtantManager.java:81)
at com.tripgain.common.ExtantManager.getReportFilePath(ExtantManager.java:81)
at com.tripgain.common.ExtantManager.getReportFilePath(ExtantManager.java:81)
at com.tripgain.common.ExtantManager.getReportFilePath(ExtantManager.java:81)
at com.tripgain.common.ExtantManager.getReportFilePath(ExtantManager.java:81)
at com.tripgain.common.ExtantManager.getReportFilePath(ExtantManager.java:81)
at com.tripgain.common.ExtantManager.getReportFilePath(ExtantManager.java:81)
at com.tripgain.common.ExtantManager.getReportFilePath(ExtantManager.java:81)
at com.tripgain.common.ExtantManager.getReportFilePath(ExtantManager.java:81)
at com.tripgain.common.ExtantManager.getReportFilePath(ExtantManager.java:81)
at com.tripgain.common.ExtantManager.getReportFilePath(ExtantManager.java:81)
at com.tripgain.common.ExtantManager.getReportFilePath(ExtantManager.java:81)
at com.tripgain.common.ExtantManager.getReportFilePath(ExtantManager.java:81)
at com.tripgain.common.ExtantManager.getReportFilePath(ExtantManager.java:81)
at com.tripgain.common.ExtantManager.getReportFilePath(ExtantManager.java:81)
at com.tripgain.common.ExtantManager.getReportFilePath(ExtantManager.java:81)
at com.tripgain.common.ExtantManager.getReportFilePath(ExtantManager.java:81)
at com.tripgain.common.ExtantManager.getReportFilePath(ExtantManager.java:81)
at com.tripgain.common.ExtantManager.getReportFilePath(ExtantManager.java:81)
at com.tripgain.common.ExtantManager.getReportFilePath(ExtantManager.java:81)
at com.tripgain.common.ExtantManager.getReportFilePath(ExtantManager.java:81)
at com.tripgain.common.ExtantManager.getReportFilePath(ExtantManager.java:81)
at com.tripgain.common.ExtantManager.getReportFilePath(ExtantManager.java:81)
at com.tripgain.common.ExtantManager.getReportFilePath(ExtantManager.java:81)
at com.tripgain.common.ExtantManager.getReportFilePath(ExtantManager.java:81)
at com.tripgain.common.ExtantManager.getReportFilePath(ExtantManager.java:81)
at com.tripgain.common.ExtantManager.getReportFilePath(ExtantManager.java:81)
at com.tripgain.common.ExtantManager.getReportFilePath(ExtantManager.java:81)
at com.tripgain.common.ExtantManager.getReportFilePath(ExtantManager.java:81)
at com.tripgain.common.ExtantManager.getReportFilePath(ExtantManager.java:81)
]]>
    </error>
  </testcase> <!-- afterSuite -->
  <testcase classname="NewDesign_Buses.TCNDBU_1_verifyBusesSearch" name="myTest" time="75.202"/>
</testsuite> <!-- NewDesign_Buses.TCNDBU_1_verifyBusesSearch -->
