<?xml version="1.0" encoding="UTF-8"?>
<!-- Generated by org.testng.reporters.JUnitReportReporter -->
<testsuite hostname="DESKTOP-SEE9OFQ" failures="0" tests="20" name="NewDesign_Buses.TCNDBU_1_verifyBusesSearch" time="1558.851" errors="3" timestamp="2025-09-22T14:26:10 IST" skipped="0">
  <testcase classname="NewDesign_Buses.TCNDBU_1_verifyBusesSearch" name="myTest" time="93.068"/>
  <testcase classname="NewDesign_Buses.TCNDBU_1_verifyBusesSearch" name="myTest" time="96.614"/>
  <testcase classname="NewDesign_Buses.TCNDBU_1_verifyBusesSearch" name="myTest" time="64.557"/>
  <testcase classname="NewDesign_Buses.TCNDBU_1_verifyBusesSearch" name="myTest" time="37.240">
    <error message="Test failed: &#039;Start your Journey!&#039; message NOT found." type="java.lang.RuntimeException">
      <![CDATA[java.lang.RuntimeException: Test failed: 'Start your Journey!' message NOT found.
at com.tripgain.collectionofpages.NewDesign_Buses_SerachPage.SearchBus(NewDesign_Buses_SerachPage.java:167)
at NewDesign_Buses.TCNDBU_1_verifyBusesSearch.myTest(TCNDBU_1_verifyBusesSearch.java:111)
at java.base/jdk.internal.reflect.DirectMethodHandleAccessor.invoke(DirectMethodHandleAccessor.java:103)
at java.base/java.lang.reflect.Method.invoke(Method.java:580)
at org.testng.internal.invokers.MethodInvocationHelper.invokeMethod(MethodInvocationHelper.java:141)
at org.testng.internal.invokers.TestInvoker.invokeMethod(TestInvoker.java:687)
at org.testng.internal.invokers.TestInvoker.invokeTestMethod(TestInvoker.java:230)
at org.testng.internal.invokers.MethodRunner.runInSequence(MethodRunner.java:63)
at org.testng.internal.invokers.TestInvoker$MethodInvocationAgent.invoke(TestInvoker.java:995)
at org.testng.internal.invokers.TestInvoker.invokeTestMethods(TestInvoker.java:203)
at org.testng.internal.invokers.TestMethodWorker.invokeTestMethods(TestMethodWorker.java:154)
at org.testng.internal.invokers.TestMethodWorker.run(TestMethodWorker.java:134)
at java.base/java.util.ArrayList.forEach(ArrayList.java:1596)
at org.testng.TestRunner.privateRun(TestRunner.java:741)
at org.testng.TestRunner.run(TestRunner.java:616)
at org.testng.SuiteRunner.runTest(SuiteRunner.java:421)
at org.testng.SuiteRunner$SuiteWorker.run(SuiteRunner.java:463)
at org.testng.internal.thread.ThreadUtil.lambda$execute$0(ThreadUtil.java:64)
at java.base/java.util.concurrent.FutureTask.run(FutureTask.java:317)
at java.base/java.util.concurrent.ThreadPoolExecutor.runWorker(ThreadPoolExecutor.java:1144)
at java.base/java.util.concurrent.ThreadPoolExecutor$Worker.run(ThreadPoolExecutor.java:642)
at java.base/java.lang.Thread.run(Thread.java:1583)
]]>
    </error>
  </testcase> <!-- myTest -->
  <testcase classname="NewDesign_Buses.TCNDBU_1_verifyBusesSearch" name="myTest" time="67.752"/>
  <testcase classname="NewDesign_Buses.TCNDBU_1_verifyBusesSearch" name="myTest" time="65.882"/>
  <testcase classname="NewDesign_Buses.TCNDBU_1_verifyBusesSearch" name="myTest" time="94.760"/>
  <testcase classname="NewDesign_Buses.TCNDBU_1_verifyBusesSearch" name="myTest" time="63.927"/>
  <testcase classname="NewDesign_Buses.TCNDBU_1_verifyBusesSearch" name="myTest" time="37.317">
    <error message="Test failed: &#039;Start your Journey!&#039; message NOT found." type="java.lang.RuntimeException">
      <![CDATA[java.lang.RuntimeException: Test failed: 'Start your Journey!' message NOT found.
at com.tripgain.collectionofpages.NewDesign_Buses_SerachPage.SearchBus(NewDesign_Buses_SerachPage.java:167)
at NewDesign_Buses.TCNDBU_1_verifyBusesSearch.myTest(TCNDBU_1_verifyBusesSearch.java:111)
at java.base/jdk.internal.reflect.DirectMethodHandleAccessor.invoke(DirectMethodHandleAccessor.java:103)
at java.base/java.lang.reflect.Method.invoke(Method.java:580)
at org.testng.internal.invokers.MethodInvocationHelper.invokeMethod(MethodInvocationHelper.java:141)
at org.testng.internal.invokers.TestInvoker.invokeMethod(TestInvoker.java:687)
at org.testng.internal.invokers.TestInvoker.invokeTestMethod(TestInvoker.java:230)
at org.testng.internal.invokers.MethodRunner.runInSequence(MethodRunner.java:63)
at org.testng.internal.invokers.TestInvoker$MethodInvocationAgent.invoke(TestInvoker.java:995)
at org.testng.internal.invokers.TestInvoker.invokeTestMethods(TestInvoker.java:203)
at org.testng.internal.invokers.TestMethodWorker.invokeTestMethods(TestMethodWorker.java:154)
at org.testng.internal.invokers.TestMethodWorker.run(TestMethodWorker.java:134)
at java.base/java.util.ArrayList.forEach(ArrayList.java:1596)
at org.testng.TestRunner.privateRun(TestRunner.java:741)
at org.testng.TestRunner.run(TestRunner.java:616)
at org.testng.SuiteRunner.runTest(SuiteRunner.java:421)
at org.testng.SuiteRunner$SuiteWorker.run(SuiteRunner.java:463)
at org.testng.internal.thread.ThreadUtil.lambda$execute$0(ThreadUtil.java:64)
at java.base/java.util.concurrent.FutureTask.run(FutureTask.java:317)
at java.base/java.util.concurrent.ThreadPoolExecutor.runWorker(ThreadPoolExecutor.java:1144)
at java.base/java.util.concurrent.ThreadPoolExecutor$Worker.run(ThreadPoolExecutor.java:642)
at java.base/java.lang.Thread.run(Thread.java:1583)
]]>
    </error>
  </testcase> <!-- myTest -->
  <testcase classname="NewDesign_Buses.TCNDBU_1_verifyBusesSearch" name="myTest" time="80.640"/>
  <testcase classname="NewDesign_Buses.TCNDBU_1_verifyBusesSearch" name="myTest" time="64.552"/>
  <testcase classname="NewDesign_Buses.TCNDBU_1_verifyBusesSearch" name="myTest" time="92.126"/>
  <testcase classname="NewDesign_Buses.TCNDBU_1_verifyBusesSearch" name="myTest" time="76.612"/>
  <testcase classname="NewDesign_Buses.TCNDBU_1_verifyBusesSearch" name="myTest" time="130.519">
    <error message="element click intercepted: Element &lt;button type=&quot;button&quot; disabled=&quot;&quot; class=&quot;tg-btn tg-btn_disabled tg-btn_md tg-bsrs-continue-btn justify-content-end&quot;&gt;...&lt;/button&gt; is not clickable at point (1156, 573). Other element would receive the click: &lt;div&gt;...&lt;/div&gt;
  (Session info: chrome=140.0.7339.185)
Build info: version: &#039;4.29.0&#039;, revision: &#039;5fc1ec94cb&#039;
System info: os.name: &#039;Windows 11&#039;, os.arch: &#039;amd64&#039;, os.version: &#039;10.0&#039;, java.version: &#039;21.0.7&#039;
Driver info: org.openqa.selenium.chrome.ChromeDriver
Command: [626cb5b7501f357a4c3a3eb4a56367d6, clickElement {id=f.7C03125589E5A895F0C06B263BF707C5.d.D25AD824A7F59B6DE17F7407BF58DACA.e.489}]
Capabilities {acceptInsecureCerts: false, browserName: chrome, browserVersion: 140.0.7339.185, chrome: {chromedriverVersion: 140.0.7339.185 (eeea00e459e..., userDataDir: C:\Users\LENOVO\AppData\Loc...}, fedcm:accounts: true, goog:chromeOptions: {debuggerAddress: localhost:63384}, networkConnectionEnabled: false, pageLoadStrategy: normal, platformName: windows, proxy: Proxy(), se:cdp: ws://localhost:63384/devtoo..., se:cdpVersion: 140.0.7339.185, setWindowRect: true, strictFileInteractability: false, timeouts: {implicit: 0, pageLoad: 300000, script: 30000}, unhandledPromptBehavior: dismiss and notify, webauthn:extension:credBlob: true, webauthn:extension:largeBlob: true, webauthn:extension:minPinLength: true, webauthn:extension:prf: true, webauthn:virtualAuthenticators: true}
Element: [[ChromeDriver: chrome on windows (626cb5b7501f357a4c3a3eb4a56367d6)] -&gt; xpath: //button[text()=&#039;Confirm Seat&#039;]]
Session ID: 626cb5b7501f357a4c3a3eb4a56367d6" type="org.openqa.selenium.ElementClickInterceptedException">
      <![CDATA[org.openqa.selenium.ElementClickInterceptedException: element click intercepted: Element <button type="button" disabled="" class="tg-btn tg-btn_disabled tg-btn_md tg-bsrs-continue-btn justify-content-end">...</button> is not clickable at point (1156, 573). Other element would receive the click: <div>...</div>
  (Session info: chrome=140.0.7339.185)
Build info: version: '4.29.0', revision: '5fc1ec94cb'
System info: os.name: 'Windows 11', os.arch: 'amd64', os.version: '10.0', java.version: '21.0.7'
Driver info: org.openqa.selenium.chrome.ChromeDriver
Command: [626cb5b7501f357a4c3a3eb4a56367d6, clickElement {id=f.7C03125589E5A895F0C06B263BF707C5.d.D25AD824A7F59B6DE17F7407BF58DACA.e.489}]
Capabilities {acceptInsecureCerts: false, browserName: chrome, browserVersion: 140.0.7339.185, chrome: {chromedriverVersion: 140.0.7339.185 (eeea00e459e..., userDataDir: C:\Users\LENOVO\AppData\Loc...}, fedcm:accounts: true, goog:chromeOptions: {debuggerAddress: localhost:63384}, networkConnectionEnabled: false, pageLoadStrategy: normal, platformName: windows, proxy: Proxy(), se:cdp: ws://localhost:63384/devtoo..., se:cdpVersion: 140.0.7339.185, setWindowRect: true, strictFileInteractability: false, timeouts: {implicit: 0, pageLoad: 300000, script: 30000}, unhandledPromptBehavior: dismiss and notify, webauthn:extension:credBlob: true, webauthn:extension:largeBlob: true, webauthn:extension:minPinLength: true, webauthn:extension:prf: true, webauthn:virtualAuthenticators: true}
Element: [[ChromeDriver: chrome on windows (626cb5b7501f357a4c3a3eb4a56367d6)] -> xpath: //button[text()='Confirm Seat']]
Session ID: 626cb5b7501f357a4c3a3eb4a56367d6
at java.base/jdk.internal.reflect.DirectConstructorHandleAccessor.newInstance(DirectConstructorHandleAccessor.java:62)
at java.base/java.lang.reflect.Constructor.newInstanceWithCaller(Constructor.java:502)
at java.base/java.lang.reflect.Constructor.newInstance(Constructor.java:486)
at org.openqa.selenium.remote.ErrorCodec.decode(ErrorCodec.java:167)
at org.openqa.selenium.remote.codec.w3c.W3CHttpResponseCodec.decode(W3CHttpResponseCodec.java:138)
at org.openqa.selenium.remote.codec.w3c.W3CHttpResponseCodec.decode(W3CHttpResponseCodec.java:50)
at org.openqa.selenium.remote.HttpCommandExecutor.execute(HttpCommandExecutor.java:215)
at org.openqa.selenium.remote.service.DriverCommandExecutor.invokeExecute(DriverCommandExecutor.java:216)
at org.openqa.selenium.remote.service.DriverCommandExecutor.execute(DriverCommandExecutor.java:174)
at org.openqa.selenium.remote.RemoteWebDriver.execute(RemoteWebDriver.java:545)
at org.openqa.selenium.remote.RemoteWebElement.execute(RemoteWebElement.java:223)
at org.openqa.selenium.remote.RemoteWebElement.click(RemoteWebElement.java:76)
at com.tripgain.collectionofpages.NewDesign_Buses_ResultsPage.clcikOnConfirmSeat(NewDesign_Buses_ResultsPage.java:944)
at NewDesign_Buses.TCNDBU_1_verifyBusesSearch.myTest(TCNDBU_1_verifyBusesSearch.java:148)
at java.base/jdk.internal.reflect.DirectMethodHandleAccessor.invoke(DirectMethodHandleAccessor.java:103)
at java.base/java.lang.reflect.Method.invoke(Method.java:580)
at org.testng.internal.invokers.MethodInvocationHelper.invokeMethod(MethodInvocationHelper.java:141)
at org.testng.internal.invokers.TestInvoker.invokeMethod(TestInvoker.java:687)
at org.testng.internal.invokers.TestInvoker.invokeTestMethod(TestInvoker.java:230)
at org.testng.internal.invokers.MethodRunner.runInSequence(MethodRunner.java:63)
at org.testng.internal.invokers.TestInvoker$MethodInvocationAgent.invoke(TestInvoker.java:995)
at org.testng.internal.invokers.TestInvoker.invokeTestMethods(TestInvoker.java:203)
at org.testng.internal.invokers.TestMethodWorker.invokeTestMethods(TestMethodWorker.java:154)
at org.testng.internal.invokers.TestMethodWorker.run(TestMethodWorker.java:134)
at java.base/java.util.ArrayList.forEach(ArrayList.java:1596)
at org.testng.TestRunner.privateRun(TestRunner.java:741)
at org.testng.TestRunner.run(TestRunner.java:616)
at org.testng.SuiteRunner.runTest(SuiteRunner.java:421)
at org.testng.SuiteRunner$SuiteWorker.run(SuiteRunner.java:463)
at org.testng.internal.thread.ThreadUtil.lambda$execute$0(ThreadUtil.java:64)
at java.base/java.util.concurrent.FutureTask.run(FutureTask.java:317)
at java.base/java.util.concurrent.ThreadPoolExecutor.runWorker(ThreadPoolExecutor.java:1144)
at java.base/java.util.concurrent.ThreadPoolExecutor$Worker.run(ThreadPoolExecutor.java:642)
at java.base/java.lang.Thread.run(Thread.java:1583)
]]>
    </error>
  </testcase> <!-- myTest -->
  <testcase classname="NewDesign_Buses.TCNDBU_1_verifyBusesSearch" name="myTest" time="97.141"/>
  <testcase classname="NewDesign_Buses.TCNDBU_1_verifyBusesSearch" name="myTest" time="92.268"/>
  <testcase classname="NewDesign_Buses.TCNDBU_1_verifyBusesSearch" name="myTest" time="107.679"/>
  <testcase classname="NewDesign_Buses.TCNDBU_1_verifyBusesSearch" name="myTest" time="61.497"/>
  <testcase classname="NewDesign_Buses.TCNDBU_1_verifyBusesSearch" name="myTest" time="65.353"/>
  <testcase classname="NewDesign_Buses.TCNDBU_1_verifyBusesSearch" name="myTest" time="69.347"/>
</testsuite> <!-- NewDesign_Buses.TCNDBU_1_verifyBusesSearch -->
