<?xml version="1.0" encoding="UTF-8"?>
<!-- Generated by org.testng.reporters.JUnitReportReporter -->
<testsuite hostname="DESKTOP-SEE9OFQ" failures="0" tests="8" name="NewDesign_Buses.TCNDBU_1_verifyBusesSearch" time="689.450" errors="4" timestamp="2026-01-04T10:28:01 IST" skipped="0">
  <testcase classname="NewDesign_Buses.TCNDBU_1_verifyBusesSearch" name="myTest" time="69.574"/>
  <testcase classname="NewDesign_Buses.TCNDBU_1_verifyBusesSearch" name="myTest" time="140.776">
    <error message="no such element: Unable to locate element: {&quot;method&quot;:&quot;xpath&quot;,&quot;selector&quot;:&quot;//button[text()=&#039;Confirm Seat&#039;]&quot;}
  (Session info: chrome=143.0.7499.170)
For documentation on this error, please visit: https://www.selenium.dev/documentation/webdriver/troubleshooting/errors#no-such-element-exception
Build info: version: &#039;4.29.0&#039;, revision: &#039;5fc1ec94cb&#039;
System info: os.name: &#039;Windows 11&#039;, os.arch: &#039;amd64&#039;, os.version: &#039;10.0&#039;, java.version: &#039;21.0.7&#039;
Driver info: org.openqa.selenium.chrome.ChromeDriver
Command: [479ad962fa79f9cd3c81d14f37bdaaab, findElement {using=xpath, value=//button[text()=&#039;Confirm Seat&#039;]}]
Capabilities {acceptInsecureCerts: false, browserName: chrome, browserVersion: 143.0.7499.170, chrome: {chromedriverVersion: 143.0.7499.169 (164b20aab62..., userDataDir: C:\Users\LENOVO\AppData\Loc...}, fedcm:accounts: true, goog:chromeOptions: {debuggerAddress: localhost:57422}, goog:processID: 13320, networkConnectionEnabled: false, pageLoadStrategy: normal, platformName: windows, proxy: Proxy(), se:cdp: ws://localhost:57422/devtoo..., se:cdpVersion: 143.0.7499.170, setWindowRect: true, strictFileInteractability: false, timeouts: {implicit: 0, pageLoad: 300000, script: 30000}, unhandledPromptBehavior: dismiss and notify, webauthn:extension:credBlob: true, webauthn:extension:largeBlob: true, webauthn:extension:minPinLength: true, webauthn:extension:prf: true, webauthn:virtualAuthenticators: true}
Session ID: 479ad962fa79f9cd3c81d14f37bdaaab" type="org.openqa.selenium.NoSuchElementException">
      <![CDATA[org.openqa.selenium.NoSuchElementException: no such element: Unable to locate element: {"method":"xpath","selector":"//button[text()='Confirm Seat']"}
  (Session info: chrome=143.0.7499.170)
For documentation on this error, please visit: https://www.selenium.dev/documentation/webdriver/troubleshooting/errors#no-such-element-exception
Build info: version: '4.29.0', revision: '5fc1ec94cb'
System info: os.name: 'Windows 11', os.arch: 'amd64', os.version: '10.0', java.version: '21.0.7'
Driver info: org.openqa.selenium.chrome.ChromeDriver
Command: [479ad962fa79f9cd3c81d14f37bdaaab, findElement {using=xpath, value=//button[text()='Confirm Seat']}]
Capabilities {acceptInsecureCerts: false, browserName: chrome, browserVersion: 143.0.7499.170, chrome: {chromedriverVersion: 143.0.7499.169 (164b20aab62..., userDataDir: C:\Users\LENOVO\AppData\Loc...}, fedcm:accounts: true, goog:chromeOptions: {debuggerAddress: localhost:57422}, goog:processID: 13320, networkConnectionEnabled: false, pageLoadStrategy: normal, platformName: windows, proxy: Proxy(), se:cdp: ws://localhost:57422/devtoo..., se:cdpVersion: 143.0.7499.170, setWindowRect: true, strictFileInteractability: false, timeouts: {implicit: 0, pageLoad: 300000, script: 30000}, unhandledPromptBehavior: dismiss and notify, webauthn:extension:credBlob: true, webauthn:extension:largeBlob: true, webauthn:extension:minPinLength: true, webauthn:extension:prf: true, webauthn:virtualAuthenticators: true}
Session ID: 479ad962fa79f9cd3c81d14f37bdaaab
at java.base/jdk.internal.reflect.DirectConstructorHandleAccessor.newInstance(DirectConstructorHandleAccessor.java:62)
at java.base/java.lang.reflect.Constructor.newInstanceWithCaller(Constructor.java:502)
at java.base/java.lang.reflect.Constructor.newInstance(Constructor.java:486)
at org.openqa.selenium.remote.ErrorCodec.decode(ErrorCodec.java:167)
at org.openqa.selenium.remote.codec.w3c.W3CHttpResponseCodec.decode(W3CHttpResponseCodec.java:138)
at org.openqa.selenium.remote.codec.w3c.W3CHttpResponseCodec.decode(W3CHttpResponseCodec.java:50)
at org.openqa.selenium.remote.HttpCommandExecutor.execute(HttpCommandExecutor.java:215)
at org.openqa.selenium.remote.service.DriverCommandExecutor.invokeExecute(DriverCommandExecutor.java:216)
at org.openqa.selenium.remote.service.DriverCommandExecutor.execute(DriverCommandExecutor.java:174)
at org.openqa.selenium.remote.RemoteWebDriver.execute(RemoteWebDriver.java:545)
at org.openqa.selenium.remote.ElementLocation$ElementFinder$2.findElement(ElementLocation.java:165)
at org.openqa.selenium.remote.ElementLocation.findElement(ElementLocation.java:59)
at org.openqa.selenium.remote.RemoteWebDriver.findElement(RemoteWebDriver.java:368)
at org.openqa.selenium.remote.RemoteWebDriver.findElement(RemoteWebDriver.java:362)
at com.tripgain.collectionofpages.NewDesign_Buses_ResultsPage.clcikOnConfirmSeat(NewDesign_Buses_ResultsPage.java:948)
at NewDesign_Buses.TCNDBU_1_verifyBusesSearch.myTest(TCNDBU_1_verifyBusesSearch.java:193)
at java.base/jdk.internal.reflect.DirectMethodHandleAccessor.invoke(DirectMethodHandleAccessor.java:103)
at java.base/java.lang.reflect.Method.invoke(Method.java:580)
at org.testng.internal.invokers.MethodInvocationHelper.invokeMethod(MethodInvocationHelper.java:141)
at org.testng.internal.invokers.TestInvoker.invokeMethod(TestInvoker.java:687)
at org.testng.internal.invokers.TestInvoker.invokeTestMethod(TestInvoker.java:230)
at org.testng.internal.invokers.MethodRunner.runInSequence(MethodRunner.java:63)
at org.testng.internal.invokers.TestInvoker$MethodInvocationAgent.invoke(TestInvoker.java:995)
at org.testng.internal.invokers.TestInvoker.invokeTestMethods(TestInvoker.java:203)
at org.testng.internal.invokers.TestMethodWorker.invokeTestMethods(TestMethodWorker.java:154)
at org.testng.internal.invokers.TestMethodWorker.run(TestMethodWorker.java:134)
at java.base/java.util.ArrayList.forEach(ArrayList.java:1596)
at org.testng.TestRunner.privateRun(TestRunner.java:741)
at org.testng.TestRunner.run(TestRunner.java:616)
at org.testng.SuiteRunner.runTest(SuiteRunner.java:421)
at org.testng.SuiteRunner$SuiteWorker.run(SuiteRunner.java:463)
at org.testng.internal.thread.ThreadUtil.lambda$execute$0(ThreadUtil.java:64)
at java.base/java.util.concurrent.FutureTask.run(FutureTask.java:317)
at java.base/java.util.concurrent.ThreadPoolExecutor.runWorker(ThreadPoolExecutor.java:1144)
at java.base/java.util.concurrent.ThreadPoolExecutor$Worker.run(ThreadPoolExecutor.java:642)
at java.base/java.lang.Thread.run(Thread.java:1583)
]]>
    </error>
  </testcase> <!-- myTest -->
  <testcase classname="NewDesign_Buses.TCNDBU_1_verifyBusesSearch" name="afterSuite" time="3.641">
    <error type="java.lang.StackOverflowError">
      <![CDATA[java.lang.StackOverflowError
at com.tripgain.common.ExtantManager.getReportFilePath(ExtantManager.java:81)
at com.tripgain.common.ExtantManager.getReportFilePath(ExtantManager.java:81)
at com.tripgain.common.ExtantManager.getReportFilePath(ExtantManager.java:81)
at com.tripgain.common.ExtantManager.getReportFilePath(ExtantManager.java:81)
at com.tripgain.common.ExtantManager.getReportFilePath(ExtantManager.java:81)
at com.tripgain.common.ExtantManager.getReportFilePath(ExtantManager.java:81)
at com.tripgain.common.ExtantManager.getReportFilePath(ExtantManager.java:81)
at com.tripgain.common.ExtantManager.getReportFilePath(ExtantManager.java:81)
at com.tripgain.common.ExtantManager.getReportFilePath(ExtantManager.java:81)
at com.tripgain.common.ExtantManager.getReportFilePath(ExtantManager.java:81)
at com.tripgain.common.ExtantManager.getReportFilePath(ExtantManager.java:81)
at com.tripgain.common.ExtantManager.getReportFilePath(ExtantManager.java:81)
at com.tripgain.common.ExtantManager.getReportFilePath(ExtantManager.java:81)
at com.tripgain.common.ExtantManager.getReportFilePath(ExtantManager.java:81)
at com.tripgain.common.ExtantManager.getReportFilePath(ExtantManager.java:81)
at com.tripgain.common.ExtantManager.getReportFilePath(ExtantManager.java:81)
at com.tripgain.common.ExtantManager.getReportFilePath(ExtantManager.java:81)
at com.tripgain.common.ExtantManager.getReportFilePath(ExtantManager.java:81)
at com.tripgain.common.ExtantManager.getReportFilePath(ExtantManager.java:81)
at com.tripgain.common.ExtantManager.getReportFilePath(ExtantManager.java:81)
at com.tripgain.common.ExtantManager.getReportFilePath(ExtantManager.java:81)
at com.tripgain.common.ExtantManager.getReportFilePath(ExtantManager.java:81)
at com.tripgain.common.ExtantManager.getReportFilePath(ExtantManager.java:81)
at com.tripgain.common.ExtantManager.getReportFilePath(ExtantManager.java:81)
at com.tripgain.common.ExtantManager.getReportFilePath(ExtantManager.java:81)
at com.tripgain.common.ExtantManager.getReportFilePath(ExtantManager.java:81)
at com.tripgain.common.ExtantManager.getReportFilePath(ExtantManager.java:81)
at com.tripgain.common.ExtantManager.getReportFilePath(ExtantManager.java:81)
at com.tripgain.common.ExtantManager.getReportFilePath(ExtantManager.java:81)
at com.tripgain.common.ExtantManager.getReportFilePath(ExtantManager.java:81)
at com.tripgain.common.ExtantManager.getReportFilePath(ExtantManager.java:81)
at com.tripgain.common.ExtantManager.getReportFilePath(ExtantManager.java:81)
at com.tripgain.common.ExtantManager.getReportFilePath(ExtantManager.java:81)
at com.tripgain.common.ExtantManager.getReportFilePath(ExtantManager.java:81)
at com.tripgain.common.ExtantManager.getReportFilePath(ExtantManager.java:81)
at com.tripgain.common.ExtantManager.getReportFilePath(ExtantManager.java:81)
at com.tripgain.common.ExtantManager.getReportFilePath(ExtantManager.java:81)
at com.tripgain.common.ExtantManager.getReportFilePath(ExtantManager.java:81)
at com.tripgain.common.ExtantManager.getReportFilePath(ExtantManager.java:81)
at com.tripgain.common.ExtantManager.getReportFilePath(ExtantManager.java:81)
at com.tripgain.common.ExtantManager.getReportFilePath(ExtantManager.java:81)
at com.tripgain.common.ExtantManager.getReportFilePath(ExtantManager.java:81)
at com.tripgain.common.ExtantManager.getReportFilePath(ExtantManager.java:81)
at com.tripgain.common.ExtantManager.getReportFilePath(ExtantManager.java:81)
at com.tripgain.common.ExtantManager.getReportFilePath(ExtantManager.java:81)
at com.tripgain.common.ExtantManager.getReportFilePath(ExtantManager.java:81)
at com.tripgain.common.ExtantManager.getReportFilePath(ExtantManager.java:81)
at com.tripgain.common.ExtantManager.getReportFilePath(ExtantManager.java:81)
at com.tripgain.common.ExtantManager.getReportFilePath(ExtantManager.java:81)
at com.tripgain.common.ExtantManager.getReportFilePath(ExtantManager.java:81)
at com.tripgain.common.ExtantManager.getReportFilePath(ExtantManager.java:81)
at com.tripgain.common.ExtantManager.getReportFilePath(ExtantManager.java:81)
at com.tripgain.common.ExtantManager.getReportFilePath(ExtantManager.java:81)
at com.tripgain.common.ExtantManager.getReportFilePath(ExtantManager.java:81)
at com.tripgain.common.ExtantManager.getReportFilePath(ExtantManager.java:81)
at com.tripgain.common.ExtantManager.getReportFilePath(ExtantManager.java:81)
at com.tripgain.common.ExtantManager.getReportFilePath(ExtantManager.java:81)
at com.tripgain.common.ExtantManager.getReportFilePath(ExtantManager.java:81)
at com.tripgain.common.ExtantManager.getReportFilePath(ExtantManager.java:81)
at com.tripgain.common.ExtantManager.getReportFilePath(ExtantManager.java:81)
at com.tripgain.common.ExtantManager.getReportFilePath(ExtantManager.java:81)
at com.tripgain.common.ExtantManager.getReportFilePath(ExtantManager.java:81)
at com.tripgain.common.ExtantManager.getReportFilePath(ExtantManager.java:81)
at com.tripgain.common.ExtantManager.getReportFilePath(ExtantManager.java:81)
at com.tripgain.common.ExtantManager.getReportFilePath(ExtantManager.java:81)
at com.tripgain.common.ExtantManager.getReportFilePath(ExtantManager.java:81)
at com.tripgain.common.ExtantManager.getReportFilePath(ExtantManager.java:81)
at com.tripgain.common.ExtantManager.getReportFilePath(ExtantManager.java:81)
at com.tripgain.common.ExtantManager.getReportFilePath(ExtantManager.java:81)
at com.tripgain.common.ExtantManager.getReportFilePath(ExtantManager.java:81)
at com.tripgain.common.ExtantManager.getReportFilePath(ExtantManager.java:81)
at com.tripgain.common.ExtantManager.getReportFilePath(ExtantManager.java:81)
at com.tripgain.common.ExtantManager.getReportFilePath(ExtantManager.java:81)
at com.tripgain.common.ExtantManager.getReportFilePath(ExtantManager.java:81)
at com.tripgain.common.ExtantManager.getReportFilePath(ExtantManager.java:81)
at com.tripgain.common.ExtantManager.getReportFilePath(ExtantManager.java:81)
at com.tripgain.common.ExtantManager.getReportFilePath(ExtantManager.java:81)
at com.tripgain.common.ExtantManager.getReportFilePath(ExtantManager.java:81)
at com.tripgain.common.ExtantManager.getReportFilePath(ExtantManager.java:81)
at com.tripgain.common.ExtantManager.getReportFilePath(ExtantManager.java:81)
at com.tripgain.common.ExtantManager.getReportFilePath(ExtantManager.java:81)
at com.tripgain.common.ExtantManager.getReportFilePath(ExtantManager.java:81)
at com.tripgain.common.ExtantManager.getReportFilePath(ExtantManager.java:81)
at com.tripgain.common.ExtantManager.getReportFilePath(ExtantManager.java:81)
at com.tripgain.common.ExtantManager.getReportFilePath(ExtantManager.java:81)
at com.tripgain.common.ExtantManager.getReportFilePath(ExtantManager.java:81)
at com.tripgain.common.ExtantManager.getReportFilePath(ExtantManager.java:81)
at com.tripgain.common.ExtantManager.getReportFilePath(ExtantManager.java:81)
at com.tripgain.common.ExtantManager.getReportFilePath(ExtantManager.java:81)
at com.tripgain.common.ExtantManager.getReportFilePath(ExtantManager.java:81)
at com.tripgain.common.ExtantManager.getReportFilePath(ExtantManager.java:81)
at com.tripgain.common.ExtantManager.getReportFilePath(ExtantManager.java:81)
at com.tripgain.common.ExtantManager.getReportFilePath(ExtantManager.java:81)
at com.tripgain.common.ExtantManager.getReportFilePath(ExtantManager.java:81)
at com.tripgain.common.ExtantManager.getReportFilePath(ExtantManager.java:81)
at com.tripgain.common.ExtantManager.getReportFilePath(ExtantManager.java:81)
at com.tripgain.common.ExtantManager.getReportFilePath(ExtantManager.java:81)
at com.tripgain.common.ExtantManager.getReportFilePath(ExtantManager.java:81)
at com.tripgain.common.ExtantManager.getReportFilePath(ExtantManager.java:81)
at com.tripgain.common.ExtantManager.getReportFilePath(ExtantManager.java:81)
at com.tripgain.common.ExtantManager.getReportFilePath(ExtantManager.java:81)
at com.tripgain.common.ExtantManager.getReportFilePath(ExtantManager.java:81)
at com.tripgain.common.ExtantManager.getReportFilePath(ExtantManager.java:81)
at com.tripgain.common.ExtantManager.getReportFilePath(ExtantManager.java:81)
at com.tripgain.common.ExtantManager.getReportFilePath(ExtantManager.java:81)
at com.tripgain.common.ExtantManager.getReportFilePath(ExtantManager.java:81)
at com.tripgain.common.ExtantManager.getReportFilePath(ExtantManager.java:81)
at com.tripgain.common.ExtantManager.getReportFilePath(ExtantManager.java:81)
at com.tripgain.common.ExtantManager.getReportFilePath(ExtantManager.java:81)
at com.tripgain.common.ExtantManager.getReportFilePath(ExtantManager.java:81)
at com.tripgain.common.ExtantManager.getReportFilePath(ExtantManager.java:81)
at com.tripgain.common.ExtantManager.getReportFilePath(ExtantManager.java:81)
at com.tripgain.common.ExtantManager.getReportFilePath(ExtantManager.java:81)
at com.tripgain.common.ExtantManager.getReportFilePath(ExtantManager.java:81)
at com.tripgain.common.ExtantManager.getReportFilePath(ExtantManager.java:81)
at com.tripgain.common.ExtantManager.getReportFilePath(ExtantManager.java:81)
at com.tripgain.common.ExtantManager.getReportFilePath(ExtantManager.java:81)
at com.tripgain.common.ExtantManager.getReportFilePath(ExtantManager.java:81)
at com.tripgain.common.ExtantManager.getReportFilePath(ExtantManager.java:81)
at com.tripgain.common.ExtantManager.getReportFilePath(ExtantManager.java:81)
at com.tripgain.common.ExtantManager.getReportFilePath(ExtantManager.java:81)
at com.tripgain.common.ExtantManager.getReportFilePath(ExtantManager.java:81)
at com.tripgain.common.ExtantManager.getReportFilePath(ExtantManager.java:81)
at com.tripgain.common.ExtantManager.getReportFilePath(ExtantManager.java:81)
at com.tripgain.common.ExtantManager.getReportFilePath(ExtantManager.java:81)
at com.tripgain.common.ExtantManager.getReportFilePath(ExtantManager.java:81)
at com.tripgain.common.ExtantManager.getReportFilePath(ExtantManager.java:81)
at com.tripgain.common.ExtantManager.getReportFilePath(ExtantManager.java:81)
at com.tripgain.common.ExtantManager.getReportFilePath(ExtantManager.java:81)
at com.tripgain.common.ExtantManager.getReportFilePath(ExtantManager.java:81)
at com.tripgain.common.ExtantManager.getReportFilePath(ExtantManager.java:81)
at com.tripgain.common.ExtantManager.getReportFilePath(ExtantManager.java:81)
at com.tripgain.common.ExtantManager.getReportFilePath(ExtantManager.java:81)
at com.tripgain.common.ExtantManager.getReportFilePath(ExtantManager.java:81)
at com.tripgain.common.ExtantManager.getReportFilePath(ExtantManager.java:81)
at com.tripgain.common.ExtantManager.getReportFilePath(ExtantManager.java:81)
at com.tripgain.common.ExtantManager.getReportFilePath(ExtantManager.java:81)
at com.tripgain.common.ExtantManager.getReportFilePath(ExtantManager.java:81)
at com.tripgain.common.ExtantManager.getReportFilePath(ExtantManager.java:81)
at com.tripgain.common.ExtantManager.getReportFilePath(ExtantManager.java:81)
at com.tripgain.common.ExtantManager.getReportFilePath(ExtantManager.java:81)
at com.tripgain.common.ExtantManager.getReportFilePath(ExtantManager.java:81)
at com.tripgain.common.ExtantManager.getReportFilePath(ExtantManager.java:81)
at com.tripgain.common.ExtantManager.getReportFilePath(ExtantManager.java:81)
at com.tripgain.common.ExtantManager.getReportFilePath(ExtantManager.java:81)
at com.tripgain.common.ExtantManager.getReportFilePath(ExtantManager.java:81)
at com.tripgain.common.ExtantManager.getReportFilePath(ExtantManager.java:81)
at com.tripgain.common.ExtantManager.getReportFilePath(ExtantManager.java:81)
at com.tripgain.common.ExtantManager.getReportFilePath(ExtantManager.java:81)
at com.tripgain.common.ExtantManager.getReportFilePath(ExtantManager.java:81)
at com.tripgain.common.ExtantManager.getReportFilePath(ExtantManager.java:81)
at com.tripgain.common.ExtantManager.getReportFilePath(ExtantManager.java:81)
at com.tripgain.common.ExtantManager.getReportFilePath(ExtantManager.java:81)
at com.tripgain.common.ExtantManager.getReportFilePath(ExtantManager.java:81)
at com.tripgain.common.ExtantManager.getReportFilePath(ExtantManager.java:81)
at com.tripgain.common.ExtantManager.getReportFilePath(ExtantManager.java:81)
at com.tripgain.common.ExtantManager.getReportFilePath(ExtantManager.java:81)
at com.tripgain.common.ExtantManager.getReportFilePath(ExtantManager.java:81)
at com.tripgain.common.ExtantManager.getReportFilePath(ExtantManager.java:81)
at com.tripgain.common.ExtantManager.getReportFilePath(ExtantManager.java:81)
at com.tripgain.common.ExtantManager.getReportFilePath(ExtantManager.java:81)
at com.tripgain.common.ExtantManager.getReportFilePath(ExtantManager.java:81)
at com.tripgain.common.ExtantManager.getReportFilePath(ExtantManager.java:81)
at com.tripgain.common.ExtantManager.getReportFilePath(ExtantManager.java:81)
at com.tripgain.common.ExtantManager.getReportFilePath(ExtantManager.java:81)
at com.tripgain.common.ExtantManager.getReportFilePath(ExtantManager.java:81)
at com.tripgain.common.ExtantManager.getReportFilePath(ExtantManager.java:81)
at com.tripgain.common.ExtantManager.getReportFilePath(ExtantManager.java:81)
at com.tripgain.common.ExtantManager.getReportFilePath(ExtantManager.java:81)
at com.tripgain.common.ExtantManager.getReportFilePath(ExtantManager.java:81)
at com.tripgain.common.ExtantManager.getReportFilePath(ExtantManager.java:81)
at com.tripgain.common.ExtantManager.getReportFilePath(ExtantManager.java:81)
at com.tripgain.common.ExtantManager.getReportFilePath(ExtantManager.java:81)
at com.tripgain.common.ExtantManager.getReportFilePath(ExtantManager.java:81)
at com.tripgain.common.ExtantManager.getReportFilePath(ExtantManager.java:81)
at com.tripgain.common.ExtantManager.getReportFilePath(ExtantManager.java:81)
at com.tripgain.common.ExtantManager.getReportFilePath(ExtantManager.java:81)
at com.tripgain.common.ExtantManager.getReportFilePath(ExtantManager.java:81)
at com.tripgain.common.ExtantManager.getReportFilePath(ExtantManager.java:81)
at com.tripgain.common.ExtantManager.getReportFilePath(ExtantManager.java:81)
at com.tripgain.common.ExtantManager.getReportFilePath(ExtantManager.java:81)
at com.tripgain.common.ExtantManager.getReportFilePath(ExtantManager.java:81)
at com.tripgain.common.ExtantManager.getReportFilePath(ExtantManager.java:81)
at com.tripgain.common.ExtantManager.getReportFilePath(ExtantManager.java:81)
at com.tripgain.common.ExtantManager.getReportFilePath(ExtantManager.java:81)
at com.tripgain.common.ExtantManager.getReportFilePath(ExtantManager.java:81)
at com.tripgain.common.ExtantManager.getReportFilePath(ExtantManager.java:81)
at com.tripgain.common.ExtantManager.getReportFilePath(ExtantManager.java:81)
at com.tripgain.common.ExtantManager.getReportFilePath(ExtantManager.java:81)
at com.tripgain.common.ExtantManager.getReportFilePath(ExtantManager.java:81)
at com.tripgain.common.ExtantManager.getReportFilePath(ExtantManager.java:81)
at com.tripgain.common.ExtantManager.getReportFilePath(ExtantManager.java:81)
at com.tripgain.common.ExtantManager.getReportFilePath(ExtantManager.java:81)
at com.tripgain.common.ExtantManager.getReportFilePath(ExtantManager.java:81)
at com.tripgain.common.ExtantManager.getReportFilePath(ExtantManager.java:81)
at com.tripgain.common.ExtantManager.getReportFilePath(ExtantManager.java:81)
at com.tripgain.common.ExtantManager.getReportFilePath(ExtantManager.java:81)
at com.tripgain.common.ExtantManager.getReportFilePath(ExtantManager.java:81)
at com.tripgain.common.ExtantManager.getReportFilePath(ExtantManager.java:81)
at com.tripgain.common.ExtantManager.getReportFilePath(ExtantManager.java:81)
at com.tripgain.common.ExtantManager.getReportFilePath(ExtantManager.java:81)
at com.tripgain.common.ExtantManager.getReportFilePath(ExtantManager.java:81)
at com.tripgain.common.ExtantManager.getReportFilePath(ExtantManager.java:81)
at com.tripgain.common.ExtantManager.getReportFilePath(ExtantManager.java:81)
at com.tripgain.common.ExtantManager.getReportFilePath(ExtantManager.java:81)
at com.tripgain.common.ExtantManager.getReportFilePath(ExtantManager.java:81)
at com.tripgain.common.ExtantManager.getReportFilePath(ExtantManager.java:81)
at com.tripgain.common.ExtantManager.getReportFilePath(ExtantManager.java:81)
at com.tripgain.common.ExtantManager.getReportFilePath(ExtantManager.java:81)
at com.tripgain.common.ExtantManager.getReportFilePath(ExtantManager.java:81)
at com.tripgain.common.ExtantManager.getReportFilePath(ExtantManager.java:81)
at com.tripgain.common.ExtantManager.getReportFilePath(ExtantManager.java:81)
at com.tripgain.common.ExtantManager.getReportFilePath(ExtantManager.java:81)
at com.tripgain.common.ExtantManager.getReportFilePath(ExtantManager.java:81)
at com.tripgain.common.ExtantManager.getReportFilePath(ExtantManager.java:81)
at com.tripgain.common.ExtantManager.getReportFilePath(ExtantManager.java:81)
at com.tripgain.common.ExtantManager.getReportFilePath(ExtantManager.java:81)
at com.tripgain.common.ExtantManager.getReportFilePath(ExtantManager.java:81)
at com.tripgain.common.ExtantManager.getReportFilePath(ExtantManager.java:81)
at com.tripgain.common.ExtantManager.getReportFilePath(ExtantManager.java:81)
at com.tripgain.common.ExtantManager.getReportFilePath(ExtantManager.java:81)
at com.tripgain.common.ExtantManager.getReportFilePath(ExtantManager.java:81)
at com.tripgain.common.ExtantManager.getReportFilePath(ExtantManager.java:81)
at com.tripgain.common.ExtantManager.getReportFilePath(ExtantManager.java:81)
at com.tripgain.common.ExtantManager.getReportFilePath(ExtantManager.java:81)
at com.tripgain.common.ExtantManager.getReportFilePath(ExtantManager.java:81)
at com.tripgain.common.ExtantManager.getReportFilePath(ExtantManager.java:81)
at com.tripgain.common.ExtantManager.getReportFilePath(ExtantManager.java:81)
at com.tripgain.common.ExtantManager.getReportFilePath(ExtantManager.java:81)
at com.tripgain.common.ExtantManager.getReportFilePath(ExtantManager.java:81)
at com.tripgain.common.ExtantManager.getReportFilePath(ExtantManager.java:81)
at com.tripgain.common.ExtantManager.getReportFilePath(ExtantManager.java:81)
at com.tripgain.common.ExtantManager.getReportFilePath(ExtantManager.java:81)
at com.tripgain.common.ExtantManager.getReportFilePath(ExtantManager.java:81)
at com.tripgain.common.ExtantManager.getReportFilePath(ExtantManager.java:81)
at com.tripgain.common.ExtantManager.getReportFilePath(ExtantManager.java:81)
at com.tripgain.common.ExtantManager.getReportFilePath(ExtantManager.java:81)
at com.tripgain.common.ExtantManager.getReportFilePath(ExtantManager.java:81)
at com.tripgain.common.ExtantManager.getReportFilePath(ExtantManager.java:81)
at com.tripgain.common.ExtantManager.getReportFilePath(ExtantManager.java:81)
at com.tripgain.common.ExtantManager.getReportFilePath(ExtantManager.java:81)
at com.tripgain.common.ExtantManager.getReportFilePath(ExtantManager.java:81)
at com.tripgain.common.ExtantManager.getReportFilePath(ExtantManager.java:81)
at com.tripgain.common.ExtantManager.getReportFilePath(ExtantManager.java:81)
at com.tripgain.common.ExtantManager.getReportFilePath(ExtantManager.java:81)
at com.tripgain.common.ExtantManager.getReportFilePath(ExtantManager.java:81)
at com.tripgain.common.ExtantManager.getReportFilePath(ExtantManager.java:81)
at com.tripgain.common.ExtantManager.getReportFilePath(ExtantManager.java:81)
at com.tripgain.common.ExtantManager.getReportFilePath(ExtantManager.java:81)
at com.tripgain.common.ExtantManager.getReportFilePath(ExtantManager.java:81)
at com.tripgain.common.ExtantManager.getReportFilePath(ExtantManager.java:81)
at com.tripgain.common.ExtantManager.getReportFilePath(ExtantManager.java:81)
at com.tripgain.common.ExtantManager.getReportFilePath(ExtantManager.java:81)
at com.tripgain.common.ExtantManager.getReportFilePath(ExtantManager.java:81)
at com.tripgain.common.ExtantManager.getReportFilePath(ExtantManager.java:81)
at com.tripgain.common.ExtantManager.getReportFilePath(ExtantManager.java:81)
at com.tripgain.common.ExtantManager.getReportFilePath(ExtantManager.java:81)
at com.tripgain.common.ExtantManager.getReportFilePath(ExtantManager.java:81)
at com.tripgain.common.ExtantManager.getReportFilePath(ExtantManager.java:81)
at com.tripgain.common.ExtantManager.getReportFilePath(ExtantManager.java:81)
at com.tripgain.common.ExtantManager.getReportFilePath(ExtantManager.java:81)
at com.tripgain.common.ExtantManager.getReportFilePath(ExtantManager.java:81)
at com.tripgain.common.ExtantManager.getReportFilePath(ExtantManager.java:81)
at com.tripgain.common.ExtantManager.getReportFilePath(ExtantManager.java:81)
at com.tripgain.common.ExtantManager.getReportFilePath(ExtantManager.java:81)
at com.tripgain.common.ExtantManager.getReportFilePath(ExtantManager.java:81)
at com.tripgain.common.ExtantManager.getReportFilePath(ExtantManager.java:81)
at com.tripgain.common.ExtantManager.getReportFilePath(ExtantManager.java:81)
at com.tripgain.common.ExtantManager.getReportFilePath(ExtantManager.java:81)
at com.tripgain.common.ExtantManager.getReportFilePath(ExtantManager.java:81)
at com.tripgain.common.ExtantManager.getReportFilePath(ExtantManager.java:81)
at com.tripgain.common.ExtantManager.getReportFilePath(ExtantManager.java:81)
at com.tripgain.common.ExtantManager.getReportFilePath(ExtantManager.java:81)
at com.tripgain.common.ExtantManager.getReportFilePath(ExtantManager.java:81)
at com.tripgain.common.ExtantManager.getReportFilePath(ExtantManager.java:81)
at com.tripgain.common.ExtantManager.getReportFilePath(ExtantManager.java:81)
at com.tripgain.common.ExtantManager.getReportFilePath(ExtantManager.java:81)
at com.tripgain.common.ExtantManager.getReportFilePath(ExtantManager.java:81)
at com.tripgain.common.ExtantManager.getReportFilePath(ExtantManager.java:81)
at com.tripgain.common.ExtantManager.getReportFilePath(ExtantManager.java:81)
at com.tripgain.common.ExtantManager.getReportFilePath(ExtantManager.java:81)
at com.tripgain.common.ExtantManager.getReportFilePath(ExtantManager.java:81)
at com.tripgain.common.ExtantManager.getReportFilePath(ExtantManager.java:81)
at com.tripgain.common.ExtantManager.getReportFilePath(ExtantManager.java:81)
at com.tripgain.common.ExtantManager.getReportFilePath(ExtantManager.java:81)
at com.tripgain.common.ExtantManager.getReportFilePath(ExtantManager.java:81)
at com.tripgain.common.ExtantManager.getReportFilePath(ExtantManager.java:81)
at com.tripgain.common.ExtantManager.getReportFilePath(ExtantManager.java:81)
at com.tripgain.common.ExtantManager.getReportFilePath(ExtantManager.java:81)
at com.tripgain.common.ExtantManager.getReportFilePath(ExtantManager.java:81)
at com.tripgain.common.ExtantManager.getReportFilePath(ExtantManager.java:81)
at com.tripgain.common.ExtantManager.getReportFilePath(ExtantManager.java:81)
at com.tripgain.common.ExtantManager.getReportFilePath(ExtantManager.java:81)
at com.tripgain.common.ExtantManager.getReportFilePath(ExtantManager.java:81)
at com.tripgain.common.ExtantManager.getReportFilePath(ExtantManager.java:81)
at com.tripgain.common.ExtantManager.getReportFilePath(ExtantManager.java:81)
at com.tripgain.common.ExtantManager.getReportFilePath(ExtantManager.java:81)
at com.tripgain.common.ExtantManager.getReportFilePath(ExtantManager.java:81)
at com.tripgain.common.ExtantManager.getReportFilePath(ExtantManager.java:81)
at com.tripgain.common.ExtantManager.getReportFilePath(ExtantManager.java:81)
at com.tripgain.common.ExtantManager.getReportFilePath(ExtantManager.java:81)
at com.tripgain.common.ExtantManager.getReportFilePath(ExtantManager.java:81)
at com.tripgain.common.ExtantManager.getReportFilePath(ExtantManager.java:81)
at com.tripgain.common.ExtantManager.getReportFilePath(ExtantManager.java:81)
at com.tripgain.common.ExtantManager.getReportFilePath(ExtantManager.java:81)
at com.tripgain.common.ExtantManager.getReportFilePath(ExtantManager.java:81)
at com.tripgain.common.ExtantManager.getReportFilePath(ExtantManager.java:81)
at com.tripgain.common.ExtantManager.getReportFilePath(ExtantManager.java:81)
at com.tripgain.common.ExtantManager.getReportFilePath(ExtantManager.java:81)
at com.tripgain.common.ExtantManager.getReportFilePath(ExtantManager.java:81)
at com.tripgain.common.ExtantManager.getReportFilePath(ExtantManager.java:81)
at com.tripgain.common.ExtantManager.getReportFilePath(ExtantManager.java:81)
at com.tripgain.common.ExtantManager.getReportFilePath(ExtantManager.java:81)
at com.tripgain.common.ExtantManager.getReportFilePath(ExtantManager.java:81)
at com.tripgain.common.ExtantManager.getReportFilePath(ExtantManager.java:81)
at com.tripgain.common.ExtantManager.getReportFilePath(ExtantManager.java:81)
at com.tripgain.common.ExtantManager.getReportFilePath(ExtantManager.java:81)
at com.tripgain.common.ExtantManager.getReportFilePath(ExtantManager.java:81)
at com.tripgain.common.ExtantManager.getReportFilePath(ExtantManager.java:81)
at com.tripgain.common.ExtantManager.getReportFilePath(ExtantManager.java:81)
at com.tripgain.common.ExtantManager.getReportFilePath(ExtantManager.java:81)
at com.tripgain.common.ExtantManager.getReportFilePath(ExtantManager.java:81)
at com.tripgain.common.ExtantManager.getReportFilePath(ExtantManager.java:81)
at com.tripgain.common.ExtantManager.getReportFilePath(ExtantManager.java:81)
at com.tripgain.common.ExtantManager.getReportFilePath(ExtantManager.java:81)
at com.tripgain.common.ExtantManager.getReportFilePath(ExtantManager.java:81)
at com.tripgain.common.ExtantManager.getReportFilePath(ExtantManager.java:81)
at com.tripgain.common.ExtantManager.getReportFilePath(ExtantManager.java:81)
at com.tripgain.common.ExtantManager.getReportFilePath(ExtantManager.java:81)
at com.tripgain.common.ExtantManager.getReportFilePath(ExtantManager.java:81)
at com.tripgain.common.ExtantManager.getReportFilePath(ExtantManager.java:81)
at com.tripgain.common.ExtantManager.getReportFilePath(ExtantManager.java:81)
at com.tripgain.common.ExtantManager.getReportFilePath(ExtantManager.java:81)
at com.tripgain.common.ExtantManager.getReportFilePath(ExtantManager.java:81)
at com.tripgain.common.ExtantManager.getReportFilePath(ExtantManager.java:81)
at com.tripgain.common.ExtantManager.getReportFilePath(ExtantManager.java:81)
at com.tripgain.common.ExtantManager.getReportFilePath(ExtantManager.java:81)
at com.tripgain.common.ExtantManager.getReportFilePath(ExtantManager.java:81)
at com.tripgain.common.ExtantManager.getReportFilePath(ExtantManager.java:81)
at com.tripgain.common.ExtantManager.getReportFilePath(ExtantManager.java:81)
at com.tripgain.common.ExtantManager.getReportFilePath(ExtantManager.java:81)
at com.tripgain.common.ExtantManager.getReportFilePath(ExtantManager.java:81)
at com.tripgain.common.ExtantManager.getReportFilePath(ExtantManager.java:81)
at com.tripgain.common.ExtantManager.getReportFilePath(ExtantManager.java:81)
at com.tripgain.common.ExtantManager.getReportFilePath(ExtantManager.java:81)
at com.tripgain.common.ExtantManager.getReportFilePath(ExtantManager.java:81)
at com.tripgain.common.ExtantManager.getReportFilePath(ExtantManager.java:81)
at com.tripgain.common.ExtantManager.getReportFilePath(ExtantManager.java:81)
at com.tripgain.common.ExtantManager.getReportFilePath(ExtantManager.java:81)
at com.tripgain.common.ExtantManager.getReportFilePath(ExtantManager.java:81)
at com.tripgain.common.ExtantManager.getReportFilePath(ExtantManager.java:81)
at com.tripgain.common.ExtantManager.getReportFilePath(ExtantManager.java:81)
at com.tripgain.common.ExtantManager.getReportFilePath(ExtantManager.java:81)
at com.tripgain.common.ExtantManager.getReportFilePath(ExtantManager.java:81)
at com.tripgain.common.ExtantManager.getReportFilePath(ExtantManager.java:81)
at com.tripgain.common.ExtantManager.getReportFilePath(ExtantManager.java:81)
at com.tripgain.common.ExtantManager.getReportFilePath(ExtantManager.java:81)
at com.tripgain.common.ExtantManager.getReportFilePath(ExtantManager.java:81)
at com.tripgain.common.ExtantManager.getReportFilePath(ExtantManager.java:81)
at com.tripgain.common.ExtantManager.getReportFilePath(ExtantManager.java:81)
at com.tripgain.common.ExtantManager.getReportFilePath(ExtantManager.java:81)
at com.tripgain.common.ExtantManager.getReportFilePath(ExtantManager.java:81)
at com.tripgain.common.ExtantManager.getReportFilePath(ExtantManager.java:81)
at com.tripgain.common.ExtantManager.getReportFilePath(ExtantManager.java:81)
at com.tripgain.common.ExtantManager.getReportFilePath(ExtantManager.java:81)
at com.tripgain.common.ExtantManager.getReportFilePath(ExtantManager.java:81)
at com.tripgain.common.ExtantManager.getReportFilePath(ExtantManager.java:81)
at com.tripgain.common.ExtantManager.getReportFilePath(ExtantManager.java:81)
at com.tripgain.common.ExtantManager.getReportFilePath(ExtantManager.java:81)
at com.tripgain.common.ExtantManager.getReportFilePath(ExtantManager.java:81)
at com.tripgain.common.ExtantManager.getReportFilePath(ExtantManager.java:81)
at com.tripgain.common.ExtantManager.getReportFilePath(ExtantManager.java:81)
at com.tripgain.common.ExtantManager.getReportFilePath(ExtantManager.java:81)
at com.tripgain.common.ExtantManager.getReportFilePath(ExtantManager.java:81)
at com.tripgain.common.ExtantManager.getReportFilePath(ExtantManager.java:81)
at com.tripgain.common.ExtantManager.getReportFilePath(ExtantManager.java:81)
at com.tripgain.common.ExtantManager.getReportFilePath(ExtantManager.java:81)
at com.tripgain.common.ExtantManager.getReportFilePath(ExtantManager.java:81)
at com.tripgain.common.ExtantManager.getReportFilePath(ExtantManager.java:81)
at com.tripgain.common.ExtantManager.getReportFilePath(ExtantManager.java:81)
at com.tripgain.common.ExtantManager.getReportFilePath(ExtantManager.java:81)
at com.tripgain.common.ExtantManager.getReportFilePath(ExtantManager.java:81)
at com.tripgain.common.ExtantManager.getReportFilePath(ExtantManager.java:81)
at com.tripgain.common.ExtantManager.getReportFilePath(ExtantManager.java:81)
at com.tripgain.common.ExtantManager.getReportFilePath(ExtantManager.java:81)
at com.tripgain.common.ExtantManager.getReportFilePath(ExtantManager.java:81)
at com.tripgain.common.ExtantManager.getReportFilePath(ExtantManager.java:81)
at com.tripgain.common.ExtantManager.getReportFilePath(ExtantManager.java:81)
at com.tripgain.common.ExtantManager.getReportFilePath(ExtantManager.java:81)
at com.tripgain.common.ExtantManager.getReportFilePath(ExtantManager.java:81)
at com.tripgain.common.ExtantManager.getReportFilePath(ExtantManager.java:81)
at com.tripgain.common.ExtantManager.getReportFilePath(ExtantManager.java:81)
at com.tripgain.common.ExtantManager.getReportFilePath(ExtantManager.java:81)
at com.tripgain.common.ExtantManager.getReportFilePath(ExtantManager.java:81)
at com.tripgain.common.ExtantManager.getReportFilePath(ExtantManager.java:81)
at com.tripgain.common.ExtantManager.getReportFilePath(ExtantManager.java:81)
at com.tripgain.common.ExtantManager.getReportFilePath(ExtantManager.java:81)
at com.tripgain.common.ExtantManager.getReportFilePath(ExtantManager.java:81)
at com.tripgain.common.ExtantManager.getReportFilePath(ExtantManager.java:81)
at com.tripgain.common.ExtantManager.getReportFilePath(ExtantManager.java:81)
at com.tripgain.common.ExtantManager.getReportFilePath(ExtantManager.java:81)
at com.tripgain.common.ExtantManager.getReportFilePath(ExtantManager.java:81)
at com.tripgain.common.ExtantManager.getReportFilePath(ExtantManager.java:81)
at com.tripgain.common.ExtantManager.getReportFilePath(ExtantManager.java:81)
at com.tripgain.common.ExtantManager.getReportFilePath(ExtantManager.java:81)
at com.tripgain.common.ExtantManager.getReportFilePath(ExtantManager.java:81)
at com.tripgain.common.ExtantManager.getReportFilePath(ExtantManager.java:81)
at com.tripgain.common.ExtantManager.getReportFilePath(ExtantManager.java:81)
at com.tripgain.common.ExtantManager.getReportFilePath(ExtantManager.java:81)
at com.tripgain.common.ExtantManager.getReportFilePath(ExtantManager.java:81)
at com.tripgain.common.ExtantManager.getReportFilePath(ExtantManager.java:81)
at com.tripgain.common.ExtantManager.getReportFilePath(ExtantManager.java:81)
at com.tripgain.common.ExtantManager.getReportFilePath(ExtantManager.java:81)
at com.tripgain.common.ExtantManager.getReportFilePath(ExtantManager.java:81)
at com.tripgain.common.ExtantManager.getReportFilePath(ExtantManager.java:81)
at com.tripgain.common.ExtantManager.getReportFilePath(ExtantManager.java:81)
at com.tripgain.common.ExtantManager.getReportFilePath(ExtantManager.java:81)
at com.tripgain.common.ExtantManager.getReportFilePath(ExtantManager.java:81)
at com.tripgain.common.ExtantManager.getReportFilePath(ExtantManager.java:81)
at com.tripgain.common.ExtantManager.getReportFilePath(ExtantManager.java:81)
at com.tripgain.common.ExtantManager.getReportFilePath(ExtantManager.java:81)
at com.tripgain.common.ExtantManager.getReportFilePath(ExtantManager.java:81)
at com.tripgain.common.ExtantManager.getReportFilePath(ExtantManager.java:81)
at com.tripgain.common.ExtantManager.getReportFilePath(ExtantManager.java:81)
at com.tripgain.common.ExtantManager.getReportFilePath(ExtantManager.java:81)
at com.tripgain.common.ExtantManager.getReportFilePath(ExtantManager.java:81)
at com.tripgain.common.ExtantManager.getReportFilePath(ExtantManager.java:81)
at com.tripgain.common.ExtantManager.getReportFilePath(ExtantManager.java:81)
at com.tripgain.common.ExtantManager.getReportFilePath(ExtantManager.java:81)
at com.tripgain.common.ExtantManager.getReportFilePath(ExtantManager.java:81)
at com.tripgain.common.ExtantManager.getReportFilePath(ExtantManager.java:81)
at com.tripgain.common.ExtantManager.getReportFilePath(ExtantManager.java:81)
at com.tripgain.common.ExtantManager.getReportFilePath(ExtantManager.java:81)
at com.tripgain.common.ExtantManager.getReportFilePath(ExtantManager.java:81)
at com.tripgain.common.ExtantManager.getReportFilePath(ExtantManager.java:81)
at com.tripgain.common.ExtantManager.getReportFilePath(ExtantManager.java:81)
at com.tripgain.common.ExtantManager.getReportFilePath(ExtantManager.java:81)
at com.tripgain.common.ExtantManager.getReportFilePath(ExtantManager.java:81)
at com.tripgain.common.ExtantManager.getReportFilePath(ExtantManager.java:81)
at com.tripgain.common.ExtantManager.getReportFilePath(ExtantManager.java:81)
at com.tripgain.common.ExtantManager.getReportFilePath(ExtantManager.java:81)
at com.tripgain.common.ExtantManager.getReportFilePath(ExtantManager.java:81)
at com.tripgain.common.ExtantManager.getReportFilePath(ExtantManager.java:81)
at com.tripgain.common.ExtantManager.getReportFilePath(ExtantManager.java:81)
at com.tripgain.common.ExtantManager.getReportFilePath(ExtantManager.java:81)
at com.tripgain.common.ExtantManager.getReportFilePath(ExtantManager.java:81)
at com.tripgain.common.ExtantManager.getReportFilePath(ExtantManager.java:81)
at com.tripgain.common.ExtantManager.getReportFilePath(ExtantManager.java:81)
at com.tripgain.common.ExtantManager.getReportFilePath(ExtantManager.java:81)
at com.tripgain.common.ExtantManager.getReportFilePath(ExtantManager.java:81)
at com.tripgain.common.ExtantManager.getReportFilePath(ExtantManager.java:81)
at com.tripgain.common.ExtantManager.getReportFilePath(ExtantManager.java:81)
at com.tripgain.common.ExtantManager.getReportFilePath(ExtantManager.java:81)
at com.tripgain.common.ExtantManager.getReportFilePath(ExtantManager.java:81)
at com.tripgain.common.ExtantManager.getReportFilePath(ExtantManager.java:81)
at com.tripgain.common.ExtantManager.getReportFilePath(ExtantManager.java:81)
at com.tripgain.common.ExtantManager.getReportFilePath(ExtantManager.java:81)
at com.tripgain.common.ExtantManager.getReportFilePath(ExtantManager.java:81)
at com.tripgain.common.ExtantManager.getReportFilePath(ExtantManager.java:81)
at com.tripgain.common.ExtantManager.getReportFilePath(ExtantManager.java:81)
at com.tripgain.common.ExtantManager.getReportFilePath(ExtantManager.java:81)
at com.tripgain.common.ExtantManager.getReportFilePath(ExtantManager.java:81)
at com.tripgain.common.ExtantManager.getReportFilePath(ExtantManager.java:81)
at com.tripgain.common.ExtantManager.getReportFilePath(ExtantManager.java:81)
at com.tripgain.common.ExtantManager.getReportFilePath(ExtantManager.java:81)
at com.tripgain.common.ExtantManager.getReportFilePath(ExtantManager.java:81)
at com.tripgain.common.ExtantManager.getReportFilePath(ExtantManager.java:81)
at com.tripgain.common.ExtantManager.getReportFilePath(ExtantManager.java:81)
at com.tripgain.common.ExtantManager.getReportFilePath(ExtantManager.java:81)
at com.tripgain.common.ExtantManager.getReportFilePath(ExtantManager.java:81)
at com.tripgain.common.ExtantManager.getReportFilePath(ExtantManager.java:81)
at com.tripgain.common.ExtantManager.getReportFilePath(ExtantManager.java:81)
at com.tripgain.common.ExtantManager.getReportFilePath(ExtantManager.java:81)
at com.tripgain.common.ExtantManager.getReportFilePath(ExtantManager.java:81)
at com.tripgain.common.ExtantManager.getReportFilePath(ExtantManager.java:81)
at com.tripgain.common.ExtantManager.getReportFilePath(ExtantManager.java:81)
at com.tripgain.common.ExtantManager.getReportFilePath(ExtantManager.java:81)
at com.tripgain.common.ExtantManager.getReportFilePath(ExtantManager.java:81)
at com.tripgain.common.ExtantManager.getReportFilePath(ExtantManager.java:81)
at com.tripgain.common.ExtantManager.getReportFilePath(ExtantManager.java:81)
at com.tripgain.common.ExtantManager.getReportFilePath(ExtantManager.java:81)
at com.tripgain.common.ExtantManager.getReportFilePath(ExtantManager.java:81)
at com.tripgain.common.ExtantManager.getReportFilePath(ExtantManager.java:81)
at com.tripgain.common.ExtantManager.getReportFilePath(ExtantManager.java:81)
at com.tripgain.common.ExtantManager.getReportFilePath(ExtantManager.java:81)
at com.tripgain.common.ExtantManager.getReportFilePath(ExtantManager.java:81)
at com.tripgain.common.ExtantManager.getReportFilePath(ExtantManager.java:81)
at com.tripgain.common.ExtantManager.getReportFilePath(ExtantManager.java:81)
at com.tripgain.common.ExtantManager.getReportFilePath(ExtantManager.java:81)
at com.tripgain.common.ExtantManager.getReportFilePath(ExtantManager.java:81)
at com.tripgain.common.ExtantManager.getReportFilePath(ExtantManager.java:81)
at com.tripgain.common.ExtantManager.getReportFilePath(ExtantManager.java:81)
at com.tripgain.common.ExtantManager.getReportFilePath(ExtantManager.java:81)
at com.tripgain.common.ExtantManager.getReportFilePath(ExtantManager.java:81)
at com.tripgain.common.ExtantManager.getReportFilePath(ExtantManager.java:81)
at com.tripgain.common.ExtantManager.getReportFilePath(ExtantManager.java:81)
at com.tripgain.common.ExtantManager.getReportFilePath(ExtantManager.java:81)
at com.tripgain.common.ExtantManager.getReportFilePath(ExtantManager.java:81)
at com.tripgain.common.ExtantManager.getReportFilePath(ExtantManager.java:81)
at com.tripgain.common.ExtantManager.getReportFilePath(ExtantManager.java:81)
at com.tripgain.common.ExtantManager.getReportFilePath(ExtantManager.java:81)
at com.tripgain.common.ExtantManager.getReportFilePath(ExtantManager.java:81)
at com.tripgain.common.ExtantManager.getReportFilePath(ExtantManager.java:81)
at com.tripgain.common.ExtantManager.getReportFilePath(ExtantManager.java:81)
at com.tripgain.common.ExtantManager.getReportFilePath(ExtantManager.java:81)
at com.tripgain.common.ExtantManager.getReportFilePath(ExtantManager.java:81)
at com.tripgain.common.ExtantManager.getReportFilePath(ExtantManager.java:81)
at com.tripgain.common.ExtantManager.getReportFilePath(ExtantManager.java:81)
at com.tripgain.common.ExtantManager.getReportFilePath(ExtantManager.java:81)
at com.tripgain.common.ExtantManager.getReportFilePath(ExtantManager.java:81)
at com.tripgain.common.ExtantManager.getReportFilePath(ExtantManager.java:81)
at com.tripgain.common.ExtantManager.getReportFilePath(ExtantManager.java:81)
at com.tripgain.common.ExtantManager.getReportFilePath(ExtantManager.java:81)
at com.tripgain.common.ExtantManager.getReportFilePath(ExtantManager.java:81)
at com.tripgain.common.ExtantManager.getReportFilePath(ExtantManager.java:81)
at com.tripgain.common.ExtantManager.getReportFilePath(ExtantManager.java:81)
at com.tripgain.common.ExtantManager.getReportFilePath(ExtantManager.java:81)
at com.tripgain.common.ExtantManager.getReportFilePath(ExtantManager.java:81)
at com.tripgain.common.ExtantManager.getReportFilePath(ExtantManager.java:81)
at com.tripgain.common.ExtantManager.getReportFilePath(ExtantManager.java:81)
at com.tripgain.common.ExtantManager.getReportFilePath(ExtantManager.java:81)
at com.tripgain.common.ExtantManager.getReportFilePath(ExtantManager.java:81)
at com.tripgain.common.ExtantManager.getReportFilePath(ExtantManager.java:81)
at com.tripgain.common.ExtantManager.getReportFilePath(ExtantManager.java:81)
at com.tripgain.common.ExtantManager.getReportFilePath(ExtantManager.java:81)
at com.tripgain.common.ExtantManager.getReportFilePath(ExtantManager.java:81)
at com.tripgain.common.ExtantManager.getReportFilePath(ExtantManager.java:81)
at com.tripgain.common.ExtantManager.getReportFilePath(ExtantManager.java:81)
at com.tripgain.common.ExtantManager.getReportFilePath(ExtantManager.java:81)
at com.tripgain.common.ExtantManager.getReportFilePath(ExtantManager.java:81)
at com.tripgain.common.ExtantManager.getReportFilePath(ExtantManager.java:81)
at com.tripgain.common.ExtantManager.getReportFilePath(ExtantManager.java:81)
at com.tripgain.common.ExtantManager.getReportFilePath(ExtantManager.java:81)
at com.tripgain.common.ExtantManager.getReportFilePath(ExtantManager.java:81)
at com.tripgain.common.ExtantManager.getReportFilePath(ExtantManager.java:81)
at com.tripgain.common.ExtantManager.getReportFilePath(ExtantManager.java:81)
at com.tripgain.common.ExtantManager.getReportFilePath(ExtantManager.java:81)
at com.tripgain.common.ExtantManager.getReportFilePath(ExtantManager.java:81)
at com.tripgain.common.ExtantManager.getReportFilePath(ExtantManager.java:81)
at com.tripgain.common.ExtantManager.getReportFilePath(ExtantManager.java:81)
at com.tripgain.common.ExtantManager.getReportFilePath(ExtantManager.java:81)
at com.tripgain.common.ExtantManager.getReportFilePath(ExtantManager.java:81)
at com.tripgain.common.ExtantManager.getReportFilePath(ExtantManager.java:81)
at com.tripgain.common.ExtantManager.getReportFilePath(ExtantManager.java:81)
at com.tripgain.common.ExtantManager.getReportFilePath(ExtantManager.java:81)
at com.tripgain.common.ExtantManager.getReportFilePath(ExtantManager.java:81)
at com.tripgain.common.ExtantManager.getReportFilePath(ExtantManager.java:81)
at com.tripgain.common.ExtantManager.getReportFilePath(ExtantManager.java:81)
at com.tripgain.common.ExtantManager.getReportFilePath(ExtantManager.java:81)
at com.tripgain.common.ExtantManager.getReportFilePath(ExtantManager.java:81)
at com.tripgain.common.ExtantManager.getReportFilePath(ExtantManager.java:81)
at com.tripgain.common.ExtantManager.getReportFilePath(ExtantManager.java:81)
at com.tripgain.common.ExtantManager.getReportFilePath(ExtantManager.java:81)
at com.tripgain.common.ExtantManager.getReportFilePath(ExtantManager.java:81)
at com.tripgain.common.ExtantManager.getReportFilePath(ExtantManager.java:81)
at com.tripgain.common.ExtantManager.getReportFilePath(ExtantManager.java:81)
at com.tripgain.common.ExtantManager.getReportFilePath(ExtantManager.java:81)
at com.tripgain.common.ExtantManager.getReportFilePath(ExtantManager.java:81)
at com.tripgain.common.ExtantManager.getReportFilePath(ExtantManager.java:81)
at com.tripgain.common.ExtantManager.getReportFilePath(ExtantManager.java:81)
at com.tripgain.common.ExtantManager.getReportFilePath(ExtantManager.java:81)
at com.tripgain.common.ExtantManager.getReportFilePath(ExtantManager.java:81)
at com.tripgain.common.ExtantManager.getReportFilePath(ExtantManager.java:81)
at com.tripgain.common.ExtantManager.getReportFilePath(ExtantManager.java:81)
at com.tripgain.common.ExtantManager.getReportFilePath(ExtantManager.java:81)
at com.tripgain.common.ExtantManager.getReportFilePath(ExtantManager.java:81)
at com.tripgain.common.ExtantManager.getReportFilePath(ExtantManager.java:81)
at com.tripgain.common.ExtantManager.getReportFilePath(ExtantManager.java:81)
at com.tripgain.common.ExtantManager.getReportFilePath(ExtantManager.java:81)
at com.tripgain.common.ExtantManager.getReportFilePath(ExtantManager.java:81)
at com.tripgain.common.ExtantManager.getReportFilePath(ExtantManager.java:81)
at com.tripgain.common.ExtantManager.getReportFilePath(ExtantManager.java:81)
at com.tripgain.common.ExtantManager.getReportFilePath(ExtantManager.java:81)
at com.tripgain.common.ExtantManager.getReportFilePath(ExtantManager.java:81)
at com.tripgain.common.ExtantManager.getReportFilePath(ExtantManager.java:81)
at com.tripgain.common.ExtantManager.getReportFilePath(ExtantManager.java:81)
at com.tripgain.common.ExtantManager.getReportFilePath(ExtantManager.java:81)
at com.tripgain.common.ExtantManager.getReportFilePath(ExtantManager.java:81)
at com.tripgain.common.ExtantManager.getReportFilePath(ExtantManager.java:81)
at com.tripgain.common.ExtantManager.getReportFilePath(ExtantManager.java:81)
at com.tripgain.common.ExtantManager.getReportFilePath(ExtantManager.java:81)
at com.tripgain.common.ExtantManager.getReportFilePath(ExtantManager.java:81)
at com.tripgain.common.ExtantManager.getReportFilePath(ExtantManager.java:81)
at com.tripgain.common.ExtantManager.getReportFilePath(ExtantManager.java:81)
at com.tripgain.common.ExtantManager.getReportFilePath(ExtantManager.java:81)
at com.tripgain.common.ExtantManager.getReportFilePath(ExtantManager.java:81)
at com.tripgain.common.ExtantManager.getReportFilePath(ExtantManager.java:81)
at com.tripgain.common.ExtantManager.getReportFilePath(ExtantManager.java:81)
at com.tripgain.common.ExtantManager.getReportFilePath(ExtantManager.java:81)
at com.tripgain.common.ExtantManager.getReportFilePath(ExtantManager.java:81)
at com.tripgain.common.ExtantManager.getReportFilePath(ExtantManager.java:81)
at com.tripgain.common.ExtantManager.getReportFilePath(ExtantManager.java:81)
at com.tripgain.common.ExtantManager.getReportFilePath(ExtantManager.java:81)
at com.tripgain.common.ExtantManager.getReportFilePath(ExtantManager.java:81)
at com.tripgain.common.ExtantManager.getReportFilePath(ExtantManager.java:81)
at com.tripgain.common.ExtantManager.getReportFilePath(ExtantManager.java:81)
at com.tripgain.common.ExtantManager.getReportFilePath(ExtantManager.java:81)
at com.tripgain.common.ExtantManager.getReportFilePath(ExtantManager.java:81)
at com.tripgain.common.ExtantManager.getReportFilePath(ExtantManager.java:81)
at com.tripgain.common.ExtantManager.getReportFilePath(ExtantManager.java:81)
at com.tripgain.common.ExtantManager.getReportFilePath(ExtantManager.java:81)
at com.tripgain.common.ExtantManager.getReportFilePath(ExtantManager.java:81)
at com.tripgain.common.ExtantManager.getReportFilePath(ExtantManager.java:81)
at com.tripgain.common.ExtantManager.getReportFilePath(ExtantManager.java:81)
at com.tripgain.common.ExtantManager.getReportFilePath(ExtantManager.java:81)
at com.tripgain.common.ExtantManager.getReportFilePath(ExtantManager.java:81)
at com.tripgain.common.ExtantManager.getReportFilePath(ExtantManager.java:81)
at com.tripgain.common.ExtantManager.getReportFilePath(ExtantManager.java:81)
at com.tripgain.common.ExtantManager.getReportFilePath(ExtantManager.java:81)
at com.tripgain.common.ExtantManager.getReportFilePath(ExtantManager.java:81)
at com.tripgain.common.ExtantManager.getReportFilePath(ExtantManager.java:81)
at com.tripgain.common.ExtantManager.getReportFilePath(ExtantManager.java:81)
at com.tripgain.common.ExtantManager.getReportFilePath(ExtantManager.java:81)
at com.tripgain.common.ExtantManager.getReportFilePath(ExtantManager.java:81)
at com.tripgain.common.ExtantManager.getReportFilePath(ExtantManager.java:81)
at com.tripgain.common.ExtantManager.getReportFilePath(ExtantManager.java:81)
at com.tripgain.common.ExtantManager.getReportFilePath(ExtantManager.java:81)
at com.tripgain.common.ExtantManager.getReportFilePath(ExtantManager.java:81)
at com.tripgain.common.ExtantManager.getReportFilePath(ExtantManager.java:81)
at com.tripgain.common.ExtantManager.getReportFilePath(ExtantManager.java:81)
at com.tripgain.common.ExtantManager.getReportFilePath(ExtantManager.java:81)
at com.tripgain.common.ExtantManager.getReportFilePath(ExtantManager.java:81)
at com.tripgain.common.ExtantManager.getReportFilePath(ExtantManager.java:81)
at com.tripgain.common.ExtantManager.getReportFilePath(ExtantManager.java:81)
at com.tripgain.common.ExtantManager.getReportFilePath(ExtantManager.java:81)
at com.tripgain.common.ExtantManager.getReportFilePath(ExtantManager.java:81)
at com.tripgain.common.ExtantManager.getReportFilePath(ExtantManager.java:81)
at com.tripgain.common.ExtantManager.getReportFilePath(ExtantManager.java:81)
at com.tripgain.common.ExtantManager.getReportFilePath(ExtantManager.java:81)
at com.tripgain.common.ExtantManager.getReportFilePath(ExtantManager.java:81)
at com.tripgain.common.ExtantManager.getReportFilePath(ExtantManager.java:81)
at com.tripgain.common.ExtantManager.getReportFilePath(ExtantManager.java:81)
at com.tripgain.common.ExtantManager.getReportFilePath(ExtantManager.java:81)
at com.tripgain.common.ExtantManager.getReportFilePath(ExtantManager.java:81)
at com.tripgain.common.ExtantManager.getReportFilePath(ExtantManager.java:81)
at com.tripgain.common.ExtantManager.getReportFilePath(ExtantManager.java:81)
at com.tripgain.common.ExtantManager.getReportFilePath(ExtantManager.java:81)
at com.tripgain.common.ExtantManager.getReportFilePath(ExtantManager.java:81)
at com.tripgain.common.ExtantManager.getReportFilePath(ExtantManager.java:81)
at com.tripgain.common.ExtantManager.getReportFilePath(ExtantManager.java:81)
at com.tripgain.common.ExtantManager.getReportFilePath(ExtantManager.java:81)
at com.tripgain.common.ExtantManager.getReportFilePath(ExtantManager.java:81)
at com.tripgain.common.ExtantManager.getReportFilePath(ExtantManager.java:81)
at com.tripgain.common.ExtantManager.getReportFilePath(ExtantManager.java:81)
at com.tripgain.common.ExtantManager.getReportFilePath(ExtantManager.java:81)
at com.tripgain.common.ExtantManager.getReportFilePath(ExtantManager.java:81)
at com.tripgain.common.ExtantManager.getReportFilePath(ExtantManager.java:81)
at com.tripgain.common.ExtantManager.getReportFilePath(ExtantManager.java:81)
at com.tripgain.common.ExtantManager.getReportFilePath(ExtantManager.java:81)
at com.tripgain.common.ExtantManager.getReportFilePath(ExtantManager.java:81)
at com.tripgain.common.ExtantManager.getReportFilePath(ExtantManager.java:81)
at com.tripgain.common.ExtantManager.getReportFilePath(ExtantManager.java:81)
at com.tripgain.common.ExtantManager.getReportFilePath(ExtantManager.java:81)
at com.tripgain.common.ExtantManager.getReportFilePath(ExtantManager.java:81)
at com.tripgain.common.ExtantManager.getReportFilePath(ExtantManager.java:81)
at com.tripgain.common.ExtantManager.getReportFilePath(ExtantManager.java:81)
at com.tripgain.common.ExtantManager.getReportFilePath(ExtantManager.java:81)
at com.tripgain.common.ExtantManager.getReportFilePath(ExtantManager.java:81)
at com.tripgain.common.ExtantManager.getReportFilePath(ExtantManager.java:81)
at com.tripgain.common.ExtantManager.getReportFilePath(ExtantManager.java:81)
at com.tripgain.common.ExtantManager.getReportFilePath(ExtantManager.java:81)
at com.tripgain.common.ExtantManager.getReportFilePath(ExtantManager.java:81)
at com.tripgain.common.ExtantManager.getReportFilePath(ExtantManager.java:81)
at com.tripgain.common.ExtantManager.getReportFilePath(ExtantManager.java:81)
at com.tripgain.common.ExtantManager.getReportFilePath(ExtantManager.java:81)
at com.tripgain.common.ExtantManager.getReportFilePath(ExtantManager.java:81)
at com.tripgain.common.ExtantManager.getReportFilePath(ExtantManager.java:81)
at com.tripgain.common.ExtantManager.getReportFilePath(ExtantManager.java:81)
at com.tripgain.common.ExtantManager.getReportFilePath(ExtantManager.java:81)
at com.tripgain.common.ExtantManager.getReportFilePath(ExtantManager.java:81)
at com.tripgain.common.ExtantManager.getReportFilePath(ExtantManager.java:81)
at com.tripgain.common.ExtantManager.getReportFilePath(ExtantManager.java:81)
at com.tripgain.common.ExtantManager.getReportFilePath(ExtantManager.java:81)
at com.tripgain.common.ExtantManager.getReportFilePath(ExtantManager.java:81)
at com.tripgain.common.ExtantManager.getReportFilePath(ExtantManager.java:81)
at com.tripgain.common.ExtantManager.getReportFilePath(ExtantManager.java:81)
at com.tripgain.common.ExtantManager.getReportFilePath(ExtantManager.java:81)
at com.tripgain.common.ExtantManager.getReportFilePath(ExtantManager.java:81)
at com.tripgain.common.ExtantManager.getReportFilePath(ExtantManager.java:81)
at com.tripgain.common.ExtantManager.getReportFilePath(ExtantManager.java:81)
at com.tripgain.common.ExtantManager.getReportFilePath(ExtantManager.java:81)
at com.tripgain.common.ExtantManager.getReportFilePath(ExtantManager.java:81)
at com.tripgain.common.ExtantManager.getReportFilePath(ExtantManager.java:81)
at com.tripgain.common.ExtantManager.getReportFilePath(ExtantManager.java:81)
at com.tripgain.common.ExtantManager.getReportFilePath(ExtantManager.java:81)
at com.tripgain.common.ExtantManager.getReportFilePath(ExtantManager.java:81)
at com.tripgain.common.ExtantManager.getReportFilePath(ExtantManager.java:81)
at com.tripgain.common.ExtantManager.getReportFilePath(ExtantManager.java:81)
at com.tripgain.common.ExtantManager.getReportFilePath(ExtantManager.java:81)
at com.tripgain.common.ExtantManager.getReportFilePath(ExtantManager.java:81)
at com.tripgain.common.ExtantManager.getReportFilePath(ExtantManager.java:81)
at com.tripgain.common.ExtantManager.getReportFilePath(ExtantManager.java:81)
at com.tripgain.common.ExtantManager.getReportFilePath(ExtantManager.java:81)
at com.tripgain.common.ExtantManager.getReportFilePath(ExtantManager.java:81)
at com.tripgain.common.ExtantManager.getReportFilePath(ExtantManager.java:81)
at com.tripgain.common.ExtantManager.getReportFilePath(ExtantManager.java:81)
at com.tripgain.common.ExtantManager.getReportFilePath(ExtantManager.java:81)
at com.tripgain.common.ExtantManager.getReportFilePath(ExtantManager.java:81)
at com.tripgain.common.ExtantManager.getReportFilePath(ExtantManager.java:81)
at com.tripgain.common.ExtantManager.getReportFilePath(ExtantManager.java:81)
at com.tripgain.common.ExtantManager.getReportFilePath(ExtantManager.java:81)
at com.tripgain.common.ExtantManager.getReportFilePath(ExtantManager.java:81)
at com.tripgain.common.ExtantManager.getReportFilePath(ExtantManager.java:81)
at com.tripgain.common.ExtantManager.getReportFilePath(ExtantManager.java:81)
at com.tripgain.common.ExtantManager.getReportFilePath(ExtantManager.java:81)
at com.tripgain.common.ExtantManager.getReportFilePath(ExtantManager.java:81)
at com.tripgain.common.ExtantManager.getReportFilePath(ExtantManager.java:81)
at com.tripgain.common.ExtantManager.getReportFilePath(ExtantManager.java:81)
at com.tripgain.common.ExtantManager.getReportFilePath(ExtantManager.java:81)
at com.tripgain.common.ExtantManager.getReportFilePath(ExtantManager.java:81)
at com.tripgain.common.ExtantManager.getReportFilePath(ExtantManager.java:81)
at com.tripgain.common.ExtantManager.getReportFilePath(ExtantManager.java:81)
at com.tripgain.common.ExtantManager.getReportFilePath(ExtantManager.java:81)
at com.tripgain.common.ExtantManager.getReportFilePath(ExtantManager.java:81)
at com.tripgain.common.ExtantManager.getReportFilePath(ExtantManager.java:81)
at com.tripgain.common.ExtantManager.getReportFilePath(ExtantManager.java:81)
at com.tripgain.common.ExtantManager.getReportFilePath(ExtantManager.java:81)
at com.tripgain.common.ExtantManager.getReportFilePath(ExtantManager.java:81)
at com.tripgain.common.ExtantManager.getReportFilePath(ExtantManager.java:81)
at com.tripgain.common.ExtantManager.getReportFilePath(ExtantManager.java:81)
at com.tripgain.common.ExtantManager.getReportFilePath(ExtantManager.java:81)
at com.tripgain.common.ExtantManager.getReportFilePath(ExtantManager.java:81)
at com.tripgain.common.ExtantManager.getReportFilePath(ExtantManager.java:81)
at com.tripgain.common.ExtantManager.getReportFilePath(ExtantManager.java:81)
at com.tripgain.common.ExtantManager.getReportFilePath(ExtantManager.java:81)
at com.tripgain.common.ExtantManager.getReportFilePath(ExtantManager.java:81)
at com.tripgain.common.ExtantManager.getReportFilePath(ExtantManager.java:81)
at com.tripgain.common.ExtantManager.getReportFilePath(ExtantManager.java:81)
at com.tripgain.common.ExtantManager.getReportFilePath(ExtantManager.java:81)
at com.tripgain.common.ExtantManager.getReportFilePath(ExtantManager.java:81)
at com.tripgain.common.ExtantManager.getReportFilePath(ExtantManager.java:81)
at com.tripgain.common.ExtantManager.getReportFilePath(ExtantManager.java:81)
at com.tripgain.common.ExtantManager.getReportFilePath(ExtantManager.java:81)
at com.tripgain.common.ExtantManager.getReportFilePath(ExtantManager.java:81)
at com.tripgain.common.ExtantManager.getReportFilePath(ExtantManager.java:81)
at com.tripgain.common.ExtantManager.getReportFilePath(ExtantManager.java:81)
at com.tripgain.common.ExtantManager.getReportFilePath(ExtantManager.java:81)
at com.tripgain.common.ExtantManager.getReportFilePath(ExtantManager.java:81)
at com.tripgain.common.ExtantManager.getReportFilePath(ExtantManager.java:81)
at com.tripgain.common.ExtantManager.getReportFilePath(ExtantManager.java:81)
at com.tripgain.common.ExtantManager.getReportFilePath(ExtantManager.java:81)
at com.tripgain.common.ExtantManager.getReportFilePath(ExtantManager.java:81)
at com.tripgain.common.ExtantManager.getReportFilePath(ExtantManager.java:81)
at com.tripgain.common.ExtantManager.getReportFilePath(ExtantManager.java:81)
at com.tripgain.common.ExtantManager.getReportFilePath(ExtantManager.java:81)
at com.tripgain.common.ExtantManager.getReportFilePath(ExtantManager.java:81)
at com.tripgain.common.ExtantManager.getReportFilePath(ExtantManager.java:81)
at com.tripgain.common.ExtantManager.getReportFilePath(ExtantManager.java:81)
at com.tripgain.common.ExtantManager.getReportFilePath(ExtantManager.java:81)
at com.tripgain.common.ExtantManager.getReportFilePath(ExtantManager.java:81)
at com.tripgain.common.ExtantManager.getReportFilePath(ExtantManager.java:81)
at com.tripgain.common.ExtantManager.getReportFilePath(ExtantManager.java:81)
at com.tripgain.common.ExtantManager.getReportFilePath(ExtantManager.java:81)
at com.tripgain.common.ExtantManager.getReportFilePath(ExtantManager.java:81)
at com.tripgain.common.ExtantManager.getReportFilePath(ExtantManager.java:81)
at com.tripgain.common.ExtantManager.getReportFilePath(ExtantManager.java:81)
at com.tripgain.common.ExtantManager.getReportFilePath(ExtantManager.java:81)
at com.tripgain.common.ExtantManager.getReportFilePath(ExtantManager.java:81)
at com.tripgain.common.ExtantManager.getReportFilePath(ExtantManager.java:81)
at com.tripgain.common.ExtantManager.getReportFilePath(ExtantManager.java:81)
at com.tripgain.common.ExtantManager.getReportFilePath(ExtantManager.java:81)
at com.tripgain.common.ExtantManager.getReportFilePath(ExtantManager.java:81)
at com.tripgain.common.ExtantManager.getReportFilePath(ExtantManager.java:81)
at com.tripgain.common.ExtantManager.getReportFilePath(ExtantManager.java:81)
at com.tripgain.common.ExtantManager.getReportFilePath(ExtantManager.java:81)
at com.tripgain.common.ExtantManager.getReportFilePath(ExtantManager.java:81)
at com.tripgain.common.ExtantManager.getReportFilePath(ExtantManager.java:81)
at com.tripgain.common.ExtantManager.getReportFilePath(ExtantManager.java:81)
at com.tripgain.common.ExtantManager.getReportFilePath(ExtantManager.java:81)
at com.tripgain.common.ExtantManager.getReportFilePath(ExtantManager.java:81)
at com.tripgain.common.ExtantManager.getReportFilePath(ExtantManager.java:81)
at com.tripgain.common.ExtantManager.getReportFilePath(ExtantManager.java:81)
at com.tripgain.common.ExtantManager.getReportFilePath(ExtantManager.java:81)
at com.tripgain.common.ExtantManager.getReportFilePath(ExtantManager.java:81)
at com.tripgain.common.ExtantManager.getReportFilePath(ExtantManager.java:81)
at com.tripgain.common.ExtantManager.getReportFilePath(ExtantManager.java:81)
at com.tripgain.common.ExtantManager.getReportFilePath(ExtantManager.java:81)
at com.tripgain.common.ExtantManager.getReportFilePath(ExtantManager.java:81)
at com.tripgain.common.ExtantManager.getReportFilePath(ExtantManager.java:81)
at com.tripgain.common.ExtantManager.getReportFilePath(ExtantManager.java:81)
at com.tripgain.common.ExtantManager.getReportFilePath(ExtantManager.java:81)
at com.tripgain.common.ExtantManager.getReportFilePath(ExtantManager.java:81)
at com.tripgain.common.ExtantManager.getReportFilePath(ExtantManager.java:81)
at com.tripgain.common.ExtantManager.getReportFilePath(ExtantManager.java:81)
at com.tripgain.common.ExtantManager.getReportFilePath(ExtantManager.java:81)
at com.tripgain.common.ExtantManager.getReportFilePath(ExtantManager.java:81)
at com.tripgain.common.ExtantManager.getReportFilePath(ExtantManager.java:81)
at com.tripgain.common.ExtantManager.getReportFilePath(ExtantManager.java:81)
at com.tripgain.common.ExtantManager.getReportFilePath(ExtantManager.java:81)
at com.tripgain.common.ExtantManager.getReportFilePath(ExtantManager.java:81)
at com.tripgain.common.ExtantManager.getReportFilePath(ExtantManager.java:81)
at com.tripgain.common.ExtantManager.getReportFilePath(ExtantManager.java:81)
at com.tripgain.common.ExtantManager.getReportFilePath(ExtantManager.java:81)
at com.tripgain.common.ExtantManager.getReportFilePath(ExtantManager.java:81)
at com.tripgain.common.ExtantManager.getReportFilePath(ExtantManager.java:81)
at com.tripgain.common.ExtantManager.getReportFilePath(ExtantManager.java:81)
at com.tripgain.common.ExtantManager.getReportFilePath(ExtantManager.java:81)
at com.tripgain.common.ExtantManager.getReportFilePath(ExtantManager.java:81)
at com.tripgain.common.ExtantManager.getReportFilePath(ExtantManager.java:81)
at com.tripgain.common.ExtantManager.getReportFilePath(ExtantManager.java:81)
at com.tripgain.common.ExtantManager.getReportFilePath(ExtantManager.java:81)
at com.tripgain.common.ExtantManager.getReportFilePath(ExtantManager.java:81)
at com.tripgain.common.ExtantManager.getReportFilePath(ExtantManager.java:81)
at com.tripgain.common.ExtantManager.getReportFilePath(ExtantManager.java:81)
at com.tripgain.common.ExtantManager.getReportFilePath(ExtantManager.java:81)
at com.tripgain.common.ExtantManager.getReportFilePath(ExtantManager.java:81)
at com.tripgain.common.ExtantManager.getReportFilePath(ExtantManager.java:81)
at com.tripgain.common.ExtantManager.getReportFilePath(ExtantManager.java:81)
at com.tripgain.common.ExtantManager.getReportFilePath(ExtantManager.java:81)
at com.tripgain.common.ExtantManager.getReportFilePath(ExtantManager.java:81)
at com.tripgain.common.ExtantManager.getReportFilePath(ExtantManager.java:81)
at com.tripgain.common.ExtantManager.getReportFilePath(ExtantManager.java:81)
at com.tripgain.common.ExtantManager.getReportFilePath(ExtantManager.java:81)
at com.tripgain.common.ExtantManager.getReportFilePath(ExtantManager.java:81)
at com.tripgain.common.ExtantManager.getReportFilePath(ExtantManager.java:81)
at com.tripgain.common.ExtantManager.getReportFilePath(ExtantManager.java:81)
at com.tripgain.common.ExtantManager.getReportFilePath(ExtantManager.java:81)
at com.tripgain.common.ExtantManager.getReportFilePath(ExtantManager.java:81)
at com.tripgain.common.ExtantManager.getReportFilePath(ExtantManager.java:81)
at com.tripgain.common.ExtantManager.getReportFilePath(ExtantManager.java:81)
at com.tripgain.common.ExtantManager.getReportFilePath(ExtantManager.java:81)
at com.tripgain.common.ExtantManager.getReportFilePath(ExtantManager.java:81)
at com.tripgain.common.ExtantManager.getReportFilePath(ExtantManager.java:81)
at com.tripgain.common.ExtantManager.getReportFilePath(ExtantManager.java:81)
at com.tripgain.common.ExtantManager.getReportFilePath(ExtantManager.java:81)
at com.tripgain.common.ExtantManager.getReportFilePath(ExtantManager.java:81)
at com.tripgain.common.ExtantManager.getReportFilePath(ExtantManager.java:81)
at com.tripgain.common.ExtantManager.getReportFilePath(ExtantManager.java:81)
at com.tripgain.common.ExtantManager.getReportFilePath(ExtantManager.java:81)
at com.tripgain.common.ExtantManager.getReportFilePath(ExtantManager.java:81)
at com.tripgain.common.ExtantManager.getReportFilePath(ExtantManager.java:81)
at com.tripgain.common.ExtantManager.getReportFilePath(ExtantManager.java:81)
at com.tripgain.common.ExtantManager.getReportFilePath(ExtantManager.java:81)
at com.tripgain.common.ExtantManager.getReportFilePath(ExtantManager.java:81)
at com.tripgain.common.ExtantManager.getReportFilePath(ExtantManager.java:81)
at com.tripgain.common.ExtantManager.getReportFilePath(ExtantManager.java:81)
at com.tripgain.common.ExtantManager.getReportFilePath(ExtantManager.java:81)
at com.tripgain.common.ExtantManager.getReportFilePath(ExtantManager.java:81)
at com.tripgain.common.ExtantManager.getReportFilePath(ExtantManager.java:81)
at com.tripgain.common.ExtantManager.getReportFilePath(ExtantManager.java:81)
at com.tripgain.common.ExtantManager.getReportFilePath(ExtantManager.java:81)
at com.tripgain.common.ExtantManager.getReportFilePath(ExtantManager.java:81)
at com.tripgain.common.ExtantManager.getReportFilePath(ExtantManager.java:81)
at com.tripgain.common.ExtantManager.getReportFilePath(ExtantManager.java:81)
at com.tripgain.common.ExtantManager.getReportFilePath(ExtantManager.java:81)
at com.tripgain.common.ExtantManager.getReportFilePath(ExtantManager.java:81)
at com.tripgain.common.ExtantManager.getReportFilePath(ExtantManager.java:81)
at com.tripgain.common.ExtantManager.getReportFilePath(ExtantManager.java:81)
at com.tripgain.common.ExtantManager.getReportFilePath(ExtantManager.java:81)
at com.tripgain.common.ExtantManager.getReportFilePath(ExtantManager.java:81)
at com.tripgain.common.ExtantManager.getReportFilePath(ExtantManager.java:81)
at com.tripgain.common.ExtantManager.getReportFilePath(ExtantManager.java:81)
at com.tripgain.common.ExtantManager.getReportFilePath(ExtantManager.java:81)
at com.tripgain.common.ExtantManager.getReportFilePath(ExtantManager.java:81)
at com.tripgain.common.ExtantManager.getReportFilePath(ExtantManager.java:81)
at com.tripgain.common.ExtantManager.getReportFilePath(ExtantManager.java:81)
at com.tripgain.common.ExtantManager.getReportFilePath(ExtantManager.java:81)
at com.tripgain.common.ExtantManager.getReportFilePath(ExtantManager.java:81)
at com.tripgain.common.ExtantManager.getReportFilePath(ExtantManager.java:81)
at com.tripgain.common.ExtantManager.getReportFilePath(ExtantManager.java:81)
at com.tripgain.common.ExtantManager.getReportFilePath(ExtantManager.java:81)
at com.tripgain.common.ExtantManager.getReportFilePath(ExtantManager.java:81)
at com.tripgain.common.ExtantManager.getReportFilePath(ExtantManager.java:81)
at com.tripgain.common.ExtantManager.getReportFilePath(ExtantManager.java:81)
at com.tripgain.common.ExtantManager.getReportFilePath(ExtantManager.java:81)
at com.tripgain.common.ExtantManager.getReportFilePath(ExtantManager.java:81)
at com.tripgain.common.ExtantManager.getReportFilePath(ExtantManager.java:81)
at com.tripgain.common.ExtantManager.getReportFilePath(ExtantManager.java:81)
at com.tripgain.common.ExtantManager.getReportFilePath(ExtantManager.java:81)
at com.tripgain.common.ExtantManager.getReportFilePath(ExtantManager.java:81)
at com.tripgain.common.ExtantManager.getReportFilePath(ExtantManager.java:81)
at com.tripgain.common.ExtantManager.getReportFilePath(ExtantManager.java:81)
at com.tripgain.common.ExtantManager.getReportFilePath(ExtantManager.java:81)
at com.tripgain.common.ExtantManager.getReportFilePath(ExtantManager.java:81)
at com.tripgain.common.ExtantManager.getReportFilePath(ExtantManager.java:81)
at com.tripgain.common.ExtantManager.getReportFilePath(ExtantManager.java:81)
at com.tripgain.common.ExtantManager.getReportFilePath(ExtantManager.java:81)
at com.tripgain.common.ExtantManager.getReportFilePath(ExtantManager.java:81)
at com.tripgain.common.ExtantManager.getReportFilePath(ExtantManager.java:81)
at com.tripgain.common.ExtantManager.getReportFilePath(ExtantManager.java:81)
at com.tripgain.common.ExtantManager.getReportFilePath(ExtantManager.java:81)
at com.tripgain.common.ExtantManager.getReportFilePath(ExtantManager.java:81)
at com.tripgain.common.ExtantManager.getReportFilePath(ExtantManager.java:81)
at com.tripgain.common.ExtantManager.getReportFilePath(ExtantManager.java:81)
at com.tripgain.common.ExtantManager.getReportFilePath(ExtantManager.java:81)
at com.tripgain.common.ExtantManager.getReportFilePath(ExtantManager.java:81)
at com.tripgain.common.ExtantManager.getReportFilePath(ExtantManager.java:81)
at com.tripgain.common.ExtantManager.getReportFilePath(ExtantManager.java:81)
at com.tripgain.common.ExtantManager.getReportFilePath(ExtantManager.java:81)
at com.tripgain.common.ExtantManager.getReportFilePath(ExtantManager.java:81)
at com.tripgain.common.ExtantManager.getReportFilePath(ExtantManager.java:81)
at com.tripgain.common.ExtantManager.getReportFilePath(ExtantManager.java:81)
at com.tripgain.common.ExtantManager.getReportFilePath(ExtantManager.java:81)
at com.tripgain.common.ExtantManager.getReportFilePath(ExtantManager.java:81)
at com.tripgain.common.ExtantManager.getReportFilePath(ExtantManager.java:81)
at com.tripgain.common.ExtantManager.getReportFilePath(ExtantManager.java:81)
at com.tripgain.common.ExtantManager.getReportFilePath(ExtantManager.java:81)
at com.tripgain.common.ExtantManager.getReportFilePath(ExtantManager.java:81)
at com.tripgain.common.ExtantManager.getReportFilePath(ExtantManager.java:81)
at com.tripgain.common.ExtantManager.getReportFilePath(ExtantManager.java:81)
at com.tripgain.common.ExtantManager.getReportFilePath(ExtantManager.java:81)
at com.tripgain.common.ExtantManager.getReportFilePath(ExtantManager.java:81)
at com.tripgain.common.ExtantManager.getReportFilePath(ExtantManager.java:81)
at com.tripgain.common.ExtantManager.getReportFilePath(ExtantManager.java:81)
at com.tripgain.common.ExtantManager.getReportFilePath(ExtantManager.java:81)
at com.tripgain.common.ExtantManager.getReportFilePath(ExtantManager.java:81)
at com.tripgain.common.ExtantManager.getReportFilePath(ExtantManager.java:81)
at com.tripgain.common.ExtantManager.getReportFilePath(ExtantManager.java:81)
at com.tripgain.common.ExtantManager.getReportFilePath(ExtantManager.java:81)
at com.tripgain.common.ExtantManager.getReportFilePath(ExtantManager.java:81)
at com.tripgain.common.ExtantManager.getReportFilePath(ExtantManager.java:81)
at com.tripgain.common.ExtantManager.getReportFilePath(ExtantManager.java:81)
at com.tripgain.common.ExtantManager.getReportFilePath(ExtantManager.java:81)
at com.tripgain.common.ExtantManager.getReportFilePath(ExtantManager.java:81)
at com.tripgain.common.ExtantManager.getReportFilePath(ExtantManager.java:81)
at com.tripgain.common.ExtantManager.getReportFilePath(ExtantManager.java:81)
at com.tripgain.common.ExtantManager.getReportFilePath(ExtantManager.java:81)
at com.tripgain.common.ExtantManager.getReportFilePath(ExtantManager.java:81)
at com.tripgain.common.ExtantManager.getReportFilePath(ExtantManager.java:81)
at com.tripgain.common.ExtantManager.getReportFilePath(ExtantManager.java:81)
at com.tripgain.common.ExtantManager.getReportFilePath(ExtantManager.java:81)
at com.tripgain.common.ExtantManager.getReportFilePath(ExtantManager.java:81)
at com.tripgain.common.ExtantManager.getReportFilePath(ExtantManager.java:81)
at com.tripgain.common.ExtantManager.getReportFilePath(ExtantManager.java:81)
at com.tripgain.common.ExtantManager.getReportFilePath(ExtantManager.java:81)
at com.tripgain.common.ExtantManager.getReportFilePath(ExtantManager.java:81)
at com.tripgain.common.ExtantManager.getReportFilePath(ExtantManager.java:81)
at com.tripgain.common.ExtantManager.getReportFilePath(ExtantManager.java:81)
at com.tripgain.common.ExtantManager.getReportFilePath(ExtantManager.java:81)
at com.tripgain.common.ExtantManager.getReportFilePath(ExtantManager.java:81)
at com.tripgain.common.ExtantManager.getReportFilePath(ExtantManager.java:81)
at com.tripgain.common.ExtantManager.getReportFilePath(ExtantManager.java:81)
at com.tripgain.common.ExtantManager.getReportFilePath(ExtantManager.java:81)
at com.tripgain.common.ExtantManager.getReportFilePath(ExtantManager.java:81)
at com.tripgain.common.ExtantManager.getReportFilePath(ExtantManager.java:81)
at com.tripgain.common.ExtantManager.getReportFilePath(ExtantManager.java:81)
at com.tripgain.common.ExtantManager.getReportFilePath(ExtantManager.java:81)
at com.tripgain.common.ExtantManager.getReportFilePath(ExtantManager.java:81)
at com.tripgain.common.ExtantManager.getReportFilePath(ExtantManager.java:81)
at com.tripgain.common.ExtantManager.getReportFilePath(ExtantManager.java:81)
at com.tripgain.common.ExtantManager.getReportFilePath(ExtantManager.java:81)
at com.tripgain.common.ExtantManager.getReportFilePath(ExtantManager.java:81)
at com.tripgain.common.ExtantManager.getReportFilePath(ExtantManager.java:81)
at com.tripgain.common.ExtantManager.getReportFilePath(ExtantManager.java:81)
at com.tripgain.common.ExtantManager.getReportFilePath(ExtantManager.java:81)
at com.tripgain.common.ExtantManager.getReportFilePath(ExtantManager.java:81)
at com.tripgain.common.ExtantManager.getReportFilePath(ExtantManager.java:81)
at com.tripgain.common.ExtantManager.getReportFilePath(ExtantManager.java:81)
at com.tripgain.common.ExtantManager.getReportFilePath(ExtantManager.java:81)
at com.tripgain.common.ExtantManager.getReportFilePath(ExtantManager.java:81)
at com.tripgain.common.ExtantManager.getReportFilePath(ExtantManager.java:81)
at com.tripgain.common.ExtantManager.getReportFilePath(ExtantManager.java:81)
at com.tripgain.common.ExtantManager.getReportFilePath(ExtantManager.java:81)
at com.tripgain.common.ExtantManager.getReportFilePath(ExtantManager.java:81)
at com.tripgain.common.ExtantManager.getReportFilePath(ExtantManager.java:81)
at com.tripgain.common.ExtantManager.getReportFilePath(ExtantManager.java:81)
at com.tripgain.common.ExtantManager.getReportFilePath(ExtantManager.java:81)
at com.tripgain.common.ExtantManager.getReportFilePath(ExtantManager.java:81)
at com.tripgain.common.ExtantManager.getReportFilePath(ExtantManager.java:81)
at com.tripgain.common.ExtantManager.getReportFilePath(ExtantManager.java:81)
at com.tripgain.common.ExtantManager.getReportFilePath(ExtantManager.java:81)
at com.tripgain.common.ExtantManager.getReportFilePath(ExtantManager.java:81)
at com.tripgain.common.ExtantManager.getReportFilePath(ExtantManager.java:81)
at com.tripgain.common.ExtantManager.getReportFilePath(ExtantManager.java:81)
at com.tripgain.common.ExtantManager.getReportFilePath(ExtantManager.java:81)
at com.tripgain.common.ExtantManager.getReportFilePath(ExtantManager.java:81)
at com.tripgain.common.ExtantManager.getReportFilePath(ExtantManager.java:81)
at com.tripgain.common.ExtantManager.getReportFilePath(ExtantManager.java:81)
at com.tripgain.common.ExtantManager.getReportFilePath(ExtantManager.java:81)
at com.tripgain.common.ExtantManager.getReportFilePath(ExtantManager.java:81)
at com.tripgain.common.ExtantManager.getReportFilePath(ExtantManager.java:81)
at com.tripgain.common.ExtantManager.getReportFilePath(ExtantManager.java:81)
at com.tripgain.common.ExtantManager.getReportFilePath(ExtantManager.java:81)
at com.tripgain.common.ExtantManager.getReportFilePath(ExtantManager.java:81)
at com.tripgain.common.ExtantManager.getReportFilePath(ExtantManager.java:81)
at com.tripgain.common.ExtantManager.getReportFilePath(ExtantManager.java:81)
at com.tripgain.common.ExtantManager.getReportFilePath(ExtantManager.java:81)
at com.tripgain.common.ExtantManager.getReportFilePath(ExtantManager.java:81)
at com.tripgain.common.ExtantManager.getReportFilePath(ExtantManager.java:81)
at com.tripgain.common.ExtantManager.getReportFilePath(ExtantManager.java:81)
at com.tripgain.common.ExtantManager.getReportFilePath(ExtantManager.java:81)
at com.tripgain.common.ExtantManager.getReportFilePath(ExtantManager.java:81)
at com.tripgain.common.ExtantManager.getReportFilePath(ExtantManager.java:81)
at com.tripgain.common.ExtantManager.getReportFilePath(ExtantManager.java:81)
at com.tripgain.common.ExtantManager.getReportFilePath(ExtantManager.java:81)
at com.tripgain.common.ExtantManager.getReportFilePath(ExtantManager.java:81)
at com.tripgain.common.ExtantManager.getReportFilePath(ExtantManager.java:81)
at com.tripgain.common.ExtantManager.getReportFilePath(ExtantManager.java:81)
at com.tripgain.common.ExtantManager.getReportFilePath(ExtantManager.java:81)
at com.tripgain.common.ExtantManager.getReportFilePath(ExtantManager.java:81)
at com.tripgain.common.ExtantManager.getReportFilePath(ExtantManager.java:81)
at com.tripgain.common.ExtantManager.getReportFilePath(ExtantManager.java:81)
at com.tripgain.common.ExtantManager.getReportFilePath(ExtantManager.java:81)
at com.tripgain.common.ExtantManager.getReportFilePath(ExtantManager.java:81)
at com.tripgain.common.ExtantManager.getReportFilePath(ExtantManager.java:81)
at com.tripgain.common.ExtantManager.getReportFilePath(ExtantManager.java:81)
at com.tripgain.common.ExtantManager.getReportFilePath(ExtantManager.java:81)
at com.tripgain.common.ExtantManager.getReportFilePath(ExtantManager.java:81)
at com.tripgain.common.ExtantManager.getReportFilePath(ExtantManager.java:81)
at com.tripgain.common.ExtantManager.getReportFilePath(ExtantManager.java:81)
at com.tripgain.common.ExtantManager.getReportFilePath(ExtantManager.java:81)
at com.tripgain.common.ExtantManager.getReportFilePath(ExtantManager.java:81)
at com.tripgain.common.ExtantManager.getReportFilePath(ExtantManager.java:81)
at com.tripgain.common.ExtantManager.getReportFilePath(ExtantManager.java:81)
at com.tripgain.common.ExtantManager.getReportFilePath(ExtantManager.java:81)
at com.tripgain.common.ExtantManager.getReportFilePath(ExtantManager.java:81)
at com.tripgain.common.ExtantManager.getReportFilePath(ExtantManager.java:81)
at com.tripgain.common.ExtantManager.getReportFilePath(ExtantManager.java:81)
at com.tripgain.common.ExtantManager.getReportFilePath(ExtantManager.java:81)
at com.tripgain.common.ExtantManager.getReportFilePath(ExtantManager.java:81)
at com.tripgain.common.ExtantManager.getReportFilePath(ExtantManager.java:81)
at com.tripgain.common.ExtantManager.getReportFilePath(ExtantManager.java:81)
at com.tripgain.common.ExtantManager.getReportFilePath(ExtantManager.java:81)
at com.tripgain.common.ExtantManager.getReportFilePath(ExtantManager.java:81)
at com.tripgain.common.ExtantManager.getReportFilePath(ExtantManager.java:81)
at com.tripgain.common.ExtantManager.getReportFilePath(ExtantManager.java:81)
at com.tripgain.common.ExtantManager.getReportFilePath(ExtantManager.java:81)
at com.tripgain.common.ExtantManager.getReportFilePath(ExtantManager.java:81)
at com.tripgain.common.ExtantManager.getReportFilePath(ExtantManager.java:81)
at com.tripgain.common.ExtantManager.getReportFilePath(ExtantManager.java:81)
at com.tripgain.common.ExtantManager.getReportFilePath(ExtantManager.java:81)
at com.tripgain.common.ExtantManager.getReportFilePath(ExtantManager.java:81)
at com.tripgain.common.ExtantManager.getReportFilePath(ExtantManager.java:81)
at com.tripgain.common.ExtantManager.getReportFilePath(ExtantManager.java:81)
]]>
    </error>
  </testcase> <!-- afterSuite -->
  <testcase classname="NewDesign_Buses.TCNDBU_1_verifyBusesSearch" name="myTest" time="81.059"/>
  <testcase classname="NewDesign_Buses.TCNDBU_1_verifyBusesSearch" name="myTest" time="97.536">
    <error message="Test failed: &#039;Start your Journey!&#039; message NOT found." type="java.lang.RuntimeException">
      <![CDATA[java.lang.RuntimeException: Test failed: 'Start your Journey!' message NOT found.
at com.tripgain.collectionofpages.NewDesign_Buses_SerachPage.SearchBus(NewDesign_Buses_SerachPage.java:172)
at NewDesign_Buses.TCNDBU_1_verifyBusesSearch.myTest(TCNDBU_1_verifyBusesSearch.java:160)
at java.base/jdk.internal.reflect.DirectMethodHandleAccessor.invoke(DirectMethodHandleAccessor.java:103)
at java.base/java.lang.reflect.Method.invoke(Method.java:580)
at org.testng.internal.invokers.MethodInvocationHelper.invokeMethod(MethodInvocationHelper.java:141)
at org.testng.internal.invokers.TestInvoker.invokeMethod(TestInvoker.java:687)
at org.testng.internal.invokers.TestInvoker.invokeTestMethod(TestInvoker.java:230)
at org.testng.internal.invokers.MethodRunner.runInSequence(MethodRunner.java:63)
at org.testng.internal.invokers.TestInvoker$MethodInvocationAgent.invoke(TestInvoker.java:995)
at org.testng.internal.invokers.TestInvoker.invokeTestMethods(TestInvoker.java:203)
at org.testng.internal.invokers.TestMethodWorker.invokeTestMethods(TestMethodWorker.java:154)
at org.testng.internal.invokers.TestMethodWorker.run(TestMethodWorker.java:134)
at java.base/java.util.ArrayList.forEach(ArrayList.java:1596)
at org.testng.TestRunner.privateRun(TestRunner.java:741)
at org.testng.TestRunner.run(TestRunner.java:616)
at org.testng.SuiteRunner.runTest(SuiteRunner.java:421)
at org.testng.SuiteRunner$SuiteWorker.run(SuiteRunner.java:463)
at org.testng.internal.thread.ThreadUtil.lambda$execute$0(ThreadUtil.java:64)
at java.base/java.util.concurrent.FutureTask.run(FutureTask.java:317)
at java.base/java.util.concurrent.ThreadPoolExecutor.runWorker(ThreadPoolExecutor.java:1144)
at java.base/java.util.concurrent.ThreadPoolExecutor$Worker.run(ThreadPoolExecutor.java:642)
at java.base/java.lang.Thread.run(Thread.java:1583)
]]>
    </error>
  </testcase> <!-- myTest -->
  <testcase classname="NewDesign_Buses.TCNDBU_1_verifyBusesSearch" name="myTest" time="159.952">
    <error message="no such element: Unable to locate element: {&quot;method&quot;:&quot;xpath&quot;,&quot;selector&quot;:&quot;//button[text()=&#039;Confirm Seat&#039;]&quot;}
  (Session info: chrome=143.0.7499.170)
For documentation on this error, please visit: https://www.selenium.dev/documentation/webdriver/troubleshooting/errors#no-such-element-exception
Build info: version: &#039;4.29.0&#039;, revision: &#039;5fc1ec94cb&#039;
System info: os.name: &#039;Windows 11&#039;, os.arch: &#039;amd64&#039;, os.version: &#039;10.0&#039;, java.version: &#039;21.0.7&#039;
Driver info: org.openqa.selenium.chrome.ChromeDriver
Command: [83a05fe8a81396c081b710584e4891b4, findElement {using=xpath, value=//button[text()=&#039;Confirm Seat&#039;]}]
Capabilities {acceptInsecureCerts: false, browserName: chrome, browserVersion: 143.0.7499.170, chrome: {chromedriverVersion: 143.0.7499.169 (164b20aab62..., userDataDir: C:\Users\LENOVO\AppData\Loc...}, fedcm:accounts: true, goog:chromeOptions: {debuggerAddress: localhost:49677}, goog:processID: 9064, networkConnectionEnabled: false, pageLoadStrategy: normal, platformName: windows, proxy: Proxy(), se:cdp: ws://localhost:49677/devtoo..., se:cdpVersion: 143.0.7499.170, setWindowRect: true, strictFileInteractability: false, timeouts: {implicit: 0, pageLoad: 300000, script: 30000}, unhandledPromptBehavior: dismiss and notify, webauthn:extension:credBlob: true, webauthn:extension:largeBlob: true, webauthn:extension:minPinLength: true, webauthn:extension:prf: true, webauthn:virtualAuthenticators: true}
Session ID: 83a05fe8a81396c081b710584e4891b4" type="org.openqa.selenium.NoSuchElementException">
      <![CDATA[org.openqa.selenium.NoSuchElementException: no such element: Unable to locate element: {"method":"xpath","selector":"//button[text()='Confirm Seat']"}
  (Session info: chrome=143.0.7499.170)
For documentation on this error, please visit: https://www.selenium.dev/documentation/webdriver/troubleshooting/errors#no-such-element-exception
Build info: version: '4.29.0', revision: '5fc1ec94cb'
System info: os.name: 'Windows 11', os.arch: 'amd64', os.version: '10.0', java.version: '21.0.7'
Driver info: org.openqa.selenium.chrome.ChromeDriver
Command: [83a05fe8a81396c081b710584e4891b4, findElement {using=xpath, value=//button[text()='Confirm Seat']}]
Capabilities {acceptInsecureCerts: false, browserName: chrome, browserVersion: 143.0.7499.170, chrome: {chromedriverVersion: 143.0.7499.169 (164b20aab62..., userDataDir: C:\Users\LENOVO\AppData\Loc...}, fedcm:accounts: true, goog:chromeOptions: {debuggerAddress: localhost:49677}, goog:processID: 9064, networkConnectionEnabled: false, pageLoadStrategy: normal, platformName: windows, proxy: Proxy(), se:cdp: ws://localhost:49677/devtoo..., se:cdpVersion: 143.0.7499.170, setWindowRect: true, strictFileInteractability: false, timeouts: {implicit: 0, pageLoad: 300000, script: 30000}, unhandledPromptBehavior: dismiss and notify, webauthn:extension:credBlob: true, webauthn:extension:largeBlob: true, webauthn:extension:minPinLength: true, webauthn:extension:prf: true, webauthn:virtualAuthenticators: true}
Session ID: 83a05fe8a81396c081b710584e4891b4
at java.base/jdk.internal.reflect.DirectConstructorHandleAccessor.newInstance(DirectConstructorHandleAccessor.java:62)
at java.base/java.lang.reflect.Constructor.newInstanceWithCaller(Constructor.java:502)
at java.base/java.lang.reflect.Constructor.newInstance(Constructor.java:486)
at org.openqa.selenium.remote.ErrorCodec.decode(ErrorCodec.java:167)
at org.openqa.selenium.remote.codec.w3c.W3CHttpResponseCodec.decode(W3CHttpResponseCodec.java:138)
at org.openqa.selenium.remote.codec.w3c.W3CHttpResponseCodec.decode(W3CHttpResponseCodec.java:50)
at org.openqa.selenium.remote.HttpCommandExecutor.execute(HttpCommandExecutor.java:215)
at org.openqa.selenium.remote.service.DriverCommandExecutor.invokeExecute(DriverCommandExecutor.java:216)
at org.openqa.selenium.remote.service.DriverCommandExecutor.execute(DriverCommandExecutor.java:174)
at org.openqa.selenium.remote.RemoteWebDriver.execute(RemoteWebDriver.java:545)
at org.openqa.selenium.remote.ElementLocation$ElementFinder$2.findElement(ElementLocation.java:165)
at org.openqa.selenium.remote.ElementLocation.findElement(ElementLocation.java:59)
at org.openqa.selenium.remote.RemoteWebDriver.findElement(RemoteWebDriver.java:368)
at org.openqa.selenium.remote.RemoteWebDriver.findElement(RemoteWebDriver.java:362)
at com.tripgain.collectionofpages.NewDesign_Buses_ResultsPage.clcikOnConfirmSeat(NewDesign_Buses_ResultsPage.java:948)
at NewDesign_Buses.TCNDBU_1_verifyBusesSearch.myTest(TCNDBU_1_verifyBusesSearch.java:193)
at java.base/jdk.internal.reflect.DirectMethodHandleAccessor.invoke(DirectMethodHandleAccessor.java:103)
at java.base/java.lang.reflect.Method.invoke(Method.java:580)
at org.testng.internal.invokers.MethodInvocationHelper.invokeMethod(MethodInvocationHelper.java:141)
at org.testng.internal.invokers.TestInvoker.invokeMethod(TestInvoker.java:687)
at org.testng.internal.invokers.TestInvoker.invokeTestMethod(TestInvoker.java:230)
at org.testng.internal.invokers.MethodRunner.runInSequence(MethodRunner.java:63)
at org.testng.internal.invokers.TestInvoker$MethodInvocationAgent.invoke(TestInvoker.java:995)
at org.testng.internal.invokers.TestInvoker.invokeTestMethods(TestInvoker.java:203)
at org.testng.internal.invokers.TestMethodWorker.invokeTestMethods(TestMethodWorker.java:154)
at org.testng.internal.invokers.TestMethodWorker.run(TestMethodWorker.java:134)
at java.base/java.util.ArrayList.forEach(ArrayList.java:1596)
at org.testng.TestRunner.privateRun(TestRunner.java:741)
at org.testng.TestRunner.run(TestRunner.java:616)
at org.testng.SuiteRunner.runTest(SuiteRunner.java:421)
at org.testng.SuiteRunner$SuiteWorker.run(SuiteRunner.java:463)
at org.testng.internal.thread.ThreadUtil.lambda$execute$0(ThreadUtil.java:64)
at java.base/java.util.concurrent.FutureTask.run(FutureTask.java:317)
at java.base/java.util.concurrent.ThreadPoolExecutor.runWorker(ThreadPoolExecutor.java:1144)
at java.base/java.util.concurrent.ThreadPoolExecutor$Worker.run(ThreadPoolExecutor.java:642)
at java.base/java.lang.Thread.run(Thread.java:1583)
]]>
    </error>
  </testcase> <!-- myTest -->
  <testcase classname="NewDesign_Buses.TCNDBU_1_verifyBusesSearch" name="myTest" time="64.912"/>
  <testcase classname="NewDesign_Buses.TCNDBU_1_verifyBusesSearch" name="myTest" time="72.000"/>
</testsuite> <!-- NewDesign_Buses.TCNDBU_1_verifyBusesSearch -->
